[2025-09-29T17:07:02.699+0000] {local_task_job_runner.py:120} INFO - ::group::Pre task execution logs
[2025-09-29T17:07:02.726+0000] {taskinstance.py:2076} INFO - Dependencies all met for dep_context=non-requeueable deps ti=<TaskInstance: dag1.hello scheduled__2025-09-29T17:06:00+00:00 [queued]>
[2025-09-29T17:07:02.735+0000] {taskinstance.py:2076} INFO - Dependencies all met for dep_context=requeueable deps ti=<TaskInstance: dag1.hello scheduled__2025-09-29T17:06:00+00:00 [queued]>
[2025-09-29T17:07:02.736+0000] {taskinstance.py:2306} INFO - Starting attempt 1 of 1
[2025-09-29T17:07:02.756+0000] {taskinstance.py:2330} INFO - Executing <Task(BashOperator): hello> on 2025-09-29 17:06:00+00:00
[2025-09-29T17:07:02.767+0000] {warnings.py:112} WARNING - /home/***/.local/lib/python3.12/site-packages/***/task/task_runner/standard_task_runner.py:61: DeprecationWarning: This process (pid=73) is multi-threaded, use of fork() may lead to deadlocks in the child.
  pid = os.fork()

[2025-09-29T17:07:02.771+0000] {standard_task_runner.py:63} INFO - Started process 75 to run task
[2025-09-29T17:07:02.770+0000] {standard_task_runner.py:90} INFO - Running: ['***', 'tasks', 'run', 'dag1', 'hello', 'scheduled__2025-09-29T17:06:00+00:00', '--job-id', '8', '--raw', '--subdir', 'DAGS_FOLDER/dag1.py', '--cfg-path', '/tmp/tmpl81s8t97']
[2025-09-29T17:07:02.775+0000] {standard_task_runner.py:91} INFO - Job 8: Subtask hello
[2025-09-29T17:07:02.796+0000] {warnings.py:112} WARNING - /home/***/.local/lib/python3.12/site-packages/***/settings.py:195: DeprecationWarning: The sql_alchemy_conn option in [core] has been moved to the sql_alchemy_conn option in [database] - the old setting has been used, but please update your config.
  SQL_ALCHEMY_CONN = conf.get("database", "SQL_ALCHEMY_CONN")

[2025-09-29T17:07:02.848+0000] {task_command.py:426} INFO - Running <TaskInstance: dag1.hello scheduled__2025-09-29T17:06:00+00:00 [running]> on host 04b09c6aa7b4
[2025-09-29T17:07:02.991+0000] {taskinstance.py:2648} INFO - Exporting env vars: AIRFLOW_CTX_DAG_OWNER='***' AIRFLOW_CTX_DAG_ID='dag1' AIRFLOW_CTX_TASK_ID='hello' AIRFLOW_CTX_EXECUTION_DATE='2025-09-29T17:06:00+00:00' AIRFLOW_CTX_TRY_NUMBER='1' AIRFLOW_CTX_DAG_RUN_ID='scheduled__2025-09-29T17:06:00+00:00'
[2025-09-29T17:07:02.994+0000] {taskinstance.py:430} INFO - ::endgroup::
[2025-09-29T17:07:02.995+0000] {subprocess.py:63} INFO - Tmp dir root location: /tmp
[2025-09-29T17:07:02.997+0000] {subprocess.py:75} INFO - Running command: ['/usr/bin/bash', '-c', 'echo "My name is Mazen Hesham"']
[2025-09-29T17:07:03.011+0000] {subprocess.py:86} INFO - Output:
[2025-09-29T17:07:03.013+0000] {subprocess.py:93} INFO - My name is Mazen Hesham
[2025-09-29T17:07:03.014+0000] {subprocess.py:97} INFO - Command exited with return code 0
[2025-09-29T17:07:03.015+0000] {taskinstance.py:441} INFO - ::group::Post task execution logs
[2025-09-29T17:07:03.047+0000] {taskinstance.py:1206} INFO - Marking task as SUCCESS. dag_id=dag1, task_id=hello, run_id=scheduled__2025-09-29T17:06:00+00:00, execution_date=20250929T170600, start_date=20250929T170702, end_date=20250929T170703
[2025-09-29T17:07:03.107+0000] {local_task_job_runner.py:240} INFO - Task exited with return code 0
[2025-09-29T17:07:03.132+0000] {taskinstance.py:3503} INFO - 0 downstream tasks scheduled from follow-on schedule check
[2025-09-29T17:07:03.136+0000] {local_task_job_runner.py:222} INFO - ::endgroup::
