[2025-10-04T08:18:02.482+0000] {local_task_job_runner.py:120} INFO - ::group::Pre task execution logs
[2025-10-04T08:18:02.508+0000] {taskinstance.py:2076} INFO - Dependencies all met for dep_context=non-requeueable deps ti=<TaskInstance: Airflow_Depi.Welcome_Message scheduled__2025-10-04T08:17:00+00:00 [queued]>
[2025-10-04T08:18:02.522+0000] {taskinstance.py:2076} INFO - Dependencies all met for dep_context=requeueable deps ti=<TaskInstance: Airflow_Depi.Welcome_Message scheduled__2025-10-04T08:17:00+00:00 [queued]>
[2025-10-04T08:18:02.524+0000] {taskinstance.py:2306} INFO - Starting attempt 1 of 1
[2025-10-04T08:18:02.548+0000] {taskinstance.py:2330} INFO - Executing <Task(PythonOperator): Welcome_Message> on 2025-10-04 08:17:00+00:00
[2025-10-04T08:18:02.557+0000] {warnings.py:112} WARNING - /home/***/.local/lib/python3.12/site-packages/***/task/task_runner/standard_task_runner.py:61: DeprecationWarning: This process (pid=149) is multi-threaded, use of fork() may lead to deadlocks in the child.
  pid = os.fork()

[2025-10-04T08:18:02.559+0000] {standard_task_runner.py:63} INFO - Started process 151 to run task
[2025-10-04T08:18:02.559+0000] {standard_task_runner.py:90} INFO - Running: ['***', 'tasks', 'run', 'Airflow_Depi', 'Welcome_Message', 'scheduled__2025-10-04T08:17:00+00:00', '--job-id', '32', '--raw', '--subdir', 'DAGS_FOLDER/dag1.py', '--cfg-path', '/tmp/tmp7wvxcg3j']
[2025-10-04T08:18:02.563+0000] {standard_task_runner.py:91} INFO - Job 32: Subtask Welcome_Message
[2025-10-04T08:18:02.583+0000] {warnings.py:112} WARNING - /home/***/.local/lib/python3.12/site-packages/***/settings.py:195: DeprecationWarning: The sql_alchemy_conn option in [core] has been moved to the sql_alchemy_conn option in [database] - the old setting has been used, but please update your config.
  SQL_ALCHEMY_CONN = conf.get("database", "SQL_ALCHEMY_CONN")

[2025-10-04T08:18:02.631+0000] {task_command.py:426} INFO - Running <TaskInstance: Airflow_Depi.Welcome_Message scheduled__2025-10-04T08:17:00+00:00 [running]> on host 988bb18cf3ec
[2025-10-04T08:18:02.750+0000] {taskinstance.py:2648} INFO - Exporting env vars: AIRFLOW_CTX_DAG_OWNER='***' AIRFLOW_CTX_DAG_ID='Airflow_Depi' AIRFLOW_CTX_TASK_ID='Welcome_Message' AIRFLOW_CTX_EXECUTION_DATE='2025-10-04T08:17:00+00:00' AIRFLOW_CTX_TRY_NUMBER='1' AIRFLOW_CTX_DAG_RUN_ID='scheduled__2025-10-04T08:17:00+00:00'
[2025-10-04T08:18:02.752+0000] {taskinstance.py:430} INFO - ::endgroup::
[2025-10-04T08:18:02.753+0000] {logging_mixin.py:188} INFO - Welcome to *** Iam Mazen Hesham.
[2025-10-04T08:18:02.754+0000] {python.py:237} INFO - Done. Returned value was: None
[2025-10-04T08:18:02.755+0000] {taskinstance.py:441} INFO - ::group::Post task execution logs
[2025-10-04T08:18:02.765+0000] {taskinstance.py:1206} INFO - Marking task as SUCCESS. dag_id=Airflow_Depi, task_id=Welcome_Message, run_id=scheduled__2025-10-04T08:17:00+00:00, execution_date=20251004T081700, start_date=20251004T081802, end_date=20251004T081802
[2025-10-04T08:18:02.815+0000] {local_task_job_runner.py:240} INFO - Task exited with return code 0
[2025-10-04T08:18:02.833+0000] {taskinstance.py:3503} INFO - 0 downstream tasks scheduled from follow-on schedule check
[2025-10-04T08:18:02.836+0000] {local_task_job_runner.py:222} INFO - ::endgroup::
