[2025-10-03T20:21:02.300+0000] {local_task_job_runner.py:120} INFO - ::group::Pre task execution logs
[2025-10-03T20:21:02.322+0000] {taskinstance.py:2076} INFO - Dependencies all met for dep_context=non-requeueable deps ti=<TaskInstance: dag1.time_task scheduled__2025-10-03T20:20:00+00:00 [queued]>
[2025-10-03T20:21:02.333+0000] {taskinstance.py:2076} INFO - Dependencies all met for dep_context=requeueable deps ti=<TaskInstance: dag1.time_task scheduled__2025-10-03T20:20:00+00:00 [queued]>
[2025-10-03T20:21:02.335+0000] {taskinstance.py:2306} INFO - Starting attempt 1 of 1
[2025-10-03T20:21:02.349+0000] {taskinstance.py:2330} INFO - Executing <Task(PythonOperator): time_task> on 2025-10-03 20:20:00+00:00
[2025-10-03T20:21:02.357+0000] {warnings.py:112} WARNING - /home/***/.local/lib/python3.12/site-packages/***/task/task_runner/standard_task_runner.py:61: DeprecationWarning: This process (pid=428) is multi-threaded, use of fork() may lead to deadlocks in the child.
  pid = os.fork()

[2025-10-03T20:21:02.359+0000] {standard_task_runner.py:90} INFO - Running: ['***', 'tasks', 'run', 'dag1', 'time_task', 'scheduled__2025-10-03T20:20:00+00:00', '--job-id', '127', '--raw', '--subdir', 'DAGS_FOLDER/dag1.py', '--cfg-path', '/tmp/tmpyd7paen0']
[2025-10-03T20:21:02.362+0000] {standard_task_runner.py:63} INFO - Started process 430 to run task
[2025-10-03T20:21:02.362+0000] {standard_task_runner.py:91} INFO - Job 127: Subtask time_task
[2025-10-03T20:21:02.378+0000] {warnings.py:112} WARNING - /home/***/.local/lib/python3.12/site-packages/***/settings.py:195: DeprecationWarning: The sql_alchemy_conn option in [core] has been moved to the sql_alchemy_conn option in [database] - the old setting has been used, but please update your config.
  SQL_ALCHEMY_CONN = conf.get("database", "SQL_ALCHEMY_CONN")

[2025-10-03T20:21:02.416+0000] {task_command.py:426} INFO - Running <TaskInstance: dag1.time_task scheduled__2025-10-03T20:20:00+00:00 [running]> on host bd6e8f6c2b38
[2025-10-03T20:21:02.514+0000] {taskinstance.py:2648} INFO - Exporting env vars: AIRFLOW_CTX_DAG_OWNER='***' AIRFLOW_CTX_DAG_ID='dag1' AIRFLOW_CTX_TASK_ID='time_task' AIRFLOW_CTX_EXECUTION_DATE='2025-10-03T20:20:00+00:00' AIRFLOW_CTX_TRY_NUMBER='1' AIRFLOW_CTX_DAG_RUN_ID='scheduled__2025-10-03T20:20:00+00:00'
[2025-10-03T20:21:02.517+0000] {taskinstance.py:430} INFO - ::endgroup::
[2025-10-03T20:21:02.518+0000] {logging_mixin.py:188} INFO - Current time is: 2025-10-03 20:21:02.518488
[2025-10-03T20:21:02.519+0000] {python.py:237} INFO - Done. Returned value was: None
[2025-10-03T20:21:02.519+0000] {taskinstance.py:441} INFO - ::group::Post task execution logs
[2025-10-03T20:21:02.528+0000] {taskinstance.py:1206} INFO - Marking task as SUCCESS. dag_id=dag1, task_id=time_task, run_id=scheduled__2025-10-03T20:20:00+00:00, execution_date=20251003T202000, start_date=20251003T202102, end_date=20251003T202102
[2025-10-03T20:21:02.577+0000] {local_task_job_runner.py:240} INFO - Task exited with return code 0
[2025-10-03T20:21:02.622+0000] {taskinstance.py:3503} INFO - 0 downstream tasks scheduled from follow-on schedule check
[2025-10-03T20:21:02.635+0000] {local_task_job_runner.py:222} INFO - ::endgroup::
