[2025-10-03T19:51:02.521+0000] {local_task_job_runner.py:120} INFO - ::group::Pre task execution logs
[2025-10-03T19:51:02.549+0000] {taskinstance.py:2076} INFO - Dependencies all met for dep_context=non-requeueable deps ti=<TaskInstance: dag1.time_task scheduled__2025-10-03T19:50:00+00:00 [queued]>
[2025-10-03T19:51:02.557+0000] {taskinstance.py:2076} INFO - Dependencies all met for dep_context=requeueable deps ti=<TaskInstance: dag1.time_task scheduled__2025-10-03T19:50:00+00:00 [queued]>
[2025-10-03T19:51:02.558+0000] {taskinstance.py:2306} INFO - Starting attempt 1 of 1
[2025-10-03T19:51:02.577+0000] {taskinstance.py:2330} INFO - Executing <Task(PythonOperator): time_task> on 2025-10-03 19:50:00+00:00
[2025-10-03T19:51:02.586+0000] {warnings.py:112} WARNING - /home/***/.local/lib/python3.12/site-packages/***/task/task_runner/standard_task_runner.py:61: DeprecationWarning: This process (pid=264) is multi-threaded, use of fork() may lead to deadlocks in the child.
  pid = os.fork()

[2025-10-03T19:51:02.590+0000] {standard_task_runner.py:63} INFO - Started process 268 to run task
[2025-10-03T19:51:02.589+0000] {standard_task_runner.py:90} INFO - Running: ['***', 'tasks', 'run', 'dag1', 'time_task', 'scheduled__2025-10-03T19:50:00+00:00', '--job-id', '73', '--raw', '--subdir', 'DAGS_FOLDER/dag1.py', '--cfg-path', '/tmp/tmpn9auwy6v']
[2025-10-03T19:51:02.594+0000] {standard_task_runner.py:91} INFO - Job 73: Subtask time_task
[2025-10-03T19:51:02.613+0000] {warnings.py:112} WARNING - /home/***/.local/lib/python3.12/site-packages/***/settings.py:195: DeprecationWarning: The sql_alchemy_conn option in [core] has been moved to the sql_alchemy_conn option in [database] - the old setting has been used, but please update your config.
  SQL_ALCHEMY_CONN = conf.get("database", "SQL_ALCHEMY_CONN")

[2025-10-03T19:51:02.667+0000] {task_command.py:426} INFO - Running <TaskInstance: dag1.time_task scheduled__2025-10-03T19:50:00+00:00 [running]> on host bd6e8f6c2b38
[2025-10-03T19:51:02.782+0000] {taskinstance.py:2648} INFO - Exporting env vars: AIRFLOW_CTX_DAG_OWNER='***' AIRFLOW_CTX_DAG_ID='dag1' AIRFLOW_CTX_TASK_ID='time_task' AIRFLOW_CTX_EXECUTION_DATE='2025-10-03T19:50:00+00:00' AIRFLOW_CTX_TRY_NUMBER='1' AIRFLOW_CTX_DAG_RUN_ID='scheduled__2025-10-03T19:50:00+00:00'
[2025-10-03T19:51:02.785+0000] {taskinstance.py:430} INFO - ::endgroup::
[2025-10-03T19:51:02.786+0000] {logging_mixin.py:188} INFO - Current time is: 2025-10-03 19:51:02.786569
[2025-10-03T19:51:02.787+0000] {python.py:237} INFO - Done. Returned value was: None
[2025-10-03T19:51:02.788+0000] {taskinstance.py:441} INFO - ::group::Post task execution logs
[2025-10-03T19:51:02.799+0000] {taskinstance.py:1206} INFO - Marking task as SUCCESS. dag_id=dag1, task_id=time_task, run_id=scheduled__2025-10-03T19:50:00+00:00, execution_date=20251003T195000, start_date=20251003T195102, end_date=20251003T195102
[2025-10-03T19:51:02.845+0000] {local_task_job_runner.py:240} INFO - Task exited with return code 0
[2025-10-03T19:51:02.865+0000] {taskinstance.py:3503} INFO - 0 downstream tasks scheduled from follow-on schedule check
[2025-10-03T19:51:02.868+0000] {local_task_job_runner.py:222} INFO - ::endgroup::
