[2025-10-04T07:45:09.905+0000] {local_task_job_runner.py:120} INFO - ::group::Pre task execution logs
[2025-10-04T07:45:10.022+0000] {taskinstance.py:2076} INFO - Dependencies all met for dep_context=non-requeueable deps ti=<TaskInstance: Airflow_Depi.say_hello scheduled__2025-10-04T07:43:00+00:00 [queued]>
[2025-10-04T07:45:10.070+0000] {taskinstance.py:2076} INFO - Dependencies all met for dep_context=requeueable deps ti=<TaskInstance: Airflow_Depi.say_hello scheduled__2025-10-04T07:43:00+00:00 [queued]>
[2025-10-04T07:45:10.087+0000] {taskinstance.py:2306} INFO - Starting attempt 1 of 1
[2025-10-04T07:45:10.169+0000] {taskinstance.py:2330} INFO - Executing <Task(PythonOperator): say_hello> on 2025-10-04 07:43:00+00:00
[2025-10-04T07:45:10.226+0000] {warnings.py:112} WARNING - /home/***/.local/lib/python3.12/site-packages/***/task/task_runner/standard_task_runner.py:61: DeprecationWarning: This process (pid=53) is multi-threaded, use of fork() may lead to deadlocks in the child.
  pid = os.fork()

[2025-10-04T07:45:10.250+0000] {standard_task_runner.py:63} INFO - Started process 67 to run task
[2025-10-04T07:45:10.261+0000] {standard_task_runner.py:90} INFO - Running: ['***', 'tasks', 'run', 'Airflow_Depi', 'say_hello', 'scheduled__2025-10-04T07:43:00+00:00', '--job-id', '5', '--raw', '--subdir', 'DAGS_FOLDER/dag1.py', '--cfg-path', '/tmp/tmpbn5zwekg']
[2025-10-04T07:45:10.305+0000] {standard_task_runner.py:91} INFO - Job 5: Subtask say_hello
[2025-10-04T07:45:10.387+0000] {warnings.py:112} WARNING - /home/***/.local/lib/python3.12/site-packages/***/settings.py:195: DeprecationWarning: The sql_alchemy_conn option in [core] has been moved to the sql_alchemy_conn option in [database] - the old setting has been used, but please update your config.
  SQL_ALCHEMY_CONN = conf.get("database", "SQL_ALCHEMY_CONN")

[2025-10-04T07:45:10.692+0000] {task_command.py:426} INFO - Running <TaskInstance: Airflow_Depi.say_hello scheduled__2025-10-04T07:43:00+00:00 [running]> on host 988bb18cf3ec
[2025-10-04T07:45:11.145+0000] {taskinstance.py:2648} INFO - Exporting env vars: AIRFLOW_CTX_DAG_OWNER='***' AIRFLOW_CTX_DAG_ID='Airflow_Depi' AIRFLOW_CTX_TASK_ID='say_hello' AIRFLOW_CTX_EXECUTION_DATE='2025-10-04T07:43:00+00:00' AIRFLOW_CTX_TRY_NUMBER='1' AIRFLOW_CTX_DAG_RUN_ID='scheduled__2025-10-04T07:43:00+00:00'
[2025-10-04T07:45:11.152+0000] {taskinstance.py:430} INFO - ::endgroup::
[2025-10-04T07:45:11.154+0000] {logging_mixin.py:188} INFO - Hello Airflow !
[2025-10-04T07:45:11.155+0000] {python.py:237} INFO - Done. Returned value was: None
[2025-10-04T07:45:11.158+0000] {taskinstance.py:441} INFO - ::group::Post task execution logs
[2025-10-04T07:45:11.187+0000] {taskinstance.py:1206} INFO - Marking task as SUCCESS. dag_id=Airflow_Depi, task_id=say_hello, run_id=scheduled__2025-10-04T07:43:00+00:00, execution_date=20251004T074300, start_date=20251004T074510, end_date=20251004T074511
[2025-10-04T07:45:11.250+0000] {local_task_job_runner.py:240} INFO - Task exited with return code 0
[2025-10-04T07:45:11.283+0000] {local_task_job_runner.py:222} INFO - ::endgroup::
