[2025-10-03T19:38:01.873+0000] {local_task_job_runner.py:120} INFO - ::group::Pre task execution logs
[2025-10-03T19:38:01.893+0000] {taskinstance.py:2076} INFO - Dependencies all met for dep_context=non-requeueable deps ti=<TaskInstance: dag1.say_hello scheduled__2025-10-03T19:37:00+00:00 [queued]>
[2025-10-03T19:38:01.900+0000] {taskinstance.py:2076} INFO - Dependencies all met for dep_context=requeueable deps ti=<TaskInstance: dag1.say_hello scheduled__2025-10-03T19:37:00+00:00 [queued]>
[2025-10-03T19:38:01.901+0000] {taskinstance.py:2306} INFO - Starting attempt 1 of 1
[2025-10-03T19:38:01.915+0000] {taskinstance.py:2330} INFO - Executing <Task(PythonOperator): say_hello> on 2025-10-03 19:37:00+00:00
[2025-10-03T19:38:01.923+0000] {warnings.py:112} WARNING - /home/***/.local/lib/python3.12/site-packages/***/task/task_runner/standard_task_runner.py:61: DeprecationWarning: This process (pid=186) is multi-threaded, use of fork() may lead to deadlocks in the child.
  pid = os.fork()

[2025-10-03T19:38:01.925+0000] {standard_task_runner.py:63} INFO - Started process 189 to run task
[2025-10-03T19:38:01.925+0000] {standard_task_runner.py:90} INFO - Running: ['***', 'tasks', 'run', 'dag1', 'say_hello', 'scheduled__2025-10-03T19:37:00+00:00', '--job-id', '46', '--raw', '--subdir', 'DAGS_FOLDER/dag1.py', '--cfg-path', '/tmp/tmpqw195fxb']
[2025-10-03T19:38:01.928+0000] {standard_task_runner.py:91} INFO - Job 46: Subtask say_hello
[2025-10-03T19:38:01.944+0000] {warnings.py:112} WARNING - /home/***/.local/lib/python3.12/site-packages/***/settings.py:195: DeprecationWarning: The sql_alchemy_conn option in [core] has been moved to the sql_alchemy_conn option in [database] - the old setting has been used, but please update your config.
  SQL_ALCHEMY_CONN = conf.get("database", "SQL_ALCHEMY_CONN")

[2025-10-03T19:38:01.981+0000] {task_command.py:426} INFO - Running <TaskInstance: dag1.say_hello scheduled__2025-10-03T19:37:00+00:00 [running]> on host bd6e8f6c2b38
[2025-10-03T19:38:02.075+0000] {taskinstance.py:2648} INFO - Exporting env vars: AIRFLOW_CTX_DAG_OWNER='***' AIRFLOW_CTX_DAG_ID='dag1' AIRFLOW_CTX_TASK_ID='say_hello' AIRFLOW_CTX_EXECUTION_DATE='2025-10-03T19:37:00+00:00' AIRFLOW_CTX_TRY_NUMBER='1' AIRFLOW_CTX_DAG_RUN_ID='scheduled__2025-10-03T19:37:00+00:00'
[2025-10-03T19:38:02.077+0000] {taskinstance.py:430} INFO - ::endgroup::
[2025-10-03T19:38:02.078+0000] {logging_mixin.py:188} INFO - Hello Airflow !
[2025-10-03T19:38:02.079+0000] {python.py:237} INFO - Done. Returned value was: None
[2025-10-03T19:38:02.080+0000] {taskinstance.py:441} INFO - ::group::Post task execution logs
[2025-10-03T19:38:02.089+0000] {taskinstance.py:1206} INFO - Marking task as SUCCESS. dag_id=dag1, task_id=say_hello, run_id=scheduled__2025-10-03T19:37:00+00:00, execution_date=20251003T193700, start_date=20251003T193801, end_date=20251003T193802
[2025-10-03T19:38:02.140+0000] {local_task_job_runner.py:240} INFO - Task exited with return code 0
[2025-10-03T19:38:02.157+0000] {taskinstance.py:3503} INFO - 0 downstream tasks scheduled from follow-on schedule check
[2025-10-03T19:38:02.160+0000] {local_task_job_runner.py:222} INFO - ::endgroup::
