[2025-09-29T17:08:02.220+0000] {local_task_job_runner.py:120} INFO - ::group::Pre task execution logs
[2025-09-29T17:08:02.244+0000] {taskinstance.py:2076} INFO - Dependencies all met for dep_context=non-requeueable deps ti=<TaskInstance: dag1.hello scheduled__2025-09-29T17:07:00+00:00 [queued]>
[2025-09-29T17:08:02.252+0000] {taskinstance.py:2076} INFO - Dependencies all met for dep_context=requeueable deps ti=<TaskInstance: dag1.hello scheduled__2025-09-29T17:07:00+00:00 [queued]>
[2025-09-29T17:08:02.253+0000] {taskinstance.py:2306} INFO - Starting attempt 1 of 1
[2025-09-29T17:08:02.271+0000] {taskinstance.py:2330} INFO - Executing <Task(BashOperator): hello> on 2025-09-29 17:07:00+00:00
[2025-09-29T17:08:02.280+0000] {warnings.py:112} WARNING - /home/***/.local/lib/python3.12/site-packages/***/task/task_runner/standard_task_runner.py:61: DeprecationWarning: This process (pid=77) is multi-threaded, use of fork() may lead to deadlocks in the child.
  pid = os.fork()

[2025-09-29T17:08:02.282+0000] {standard_task_runner.py:63} INFO - Started process 79 to run task
[2025-09-29T17:08:02.282+0000] {standard_task_runner.py:90} INFO - Running: ['***', 'tasks', 'run', 'dag1', 'hello', 'scheduled__2025-09-29T17:07:00+00:00', '--job-id', '9', '--raw', '--subdir', 'DAGS_FOLDER/dag1.py', '--cfg-path', '/tmp/tmpu5reb2rf']
[2025-09-29T17:08:02.285+0000] {standard_task_runner.py:91} INFO - Job 9: Subtask hello
[2025-09-29T17:08:02.300+0000] {warnings.py:112} WARNING - /home/***/.local/lib/python3.12/site-packages/***/settings.py:195: DeprecationWarning: The sql_alchemy_conn option in [core] has been moved to the sql_alchemy_conn option in [database] - the old setting has been used, but please update your config.
  SQL_ALCHEMY_CONN = conf.get("database", "SQL_ALCHEMY_CONN")

[2025-09-29T17:08:02.339+0000] {task_command.py:426} INFO - Running <TaskInstance: dag1.hello scheduled__2025-09-29T17:07:00+00:00 [running]> on host 04b09c6aa7b4
[2025-09-29T17:08:02.460+0000] {taskinstance.py:2648} INFO - Exporting env vars: AIRFLOW_CTX_DAG_OWNER='***' AIRFLOW_CTX_DAG_ID='dag1' AIRFLOW_CTX_TASK_ID='hello' AIRFLOW_CTX_EXECUTION_DATE='2025-09-29T17:07:00+00:00' AIRFLOW_CTX_TRY_NUMBER='1' AIRFLOW_CTX_DAG_RUN_ID='scheduled__2025-09-29T17:07:00+00:00'
[2025-09-29T17:08:02.462+0000] {taskinstance.py:430} INFO - ::endgroup::
[2025-09-29T17:08:02.464+0000] {subprocess.py:63} INFO - Tmp dir root location: /tmp
[2025-09-29T17:08:02.465+0000] {subprocess.py:75} INFO - Running command: ['/usr/bin/bash', '-c', 'echo "My name is Mazen Hesham"']
[2025-09-29T17:08:02.479+0000] {subprocess.py:86} INFO - Output:
[2025-09-29T17:08:02.481+0000] {subprocess.py:93} INFO - My name is Mazen Hesham
[2025-09-29T17:08:02.482+0000] {subprocess.py:97} INFO - Command exited with return code 0
[2025-09-29T17:08:02.483+0000] {taskinstance.py:441} INFO - ::group::Post task execution logs
[2025-09-29T17:08:02.520+0000] {taskinstance.py:1206} INFO - Marking task as SUCCESS. dag_id=dag1, task_id=hello, run_id=scheduled__2025-09-29T17:07:00+00:00, execution_date=20250929T170700, start_date=20250929T170802, end_date=20250929T170802
[2025-09-29T17:08:02.579+0000] {local_task_job_runner.py:240} INFO - Task exited with return code 0
[2025-09-29T17:08:02.598+0000] {taskinstance.py:3503} INFO - 0 downstream tasks scheduled from follow-on schedule check
[2025-09-29T17:08:02.603+0000] {local_task_job_runner.py:222} INFO - ::endgroup::
