[2025-09-29T17:04:02.125+0000] {local_task_job_runner.py:120} INFO - ::group::Pre task execution logs
[2025-09-29T17:04:02.149+0000] {taskinstance.py:2076} INFO - Dependencies all met for dep_context=non-requeueable deps ti=<TaskInstance: dag1.hello scheduled__2025-09-29T17:03:00+00:00 [queued]>
[2025-09-29T17:04:02.159+0000] {taskinstance.py:2076} INFO - Dependencies all met for dep_context=requeueable deps ti=<TaskInstance: dag1.hello scheduled__2025-09-29T17:03:00+00:00 [queued]>
[2025-09-29T17:04:02.161+0000] {taskinstance.py:2306} INFO - Starting attempt 1 of 1
[2025-09-29T17:04:02.181+0000] {taskinstance.py:2330} INFO - Executing <Task(BashOperator): hello> on 2025-09-29 17:03:00+00:00
[2025-09-29T17:04:02.190+0000] {warnings.py:112} WARNING - /home/***/.local/lib/python3.12/site-packages/***/task/task_runner/standard_task_runner.py:61: DeprecationWarning: This process (pid=61) is multi-threaded, use of fork() may lead to deadlocks in the child.
  pid = os.fork()

[2025-09-29T17:04:02.193+0000] {standard_task_runner.py:63} INFO - Started process 63 to run task
[2025-09-29T17:04:02.193+0000] {standard_task_runner.py:90} INFO - Running: ['***', 'tasks', 'run', 'dag1', 'hello', 'scheduled__2025-09-29T17:03:00+00:00', '--job-id', '5', '--raw', '--subdir', 'DAGS_FOLDER/dag1.py', '--cfg-path', '/tmp/tmpivn9821r']
[2025-09-29T17:04:02.197+0000] {standard_task_runner.py:91} INFO - Job 5: Subtask hello
[2025-09-29T17:04:02.215+0000] {warnings.py:112} WARNING - /home/***/.local/lib/python3.12/site-packages/***/settings.py:195: DeprecationWarning: The sql_alchemy_conn option in [core] has been moved to the sql_alchemy_conn option in [database] - the old setting has been used, but please update your config.
  SQL_ALCHEMY_CONN = conf.get("database", "SQL_ALCHEMY_CONN")

[2025-09-29T17:04:02.262+0000] {task_command.py:426} INFO - Running <TaskInstance: dag1.hello scheduled__2025-09-29T17:03:00+00:00 [running]> on host 04b09c6aa7b4
[2025-09-29T17:04:02.403+0000] {taskinstance.py:2648} INFO - Exporting env vars: AIRFLOW_CTX_DAG_OWNER='***' AIRFLOW_CTX_DAG_ID='dag1' AIRFLOW_CTX_TASK_ID='hello' AIRFLOW_CTX_EXECUTION_DATE='2025-09-29T17:03:00+00:00' AIRFLOW_CTX_TRY_NUMBER='1' AIRFLOW_CTX_DAG_RUN_ID='scheduled__2025-09-29T17:03:00+00:00'
[2025-09-29T17:04:02.406+0000] {taskinstance.py:430} INFO - ::endgroup::
[2025-09-29T17:04:02.407+0000] {subprocess.py:63} INFO - Tmp dir root location: /tmp
[2025-09-29T17:04:02.409+0000] {subprocess.py:75} INFO - Running command: ['/usr/bin/bash', '-c', 'echo "My name is Mazen Hesham"']
[2025-09-29T17:04:02.425+0000] {subprocess.py:86} INFO - Output:
[2025-09-29T17:04:02.427+0000] {subprocess.py:93} INFO - My name is Mazen Hesham
[2025-09-29T17:04:02.428+0000] {subprocess.py:97} INFO - Command exited with return code 0
[2025-09-29T17:04:02.429+0000] {taskinstance.py:441} INFO - ::group::Post task execution logs
[2025-09-29T17:04:02.462+0000] {taskinstance.py:1206} INFO - Marking task as SUCCESS. dag_id=dag1, task_id=hello, run_id=scheduled__2025-09-29T17:03:00+00:00, execution_date=20250929T170300, start_date=20250929T170402, end_date=20250929T170402
[2025-09-29T17:04:02.489+0000] {local_task_job_runner.py:240} INFO - Task exited with return code 0
[2025-09-29T17:04:02.511+0000] {taskinstance.py:3503} INFO - 0 downstream tasks scheduled from follow-on schedule check
[2025-09-29T17:04:02.515+0000] {local_task_job_runner.py:222} INFO - ::endgroup::
