[2025-10-03T19:22:02.492+0000] {local_task_job_runner.py:120} INFO - ::group::Pre task execution logs
[2025-10-03T19:22:02.522+0000] {taskinstance.py:2076} INFO - Dependencies all met for dep_context=non-requeueable deps ti=<TaskInstance: dag1.time_task scheduled__2025-10-03T19:21:00+00:00 [queued]>
[2025-10-03T19:22:02.531+0000] {taskinstance.py:2076} INFO - Dependencies all met for dep_context=requeueable deps ti=<TaskInstance: dag1.time_task scheduled__2025-10-03T19:21:00+00:00 [queued]>
[2025-10-03T19:22:02.532+0000] {taskinstance.py:2306} INFO - Starting attempt 1 of 1
[2025-10-03T19:22:02.550+0000] {taskinstance.py:2330} INFO - Executing <Task(PythonOperator): time_task> on 2025-10-03 19:21:00+00:00
[2025-10-03T19:22:02.559+0000] {warnings.py:112} WARNING - /home/***/.local/lib/python3.12/site-packages/***/task/task_runner/standard_task_runner.py:61: DeprecationWarning: This process (pid=90) is multi-threaded, use of fork() may lead to deadlocks in the child.
  pid = os.fork()

[2025-10-03T19:22:02.561+0000] {standard_task_runner.py:63} INFO - Started process 93 to run task
[2025-10-03T19:22:02.561+0000] {standard_task_runner.py:90} INFO - Running: ['***', 'tasks', 'run', 'dag1', 'time_task', 'scheduled__2025-10-03T19:21:00+00:00', '--job-id', '15', '--raw', '--subdir', 'DAGS_FOLDER/dag1.py', '--cfg-path', '/tmp/tmp6bg3tykf']
[2025-10-03T19:22:02.566+0000] {standard_task_runner.py:91} INFO - Job 15: Subtask time_task
[2025-10-03T19:22:02.585+0000] {warnings.py:112} WARNING - /home/***/.local/lib/python3.12/site-packages/***/settings.py:195: DeprecationWarning: The sql_alchemy_conn option in [core] has been moved to the sql_alchemy_conn option in [database] - the old setting has been used, but please update your config.
  SQL_ALCHEMY_CONN = conf.get("database", "SQL_ALCHEMY_CONN")

[2025-10-03T19:22:02.637+0000] {task_command.py:426} INFO - Running <TaskInstance: dag1.time_task scheduled__2025-10-03T19:21:00+00:00 [running]> on host bd6e8f6c2b38
[2025-10-03T19:22:02.766+0000] {taskinstance.py:2648} INFO - Exporting env vars: AIRFLOW_CTX_DAG_OWNER='***' AIRFLOW_CTX_DAG_ID='dag1' AIRFLOW_CTX_TASK_ID='time_task' AIRFLOW_CTX_EXECUTION_DATE='2025-10-03T19:21:00+00:00' AIRFLOW_CTX_TRY_NUMBER='1' AIRFLOW_CTX_DAG_RUN_ID='scheduled__2025-10-03T19:21:00+00:00'
[2025-10-03T19:22:02.770+0000] {taskinstance.py:430} INFO - ::endgroup::
[2025-10-03T19:22:02.771+0000] {logging_mixin.py:188} INFO - Current time is: 2025-10-03 19:22:02.771326
[2025-10-03T19:22:02.772+0000] {python.py:237} INFO - Done. Returned value was: None
[2025-10-03T19:22:02.772+0000] {taskinstance.py:441} INFO - ::group::Post task execution logs
[2025-10-03T19:22:02.784+0000] {taskinstance.py:1206} INFO - Marking task as SUCCESS. dag_id=dag1, task_id=time_task, run_id=scheduled__2025-10-03T19:21:00+00:00, execution_date=20251003T192100, start_date=20251003T192202, end_date=20251003T192202
[2025-10-03T19:22:02.817+0000] {local_task_job_runner.py:240} INFO - Task exited with return code 0
[2025-10-03T19:22:02.829+0000] {local_task_job_runner.py:222} INFO - ::endgroup::
