[2025-10-03T19:14:41.194+0000] {processor.py:161} INFO - Started process (PID=62) to work on /home/airflow/.local/lib/python3.12/site-packages/airflow/example_dags/example_branch_python_dop_operator_3.py
[2025-10-03T19:14:41.196+0000] {processor.py:830} INFO - Processing file /home/airflow/.local/lib/python3.12/site-packages/airflow/example_dags/example_branch_python_dop_operator_3.py for tasks to queue
[2025-10-03T19:14:41.200+0000] {logging_mixin.py:188} INFO - [2025-10-03T19:14:41.200+0000] {dagbag.py:545} INFO - Filling up the DagBag from /home/airflow/.local/lib/python3.12/site-packages/airflow/example_dags/example_branch_python_dop_operator_3.py
[2025-10-03T19:14:41.223+0000] {processor.py:840} INFO - DAG(s) 'example_branch_dop_operator_v3' retrieved from /home/airflow/.local/lib/python3.12/site-packages/airflow/example_dags/example_branch_python_dop_operator_3.py
[2025-10-03T19:14:41.249+0000] {logging_mixin.py:188} INFO - [2025-10-03T19:14:41.248+0000] {dag.py:3096} INFO - Sync 1 DAGs
[2025-10-03T19:14:41.343+0000] {logging_mixin.py:188} INFO - [2025-10-03T19:14:41.342+0000] {dag.py:3954} INFO - Setting next_dagrun for example_branch_dop_operator_v3 to 2025-10-03 19:13:00+00:00, run_after=2025-10-03 19:14:00+00:00
[2025-10-03T19:14:41.519+0000] {processor.py:183} INFO - Processing /home/airflow/.local/lib/python3.12/site-packages/airflow/example_dags/example_branch_python_dop_operator_3.py took 0.336 seconds
[2025-10-03T19:15:14.397+0000] {processor.py:161} INFO - Started process (PID=115) to work on /home/airflow/.local/lib/python3.12/site-packages/airflow/example_dags/example_branch_python_dop_operator_3.py
[2025-10-03T19:15:14.399+0000] {processor.py:830} INFO - Processing file /home/airflow/.local/lib/python3.12/site-packages/airflow/example_dags/example_branch_python_dop_operator_3.py for tasks to queue
[2025-10-03T19:15:14.403+0000] {logging_mixin.py:188} INFO - [2025-10-03T19:15:14.403+0000] {dagbag.py:545} INFO - Filling up the DagBag from /home/airflow/.local/lib/python3.12/site-packages/airflow/example_dags/example_branch_python_dop_operator_3.py
[2025-10-03T19:15:14.424+0000] {processor.py:840} INFO - DAG(s) 'example_branch_dop_operator_v3' retrieved from /home/airflow/.local/lib/python3.12/site-packages/airflow/example_dags/example_branch_python_dop_operator_3.py
[2025-10-03T19:15:14.638+0000] {logging_mixin.py:188} INFO - [2025-10-03T19:15:14.638+0000] {dag.py:3096} INFO - Sync 1 DAGs
[2025-10-03T19:15:14.675+0000] {logging_mixin.py:188} INFO - [2025-10-03T19:15:14.674+0000] {dag.py:3954} INFO - Setting next_dagrun for example_branch_dop_operator_v3 to 2025-10-03 19:14:00+00:00, run_after=2025-10-03 19:15:00+00:00
[2025-10-03T19:15:14.704+0000] {processor.py:183} INFO - Processing /home/airflow/.local/lib/python3.12/site-packages/airflow/example_dags/example_branch_python_dop_operator_3.py took 0.321 seconds
[2025-10-03T19:15:44.993+0000] {processor.py:161} INFO - Started process (PID=172) to work on /home/airflow/.local/lib/python3.12/site-packages/airflow/example_dags/example_branch_python_dop_operator_3.py
[2025-10-03T19:15:44.995+0000] {processor.py:830} INFO - Processing file /home/airflow/.local/lib/python3.12/site-packages/airflow/example_dags/example_branch_python_dop_operator_3.py for tasks to queue
[2025-10-03T19:15:44.998+0000] {logging_mixin.py:188} INFO - [2025-10-03T19:15:44.997+0000] {dagbag.py:545} INFO - Filling up the DagBag from /home/airflow/.local/lib/python3.12/site-packages/airflow/example_dags/example_branch_python_dop_operator_3.py
[2025-10-03T19:15:45.012+0000] {processor.py:840} INFO - DAG(s) 'example_branch_dop_operator_v3' retrieved from /home/airflow/.local/lib/python3.12/site-packages/airflow/example_dags/example_branch_python_dop_operator_3.py
[2025-10-03T19:15:45.041+0000] {logging_mixin.py:188} INFO - [2025-10-03T19:15:45.041+0000] {dag.py:3096} INFO - Sync 1 DAGs
[2025-10-03T19:15:45.074+0000] {logging_mixin.py:188} INFO - [2025-10-03T19:15:45.074+0000] {dag.py:3954} INFO - Setting next_dagrun for example_branch_dop_operator_v3 to 2025-10-03 19:14:00+00:00, run_after=2025-10-03 19:15:00+00:00
[2025-10-03T19:15:45.098+0000] {processor.py:183} INFO - Processing /home/airflow/.local/lib/python3.12/site-packages/airflow/example_dags/example_branch_python_dop_operator_3.py took 0.114 seconds
[2025-10-03T19:16:15.526+0000] {processor.py:161} INFO - Started process (PID=228) to work on /home/airflow/.local/lib/python3.12/site-packages/airflow/example_dags/example_branch_python_dop_operator_3.py
[2025-10-03T19:16:15.528+0000] {processor.py:830} INFO - Processing file /home/airflow/.local/lib/python3.12/site-packages/airflow/example_dags/example_branch_python_dop_operator_3.py for tasks to queue
[2025-10-03T19:16:15.532+0000] {logging_mixin.py:188} INFO - [2025-10-03T19:16:15.532+0000] {dagbag.py:545} INFO - Filling up the DagBag from /home/airflow/.local/lib/python3.12/site-packages/airflow/example_dags/example_branch_python_dop_operator_3.py
[2025-10-03T19:16:15.545+0000] {processor.py:840} INFO - DAG(s) 'example_branch_dop_operator_v3' retrieved from /home/airflow/.local/lib/python3.12/site-packages/airflow/example_dags/example_branch_python_dop_operator_3.py
[2025-10-03T19:16:15.576+0000] {logging_mixin.py:188} INFO - [2025-10-03T19:16:15.576+0000] {dag.py:3096} INFO - Sync 1 DAGs
[2025-10-03T19:16:15.616+0000] {logging_mixin.py:188} INFO - [2025-10-03T19:16:15.616+0000] {dag.py:3954} INFO - Setting next_dagrun for example_branch_dop_operator_v3 to 2025-10-03 19:15:00+00:00, run_after=2025-10-03 19:16:00+00:00
[2025-10-03T19:16:15.653+0000] {processor.py:183} INFO - Processing /home/airflow/.local/lib/python3.12/site-packages/airflow/example_dags/example_branch_python_dop_operator_3.py took 0.137 seconds
[2025-10-03T19:16:46.426+0000] {processor.py:161} INFO - Started process (PID=284) to work on /home/airflow/.local/lib/python3.12/site-packages/airflow/example_dags/example_branch_python_dop_operator_3.py
[2025-10-03T19:16:46.428+0000] {processor.py:830} INFO - Processing file /home/airflow/.local/lib/python3.12/site-packages/airflow/example_dags/example_branch_python_dop_operator_3.py for tasks to queue
[2025-10-03T19:16:46.433+0000] {logging_mixin.py:188} INFO - [2025-10-03T19:16:46.432+0000] {dagbag.py:545} INFO - Filling up the DagBag from /home/airflow/.local/lib/python3.12/site-packages/airflow/example_dags/example_branch_python_dop_operator_3.py
[2025-10-03T19:16:46.458+0000] {processor.py:840} INFO - DAG(s) 'example_branch_dop_operator_v3' retrieved from /home/airflow/.local/lib/python3.12/site-packages/airflow/example_dags/example_branch_python_dop_operator_3.py
[2025-10-03T19:16:46.524+0000] {logging_mixin.py:188} INFO - [2025-10-03T19:16:46.523+0000] {dag.py:3096} INFO - Sync 1 DAGs
[2025-10-03T19:16:46.592+0000] {logging_mixin.py:188} INFO - [2025-10-03T19:16:46.591+0000] {dag.py:3954} INFO - Setting next_dagrun for example_branch_dop_operator_v3 to 2025-10-03 19:15:00+00:00, run_after=2025-10-03 19:16:00+00:00
[2025-10-03T19:16:46.652+0000] {processor.py:183} INFO - Processing /home/airflow/.local/lib/python3.12/site-packages/airflow/example_dags/example_branch_python_dop_operator_3.py took 0.248 seconds
[2025-10-03T19:17:17.257+0000] {processor.py:161} INFO - Started process (PID=338) to work on /home/airflow/.local/lib/python3.12/site-packages/airflow/example_dags/example_branch_python_dop_operator_3.py
[2025-10-03T19:17:17.260+0000] {processor.py:830} INFO - Processing file /home/airflow/.local/lib/python3.12/site-packages/airflow/example_dags/example_branch_python_dop_operator_3.py for tasks to queue
[2025-10-03T19:17:17.263+0000] {logging_mixin.py:188} INFO - [2025-10-03T19:17:17.262+0000] {dagbag.py:545} INFO - Filling up the DagBag from /home/airflow/.local/lib/python3.12/site-packages/airflow/example_dags/example_branch_python_dop_operator_3.py
[2025-10-03T19:17:17.276+0000] {processor.py:840} INFO - DAG(s) 'example_branch_dop_operator_v3' retrieved from /home/airflow/.local/lib/python3.12/site-packages/airflow/example_dags/example_branch_python_dop_operator_3.py
[2025-10-03T19:17:17.307+0000] {logging_mixin.py:188} INFO - [2025-10-03T19:17:17.307+0000] {dag.py:3096} INFO - Sync 1 DAGs
[2025-10-03T19:17:17.347+0000] {logging_mixin.py:188} INFO - [2025-10-03T19:17:17.347+0000] {dag.py:3954} INFO - Setting next_dagrun for example_branch_dop_operator_v3 to 2025-10-03 19:16:00+00:00, run_after=2025-10-03 19:17:00+00:00
[2025-10-03T19:17:17.381+0000] {processor.py:183} INFO - Processing /home/airflow/.local/lib/python3.12/site-packages/airflow/example_dags/example_branch_python_dop_operator_3.py took 0.132 seconds
[2025-10-03T19:17:47.904+0000] {processor.py:161} INFO - Started process (PID=397) to work on /home/airflow/.local/lib/python3.12/site-packages/airflow/example_dags/example_branch_python_dop_operator_3.py
[2025-10-03T19:17:47.905+0000] {processor.py:830} INFO - Processing file /home/airflow/.local/lib/python3.12/site-packages/airflow/example_dags/example_branch_python_dop_operator_3.py for tasks to queue
[2025-10-03T19:17:47.908+0000] {logging_mixin.py:188} INFO - [2025-10-03T19:17:47.907+0000] {dagbag.py:545} INFO - Filling up the DagBag from /home/airflow/.local/lib/python3.12/site-packages/airflow/example_dags/example_branch_python_dop_operator_3.py
[2025-10-03T19:17:47.920+0000] {processor.py:840} INFO - DAG(s) 'example_branch_dop_operator_v3' retrieved from /home/airflow/.local/lib/python3.12/site-packages/airflow/example_dags/example_branch_python_dop_operator_3.py
[2025-10-03T19:17:47.947+0000] {logging_mixin.py:188} INFO - [2025-10-03T19:17:47.947+0000] {dag.py:3096} INFO - Sync 1 DAGs
[2025-10-03T19:17:47.980+0000] {logging_mixin.py:188} INFO - [2025-10-03T19:17:47.980+0000] {dag.py:3954} INFO - Setting next_dagrun for example_branch_dop_operator_v3 to 2025-10-03 19:16:00+00:00, run_after=2025-10-03 19:17:00+00:00
[2025-10-03T19:17:48.010+0000] {processor.py:183} INFO - Processing /home/airflow/.local/lib/python3.12/site-packages/airflow/example_dags/example_branch_python_dop_operator_3.py took 0.114 seconds
[2025-10-03T19:18:18.744+0000] {processor.py:161} INFO - Started process (PID=455) to work on /home/airflow/.local/lib/python3.12/site-packages/airflow/example_dags/example_branch_python_dop_operator_3.py
[2025-10-03T19:18:18.745+0000] {processor.py:830} INFO - Processing file /home/airflow/.local/lib/python3.12/site-packages/airflow/example_dags/example_branch_python_dop_operator_3.py for tasks to queue
[2025-10-03T19:18:18.749+0000] {logging_mixin.py:188} INFO - [2025-10-03T19:18:18.748+0000] {dagbag.py:545} INFO - Filling up the DagBag from /home/airflow/.local/lib/python3.12/site-packages/airflow/example_dags/example_branch_python_dop_operator_3.py
[2025-10-03T19:18:18.762+0000] {processor.py:840} INFO - DAG(s) 'example_branch_dop_operator_v3' retrieved from /home/airflow/.local/lib/python3.12/site-packages/airflow/example_dags/example_branch_python_dop_operator_3.py
[2025-10-03T19:18:18.796+0000] {logging_mixin.py:188} INFO - [2025-10-03T19:18:18.796+0000] {dag.py:3096} INFO - Sync 1 DAGs
[2025-10-03T19:18:18.841+0000] {logging_mixin.py:188} INFO - [2025-10-03T19:18:18.841+0000] {dag.py:3954} INFO - Setting next_dagrun for example_branch_dop_operator_v3 to 2025-10-03 19:17:00+00:00, run_after=2025-10-03 19:18:00+00:00
[2025-10-03T19:18:18.884+0000] {processor.py:183} INFO - Processing /home/airflow/.local/lib/python3.12/site-packages/airflow/example_dags/example_branch_python_dop_operator_3.py took 0.151 seconds
[2025-10-03T19:18:49.802+0000] {processor.py:161} INFO - Started process (PID=514) to work on /home/airflow/.local/lib/python3.12/site-packages/airflow/example_dags/example_branch_python_dop_operator_3.py
[2025-10-03T19:18:49.803+0000] {processor.py:830} INFO - Processing file /home/airflow/.local/lib/python3.12/site-packages/airflow/example_dags/example_branch_python_dop_operator_3.py for tasks to queue
[2025-10-03T19:18:49.809+0000] {logging_mixin.py:188} INFO - [2025-10-03T19:18:49.808+0000] {dagbag.py:545} INFO - Filling up the DagBag from /home/airflow/.local/lib/python3.12/site-packages/airflow/example_dags/example_branch_python_dop_operator_3.py
[2025-10-03T19:18:49.824+0000] {processor.py:840} INFO - DAG(s) 'example_branch_dop_operator_v3' retrieved from /home/airflow/.local/lib/python3.12/site-packages/airflow/example_dags/example_branch_python_dop_operator_3.py
[2025-10-03T19:18:49.864+0000] {logging_mixin.py:188} INFO - [2025-10-03T19:18:49.863+0000] {dag.py:3096} INFO - Sync 1 DAGs
[2025-10-03T19:18:49.909+0000] {logging_mixin.py:188} INFO - [2025-10-03T19:18:49.909+0000] {dag.py:3954} INFO - Setting next_dagrun for example_branch_dop_operator_v3 to 2025-10-03 19:17:00+00:00, run_after=2025-10-03 19:18:00+00:00
[2025-10-03T19:18:49.948+0000] {processor.py:183} INFO - Processing /home/airflow/.local/lib/python3.12/site-packages/airflow/example_dags/example_branch_python_dop_operator_3.py took 0.152 seconds
[2025-10-03T19:19:20.029+0000] {processor.py:161} INFO - Started process (PID=571) to work on /home/airflow/.local/lib/python3.12/site-packages/airflow/example_dags/example_branch_python_dop_operator_3.py
[2025-10-03T19:19:20.031+0000] {processor.py:830} INFO - Processing file /home/airflow/.local/lib/python3.12/site-packages/airflow/example_dags/example_branch_python_dop_operator_3.py for tasks to queue
[2025-10-03T19:19:20.033+0000] {logging_mixin.py:188} INFO - [2025-10-03T19:19:20.032+0000] {dagbag.py:545} INFO - Filling up the DagBag from /home/airflow/.local/lib/python3.12/site-packages/airflow/example_dags/example_branch_python_dop_operator_3.py
[2025-10-03T19:19:20.045+0000] {processor.py:840} INFO - DAG(s) 'example_branch_dop_operator_v3' retrieved from /home/airflow/.local/lib/python3.12/site-packages/airflow/example_dags/example_branch_python_dop_operator_3.py
[2025-10-03T19:19:20.069+0000] {logging_mixin.py:188} INFO - [2025-10-03T19:19:20.069+0000] {dag.py:3096} INFO - Sync 1 DAGs
[2025-10-03T19:19:20.098+0000] {logging_mixin.py:188} INFO - [2025-10-03T19:19:20.098+0000] {dag.py:3954} INFO - Setting next_dagrun for example_branch_dop_operator_v3 to 2025-10-03 19:18:00+00:00, run_after=2025-10-03 19:19:00+00:00
[2025-10-03T19:19:20.131+0000] {processor.py:183} INFO - Processing /home/airflow/.local/lib/python3.12/site-packages/airflow/example_dags/example_branch_python_dop_operator_3.py took 0.108 seconds
[2025-10-03T19:19:50.720+0000] {processor.py:161} INFO - Started process (PID=624) to work on /home/airflow/.local/lib/python3.12/site-packages/airflow/example_dags/example_branch_python_dop_operator_3.py
[2025-10-03T19:19:50.721+0000] {processor.py:830} INFO - Processing file /home/airflow/.local/lib/python3.12/site-packages/airflow/example_dags/example_branch_python_dop_operator_3.py for tasks to queue
[2025-10-03T19:19:50.724+0000] {logging_mixin.py:188} INFO - [2025-10-03T19:19:50.723+0000] {dagbag.py:545} INFO - Filling up the DagBag from /home/airflow/.local/lib/python3.12/site-packages/airflow/example_dags/example_branch_python_dop_operator_3.py
[2025-10-03T19:19:50.734+0000] {processor.py:840} INFO - DAG(s) 'example_branch_dop_operator_v3' retrieved from /home/airflow/.local/lib/python3.12/site-packages/airflow/example_dags/example_branch_python_dop_operator_3.py
[2025-10-03T19:19:50.759+0000] {logging_mixin.py:188} INFO - [2025-10-03T19:19:50.759+0000] {dag.py:3096} INFO - Sync 1 DAGs
[2025-10-03T19:19:50.790+0000] {logging_mixin.py:188} INFO - [2025-10-03T19:19:50.790+0000] {dag.py:3954} INFO - Setting next_dagrun for example_branch_dop_operator_v3 to 2025-10-03 19:18:00+00:00, run_after=2025-10-03 19:19:00+00:00
[2025-10-03T19:19:50.822+0000] {processor.py:183} INFO - Processing /home/airflow/.local/lib/python3.12/site-packages/airflow/example_dags/example_branch_python_dop_operator_3.py took 0.110 seconds
[2025-10-03T19:20:21.141+0000] {processor.py:161} INFO - Started process (PID=681) to work on /home/airflow/.local/lib/python3.12/site-packages/airflow/example_dags/example_branch_python_dop_operator_3.py
[2025-10-03T19:20:21.143+0000] {processor.py:830} INFO - Processing file /home/airflow/.local/lib/python3.12/site-packages/airflow/example_dags/example_branch_python_dop_operator_3.py for tasks to queue
[2025-10-03T19:20:21.147+0000] {logging_mixin.py:188} INFO - [2025-10-03T19:20:21.146+0000] {dagbag.py:545} INFO - Filling up the DagBag from /home/airflow/.local/lib/python3.12/site-packages/airflow/example_dags/example_branch_python_dop_operator_3.py
[2025-10-03T19:20:21.166+0000] {processor.py:840} INFO - DAG(s) 'example_branch_dop_operator_v3' retrieved from /home/airflow/.local/lib/python3.12/site-packages/airflow/example_dags/example_branch_python_dop_operator_3.py
[2025-10-03T19:20:21.207+0000] {logging_mixin.py:188} INFO - [2025-10-03T19:20:21.207+0000] {dag.py:3096} INFO - Sync 1 DAGs
[2025-10-03T19:20:21.268+0000] {logging_mixin.py:188} INFO - [2025-10-03T19:20:21.267+0000] {dag.py:3954} INFO - Setting next_dagrun for example_branch_dop_operator_v3 to 2025-10-03 19:19:00+00:00, run_after=2025-10-03 19:20:00+00:00
[2025-10-03T19:20:21.316+0000] {processor.py:183} INFO - Processing /home/airflow/.local/lib/python3.12/site-packages/airflow/example_dags/example_branch_python_dop_operator_3.py took 0.184 seconds
[2025-10-03T19:20:51.753+0000] {processor.py:161} INFO - Started process (PID=734) to work on /home/airflow/.local/lib/python3.12/site-packages/airflow/example_dags/example_branch_python_dop_operator_3.py
[2025-10-03T19:20:51.755+0000] {processor.py:830} INFO - Processing file /home/airflow/.local/lib/python3.12/site-packages/airflow/example_dags/example_branch_python_dop_operator_3.py for tasks to queue
[2025-10-03T19:20:51.757+0000] {logging_mixin.py:188} INFO - [2025-10-03T19:20:51.757+0000] {dagbag.py:545} INFO - Filling up the DagBag from /home/airflow/.local/lib/python3.12/site-packages/airflow/example_dags/example_branch_python_dop_operator_3.py
[2025-10-03T19:20:51.769+0000] {processor.py:840} INFO - DAG(s) 'example_branch_dop_operator_v3' retrieved from /home/airflow/.local/lib/python3.12/site-packages/airflow/example_dags/example_branch_python_dop_operator_3.py
[2025-10-03T19:20:51.797+0000] {logging_mixin.py:188} INFO - [2025-10-03T19:20:51.796+0000] {dag.py:3096} INFO - Sync 1 DAGs
[2025-10-03T19:20:51.832+0000] {logging_mixin.py:188} INFO - [2025-10-03T19:20:51.832+0000] {dag.py:3954} INFO - Setting next_dagrun for example_branch_dop_operator_v3 to 2025-10-03 19:19:00+00:00, run_after=2025-10-03 19:20:00+00:00
[2025-10-03T19:20:51.865+0000] {processor.py:183} INFO - Processing /home/airflow/.local/lib/python3.12/site-packages/airflow/example_dags/example_branch_python_dop_operator_3.py took 0.120 seconds
[2025-10-03T19:21:21.920+0000] {processor.py:161} INFO - Started process (PID=791) to work on /home/airflow/.local/lib/python3.12/site-packages/airflow/example_dags/example_branch_python_dop_operator_3.py
[2025-10-03T19:21:21.922+0000] {processor.py:830} INFO - Processing file /home/airflow/.local/lib/python3.12/site-packages/airflow/example_dags/example_branch_python_dop_operator_3.py for tasks to queue
[2025-10-03T19:21:21.924+0000] {logging_mixin.py:188} INFO - [2025-10-03T19:21:21.924+0000] {dagbag.py:545} INFO - Filling up the DagBag from /home/airflow/.local/lib/python3.12/site-packages/airflow/example_dags/example_branch_python_dop_operator_3.py
[2025-10-03T19:21:21.936+0000] {processor.py:840} INFO - DAG(s) 'example_branch_dop_operator_v3' retrieved from /home/airflow/.local/lib/python3.12/site-packages/airflow/example_dags/example_branch_python_dop_operator_3.py
[2025-10-03T19:21:21.962+0000] {logging_mixin.py:188} INFO - [2025-10-03T19:21:21.962+0000] {dag.py:3096} INFO - Sync 1 DAGs
[2025-10-03T19:21:21.993+0000] {logging_mixin.py:188} INFO - [2025-10-03T19:21:21.993+0000] {dag.py:3954} INFO - Setting next_dagrun for example_branch_dop_operator_v3 to 2025-10-03 19:20:00+00:00, run_after=2025-10-03 19:21:00+00:00
[2025-10-03T19:21:22.025+0000] {processor.py:183} INFO - Processing /home/airflow/.local/lib/python3.12/site-packages/airflow/example_dags/example_branch_python_dop_operator_3.py took 0.113 seconds
[2025-10-03T19:21:52.138+0000] {processor.py:161} INFO - Started process (PID=844) to work on /home/airflow/.local/lib/python3.12/site-packages/airflow/example_dags/example_branch_python_dop_operator_3.py
[2025-10-03T19:21:52.140+0000] {processor.py:830} INFO - Processing file /home/airflow/.local/lib/python3.12/site-packages/airflow/example_dags/example_branch_python_dop_operator_3.py for tasks to queue
[2025-10-03T19:21:52.144+0000] {logging_mixin.py:188} INFO - [2025-10-03T19:21:52.143+0000] {dagbag.py:545} INFO - Filling up the DagBag from /home/airflow/.local/lib/python3.12/site-packages/airflow/example_dags/example_branch_python_dop_operator_3.py
[2025-10-03T19:21:52.159+0000] {processor.py:840} INFO - DAG(s) 'example_branch_dop_operator_v3' retrieved from /home/airflow/.local/lib/python3.12/site-packages/airflow/example_dags/example_branch_python_dop_operator_3.py
[2025-10-03T19:21:52.196+0000] {logging_mixin.py:188} INFO - [2025-10-03T19:21:52.196+0000] {dag.py:3096} INFO - Sync 1 DAGs
[2025-10-03T19:21:52.237+0000] {logging_mixin.py:188} INFO - [2025-10-03T19:21:52.237+0000] {dag.py:3954} INFO - Setting next_dagrun for example_branch_dop_operator_v3 to 2025-10-03 19:20:00+00:00, run_after=2025-10-03 19:21:00+00:00
[2025-10-03T19:21:52.270+0000] {processor.py:183} INFO - Processing /home/airflow/.local/lib/python3.12/site-packages/airflow/example_dags/example_branch_python_dop_operator_3.py took 0.142 seconds
[2025-10-03T19:22:24.174+0000] {processor.py:161} INFO - Started process (PID=902) to work on /home/airflow/.local/lib/python3.12/site-packages/airflow/example_dags/example_branch_python_dop_operator_3.py
[2025-10-03T19:22:24.175+0000] {processor.py:830} INFO - Processing file /home/airflow/.local/lib/python3.12/site-packages/airflow/example_dags/example_branch_python_dop_operator_3.py for tasks to queue
[2025-10-03T19:22:24.177+0000] {logging_mixin.py:188} INFO - [2025-10-03T19:22:24.177+0000] {dagbag.py:545} INFO - Filling up the DagBag from /home/airflow/.local/lib/python3.12/site-packages/airflow/example_dags/example_branch_python_dop_operator_3.py
[2025-10-03T19:22:24.188+0000] {processor.py:840} INFO - DAG(s) 'example_branch_dop_operator_v3' retrieved from /home/airflow/.local/lib/python3.12/site-packages/airflow/example_dags/example_branch_python_dop_operator_3.py
[2025-10-03T19:22:24.213+0000] {logging_mixin.py:188} INFO - [2025-10-03T19:22:24.213+0000] {dag.py:3096} INFO - Sync 1 DAGs
[2025-10-03T19:22:24.243+0000] {logging_mixin.py:188} INFO - [2025-10-03T19:22:24.243+0000] {dag.py:3954} INFO - Setting next_dagrun for example_branch_dop_operator_v3 to 2025-10-03 19:21:00+00:00, run_after=2025-10-03 19:22:00+00:00
[2025-10-03T19:22:24.273+0000] {processor.py:183} INFO - Processing /home/airflow/.local/lib/python3.12/site-packages/airflow/example_dags/example_branch_python_dop_operator_3.py took 0.106 seconds
[2025-10-03T19:22:54.702+0000] {processor.py:161} INFO - Started process (PID=955) to work on /home/airflow/.local/lib/python3.12/site-packages/airflow/example_dags/example_branch_python_dop_operator_3.py
[2025-10-03T19:22:54.703+0000] {processor.py:830} INFO - Processing file /home/airflow/.local/lib/python3.12/site-packages/airflow/example_dags/example_branch_python_dop_operator_3.py for tasks to queue
[2025-10-03T19:22:54.706+0000] {logging_mixin.py:188} INFO - [2025-10-03T19:22:54.705+0000] {dagbag.py:545} INFO - Filling up the DagBag from /home/airflow/.local/lib/python3.12/site-packages/airflow/example_dags/example_branch_python_dop_operator_3.py
[2025-10-03T19:22:54.715+0000] {processor.py:840} INFO - DAG(s) 'example_branch_dop_operator_v3' retrieved from /home/airflow/.local/lib/python3.12/site-packages/airflow/example_dags/example_branch_python_dop_operator_3.py
[2025-10-03T19:22:54.739+0000] {logging_mixin.py:188} INFO - [2025-10-03T19:22:54.739+0000] {dag.py:3096} INFO - Sync 1 DAGs
[2025-10-03T19:22:54.767+0000] {logging_mixin.py:188} INFO - [2025-10-03T19:22:54.767+0000] {dag.py:3954} INFO - Setting next_dagrun for example_branch_dop_operator_v3 to 2025-10-03 19:21:00+00:00, run_after=2025-10-03 19:22:00+00:00
[2025-10-03T19:22:54.797+0000] {processor.py:183} INFO - Processing /home/airflow/.local/lib/python3.12/site-packages/airflow/example_dags/example_branch_python_dop_operator_3.py took 0.102 seconds
[2025-10-03T19:23:25.367+0000] {processor.py:161} INFO - Started process (PID=1012) to work on /home/airflow/.local/lib/python3.12/site-packages/airflow/example_dags/example_branch_python_dop_operator_3.py
[2025-10-03T19:23:25.368+0000] {processor.py:830} INFO - Processing file /home/airflow/.local/lib/python3.12/site-packages/airflow/example_dags/example_branch_python_dop_operator_3.py for tasks to queue
[2025-10-03T19:23:25.370+0000] {logging_mixin.py:188} INFO - [2025-10-03T19:23:25.370+0000] {dagbag.py:545} INFO - Filling up the DagBag from /home/airflow/.local/lib/python3.12/site-packages/airflow/example_dags/example_branch_python_dop_operator_3.py
[2025-10-03T19:23:25.380+0000] {processor.py:840} INFO - DAG(s) 'example_branch_dop_operator_v3' retrieved from /home/airflow/.local/lib/python3.12/site-packages/airflow/example_dags/example_branch_python_dop_operator_3.py
[2025-10-03T19:23:25.404+0000] {logging_mixin.py:188} INFO - [2025-10-03T19:23:25.404+0000] {dag.py:3096} INFO - Sync 1 DAGs
[2025-10-03T19:23:25.433+0000] {logging_mixin.py:188} INFO - [2025-10-03T19:23:25.433+0000] {dag.py:3954} INFO - Setting next_dagrun for example_branch_dop_operator_v3 to 2025-10-03 19:22:00+00:00, run_after=2025-10-03 19:23:00+00:00
[2025-10-03T19:23:25.459+0000] {processor.py:183} INFO - Processing /home/airflow/.local/lib/python3.12/site-packages/airflow/example_dags/example_branch_python_dop_operator_3.py took 0.098 seconds
[2025-10-03T19:23:56.410+0000] {processor.py:161} INFO - Started process (PID=1065) to work on /home/airflow/.local/lib/python3.12/site-packages/airflow/example_dags/example_branch_python_dop_operator_3.py
[2025-10-03T19:23:56.411+0000] {processor.py:830} INFO - Processing file /home/airflow/.local/lib/python3.12/site-packages/airflow/example_dags/example_branch_python_dop_operator_3.py for tasks to queue
[2025-10-03T19:23:56.413+0000] {logging_mixin.py:188} INFO - [2025-10-03T19:23:56.413+0000] {dagbag.py:545} INFO - Filling up the DagBag from /home/airflow/.local/lib/python3.12/site-packages/airflow/example_dags/example_branch_python_dop_operator_3.py
[2025-10-03T19:23:56.423+0000] {processor.py:840} INFO - DAG(s) 'example_branch_dop_operator_v3' retrieved from /home/airflow/.local/lib/python3.12/site-packages/airflow/example_dags/example_branch_python_dop_operator_3.py
[2025-10-03T19:23:56.446+0000] {logging_mixin.py:188} INFO - [2025-10-03T19:23:56.446+0000] {dag.py:3096} INFO - Sync 1 DAGs
[2025-10-03T19:23:56.473+0000] {logging_mixin.py:188} INFO - [2025-10-03T19:23:56.473+0000] {dag.py:3954} INFO - Setting next_dagrun for example_branch_dop_operator_v3 to 2025-10-03 19:22:00+00:00, run_after=2025-10-03 19:23:00+00:00
[2025-10-03T19:23:56.502+0000] {processor.py:183} INFO - Processing /home/airflow/.local/lib/python3.12/site-packages/airflow/example_dags/example_branch_python_dop_operator_3.py took 0.098 seconds
[2025-10-03T19:24:27.000+0000] {processor.py:161} INFO - Started process (PID=1122) to work on /home/airflow/.local/lib/python3.12/site-packages/airflow/example_dags/example_branch_python_dop_operator_3.py
[2025-10-03T19:24:27.002+0000] {processor.py:830} INFO - Processing file /home/airflow/.local/lib/python3.12/site-packages/airflow/example_dags/example_branch_python_dop_operator_3.py for tasks to queue
[2025-10-03T19:24:27.004+0000] {logging_mixin.py:188} INFO - [2025-10-03T19:24:27.004+0000] {dagbag.py:545} INFO - Filling up the DagBag from /home/airflow/.local/lib/python3.12/site-packages/airflow/example_dags/example_branch_python_dop_operator_3.py
[2025-10-03T19:24:27.015+0000] {processor.py:840} INFO - DAG(s) 'example_branch_dop_operator_v3' retrieved from /home/airflow/.local/lib/python3.12/site-packages/airflow/example_dags/example_branch_python_dop_operator_3.py
[2025-10-03T19:24:27.045+0000] {logging_mixin.py:188} INFO - [2025-10-03T19:24:27.044+0000] {dag.py:3096} INFO - Sync 1 DAGs
[2025-10-03T19:24:27.074+0000] {logging_mixin.py:188} INFO - [2025-10-03T19:24:27.074+0000] {dag.py:3954} INFO - Setting next_dagrun for example_branch_dop_operator_v3 to 2025-10-03 19:23:00+00:00, run_after=2025-10-03 19:24:00+00:00
[2025-10-03T19:24:27.106+0000] {processor.py:183} INFO - Processing /home/airflow/.local/lib/python3.12/site-packages/airflow/example_dags/example_branch_python_dop_operator_3.py took 0.113 seconds
[2025-10-03T19:24:57.475+0000] {processor.py:161} INFO - Started process (PID=1175) to work on /home/airflow/.local/lib/python3.12/site-packages/airflow/example_dags/example_branch_python_dop_operator_3.py
[2025-10-03T19:24:57.476+0000] {processor.py:830} INFO - Processing file /home/airflow/.local/lib/python3.12/site-packages/airflow/example_dags/example_branch_python_dop_operator_3.py for tasks to queue
[2025-10-03T19:24:57.478+0000] {logging_mixin.py:188} INFO - [2025-10-03T19:24:57.478+0000] {dagbag.py:545} INFO - Filling up the DagBag from /home/airflow/.local/lib/python3.12/site-packages/airflow/example_dags/example_branch_python_dop_operator_3.py
[2025-10-03T19:24:57.487+0000] {processor.py:840} INFO - DAG(s) 'example_branch_dop_operator_v3' retrieved from /home/airflow/.local/lib/python3.12/site-packages/airflow/example_dags/example_branch_python_dop_operator_3.py
[2025-10-03T19:24:57.510+0000] {logging_mixin.py:188} INFO - [2025-10-03T19:24:57.509+0000] {dag.py:3096} INFO - Sync 1 DAGs
[2025-10-03T19:24:57.535+0000] {logging_mixin.py:188} INFO - [2025-10-03T19:24:57.535+0000] {dag.py:3954} INFO - Setting next_dagrun for example_branch_dop_operator_v3 to 2025-10-03 19:23:00+00:00, run_after=2025-10-03 19:24:00+00:00
[2025-10-03T19:24:57.568+0000] {processor.py:183} INFO - Processing /home/airflow/.local/lib/python3.12/site-packages/airflow/example_dags/example_branch_python_dop_operator_3.py took 0.099 seconds
[2025-10-03T19:25:27.827+0000] {processor.py:161} INFO - Started process (PID=1232) to work on /home/airflow/.local/lib/python3.12/site-packages/airflow/example_dags/example_branch_python_dop_operator_3.py
[2025-10-03T19:25:27.829+0000] {processor.py:830} INFO - Processing file /home/airflow/.local/lib/python3.12/site-packages/airflow/example_dags/example_branch_python_dop_operator_3.py for tasks to queue
[2025-10-03T19:25:27.831+0000] {logging_mixin.py:188} INFO - [2025-10-03T19:25:27.831+0000] {dagbag.py:545} INFO - Filling up the DagBag from /home/airflow/.local/lib/python3.12/site-packages/airflow/example_dags/example_branch_python_dop_operator_3.py
[2025-10-03T19:25:27.842+0000] {processor.py:840} INFO - DAG(s) 'example_branch_dop_operator_v3' retrieved from /home/airflow/.local/lib/python3.12/site-packages/airflow/example_dags/example_branch_python_dop_operator_3.py
[2025-10-03T19:25:27.867+0000] {logging_mixin.py:188} INFO - [2025-10-03T19:25:27.867+0000] {dag.py:3096} INFO - Sync 1 DAGs
[2025-10-03T19:25:27.896+0000] {logging_mixin.py:188} INFO - [2025-10-03T19:25:27.896+0000] {dag.py:3954} INFO - Setting next_dagrun for example_branch_dop_operator_v3 to 2025-10-03 19:24:00+00:00, run_after=2025-10-03 19:25:00+00:00
[2025-10-03T19:25:27.921+0000] {processor.py:183} INFO - Processing /home/airflow/.local/lib/python3.12/site-packages/airflow/example_dags/example_branch_python_dop_operator_3.py took 0.102 seconds
[2025-10-03T19:25:58.090+0000] {processor.py:161} INFO - Started process (PID=1285) to work on /home/airflow/.local/lib/python3.12/site-packages/airflow/example_dags/example_branch_python_dop_operator_3.py
[2025-10-03T19:25:58.092+0000] {processor.py:830} INFO - Processing file /home/airflow/.local/lib/python3.12/site-packages/airflow/example_dags/example_branch_python_dop_operator_3.py for tasks to queue
[2025-10-03T19:25:58.095+0000] {logging_mixin.py:188} INFO - [2025-10-03T19:25:58.094+0000] {dagbag.py:545} INFO - Filling up the DagBag from /home/airflow/.local/lib/python3.12/site-packages/airflow/example_dags/example_branch_python_dop_operator_3.py
[2025-10-03T19:25:58.106+0000] {processor.py:840} INFO - DAG(s) 'example_branch_dop_operator_v3' retrieved from /home/airflow/.local/lib/python3.12/site-packages/airflow/example_dags/example_branch_python_dop_operator_3.py
[2025-10-03T19:25:58.135+0000] {logging_mixin.py:188} INFO - [2025-10-03T19:25:58.135+0000] {dag.py:3096} INFO - Sync 1 DAGs
[2025-10-03T19:25:58.163+0000] {logging_mixin.py:188} INFO - [2025-10-03T19:25:58.163+0000] {dag.py:3954} INFO - Setting next_dagrun for example_branch_dop_operator_v3 to 2025-10-03 19:24:00+00:00, run_after=2025-10-03 19:25:00+00:00
[2025-10-03T19:25:58.186+0000] {processor.py:183} INFO - Processing /home/airflow/.local/lib/python3.12/site-packages/airflow/example_dags/example_branch_python_dop_operator_3.py took 0.103 seconds
