[2025-10-03T19:14:43.512+0000] {processor.py:161} INFO - Started process (PID=75) to work on /home/airflow/.local/lib/python3.12/site-packages/airflow/example_dags/example_trigger_target_dag.py
[2025-10-03T19:14:43.515+0000] {processor.py:830} INFO - Processing file /home/airflow/.local/lib/python3.12/site-packages/airflow/example_dags/example_trigger_target_dag.py for tasks to queue
[2025-10-03T19:14:43.520+0000] {logging_mixin.py:188} INFO - [2025-10-03T19:14:43.519+0000] {dagbag.py:545} INFO - Filling up the DagBag from /home/airflow/.local/lib/python3.12/site-packages/airflow/example_dags/example_trigger_target_dag.py
[2025-10-03T19:14:43.540+0000] {processor.py:840} INFO - DAG(s) 'example_trigger_target_dag' retrieved from /home/airflow/.local/lib/python3.12/site-packages/airflow/example_dags/example_trigger_target_dag.py
[2025-10-03T19:14:43.564+0000] {logging_mixin.py:188} INFO - [2025-10-03T19:14:43.563+0000] {dag.py:3096} INFO - Sync 1 DAGs
[2025-10-03T19:14:43.597+0000] {logging_mixin.py:188} INFO - [2025-10-03T19:14:43.596+0000] {dag.py:3954} INFO - Setting next_dagrun for example_trigger_target_dag to None, run_after=None
[2025-10-03T19:14:43.656+0000] {processor.py:183} INFO - Processing /home/airflow/.local/lib/python3.12/site-packages/airflow/example_dags/example_trigger_target_dag.py took 0.157 seconds
[2025-10-03T19:15:16.456+0000] {processor.py:161} INFO - Started process (PID=128) to work on /home/airflow/.local/lib/python3.12/site-packages/airflow/example_dags/example_trigger_target_dag.py
[2025-10-03T19:15:16.458+0000] {processor.py:830} INFO - Processing file /home/airflow/.local/lib/python3.12/site-packages/airflow/example_dags/example_trigger_target_dag.py for tasks to queue
[2025-10-03T19:15:16.460+0000] {logging_mixin.py:188} INFO - [2025-10-03T19:15:16.460+0000] {dagbag.py:545} INFO - Filling up the DagBag from /home/airflow/.local/lib/python3.12/site-packages/airflow/example_dags/example_trigger_target_dag.py
[2025-10-03T19:15:16.468+0000] {processor.py:840} INFO - DAG(s) 'example_trigger_target_dag' retrieved from /home/airflow/.local/lib/python3.12/site-packages/airflow/example_dags/example_trigger_target_dag.py
[2025-10-03T19:15:16.600+0000] {logging_mixin.py:188} INFO - [2025-10-03T19:15:16.600+0000] {dag.py:3096} INFO - Sync 1 DAGs
[2025-10-03T19:15:16.612+0000] {logging_mixin.py:188} INFO - [2025-10-03T19:15:16.612+0000] {dag.py:3954} INFO - Setting next_dagrun for example_trigger_target_dag to None, run_after=None
[2025-10-03T19:15:16.641+0000] {processor.py:183} INFO - Processing /home/airflow/.local/lib/python3.12/site-packages/airflow/example_dags/example_trigger_target_dag.py took 0.192 seconds
[2025-10-03T19:15:47.024+0000] {processor.py:161} INFO - Started process (PID=185) to work on /home/airflow/.local/lib/python3.12/site-packages/airflow/example_dags/example_trigger_target_dag.py
[2025-10-03T19:15:47.026+0000] {processor.py:830} INFO - Processing file /home/airflow/.local/lib/python3.12/site-packages/airflow/example_dags/example_trigger_target_dag.py for tasks to queue
[2025-10-03T19:15:47.028+0000] {logging_mixin.py:188} INFO - [2025-10-03T19:15:47.028+0000] {dagbag.py:545} INFO - Filling up the DagBag from /home/airflow/.local/lib/python3.12/site-packages/airflow/example_dags/example_trigger_target_dag.py
[2025-10-03T19:15:47.036+0000] {processor.py:840} INFO - DAG(s) 'example_trigger_target_dag' retrieved from /home/airflow/.local/lib/python3.12/site-packages/airflow/example_dags/example_trigger_target_dag.py
[2025-10-03T19:15:47.061+0000] {logging_mixin.py:188} INFO - [2025-10-03T19:15:47.060+0000] {dag.py:3096} INFO - Sync 1 DAGs
[2025-10-03T19:15:47.075+0000] {logging_mixin.py:188} INFO - [2025-10-03T19:15:47.075+0000] {dag.py:3954} INFO - Setting next_dagrun for example_trigger_target_dag to None, run_after=None
[2025-10-03T19:15:47.098+0000] {processor.py:183} INFO - Processing /home/airflow/.local/lib/python3.12/site-packages/airflow/example_dags/example_trigger_target_dag.py took 0.081 seconds
[2025-10-03T19:16:17.838+0000] {processor.py:161} INFO - Started process (PID=241) to work on /home/airflow/.local/lib/python3.12/site-packages/airflow/example_dags/example_trigger_target_dag.py
[2025-10-03T19:16:17.841+0000] {processor.py:830} INFO - Processing file /home/airflow/.local/lib/python3.12/site-packages/airflow/example_dags/example_trigger_target_dag.py for tasks to queue
[2025-10-03T19:16:17.843+0000] {logging_mixin.py:188} INFO - [2025-10-03T19:16:17.843+0000] {dagbag.py:545} INFO - Filling up the DagBag from /home/airflow/.local/lib/python3.12/site-packages/airflow/example_dags/example_trigger_target_dag.py
[2025-10-03T19:16:17.851+0000] {processor.py:840} INFO - DAG(s) 'example_trigger_target_dag' retrieved from /home/airflow/.local/lib/python3.12/site-packages/airflow/example_dags/example_trigger_target_dag.py
[2025-10-03T19:16:17.880+0000] {logging_mixin.py:188} INFO - [2025-10-03T19:16:17.879+0000] {dag.py:3096} INFO - Sync 1 DAGs
[2025-10-03T19:16:17.897+0000] {logging_mixin.py:188} INFO - [2025-10-03T19:16:17.896+0000] {dag.py:3954} INFO - Setting next_dagrun for example_trigger_target_dag to None, run_after=None
[2025-10-03T19:16:17.937+0000] {processor.py:183} INFO - Processing /home/airflow/.local/lib/python3.12/site-packages/airflow/example_dags/example_trigger_target_dag.py took 0.106 seconds
[2025-10-03T19:16:48.322+0000] {processor.py:161} INFO - Started process (PID=297) to work on /home/airflow/.local/lib/python3.12/site-packages/airflow/example_dags/example_trigger_target_dag.py
[2025-10-03T19:16:48.324+0000] {processor.py:830} INFO - Processing file /home/airflow/.local/lib/python3.12/site-packages/airflow/example_dags/example_trigger_target_dag.py for tasks to queue
[2025-10-03T19:16:48.327+0000] {logging_mixin.py:188} INFO - [2025-10-03T19:16:48.327+0000] {dagbag.py:545} INFO - Filling up the DagBag from /home/airflow/.local/lib/python3.12/site-packages/airflow/example_dags/example_trigger_target_dag.py
[2025-10-03T19:16:48.342+0000] {processor.py:840} INFO - DAG(s) 'example_trigger_target_dag' retrieved from /home/airflow/.local/lib/python3.12/site-packages/airflow/example_dags/example_trigger_target_dag.py
[2025-10-03T19:16:48.389+0000] {logging_mixin.py:188} INFO - [2025-10-03T19:16:48.389+0000] {dag.py:3096} INFO - Sync 1 DAGs
[2025-10-03T19:16:48.410+0000] {logging_mixin.py:188} INFO - [2025-10-03T19:16:48.409+0000] {dag.py:3954} INFO - Setting next_dagrun for example_trigger_target_dag to None, run_after=None
[2025-10-03T19:16:48.451+0000] {processor.py:183} INFO - Processing /home/airflow/.local/lib/python3.12/site-packages/airflow/example_dags/example_trigger_target_dag.py took 0.140 seconds
[2025-10-03T19:17:18.712+0000] {processor.py:161} INFO - Started process (PID=351) to work on /home/airflow/.local/lib/python3.12/site-packages/airflow/example_dags/example_trigger_target_dag.py
[2025-10-03T19:17:18.715+0000] {processor.py:830} INFO - Processing file /home/airflow/.local/lib/python3.12/site-packages/airflow/example_dags/example_trigger_target_dag.py for tasks to queue
[2025-10-03T19:17:18.718+0000] {logging_mixin.py:188} INFO - [2025-10-03T19:17:18.717+0000] {dagbag.py:545} INFO - Filling up the DagBag from /home/airflow/.local/lib/python3.12/site-packages/airflow/example_dags/example_trigger_target_dag.py
[2025-10-03T19:17:18.729+0000] {processor.py:840} INFO - DAG(s) 'example_trigger_target_dag' retrieved from /home/airflow/.local/lib/python3.12/site-packages/airflow/example_dags/example_trigger_target_dag.py
[2025-10-03T19:17:18.763+0000] {logging_mixin.py:188} INFO - [2025-10-03T19:17:18.763+0000] {dag.py:3096} INFO - Sync 1 DAGs
[2025-10-03T19:17:18.784+0000] {logging_mixin.py:188} INFO - [2025-10-03T19:17:18.783+0000] {dag.py:3954} INFO - Setting next_dagrun for example_trigger_target_dag to None, run_after=None
[2025-10-03T19:17:18.822+0000] {processor.py:183} INFO - Processing /home/airflow/.local/lib/python3.12/site-packages/airflow/example_dags/example_trigger_target_dag.py took 0.120 seconds
[2025-10-03T19:17:49.423+0000] {processor.py:161} INFO - Started process (PID=410) to work on /home/airflow/.local/lib/python3.12/site-packages/airflow/example_dags/example_trigger_target_dag.py
[2025-10-03T19:17:49.425+0000] {processor.py:830} INFO - Processing file /home/airflow/.local/lib/python3.12/site-packages/airflow/example_dags/example_trigger_target_dag.py for tasks to queue
[2025-10-03T19:17:49.428+0000] {logging_mixin.py:188} INFO - [2025-10-03T19:17:49.428+0000] {dagbag.py:545} INFO - Filling up the DagBag from /home/airflow/.local/lib/python3.12/site-packages/airflow/example_dags/example_trigger_target_dag.py
[2025-10-03T19:17:49.444+0000] {processor.py:840} INFO - DAG(s) 'example_trigger_target_dag' retrieved from /home/airflow/.local/lib/python3.12/site-packages/airflow/example_dags/example_trigger_target_dag.py
[2025-10-03T19:17:49.479+0000] {logging_mixin.py:188} INFO - [2025-10-03T19:17:49.479+0000] {dag.py:3096} INFO - Sync 1 DAGs
[2025-10-03T19:17:49.503+0000] {logging_mixin.py:188} INFO - [2025-10-03T19:17:49.502+0000] {dag.py:3954} INFO - Setting next_dagrun for example_trigger_target_dag to None, run_after=None
[2025-10-03T19:17:49.539+0000] {processor.py:183} INFO - Processing /home/airflow/.local/lib/python3.12/site-packages/airflow/example_dags/example_trigger_target_dag.py took 0.127 seconds
[2025-10-03T19:18:20.200+0000] {processor.py:161} INFO - Started process (PID=469) to work on /home/airflow/.local/lib/python3.12/site-packages/airflow/example_dags/example_trigger_target_dag.py
[2025-10-03T19:18:20.201+0000] {processor.py:830} INFO - Processing file /home/airflow/.local/lib/python3.12/site-packages/airflow/example_dags/example_trigger_target_dag.py for tasks to queue
[2025-10-03T19:18:20.204+0000] {logging_mixin.py:188} INFO - [2025-10-03T19:18:20.204+0000] {dagbag.py:545} INFO - Filling up the DagBag from /home/airflow/.local/lib/python3.12/site-packages/airflow/example_dags/example_trigger_target_dag.py
[2025-10-03T19:18:20.214+0000] {processor.py:840} INFO - DAG(s) 'example_trigger_target_dag' retrieved from /home/airflow/.local/lib/python3.12/site-packages/airflow/example_dags/example_trigger_target_dag.py
[2025-10-03T19:18:20.244+0000] {logging_mixin.py:188} INFO - [2025-10-03T19:18:20.244+0000] {dag.py:3096} INFO - Sync 1 DAGs
[2025-10-03T19:18:20.263+0000] {logging_mixin.py:188} INFO - [2025-10-03T19:18:20.263+0000] {dag.py:3954} INFO - Setting next_dagrun for example_trigger_target_dag to None, run_after=None
[2025-10-03T19:18:20.302+0000] {processor.py:183} INFO - Processing /home/airflow/.local/lib/python3.12/site-packages/airflow/example_dags/example_trigger_target_dag.py took 0.111 seconds
[2025-10-03T19:18:51.393+0000] {processor.py:161} INFO - Started process (PID=528) to work on /home/airflow/.local/lib/python3.12/site-packages/airflow/example_dags/example_trigger_target_dag.py
[2025-10-03T19:18:51.396+0000] {processor.py:830} INFO - Processing file /home/airflow/.local/lib/python3.12/site-packages/airflow/example_dags/example_trigger_target_dag.py for tasks to queue
[2025-10-03T19:18:51.399+0000] {logging_mixin.py:188} INFO - [2025-10-03T19:18:51.399+0000] {dagbag.py:545} INFO - Filling up the DagBag from /home/airflow/.local/lib/python3.12/site-packages/airflow/example_dags/example_trigger_target_dag.py
[2025-10-03T19:18:51.413+0000] {processor.py:840} INFO - DAG(s) 'example_trigger_target_dag' retrieved from /home/airflow/.local/lib/python3.12/site-packages/airflow/example_dags/example_trigger_target_dag.py
[2025-10-03T19:18:51.451+0000] {logging_mixin.py:188} INFO - [2025-10-03T19:18:51.451+0000] {dag.py:3096} INFO - Sync 1 DAGs
[2025-10-03T19:18:51.482+0000] {logging_mixin.py:188} INFO - [2025-10-03T19:18:51.482+0000] {dag.py:3954} INFO - Setting next_dagrun for example_trigger_target_dag to None, run_after=None
[2025-10-03T19:18:51.526+0000] {processor.py:183} INFO - Processing /home/airflow/.local/lib/python3.12/site-packages/airflow/example_dags/example_trigger_target_dag.py took 0.146 seconds
[2025-10-03T19:19:21.719+0000] {processor.py:161} INFO - Started process (PID=585) to work on /home/airflow/.local/lib/python3.12/site-packages/airflow/example_dags/example_trigger_target_dag.py
[2025-10-03T19:19:21.722+0000] {processor.py:830} INFO - Processing file /home/airflow/.local/lib/python3.12/site-packages/airflow/example_dags/example_trigger_target_dag.py for tasks to queue
[2025-10-03T19:19:21.726+0000] {logging_mixin.py:188} INFO - [2025-10-03T19:19:21.725+0000] {dagbag.py:545} INFO - Filling up the DagBag from /home/airflow/.local/lib/python3.12/site-packages/airflow/example_dags/example_trigger_target_dag.py
[2025-10-03T19:19:21.739+0000] {processor.py:840} INFO - DAG(s) 'example_trigger_target_dag' retrieved from /home/airflow/.local/lib/python3.12/site-packages/airflow/example_dags/example_trigger_target_dag.py
[2025-10-03T19:19:21.778+0000] {logging_mixin.py:188} INFO - [2025-10-03T19:19:21.777+0000] {dag.py:3096} INFO - Sync 1 DAGs
[2025-10-03T19:19:21.803+0000] {logging_mixin.py:188} INFO - [2025-10-03T19:19:21.803+0000] {dag.py:3954} INFO - Setting next_dagrun for example_trigger_target_dag to None, run_after=None
[2025-10-03T19:19:21.850+0000] {processor.py:183} INFO - Processing /home/airflow/.local/lib/python3.12/site-packages/airflow/example_dags/example_trigger_target_dag.py took 0.148 seconds
[2025-10-03T19:19:52.091+0000] {processor.py:161} INFO - Started process (PID=638) to work on /home/airflow/.local/lib/python3.12/site-packages/airflow/example_dags/example_trigger_target_dag.py
[2025-10-03T19:19:52.093+0000] {processor.py:830} INFO - Processing file /home/airflow/.local/lib/python3.12/site-packages/airflow/example_dags/example_trigger_target_dag.py for tasks to queue
[2025-10-03T19:19:52.096+0000] {logging_mixin.py:188} INFO - [2025-10-03T19:19:52.095+0000] {dagbag.py:545} INFO - Filling up the DagBag from /home/airflow/.local/lib/python3.12/site-packages/airflow/example_dags/example_trigger_target_dag.py
[2025-10-03T19:19:52.105+0000] {processor.py:840} INFO - DAG(s) 'example_trigger_target_dag' retrieved from /home/airflow/.local/lib/python3.12/site-packages/airflow/example_dags/example_trigger_target_dag.py
[2025-10-03T19:19:52.133+0000] {logging_mixin.py:188} INFO - [2025-10-03T19:19:52.133+0000] {dag.py:3096} INFO - Sync 1 DAGs
[2025-10-03T19:19:52.150+0000] {logging_mixin.py:188} INFO - [2025-10-03T19:19:52.150+0000] {dag.py:3954} INFO - Setting next_dagrun for example_trigger_target_dag to None, run_after=None
[2025-10-03T19:19:52.176+0000] {processor.py:183} INFO - Processing /home/airflow/.local/lib/python3.12/site-packages/airflow/example_dags/example_trigger_target_dag.py took 0.094 seconds
[2025-10-03T19:20:22.823+0000] {processor.py:161} INFO - Started process (PID=695) to work on /home/airflow/.local/lib/python3.12/site-packages/airflow/example_dags/example_trigger_target_dag.py
[2025-10-03T19:20:22.824+0000] {processor.py:830} INFO - Processing file /home/airflow/.local/lib/python3.12/site-packages/airflow/example_dags/example_trigger_target_dag.py for tasks to queue
[2025-10-03T19:20:22.827+0000] {logging_mixin.py:188} INFO - [2025-10-03T19:20:22.826+0000] {dagbag.py:545} INFO - Filling up the DagBag from /home/airflow/.local/lib/python3.12/site-packages/airflow/example_dags/example_trigger_target_dag.py
[2025-10-03T19:20:22.835+0000] {processor.py:840} INFO - DAG(s) 'example_trigger_target_dag' retrieved from /home/airflow/.local/lib/python3.12/site-packages/airflow/example_dags/example_trigger_target_dag.py
[2025-10-03T19:20:22.862+0000] {logging_mixin.py:188} INFO - [2025-10-03T19:20:22.862+0000] {dag.py:3096} INFO - Sync 1 DAGs
[2025-10-03T19:20:22.880+0000] {logging_mixin.py:188} INFO - [2025-10-03T19:20:22.879+0000] {dag.py:3954} INFO - Setting next_dagrun for example_trigger_target_dag to None, run_after=None
[2025-10-03T19:20:22.907+0000] {processor.py:183} INFO - Processing /home/airflow/.local/lib/python3.12/site-packages/airflow/example_dags/example_trigger_target_dag.py took 0.093 seconds
[2025-10-03T19:20:53.140+0000] {processor.py:161} INFO - Started process (PID=748) to work on /home/airflow/.local/lib/python3.12/site-packages/airflow/example_dags/example_trigger_target_dag.py
[2025-10-03T19:20:53.141+0000] {processor.py:830} INFO - Processing file /home/airflow/.local/lib/python3.12/site-packages/airflow/example_dags/example_trigger_target_dag.py for tasks to queue
[2025-10-03T19:20:53.144+0000] {logging_mixin.py:188} INFO - [2025-10-03T19:20:53.143+0000] {dagbag.py:545} INFO - Filling up the DagBag from /home/airflow/.local/lib/python3.12/site-packages/airflow/example_dags/example_trigger_target_dag.py
[2025-10-03T19:20:53.154+0000] {processor.py:840} INFO - DAG(s) 'example_trigger_target_dag' retrieved from /home/airflow/.local/lib/python3.12/site-packages/airflow/example_dags/example_trigger_target_dag.py
[2025-10-03T19:20:53.185+0000] {logging_mixin.py:188} INFO - [2025-10-03T19:20:53.184+0000] {dag.py:3096} INFO - Sync 1 DAGs
[2025-10-03T19:20:53.206+0000] {logging_mixin.py:188} INFO - [2025-10-03T19:20:53.205+0000] {dag.py:3954} INFO - Setting next_dagrun for example_trigger_target_dag to None, run_after=None
[2025-10-03T19:20:53.241+0000] {processor.py:183} INFO - Processing /home/airflow/.local/lib/python3.12/site-packages/airflow/example_dags/example_trigger_target_dag.py took 0.111 seconds
[2025-10-03T19:21:24.143+0000] {processor.py:161} INFO - Started process (PID=805) to work on /home/airflow/.local/lib/python3.12/site-packages/airflow/example_dags/example_trigger_target_dag.py
[2025-10-03T19:21:24.145+0000] {processor.py:830} INFO - Processing file /home/airflow/.local/lib/python3.12/site-packages/airflow/example_dags/example_trigger_target_dag.py for tasks to queue
[2025-10-03T19:21:24.147+0000] {logging_mixin.py:188} INFO - [2025-10-03T19:21:24.147+0000] {dagbag.py:545} INFO - Filling up the DagBag from /home/airflow/.local/lib/python3.12/site-packages/airflow/example_dags/example_trigger_target_dag.py
[2025-10-03T19:21:24.155+0000] {processor.py:840} INFO - DAG(s) 'example_trigger_target_dag' retrieved from /home/airflow/.local/lib/python3.12/site-packages/airflow/example_dags/example_trigger_target_dag.py
[2025-10-03T19:21:24.179+0000] {logging_mixin.py:188} INFO - [2025-10-03T19:21:24.179+0000] {dag.py:3096} INFO - Sync 1 DAGs
[2025-10-03T19:21:24.196+0000] {logging_mixin.py:188} INFO - [2025-10-03T19:21:24.195+0000] {dag.py:3954} INFO - Setting next_dagrun for example_trigger_target_dag to None, run_after=None
[2025-10-03T19:21:24.220+0000] {processor.py:183} INFO - Processing /home/airflow/.local/lib/python3.12/site-packages/airflow/example_dags/example_trigger_target_dag.py took 0.084 seconds
[2025-10-03T19:21:54.747+0000] {processor.py:161} INFO - Started process (PID=858) to work on /home/airflow/.local/lib/python3.12/site-packages/airflow/example_dags/example_trigger_target_dag.py
[2025-10-03T19:21:54.749+0000] {processor.py:830} INFO - Processing file /home/airflow/.local/lib/python3.12/site-packages/airflow/example_dags/example_trigger_target_dag.py for tasks to queue
[2025-10-03T19:21:54.752+0000] {logging_mixin.py:188} INFO - [2025-10-03T19:21:54.752+0000] {dagbag.py:545} INFO - Filling up the DagBag from /home/airflow/.local/lib/python3.12/site-packages/airflow/example_dags/example_trigger_target_dag.py
[2025-10-03T19:21:54.764+0000] {processor.py:840} INFO - DAG(s) 'example_trigger_target_dag' retrieved from /home/airflow/.local/lib/python3.12/site-packages/airflow/example_dags/example_trigger_target_dag.py
[2025-10-03T19:21:54.799+0000] {logging_mixin.py:188} INFO - [2025-10-03T19:21:54.798+0000] {dag.py:3096} INFO - Sync 1 DAGs
[2025-10-03T19:21:54.819+0000] {logging_mixin.py:188} INFO - [2025-10-03T19:21:54.819+0000] {dag.py:3954} INFO - Setting next_dagrun for example_trigger_target_dag to None, run_after=None
[2025-10-03T19:21:54.860+0000] {processor.py:183} INFO - Processing /home/airflow/.local/lib/python3.12/site-packages/airflow/example_dags/example_trigger_target_dag.py took 0.123 seconds
[2025-10-03T19:22:25.388+0000] {processor.py:161} INFO - Started process (PID=915) to work on /home/airflow/.local/lib/python3.12/site-packages/airflow/example_dags/example_trigger_target_dag.py
[2025-10-03T19:22:25.390+0000] {processor.py:830} INFO - Processing file /home/airflow/.local/lib/python3.12/site-packages/airflow/example_dags/example_trigger_target_dag.py for tasks to queue
[2025-10-03T19:22:25.392+0000] {logging_mixin.py:188} INFO - [2025-10-03T19:22:25.392+0000] {dagbag.py:545} INFO - Filling up the DagBag from /home/airflow/.local/lib/python3.12/site-packages/airflow/example_dags/example_trigger_target_dag.py
[2025-10-03T19:22:25.400+0000] {processor.py:840} INFO - DAG(s) 'example_trigger_target_dag' retrieved from /home/airflow/.local/lib/python3.12/site-packages/airflow/example_dags/example_trigger_target_dag.py
[2025-10-03T19:22:25.425+0000] {logging_mixin.py:188} INFO - [2025-10-03T19:22:25.424+0000] {dag.py:3096} INFO - Sync 1 DAGs
[2025-10-03T19:22:25.441+0000] {logging_mixin.py:188} INFO - [2025-10-03T19:22:25.441+0000] {dag.py:3954} INFO - Setting next_dagrun for example_trigger_target_dag to None, run_after=None
[2025-10-03T19:22:25.465+0000] {processor.py:183} INFO - Processing /home/airflow/.local/lib/python3.12/site-packages/airflow/example_dags/example_trigger_target_dag.py took 0.086 seconds
[2025-10-03T19:22:55.994+0000] {processor.py:161} INFO - Started process (PID=968) to work on /home/airflow/.local/lib/python3.12/site-packages/airflow/example_dags/example_trigger_target_dag.py
[2025-10-03T19:22:55.995+0000] {processor.py:830} INFO - Processing file /home/airflow/.local/lib/python3.12/site-packages/airflow/example_dags/example_trigger_target_dag.py for tasks to queue
[2025-10-03T19:22:55.998+0000] {logging_mixin.py:188} INFO - [2025-10-03T19:22:55.997+0000] {dagbag.py:545} INFO - Filling up the DagBag from /home/airflow/.local/lib/python3.12/site-packages/airflow/example_dags/example_trigger_target_dag.py
[2025-10-03T19:22:56.006+0000] {processor.py:840} INFO - DAG(s) 'example_trigger_target_dag' retrieved from /home/airflow/.local/lib/python3.12/site-packages/airflow/example_dags/example_trigger_target_dag.py
[2025-10-03T19:22:56.029+0000] {logging_mixin.py:188} INFO - [2025-10-03T19:22:56.029+0000] {dag.py:3096} INFO - Sync 1 DAGs
[2025-10-03T19:22:56.043+0000] {logging_mixin.py:188} INFO - [2025-10-03T19:22:56.043+0000] {dag.py:3954} INFO - Setting next_dagrun for example_trigger_target_dag to None, run_after=None
[2025-10-03T19:22:56.073+0000] {processor.py:183} INFO - Processing /home/airflow/.local/lib/python3.12/site-packages/airflow/example_dags/example_trigger_target_dag.py took 0.087 seconds
[2025-10-03T19:23:26.278+0000] {processor.py:161} INFO - Started process (PID=1025) to work on /home/airflow/.local/lib/python3.12/site-packages/airflow/example_dags/example_trigger_target_dag.py
[2025-10-03T19:23:26.280+0000] {processor.py:830} INFO - Processing file /home/airflow/.local/lib/python3.12/site-packages/airflow/example_dags/example_trigger_target_dag.py for tasks to queue
[2025-10-03T19:23:26.282+0000] {logging_mixin.py:188} INFO - [2025-10-03T19:23:26.281+0000] {dagbag.py:545} INFO - Filling up the DagBag from /home/airflow/.local/lib/python3.12/site-packages/airflow/example_dags/example_trigger_target_dag.py
[2025-10-03T19:23:26.289+0000] {processor.py:840} INFO - DAG(s) 'example_trigger_target_dag' retrieved from /home/airflow/.local/lib/python3.12/site-packages/airflow/example_dags/example_trigger_target_dag.py
[2025-10-03T19:23:26.314+0000] {logging_mixin.py:188} INFO - [2025-10-03T19:23:26.314+0000] {dag.py:3096} INFO - Sync 1 DAGs
[2025-10-03T19:23:26.332+0000] {logging_mixin.py:188} INFO - [2025-10-03T19:23:26.332+0000] {dag.py:3954} INFO - Setting next_dagrun for example_trigger_target_dag to None, run_after=None
[2025-10-03T19:23:26.359+0000] {processor.py:183} INFO - Processing /home/airflow/.local/lib/python3.12/site-packages/airflow/example_dags/example_trigger_target_dag.py took 0.087 seconds
[2025-10-03T19:23:57.301+0000] {processor.py:161} INFO - Started process (PID=1078) to work on /home/airflow/.local/lib/python3.12/site-packages/airflow/example_dags/example_trigger_target_dag.py
[2025-10-03T19:23:57.302+0000] {processor.py:830} INFO - Processing file /home/airflow/.local/lib/python3.12/site-packages/airflow/example_dags/example_trigger_target_dag.py for tasks to queue
[2025-10-03T19:23:57.304+0000] {logging_mixin.py:188} INFO - [2025-10-03T19:23:57.304+0000] {dagbag.py:545} INFO - Filling up the DagBag from /home/airflow/.local/lib/python3.12/site-packages/airflow/example_dags/example_trigger_target_dag.py
[2025-10-03T19:23:57.312+0000] {processor.py:840} INFO - DAG(s) 'example_trigger_target_dag' retrieved from /home/airflow/.local/lib/python3.12/site-packages/airflow/example_dags/example_trigger_target_dag.py
[2025-10-03T19:23:57.336+0000] {logging_mixin.py:188} INFO - [2025-10-03T19:23:57.336+0000] {dag.py:3096} INFO - Sync 1 DAGs
[2025-10-03T19:23:57.352+0000] {logging_mixin.py:188} INFO - [2025-10-03T19:23:57.351+0000] {dag.py:3954} INFO - Setting next_dagrun for example_trigger_target_dag to None, run_after=None
[2025-10-03T19:23:57.374+0000] {processor.py:183} INFO - Processing /home/airflow/.local/lib/python3.12/site-packages/airflow/example_dags/example_trigger_target_dag.py took 0.080 seconds
[2025-10-03T19:24:27.981+0000] {processor.py:161} INFO - Started process (PID=1135) to work on /home/airflow/.local/lib/python3.12/site-packages/airflow/example_dags/example_trigger_target_dag.py
[2025-10-03T19:24:27.982+0000] {processor.py:830} INFO - Processing file /home/airflow/.local/lib/python3.12/site-packages/airflow/example_dags/example_trigger_target_dag.py for tasks to queue
[2025-10-03T19:24:27.985+0000] {logging_mixin.py:188} INFO - [2025-10-03T19:24:27.984+0000] {dagbag.py:545} INFO - Filling up the DagBag from /home/airflow/.local/lib/python3.12/site-packages/airflow/example_dags/example_trigger_target_dag.py
[2025-10-03T19:24:27.992+0000] {processor.py:840} INFO - DAG(s) 'example_trigger_target_dag' retrieved from /home/airflow/.local/lib/python3.12/site-packages/airflow/example_dags/example_trigger_target_dag.py
[2025-10-03T19:24:28.015+0000] {logging_mixin.py:188} INFO - [2025-10-03T19:24:28.015+0000] {dag.py:3096} INFO - Sync 1 DAGs
[2025-10-03T19:24:28.032+0000] {logging_mixin.py:188} INFO - [2025-10-03T19:24:28.031+0000] {dag.py:3954} INFO - Setting next_dagrun for example_trigger_target_dag to None, run_after=None
[2025-10-03T19:24:28.058+0000] {processor.py:183} INFO - Processing /home/airflow/.local/lib/python3.12/site-packages/airflow/example_dags/example_trigger_target_dag.py took 0.084 seconds
[2025-10-03T19:24:58.502+0000] {processor.py:161} INFO - Started process (PID=1188) to work on /home/airflow/.local/lib/python3.12/site-packages/airflow/example_dags/example_trigger_target_dag.py
[2025-10-03T19:24:58.503+0000] {processor.py:830} INFO - Processing file /home/airflow/.local/lib/python3.12/site-packages/airflow/example_dags/example_trigger_target_dag.py for tasks to queue
[2025-10-03T19:24:58.505+0000] {logging_mixin.py:188} INFO - [2025-10-03T19:24:58.505+0000] {dagbag.py:545} INFO - Filling up the DagBag from /home/airflow/.local/lib/python3.12/site-packages/airflow/example_dags/example_trigger_target_dag.py
[2025-10-03T19:24:58.512+0000] {processor.py:840} INFO - DAG(s) 'example_trigger_target_dag' retrieved from /home/airflow/.local/lib/python3.12/site-packages/airflow/example_dags/example_trigger_target_dag.py
[2025-10-03T19:24:58.533+0000] {logging_mixin.py:188} INFO - [2025-10-03T19:24:58.533+0000] {dag.py:3096} INFO - Sync 1 DAGs
[2025-10-03T19:24:58.546+0000] {logging_mixin.py:188} INFO - [2025-10-03T19:24:58.546+0000] {dag.py:3954} INFO - Setting next_dagrun for example_trigger_target_dag to None, run_after=None
[2025-10-03T19:24:58.573+0000] {processor.py:183} INFO - Processing /home/airflow/.local/lib/python3.12/site-packages/airflow/example_dags/example_trigger_target_dag.py took 0.077 seconds
[2025-10-03T19:25:28.734+0000] {processor.py:161} INFO - Started process (PID=1245) to work on /home/airflow/.local/lib/python3.12/site-packages/airflow/example_dags/example_trigger_target_dag.py
[2025-10-03T19:25:28.736+0000] {processor.py:830} INFO - Processing file /home/airflow/.local/lib/python3.12/site-packages/airflow/example_dags/example_trigger_target_dag.py for tasks to queue
[2025-10-03T19:25:28.738+0000] {logging_mixin.py:188} INFO - [2025-10-03T19:25:28.738+0000] {dagbag.py:545} INFO - Filling up the DagBag from /home/airflow/.local/lib/python3.12/site-packages/airflow/example_dags/example_trigger_target_dag.py
[2025-10-03T19:25:28.746+0000] {processor.py:840} INFO - DAG(s) 'example_trigger_target_dag' retrieved from /home/airflow/.local/lib/python3.12/site-packages/airflow/example_dags/example_trigger_target_dag.py
[2025-10-03T19:25:28.769+0000] {logging_mixin.py:188} INFO - [2025-10-03T19:25:28.768+0000] {dag.py:3096} INFO - Sync 1 DAGs
[2025-10-03T19:25:28.783+0000] {logging_mixin.py:188} INFO - [2025-10-03T19:25:28.783+0000] {dag.py:3954} INFO - Setting next_dagrun for example_trigger_target_dag to None, run_after=None
[2025-10-03T19:25:28.810+0000] {processor.py:183} INFO - Processing /home/airflow/.local/lib/python3.12/site-packages/airflow/example_dags/example_trigger_target_dag.py took 0.083 seconds
