[2025-10-03T19:14:43.191+0000] {processor.py:161} INFO - Started process (PID=72) to work on /home/airflow/.local/lib/python3.12/site-packages/airflow/example_dags/example_complex.py
[2025-10-03T19:14:43.194+0000] {processor.py:830} INFO - Processing file /home/airflow/.local/lib/python3.12/site-packages/airflow/example_dags/example_complex.py for tasks to queue
[2025-10-03T19:14:43.199+0000] {logging_mixin.py:188} INFO - [2025-10-03T19:14:43.198+0000] {dagbag.py:545} INFO - Filling up the DagBag from /home/airflow/.local/lib/python3.12/site-packages/airflow/example_dags/example_complex.py
[2025-10-03T19:14:43.224+0000] {processor.py:840} INFO - DAG(s) 'example_complex' retrieved from /home/airflow/.local/lib/python3.12/site-packages/airflow/example_dags/example_complex.py
[2025-10-03T19:14:43.253+0000] {logging_mixin.py:188} INFO - [2025-10-03T19:14:43.252+0000] {dag.py:3096} INFO - Sync 1 DAGs
[2025-10-03T19:14:43.283+0000] {logging_mixin.py:188} INFO - [2025-10-03T19:14:43.283+0000] {dag.py:3954} INFO - Setting next_dagrun for example_complex to None, run_after=None
[2025-10-03T19:14:43.335+0000] {processor.py:183} INFO - Processing /home/airflow/.local/lib/python3.12/site-packages/airflow/example_dags/example_complex.py took 0.157 seconds
[2025-10-03T19:15:15.919+0000] {processor.py:161} INFO - Started process (PID=125) to work on /home/airflow/.local/lib/python3.12/site-packages/airflow/example_dags/example_complex.py
[2025-10-03T19:15:15.920+0000] {processor.py:830} INFO - Processing file /home/airflow/.local/lib/python3.12/site-packages/airflow/example_dags/example_complex.py for tasks to queue
[2025-10-03T19:15:15.923+0000] {logging_mixin.py:188} INFO - [2025-10-03T19:15:15.922+0000] {dagbag.py:545} INFO - Filling up the DagBag from /home/airflow/.local/lib/python3.12/site-packages/airflow/example_dags/example_complex.py
[2025-10-03T19:15:15.935+0000] {processor.py:840} INFO - DAG(s) 'example_complex' retrieved from /home/airflow/.local/lib/python3.12/site-packages/airflow/example_dags/example_complex.py
[2025-10-03T19:15:16.084+0000] {logging_mixin.py:188} INFO - [2025-10-03T19:15:16.084+0000] {dag.py:3096} INFO - Sync 1 DAGs
[2025-10-03T19:15:16.096+0000] {logging_mixin.py:188} INFO - [2025-10-03T19:15:16.096+0000] {dag.py:3954} INFO - Setting next_dagrun for example_complex to None, run_after=None
[2025-10-03T19:15:16.129+0000] {processor.py:183} INFO - Processing /home/airflow/.local/lib/python3.12/site-packages/airflow/example_dags/example_complex.py took 0.217 seconds
[2025-10-03T19:15:46.858+0000] {processor.py:161} INFO - Started process (PID=182) to work on /home/airflow/.local/lib/python3.12/site-packages/airflow/example_dags/example_complex.py
[2025-10-03T19:15:46.859+0000] {processor.py:830} INFO - Processing file /home/airflow/.local/lib/python3.12/site-packages/airflow/example_dags/example_complex.py for tasks to queue
[2025-10-03T19:15:46.862+0000] {logging_mixin.py:188} INFO - [2025-10-03T19:15:46.862+0000] {dagbag.py:545} INFO - Filling up the DagBag from /home/airflow/.local/lib/python3.12/site-packages/airflow/example_dags/example_complex.py
[2025-10-03T19:15:46.876+0000] {processor.py:840} INFO - DAG(s) 'example_complex' retrieved from /home/airflow/.local/lib/python3.12/site-packages/airflow/example_dags/example_complex.py
[2025-10-03T19:15:46.918+0000] {logging_mixin.py:188} INFO - [2025-10-03T19:15:46.918+0000] {dag.py:3096} INFO - Sync 1 DAGs
[2025-10-03T19:15:46.935+0000] {logging_mixin.py:188} INFO - [2025-10-03T19:15:46.935+0000] {dag.py:3954} INFO - Setting next_dagrun for example_complex to None, run_after=None
[2025-10-03T19:15:46.968+0000] {processor.py:183} INFO - Processing /home/airflow/.local/lib/python3.12/site-packages/airflow/example_dags/example_complex.py took 0.118 seconds
[2025-10-03T19:16:17.525+0000] {processor.py:161} INFO - Started process (PID=238) to work on /home/airflow/.local/lib/python3.12/site-packages/airflow/example_dags/example_complex.py
[2025-10-03T19:16:17.527+0000] {processor.py:830} INFO - Processing file /home/airflow/.local/lib/python3.12/site-packages/airflow/example_dags/example_complex.py for tasks to queue
[2025-10-03T19:16:17.534+0000] {logging_mixin.py:188} INFO - [2025-10-03T19:16:17.533+0000] {dagbag.py:545} INFO - Filling up the DagBag from /home/airflow/.local/lib/python3.12/site-packages/airflow/example_dags/example_complex.py
[2025-10-03T19:16:17.550+0000] {processor.py:840} INFO - DAG(s) 'example_complex' retrieved from /home/airflow/.local/lib/python3.12/site-packages/airflow/example_dags/example_complex.py
[2025-10-03T19:16:17.599+0000] {logging_mixin.py:188} INFO - [2025-10-03T19:16:17.599+0000] {dag.py:3096} INFO - Sync 1 DAGs
[2025-10-03T19:16:17.617+0000] {logging_mixin.py:188} INFO - [2025-10-03T19:16:17.617+0000] {dag.py:3954} INFO - Setting next_dagrun for example_complex to None, run_after=None
[2025-10-03T19:16:17.644+0000] {processor.py:183} INFO - Processing /home/airflow/.local/lib/python3.12/site-packages/airflow/example_dags/example_complex.py took 0.129 seconds
[2025-10-03T19:16:47.851+0000] {processor.py:161} INFO - Started process (PID=294) to work on /home/airflow/.local/lib/python3.12/site-packages/airflow/example_dags/example_complex.py
[2025-10-03T19:16:47.853+0000] {processor.py:830} INFO - Processing file /home/airflow/.local/lib/python3.12/site-packages/airflow/example_dags/example_complex.py for tasks to queue
[2025-10-03T19:16:47.857+0000] {logging_mixin.py:188} INFO - [2025-10-03T19:16:47.857+0000] {dagbag.py:545} INFO - Filling up the DagBag from /home/airflow/.local/lib/python3.12/site-packages/airflow/example_dags/example_complex.py
[2025-10-03T19:16:47.874+0000] {processor.py:840} INFO - DAG(s) 'example_complex' retrieved from /home/airflow/.local/lib/python3.12/site-packages/airflow/example_dags/example_complex.py
[2025-10-03T19:16:47.940+0000] {logging_mixin.py:188} INFO - [2025-10-03T19:16:47.939+0000] {dag.py:3096} INFO - Sync 1 DAGs
[2025-10-03T19:16:47.965+0000] {logging_mixin.py:188} INFO - [2025-10-03T19:16:47.964+0000] {dag.py:3954} INFO - Setting next_dagrun for example_complex to None, run_after=None
[2025-10-03T19:16:48.012+0000] {processor.py:183} INFO - Processing /home/airflow/.local/lib/python3.12/site-packages/airflow/example_dags/example_complex.py took 0.171 seconds
[2025-10-03T19:17:18.378+0000] {processor.py:161} INFO - Started process (PID=348) to work on /home/airflow/.local/lib/python3.12/site-packages/airflow/example_dags/example_complex.py
[2025-10-03T19:17:18.379+0000] {processor.py:830} INFO - Processing file /home/airflow/.local/lib/python3.12/site-packages/airflow/example_dags/example_complex.py for tasks to queue
[2025-10-03T19:17:18.382+0000] {logging_mixin.py:188} INFO - [2025-10-03T19:17:18.382+0000] {dagbag.py:545} INFO - Filling up the DagBag from /home/airflow/.local/lib/python3.12/site-packages/airflow/example_dags/example_complex.py
[2025-10-03T19:17:18.397+0000] {processor.py:840} INFO - DAG(s) 'example_complex' retrieved from /home/airflow/.local/lib/python3.12/site-packages/airflow/example_dags/example_complex.py
[2025-10-03T19:17:18.446+0000] {logging_mixin.py:188} INFO - [2025-10-03T19:17:18.446+0000] {dag.py:3096} INFO - Sync 1 DAGs
[2025-10-03T19:17:18.464+0000] {logging_mixin.py:188} INFO - [2025-10-03T19:17:18.464+0000] {dag.py:3954} INFO - Setting next_dagrun for example_complex to None, run_after=None
[2025-10-03T19:17:18.499+0000] {processor.py:183} INFO - Processing /home/airflow/.local/lib/python3.12/site-packages/airflow/example_dags/example_complex.py took 0.131 seconds
[2025-10-03T19:17:49.074+0000] {processor.py:161} INFO - Started process (PID=407) to work on /home/airflow/.local/lib/python3.12/site-packages/airflow/example_dags/example_complex.py
[2025-10-03T19:17:49.076+0000] {processor.py:830} INFO - Processing file /home/airflow/.local/lib/python3.12/site-packages/airflow/example_dags/example_complex.py for tasks to queue
[2025-10-03T19:17:49.080+0000] {logging_mixin.py:188} INFO - [2025-10-03T19:17:49.079+0000] {dagbag.py:545} INFO - Filling up the DagBag from /home/airflow/.local/lib/python3.12/site-packages/airflow/example_dags/example_complex.py
[2025-10-03T19:17:49.097+0000] {processor.py:840} INFO - DAG(s) 'example_complex' retrieved from /home/airflow/.local/lib/python3.12/site-packages/airflow/example_dags/example_complex.py
[2025-10-03T19:17:49.159+0000] {logging_mixin.py:188} INFO - [2025-10-03T19:17:49.158+0000] {dag.py:3096} INFO - Sync 1 DAGs
[2025-10-03T19:17:49.186+0000] {logging_mixin.py:188} INFO - [2025-10-03T19:17:49.186+0000] {dag.py:3954} INFO - Setting next_dagrun for example_complex to None, run_after=None
[2025-10-03T19:17:49.239+0000] {processor.py:183} INFO - Processing /home/airflow/.local/lib/python3.12/site-packages/airflow/example_dags/example_complex.py took 0.175 seconds
[2025-10-03T19:18:19.824+0000] {processor.py:161} INFO - Started process (PID=465) to work on /home/airflow/.local/lib/python3.12/site-packages/airflow/example_dags/example_complex.py
[2025-10-03T19:18:19.825+0000] {processor.py:830} INFO - Processing file /home/airflow/.local/lib/python3.12/site-packages/airflow/example_dags/example_complex.py for tasks to queue
[2025-10-03T19:18:19.829+0000] {logging_mixin.py:188} INFO - [2025-10-03T19:18:19.828+0000] {dagbag.py:545} INFO - Filling up the DagBag from /home/airflow/.local/lib/python3.12/site-packages/airflow/example_dags/example_complex.py
[2025-10-03T19:18:19.846+0000] {processor.py:840} INFO - DAG(s) 'example_complex' retrieved from /home/airflow/.local/lib/python3.12/site-packages/airflow/example_dags/example_complex.py
[2025-10-03T19:18:19.902+0000] {logging_mixin.py:188} INFO - [2025-10-03T19:18:19.901+0000] {dag.py:3096} INFO - Sync 1 DAGs
[2025-10-03T19:18:19.922+0000] {logging_mixin.py:188} INFO - [2025-10-03T19:18:19.921+0000] {dag.py:3954} INFO - Setting next_dagrun for example_complex to None, run_after=None
[2025-10-03T19:18:19.964+0000] {processor.py:183} INFO - Processing /home/airflow/.local/lib/python3.12/site-packages/airflow/example_dags/example_complex.py took 0.149 seconds
[2025-10-03T19:18:51.005+0000] {processor.py:161} INFO - Started process (PID=525) to work on /home/airflow/.local/lib/python3.12/site-packages/airflow/example_dags/example_complex.py
[2025-10-03T19:18:51.007+0000] {processor.py:830} INFO - Processing file /home/airflow/.local/lib/python3.12/site-packages/airflow/example_dags/example_complex.py for tasks to queue
[2025-10-03T19:18:51.011+0000] {logging_mixin.py:188} INFO - [2025-10-03T19:18:51.010+0000] {dagbag.py:545} INFO - Filling up the DagBag from /home/airflow/.local/lib/python3.12/site-packages/airflow/example_dags/example_complex.py
[2025-10-03T19:18:51.030+0000] {processor.py:840} INFO - DAG(s) 'example_complex' retrieved from /home/airflow/.local/lib/python3.12/site-packages/airflow/example_dags/example_complex.py
[2025-10-03T19:18:51.081+0000] {logging_mixin.py:188} INFO - [2025-10-03T19:18:51.081+0000] {dag.py:3096} INFO - Sync 1 DAGs
[2025-10-03T19:18:51.102+0000] {logging_mixin.py:188} INFO - [2025-10-03T19:18:51.102+0000] {dag.py:3954} INFO - Setting next_dagrun for example_complex to None, run_after=None
[2025-10-03T19:18:51.141+0000] {processor.py:183} INFO - Processing /home/airflow/.local/lib/python3.12/site-packages/airflow/example_dags/example_complex.py took 0.146 seconds
[2025-10-03T19:19:21.281+0000] {processor.py:161} INFO - Started process (PID=582) to work on /home/airflow/.local/lib/python3.12/site-packages/airflow/example_dags/example_complex.py
[2025-10-03T19:19:21.283+0000] {processor.py:830} INFO - Processing file /home/airflow/.local/lib/python3.12/site-packages/airflow/example_dags/example_complex.py for tasks to queue
[2025-10-03T19:19:21.286+0000] {logging_mixin.py:188} INFO - [2025-10-03T19:19:21.286+0000] {dagbag.py:545} INFO - Filling up the DagBag from /home/airflow/.local/lib/python3.12/site-packages/airflow/example_dags/example_complex.py
[2025-10-03T19:19:21.300+0000] {processor.py:840} INFO - DAG(s) 'example_complex' retrieved from /home/airflow/.local/lib/python3.12/site-packages/airflow/example_dags/example_complex.py
[2025-10-03T19:19:21.342+0000] {logging_mixin.py:188} INFO - [2025-10-03T19:19:21.342+0000] {dag.py:3096} INFO - Sync 1 DAGs
[2025-10-03T19:19:21.359+0000] {logging_mixin.py:188} INFO - [2025-10-03T19:19:21.359+0000] {dag.py:3954} INFO - Setting next_dagrun for example_complex to None, run_after=None
[2025-10-03T19:19:21.396+0000] {processor.py:183} INFO - Processing /home/airflow/.local/lib/python3.12/site-packages/airflow/example_dags/example_complex.py took 0.124 seconds
[2025-10-03T19:19:51.880+0000] {processor.py:161} INFO - Started process (PID=635) to work on /home/airflow/.local/lib/python3.12/site-packages/airflow/example_dags/example_complex.py
[2025-10-03T19:19:51.882+0000] {processor.py:830} INFO - Processing file /home/airflow/.local/lib/python3.12/site-packages/airflow/example_dags/example_complex.py for tasks to queue
[2025-10-03T19:19:51.886+0000] {logging_mixin.py:188} INFO - [2025-10-03T19:19:51.885+0000] {dagbag.py:545} INFO - Filling up the DagBag from /home/airflow/.local/lib/python3.12/site-packages/airflow/example_dags/example_complex.py
[2025-10-03T19:19:51.909+0000] {processor.py:840} INFO - DAG(s) 'example_complex' retrieved from /home/airflow/.local/lib/python3.12/site-packages/airflow/example_dags/example_complex.py
[2025-10-03T19:19:51.961+0000] {logging_mixin.py:188} INFO - [2025-10-03T19:19:51.961+0000] {dag.py:3096} INFO - Sync 1 DAGs
[2025-10-03T19:19:51.979+0000] {logging_mixin.py:188} INFO - [2025-10-03T19:19:51.978+0000] {dag.py:3954} INFO - Setting next_dagrun for example_complex to None, run_after=None
[2025-10-03T19:19:52.011+0000] {processor.py:183} INFO - Processing /home/airflow/.local/lib/python3.12/site-packages/airflow/example_dags/example_complex.py took 0.145 seconds
[2025-10-03T19:20:22.518+0000] {processor.py:161} INFO - Started process (PID=692) to work on /home/airflow/.local/lib/python3.12/site-packages/airflow/example_dags/example_complex.py
[2025-10-03T19:20:22.520+0000] {processor.py:830} INFO - Processing file /home/airflow/.local/lib/python3.12/site-packages/airflow/example_dags/example_complex.py for tasks to queue
[2025-10-03T19:20:22.523+0000] {logging_mixin.py:188} INFO - [2025-10-03T19:20:22.522+0000] {dagbag.py:545} INFO - Filling up the DagBag from /home/airflow/.local/lib/python3.12/site-packages/airflow/example_dags/example_complex.py
[2025-10-03T19:20:22.536+0000] {processor.py:840} INFO - DAG(s) 'example_complex' retrieved from /home/airflow/.local/lib/python3.12/site-packages/airflow/example_dags/example_complex.py
[2025-10-03T19:20:22.582+0000] {logging_mixin.py:188} INFO - [2025-10-03T19:20:22.582+0000] {dag.py:3096} INFO - Sync 1 DAGs
[2025-10-03T19:20:22.599+0000] {logging_mixin.py:188} INFO - [2025-10-03T19:20:22.599+0000] {dag.py:3954} INFO - Setting next_dagrun for example_complex to None, run_after=None
[2025-10-03T19:20:22.626+0000] {processor.py:183} INFO - Processing /home/airflow/.local/lib/python3.12/site-packages/airflow/example_dags/example_complex.py took 0.116 seconds
[2025-10-03T19:20:52.782+0000] {processor.py:161} INFO - Started process (PID=745) to work on /home/airflow/.local/lib/python3.12/site-packages/airflow/example_dags/example_complex.py
[2025-10-03T19:20:52.784+0000] {processor.py:830} INFO - Processing file /home/airflow/.local/lib/python3.12/site-packages/airflow/example_dags/example_complex.py for tasks to queue
[2025-10-03T19:20:52.787+0000] {logging_mixin.py:188} INFO - [2025-10-03T19:20:52.786+0000] {dagbag.py:545} INFO - Filling up the DagBag from /home/airflow/.local/lib/python3.12/site-packages/airflow/example_dags/example_complex.py
[2025-10-03T19:20:52.801+0000] {processor.py:840} INFO - DAG(s) 'example_complex' retrieved from /home/airflow/.local/lib/python3.12/site-packages/airflow/example_dags/example_complex.py
[2025-10-03T19:20:52.844+0000] {logging_mixin.py:188} INFO - [2025-10-03T19:20:52.843+0000] {dag.py:3096} INFO - Sync 1 DAGs
[2025-10-03T19:20:52.861+0000] {logging_mixin.py:188} INFO - [2025-10-03T19:20:52.860+0000] {dag.py:3954} INFO - Setting next_dagrun for example_complex to None, run_after=None
[2025-10-03T19:20:52.894+0000] {processor.py:183} INFO - Processing /home/airflow/.local/lib/python3.12/site-packages/airflow/example_dags/example_complex.py took 0.121 seconds
[2025-10-03T19:21:22.978+0000] {processor.py:161} INFO - Started process (PID=802) to work on /home/airflow/.local/lib/python3.12/site-packages/airflow/example_dags/example_complex.py
[2025-10-03T19:21:22.980+0000] {processor.py:830} INFO - Processing file /home/airflow/.local/lib/python3.12/site-packages/airflow/example_dags/example_complex.py for tasks to queue
[2025-10-03T19:21:22.982+0000] {logging_mixin.py:188} INFO - [2025-10-03T19:21:22.982+0000] {dagbag.py:545} INFO - Filling up the DagBag from /home/airflow/.local/lib/python3.12/site-packages/airflow/example_dags/example_complex.py
[2025-10-03T19:21:22.994+0000] {processor.py:840} INFO - DAG(s) 'example_complex' retrieved from /home/airflow/.local/lib/python3.12/site-packages/airflow/example_dags/example_complex.py
[2025-10-03T19:21:23.033+0000] {logging_mixin.py:188} INFO - [2025-10-03T19:21:23.033+0000] {dag.py:3096} INFO - Sync 1 DAGs
[2025-10-03T19:21:23.049+0000] {logging_mixin.py:188} INFO - [2025-10-03T19:21:23.049+0000] {dag.py:3954} INFO - Setting next_dagrun for example_complex to None, run_after=None
[2025-10-03T19:21:23.078+0000] {processor.py:183} INFO - Processing /home/airflow/.local/lib/python3.12/site-packages/airflow/example_dags/example_complex.py took 0.106 seconds
[2025-10-03T19:21:53.550+0000] {processor.py:161} INFO - Started process (PID=855) to work on /home/airflow/.local/lib/python3.12/site-packages/airflow/example_dags/example_complex.py
[2025-10-03T19:21:53.551+0000] {processor.py:830} INFO - Processing file /home/airflow/.local/lib/python3.12/site-packages/airflow/example_dags/example_complex.py for tasks to queue
[2025-10-03T19:21:53.554+0000] {logging_mixin.py:188} INFO - [2025-10-03T19:21:53.553+0000] {dagbag.py:545} INFO - Filling up the DagBag from /home/airflow/.local/lib/python3.12/site-packages/airflow/example_dags/example_complex.py
[2025-10-03T19:21:53.568+0000] {processor.py:840} INFO - DAG(s) 'example_complex' retrieved from /home/airflow/.local/lib/python3.12/site-packages/airflow/example_dags/example_complex.py
[2025-10-03T19:21:53.613+0000] {logging_mixin.py:188} INFO - [2025-10-03T19:21:53.612+0000] {dag.py:3096} INFO - Sync 1 DAGs
[2025-10-03T19:21:53.630+0000] {logging_mixin.py:188} INFO - [2025-10-03T19:21:53.630+0000] {dag.py:3954} INFO - Setting next_dagrun for example_complex to None, run_after=None
[2025-10-03T19:21:53.660+0000] {processor.py:183} INFO - Processing /home/airflow/.local/lib/python3.12/site-packages/airflow/example_dags/example_complex.py took 0.120 seconds
[2025-10-03T19:22:25.070+0000] {processor.py:161} INFO - Started process (PID=912) to work on /home/airflow/.local/lib/python3.12/site-packages/airflow/example_dags/example_complex.py
[2025-10-03T19:22:25.071+0000] {processor.py:830} INFO - Processing file /home/airflow/.local/lib/python3.12/site-packages/airflow/example_dags/example_complex.py for tasks to queue
[2025-10-03T19:22:25.073+0000] {logging_mixin.py:188} INFO - [2025-10-03T19:22:25.073+0000] {dagbag.py:545} INFO - Filling up the DagBag from /home/airflow/.local/lib/python3.12/site-packages/airflow/example_dags/example_complex.py
[2025-10-03T19:22:25.086+0000] {processor.py:840} INFO - DAG(s) 'example_complex' retrieved from /home/airflow/.local/lib/python3.12/site-packages/airflow/example_dags/example_complex.py
[2025-10-03T19:22:25.152+0000] {logging_mixin.py:188} INFO - [2025-10-03T19:22:25.152+0000] {dag.py:3096} INFO - Sync 1 DAGs
[2025-10-03T19:22:25.170+0000] {logging_mixin.py:188} INFO - [2025-10-03T19:22:25.169+0000] {dag.py:3954} INFO - Setting next_dagrun for example_complex to None, run_after=None
[2025-10-03T19:22:25.198+0000] {processor.py:183} INFO - Processing /home/airflow/.local/lib/python3.12/site-packages/airflow/example_dags/example_complex.py took 0.135 seconds
[2025-10-03T19:22:55.684+0000] {processor.py:161} INFO - Started process (PID=965) to work on /home/airflow/.local/lib/python3.12/site-packages/airflow/example_dags/example_complex.py
[2025-10-03T19:22:55.686+0000] {processor.py:830} INFO - Processing file /home/airflow/.local/lib/python3.12/site-packages/airflow/example_dags/example_complex.py for tasks to queue
[2025-10-03T19:22:55.689+0000] {logging_mixin.py:188} INFO - [2025-10-03T19:22:55.688+0000] {dagbag.py:545} INFO - Filling up the DagBag from /home/airflow/.local/lib/python3.12/site-packages/airflow/example_dags/example_complex.py
[2025-10-03T19:22:55.712+0000] {processor.py:840} INFO - DAG(s) 'example_complex' retrieved from /home/airflow/.local/lib/python3.12/site-packages/airflow/example_dags/example_complex.py
[2025-10-03T19:22:55.768+0000] {logging_mixin.py:188} INFO - [2025-10-03T19:22:55.767+0000] {dag.py:3096} INFO - Sync 1 DAGs
[2025-10-03T19:22:55.790+0000] {logging_mixin.py:188} INFO - [2025-10-03T19:22:55.789+0000] {dag.py:3954} INFO - Setting next_dagrun for example_complex to None, run_after=None
[2025-10-03T19:22:55.828+0000] {processor.py:183} INFO - Processing /home/airflow/.local/lib/python3.12/site-packages/airflow/example_dags/example_complex.py took 0.152 seconds
[2025-10-03T19:23:26.120+0000] {processor.py:161} INFO - Started process (PID=1022) to work on /home/airflow/.local/lib/python3.12/site-packages/airflow/example_dags/example_complex.py
[2025-10-03T19:23:26.122+0000] {processor.py:830} INFO - Processing file /home/airflow/.local/lib/python3.12/site-packages/airflow/example_dags/example_complex.py for tasks to queue
[2025-10-03T19:23:26.124+0000] {logging_mixin.py:188} INFO - [2025-10-03T19:23:26.124+0000] {dagbag.py:545} INFO - Filling up the DagBag from /home/airflow/.local/lib/python3.12/site-packages/airflow/example_dags/example_complex.py
[2025-10-03T19:23:26.136+0000] {processor.py:840} INFO - DAG(s) 'example_complex' retrieved from /home/airflow/.local/lib/python3.12/site-packages/airflow/example_dags/example_complex.py
[2025-10-03T19:23:26.173+0000] {logging_mixin.py:188} INFO - [2025-10-03T19:23:26.173+0000] {dag.py:3096} INFO - Sync 1 DAGs
[2025-10-03T19:23:26.187+0000] {logging_mixin.py:188} INFO - [2025-10-03T19:23:26.187+0000] {dag.py:3954} INFO - Setting next_dagrun for example_complex to None, run_after=None
[2025-10-03T19:23:26.216+0000] {processor.py:183} INFO - Processing /home/airflow/.local/lib/python3.12/site-packages/airflow/example_dags/example_complex.py took 0.103 seconds
[2025-10-03T19:23:57.144+0000] {processor.py:161} INFO - Started process (PID=1075) to work on /home/airflow/.local/lib/python3.12/site-packages/airflow/example_dags/example_complex.py
[2025-10-03T19:23:57.146+0000] {processor.py:830} INFO - Processing file /home/airflow/.local/lib/python3.12/site-packages/airflow/example_dags/example_complex.py for tasks to queue
[2025-10-03T19:23:57.148+0000] {logging_mixin.py:188} INFO - [2025-10-03T19:23:57.148+0000] {dagbag.py:545} INFO - Filling up the DagBag from /home/airflow/.local/lib/python3.12/site-packages/airflow/example_dags/example_complex.py
[2025-10-03T19:23:57.160+0000] {processor.py:840} INFO - DAG(s) 'example_complex' retrieved from /home/airflow/.local/lib/python3.12/site-packages/airflow/example_dags/example_complex.py
[2025-10-03T19:23:57.198+0000] {logging_mixin.py:188} INFO - [2025-10-03T19:23:57.198+0000] {dag.py:3096} INFO - Sync 1 DAGs
[2025-10-03T19:23:57.212+0000] {logging_mixin.py:188} INFO - [2025-10-03T19:23:57.212+0000] {dag.py:3954} INFO - Setting next_dagrun for example_complex to None, run_after=None
[2025-10-03T19:23:57.234+0000] {processor.py:183} INFO - Processing /home/airflow/.local/lib/python3.12/site-packages/airflow/example_dags/example_complex.py took 0.097 seconds
[2025-10-03T19:24:27.814+0000] {processor.py:161} INFO - Started process (PID=1132) to work on /home/airflow/.local/lib/python3.12/site-packages/airflow/example_dags/example_complex.py
[2025-10-03T19:24:27.815+0000] {processor.py:830} INFO - Processing file /home/airflow/.local/lib/python3.12/site-packages/airflow/example_dags/example_complex.py for tasks to queue
[2025-10-03T19:24:27.818+0000] {logging_mixin.py:188} INFO - [2025-10-03T19:24:27.818+0000] {dagbag.py:545} INFO - Filling up the DagBag from /home/airflow/.local/lib/python3.12/site-packages/airflow/example_dags/example_complex.py
[2025-10-03T19:24:27.833+0000] {processor.py:840} INFO - DAG(s) 'example_complex' retrieved from /home/airflow/.local/lib/python3.12/site-packages/airflow/example_dags/example_complex.py
[2025-10-03T19:24:27.875+0000] {logging_mixin.py:188} INFO - [2025-10-03T19:24:27.875+0000] {dag.py:3096} INFO - Sync 1 DAGs
[2025-10-03T19:24:27.890+0000] {logging_mixin.py:188} INFO - [2025-10-03T19:24:27.889+0000] {dag.py:3954} INFO - Setting next_dagrun for example_complex to None, run_after=None
[2025-10-03T19:24:27.922+0000] {processor.py:183} INFO - Processing /home/airflow/.local/lib/python3.12/site-packages/airflow/example_dags/example_complex.py took 0.118 seconds
[2025-10-03T19:24:58.225+0000] {processor.py:161} INFO - Started process (PID=1185) to work on /home/airflow/.local/lib/python3.12/site-packages/airflow/example_dags/example_complex.py
[2025-10-03T19:24:58.227+0000] {processor.py:830} INFO - Processing file /home/airflow/.local/lib/python3.12/site-packages/airflow/example_dags/example_complex.py for tasks to queue
[2025-10-03T19:24:58.230+0000] {logging_mixin.py:188} INFO - [2025-10-03T19:24:58.230+0000] {dagbag.py:545} INFO - Filling up the DagBag from /home/airflow/.local/lib/python3.12/site-packages/airflow/example_dags/example_complex.py
[2025-10-03T19:24:58.242+0000] {processor.py:840} INFO - DAG(s) 'example_complex' retrieved from /home/airflow/.local/lib/python3.12/site-packages/airflow/example_dags/example_complex.py
[2025-10-03T19:24:58.279+0000] {logging_mixin.py:188} INFO - [2025-10-03T19:24:58.279+0000] {dag.py:3096} INFO - Sync 1 DAGs
[2025-10-03T19:24:58.293+0000] {logging_mixin.py:188} INFO - [2025-10-03T19:24:58.292+0000] {dag.py:3954} INFO - Setting next_dagrun for example_complex to None, run_after=None
[2025-10-03T19:24:58.320+0000] {processor.py:183} INFO - Processing /home/airflow/.local/lib/python3.12/site-packages/airflow/example_dags/example_complex.py took 0.102 seconds
[2025-10-03T19:25:28.522+0000] {processor.py:161} INFO - Started process (PID=1242) to work on /home/airflow/.local/lib/python3.12/site-packages/airflow/example_dags/example_complex.py
[2025-10-03T19:25:28.523+0000] {processor.py:830} INFO - Processing file /home/airflow/.local/lib/python3.12/site-packages/airflow/example_dags/example_complex.py for tasks to queue
[2025-10-03T19:25:28.526+0000] {logging_mixin.py:188} INFO - [2025-10-03T19:25:28.525+0000] {dagbag.py:545} INFO - Filling up the DagBag from /home/airflow/.local/lib/python3.12/site-packages/airflow/example_dags/example_complex.py
[2025-10-03T19:25:28.537+0000] {processor.py:840} INFO - DAG(s) 'example_complex' retrieved from /home/airflow/.local/lib/python3.12/site-packages/airflow/example_dags/example_complex.py
[2025-10-03T19:25:28.576+0000] {logging_mixin.py:188} INFO - [2025-10-03T19:25:28.576+0000] {dag.py:3096} INFO - Sync 1 DAGs
[2025-10-03T19:25:28.592+0000] {logging_mixin.py:188} INFO - [2025-10-03T19:25:28.591+0000] {dag.py:3954} INFO - Setting next_dagrun for example_complex to None, run_after=None
[2025-10-03T19:25:28.613+0000] {processor.py:183} INFO - Processing /home/airflow/.local/lib/python3.12/site-packages/airflow/example_dags/example_complex.py took 0.098 seconds
