[2025-10-03T19:14:40.296+0000] {processor.py:161} INFO - Started process (PID=52) to work on /home/airflow/.local/lib/python3.12/site-packages/airflow/example_dags/example_display_name.py
[2025-10-03T19:14:40.298+0000] {processor.py:830} INFO - Processing file /home/airflow/.local/lib/python3.12/site-packages/airflow/example_dags/example_display_name.py for tasks to queue
[2025-10-03T19:14:40.302+0000] {logging_mixin.py:188} INFO - [2025-10-03T19:14:40.302+0000] {dagbag.py:545} INFO - Filling up the DagBag from /home/airflow/.local/lib/python3.12/site-packages/airflow/example_dags/example_display_name.py
[2025-10-03T19:14:40.321+0000] {processor.py:840} INFO - DAG(s) 'example_display_name' retrieved from /home/airflow/.local/lib/python3.12/site-packages/airflow/example_dags/example_display_name.py
[2025-10-03T19:14:40.346+0000] {logging_mixin.py:188} INFO - [2025-10-03T19:14:40.345+0000] {dag.py:3096} INFO - Sync 1 DAGs
[2025-10-03T19:14:40.374+0000] {logging_mixin.py:188} INFO - [2025-10-03T19:14:40.374+0000] {dag.py:3954} INFO - Setting next_dagrun for example_display_name to None, run_after=None
[2025-10-03T19:14:40.411+0000] {processor.py:183} INFO - Processing /home/airflow/.local/lib/python3.12/site-packages/airflow/example_dags/example_display_name.py took 0.126 seconds
[2025-10-03T19:15:12.331+0000] {processor.py:161} INFO - Started process (PID=105) to work on /home/airflow/.local/lib/python3.12/site-packages/airflow/example_dags/example_display_name.py
[2025-10-03T19:15:12.333+0000] {processor.py:830} INFO - Processing file /home/airflow/.local/lib/python3.12/site-packages/airflow/example_dags/example_display_name.py for tasks to queue
[2025-10-03T19:15:12.337+0000] {logging_mixin.py:188} INFO - [2025-10-03T19:15:12.336+0000] {dagbag.py:545} INFO - Filling up the DagBag from /home/airflow/.local/lib/python3.12/site-packages/airflow/example_dags/example_display_name.py
[2025-10-03T19:15:12.349+0000] {processor.py:840} INFO - DAG(s) 'example_display_name' retrieved from /home/airflow/.local/lib/python3.12/site-packages/airflow/example_dags/example_display_name.py
[2025-10-03T19:15:12.553+0000] {logging_mixin.py:188} INFO - [2025-10-03T19:15:12.552+0000] {dag.py:3096} INFO - Sync 1 DAGs
[2025-10-03T19:15:12.573+0000] {logging_mixin.py:188} INFO - [2025-10-03T19:15:12.573+0000] {dag.py:3954} INFO - Setting next_dagrun for example_display_name to None, run_after=None
[2025-10-03T19:15:12.618+0000] {processor.py:183} INFO - Processing /home/airflow/.local/lib/python3.12/site-packages/airflow/example_dags/example_display_name.py took 0.298 seconds
[2025-10-03T19:15:42.990+0000] {processor.py:161} INFO - Started process (PID=162) to work on /home/airflow/.local/lib/python3.12/site-packages/airflow/example_dags/example_display_name.py
[2025-10-03T19:15:42.992+0000] {processor.py:830} INFO - Processing file /home/airflow/.local/lib/python3.12/site-packages/airflow/example_dags/example_display_name.py for tasks to queue
[2025-10-03T19:15:42.994+0000] {logging_mixin.py:188} INFO - [2025-10-03T19:15:42.994+0000] {dagbag.py:545} INFO - Filling up the DagBag from /home/airflow/.local/lib/python3.12/site-packages/airflow/example_dags/example_display_name.py
[2025-10-03T19:15:43.002+0000] {processor.py:840} INFO - DAG(s) 'example_display_name' retrieved from /home/airflow/.local/lib/python3.12/site-packages/airflow/example_dags/example_display_name.py
[2025-10-03T19:15:43.028+0000] {logging_mixin.py:188} INFO - [2025-10-03T19:15:43.027+0000] {dag.py:3096} INFO - Sync 1 DAGs
[2025-10-03T19:15:43.044+0000] {logging_mixin.py:188} INFO - [2025-10-03T19:15:43.044+0000] {dag.py:3954} INFO - Setting next_dagrun for example_display_name to None, run_after=None
[2025-10-03T19:15:43.066+0000] {processor.py:183} INFO - Processing /home/airflow/.local/lib/python3.12/site-packages/airflow/example_dags/example_display_name.py took 0.083 seconds
[2025-10-03T19:16:13.330+0000] {processor.py:161} INFO - Started process (PID=218) to work on /home/airflow/.local/lib/python3.12/site-packages/airflow/example_dags/example_display_name.py
[2025-10-03T19:16:13.333+0000] {processor.py:830} INFO - Processing file /home/airflow/.local/lib/python3.12/site-packages/airflow/example_dags/example_display_name.py for tasks to queue
[2025-10-03T19:16:13.336+0000] {logging_mixin.py:188} INFO - [2025-10-03T19:16:13.336+0000] {dagbag.py:545} INFO - Filling up the DagBag from /home/airflow/.local/lib/python3.12/site-packages/airflow/example_dags/example_display_name.py
[2025-10-03T19:16:13.347+0000] {processor.py:840} INFO - DAG(s) 'example_display_name' retrieved from /home/airflow/.local/lib/python3.12/site-packages/airflow/example_dags/example_display_name.py
[2025-10-03T19:16:13.380+0000] {logging_mixin.py:188} INFO - [2025-10-03T19:16:13.380+0000] {dag.py:3096} INFO - Sync 1 DAGs
[2025-10-03T19:16:13.401+0000] {logging_mixin.py:188} INFO - [2025-10-03T19:16:13.401+0000] {dag.py:3954} INFO - Setting next_dagrun for example_display_name to None, run_after=None
[2025-10-03T19:16:13.435+0000] {processor.py:183} INFO - Processing /home/airflow/.local/lib/python3.12/site-packages/airflow/example_dags/example_display_name.py took 0.116 seconds
[2025-10-03T19:16:43.587+0000] {processor.py:161} INFO - Started process (PID=274) to work on /home/airflow/.local/lib/python3.12/site-packages/airflow/example_dags/example_display_name.py
[2025-10-03T19:16:43.590+0000] {processor.py:830} INFO - Processing file /home/airflow/.local/lib/python3.12/site-packages/airflow/example_dags/example_display_name.py for tasks to queue
[2025-10-03T19:16:43.593+0000] {logging_mixin.py:188} INFO - [2025-10-03T19:16:43.593+0000] {dagbag.py:545} INFO - Filling up the DagBag from /home/airflow/.local/lib/python3.12/site-packages/airflow/example_dags/example_display_name.py
[2025-10-03T19:16:43.607+0000] {processor.py:840} INFO - DAG(s) 'example_display_name' retrieved from /home/airflow/.local/lib/python3.12/site-packages/airflow/example_dags/example_display_name.py
[2025-10-03T19:16:43.635+0000] {logging_mixin.py:188} INFO - [2025-10-03T19:16:43.635+0000] {dag.py:3096} INFO - Sync 1 DAGs
[2025-10-03T19:16:43.655+0000] {logging_mixin.py:188} INFO - [2025-10-03T19:16:43.654+0000] {dag.py:3954} INFO - Setting next_dagrun for example_display_name to None, run_after=None
[2025-10-03T19:16:43.685+0000] {processor.py:183} INFO - Processing /home/airflow/.local/lib/python3.12/site-packages/airflow/example_dags/example_display_name.py took 0.110 seconds
[2025-10-03T19:17:14.282+0000] {processor.py:161} INFO - Started process (PID=328) to work on /home/airflow/.local/lib/python3.12/site-packages/airflow/example_dags/example_display_name.py
[2025-10-03T19:17:14.284+0000] {processor.py:830} INFO - Processing file /home/airflow/.local/lib/python3.12/site-packages/airflow/example_dags/example_display_name.py for tasks to queue
[2025-10-03T19:17:14.287+0000] {logging_mixin.py:188} INFO - [2025-10-03T19:17:14.286+0000] {dagbag.py:545} INFO - Filling up the DagBag from /home/airflow/.local/lib/python3.12/site-packages/airflow/example_dags/example_display_name.py
[2025-10-03T19:17:14.299+0000] {processor.py:840} INFO - DAG(s) 'example_display_name' retrieved from /home/airflow/.local/lib/python3.12/site-packages/airflow/example_dags/example_display_name.py
[2025-10-03T19:17:14.332+0000] {logging_mixin.py:188} INFO - [2025-10-03T19:17:14.332+0000] {dag.py:3096} INFO - Sync 1 DAGs
[2025-10-03T19:17:14.354+0000] {logging_mixin.py:188} INFO - [2025-10-03T19:17:14.354+0000] {dag.py:3954} INFO - Setting next_dagrun for example_display_name to None, run_after=None
[2025-10-03T19:17:14.396+0000] {processor.py:183} INFO - Processing /home/airflow/.local/lib/python3.12/site-packages/airflow/example_dags/example_display_name.py took 0.126 seconds
[2025-10-03T19:17:45.086+0000] {processor.py:161} INFO - Started process (PID=387) to work on /home/airflow/.local/lib/python3.12/site-packages/airflow/example_dags/example_display_name.py
[2025-10-03T19:17:45.088+0000] {processor.py:830} INFO - Processing file /home/airflow/.local/lib/python3.12/site-packages/airflow/example_dags/example_display_name.py for tasks to queue
[2025-10-03T19:17:45.090+0000] {logging_mixin.py:188} INFO - [2025-10-03T19:17:45.090+0000] {dagbag.py:545} INFO - Filling up the DagBag from /home/airflow/.local/lib/python3.12/site-packages/airflow/example_dags/example_display_name.py
[2025-10-03T19:17:45.100+0000] {processor.py:840} INFO - DAG(s) 'example_display_name' retrieved from /home/airflow/.local/lib/python3.12/site-packages/airflow/example_dags/example_display_name.py
[2025-10-03T19:17:45.136+0000] {logging_mixin.py:188} INFO - [2025-10-03T19:17:45.136+0000] {dag.py:3096} INFO - Sync 1 DAGs
[2025-10-03T19:17:45.161+0000] {logging_mixin.py:188} INFO - [2025-10-03T19:17:45.160+0000] {dag.py:3954} INFO - Setting next_dagrun for example_display_name to None, run_after=None
[2025-10-03T19:17:45.196+0000] {processor.py:183} INFO - Processing /home/airflow/.local/lib/python3.12/site-packages/airflow/example_dags/example_display_name.py took 0.121 seconds
[2025-10-03T19:18:15.700+0000] {processor.py:161} INFO - Started process (PID=443) to work on /home/airflow/.local/lib/python3.12/site-packages/airflow/example_dags/example_display_name.py
[2025-10-03T19:18:15.701+0000] {processor.py:830} INFO - Processing file /home/airflow/.local/lib/python3.12/site-packages/airflow/example_dags/example_display_name.py for tasks to queue
[2025-10-03T19:18:15.704+0000] {logging_mixin.py:188} INFO - [2025-10-03T19:18:15.704+0000] {dagbag.py:545} INFO - Filling up the DagBag from /home/airflow/.local/lib/python3.12/site-packages/airflow/example_dags/example_display_name.py
[2025-10-03T19:18:15.714+0000] {processor.py:840} INFO - DAG(s) 'example_display_name' retrieved from /home/airflow/.local/lib/python3.12/site-packages/airflow/example_dags/example_display_name.py
[2025-10-03T19:18:15.742+0000] {logging_mixin.py:188} INFO - [2025-10-03T19:18:15.742+0000] {dag.py:3096} INFO - Sync 1 DAGs
[2025-10-03T19:18:15.759+0000] {logging_mixin.py:188} INFO - [2025-10-03T19:18:15.759+0000] {dag.py:3954} INFO - Setting next_dagrun for example_display_name to None, run_after=None
[2025-10-03T19:18:15.790+0000] {processor.py:183} INFO - Processing /home/airflow/.local/lib/python3.12/site-packages/airflow/example_dags/example_display_name.py took 0.100 seconds
[2025-10-03T19:18:46.081+0000] {processor.py:161} INFO - Started process (PID=504) to work on /home/airflow/.local/lib/python3.12/site-packages/airflow/example_dags/example_display_name.py
[2025-10-03T19:18:46.083+0000] {processor.py:830} INFO - Processing file /home/airflow/.local/lib/python3.12/site-packages/airflow/example_dags/example_display_name.py for tasks to queue
[2025-10-03T19:18:46.086+0000] {logging_mixin.py:188} INFO - [2025-10-03T19:18:46.085+0000] {dagbag.py:545} INFO - Filling up the DagBag from /home/airflow/.local/lib/python3.12/site-packages/airflow/example_dags/example_display_name.py
[2025-10-03T19:18:46.096+0000] {processor.py:840} INFO - DAG(s) 'example_display_name' retrieved from /home/airflow/.local/lib/python3.12/site-packages/airflow/example_dags/example_display_name.py
[2025-10-03T19:18:46.129+0000] {logging_mixin.py:188} INFO - [2025-10-03T19:18:46.128+0000] {dag.py:3096} INFO - Sync 1 DAGs
[2025-10-03T19:18:46.148+0000] {logging_mixin.py:188} INFO - [2025-10-03T19:18:46.148+0000] {dag.py:3954} INFO - Setting next_dagrun for example_display_name to None, run_after=None
[2025-10-03T19:18:46.183+0000] {processor.py:183} INFO - Processing /home/airflow/.local/lib/python3.12/site-packages/airflow/example_dags/example_display_name.py took 0.117 seconds
[2025-10-03T19:19:16.278+0000] {processor.py:161} INFO - Started process (PID=561) to work on /home/airflow/.local/lib/python3.12/site-packages/airflow/example_dags/example_display_name.py
[2025-10-03T19:19:16.280+0000] {processor.py:830} INFO - Processing file /home/airflow/.local/lib/python3.12/site-packages/airflow/example_dags/example_display_name.py for tasks to queue
[2025-10-03T19:19:16.283+0000] {logging_mixin.py:188} INFO - [2025-10-03T19:19:16.282+0000] {dagbag.py:545} INFO - Filling up the DagBag from /home/airflow/.local/lib/python3.12/site-packages/airflow/example_dags/example_display_name.py
[2025-10-03T19:19:16.292+0000] {processor.py:840} INFO - DAG(s) 'example_display_name' retrieved from /home/airflow/.local/lib/python3.12/site-packages/airflow/example_dags/example_display_name.py
[2025-10-03T19:19:16.321+0000] {logging_mixin.py:188} INFO - [2025-10-03T19:19:16.321+0000] {dag.py:3096} INFO - Sync 1 DAGs
[2025-10-03T19:19:16.338+0000] {logging_mixin.py:188} INFO - [2025-10-03T19:19:16.338+0000] {dag.py:3954} INFO - Setting next_dagrun for example_display_name to None, run_after=None
[2025-10-03T19:19:16.366+0000] {processor.py:183} INFO - Processing /home/airflow/.local/lib/python3.12/site-packages/airflow/example_dags/example_display_name.py took 0.097 seconds
[2025-10-03T19:19:46.930+0000] {processor.py:161} INFO - Started process (PID=614) to work on /home/airflow/.local/lib/python3.12/site-packages/airflow/example_dags/example_display_name.py
[2025-10-03T19:19:46.932+0000] {processor.py:830} INFO - Processing file /home/airflow/.local/lib/python3.12/site-packages/airflow/example_dags/example_display_name.py for tasks to queue
[2025-10-03T19:19:46.934+0000] {logging_mixin.py:188} INFO - [2025-10-03T19:19:46.934+0000] {dagbag.py:545} INFO - Filling up the DagBag from /home/airflow/.local/lib/python3.12/site-packages/airflow/example_dags/example_display_name.py
[2025-10-03T19:19:46.943+0000] {processor.py:840} INFO - DAG(s) 'example_display_name' retrieved from /home/airflow/.local/lib/python3.12/site-packages/airflow/example_dags/example_display_name.py
[2025-10-03T19:19:46.970+0000] {logging_mixin.py:188} INFO - [2025-10-03T19:19:46.970+0000] {dag.py:3096} INFO - Sync 1 DAGs
[2025-10-03T19:19:46.987+0000] {logging_mixin.py:188} INFO - [2025-10-03T19:19:46.987+0000] {dag.py:3954} INFO - Setting next_dagrun for example_display_name to None, run_after=None
[2025-10-03T19:19:47.019+0000] {processor.py:183} INFO - Processing /home/airflow/.local/lib/python3.12/site-packages/airflow/example_dags/example_display_name.py took 0.097 seconds
[2025-10-03T19:20:17.351+0000] {processor.py:161} INFO - Started process (PID=671) to work on /home/airflow/.local/lib/python3.12/site-packages/airflow/example_dags/example_display_name.py
[2025-10-03T19:20:17.353+0000] {processor.py:830} INFO - Processing file /home/airflow/.local/lib/python3.12/site-packages/airflow/example_dags/example_display_name.py for tasks to queue
[2025-10-03T19:20:17.355+0000] {logging_mixin.py:188} INFO - [2025-10-03T19:20:17.355+0000] {dagbag.py:545} INFO - Filling up the DagBag from /home/airflow/.local/lib/python3.12/site-packages/airflow/example_dags/example_display_name.py
[2025-10-03T19:20:17.364+0000] {processor.py:840} INFO - DAG(s) 'example_display_name' retrieved from /home/airflow/.local/lib/python3.12/site-packages/airflow/example_dags/example_display_name.py
[2025-10-03T19:20:17.391+0000] {logging_mixin.py:188} INFO - [2025-10-03T19:20:17.391+0000] {dag.py:3096} INFO - Sync 1 DAGs
[2025-10-03T19:20:17.408+0000] {logging_mixin.py:188} INFO - [2025-10-03T19:20:17.408+0000] {dag.py:3954} INFO - Setting next_dagrun for example_display_name to None, run_after=None
[2025-10-03T19:20:17.434+0000] {processor.py:183} INFO - Processing /home/airflow/.local/lib/python3.12/site-packages/airflow/example_dags/example_display_name.py took 0.091 seconds
[2025-10-03T19:20:48.011+0000] {processor.py:161} INFO - Started process (PID=724) to work on /home/airflow/.local/lib/python3.12/site-packages/airflow/example_dags/example_display_name.py
[2025-10-03T19:20:48.013+0000] {processor.py:830} INFO - Processing file /home/airflow/.local/lib/python3.12/site-packages/airflow/example_dags/example_display_name.py for tasks to queue
[2025-10-03T19:20:48.018+0000] {logging_mixin.py:188} INFO - [2025-10-03T19:20:48.017+0000] {dagbag.py:545} INFO - Filling up the DagBag from /home/airflow/.local/lib/python3.12/site-packages/airflow/example_dags/example_display_name.py
[2025-10-03T19:20:48.028+0000] {processor.py:840} INFO - DAG(s) 'example_display_name' retrieved from /home/airflow/.local/lib/python3.12/site-packages/airflow/example_dags/example_display_name.py
[2025-10-03T19:20:48.058+0000] {logging_mixin.py:188} INFO - [2025-10-03T19:20:48.058+0000] {dag.py:3096} INFO - Sync 1 DAGs
[2025-10-03T19:20:48.076+0000] {logging_mixin.py:188} INFO - [2025-10-03T19:20:48.076+0000] {dag.py:3954} INFO - Setting next_dagrun for example_display_name to None, run_after=None
[2025-10-03T19:20:48.105+0000] {processor.py:183} INFO - Processing /home/airflow/.local/lib/python3.12/site-packages/airflow/example_dags/example_display_name.py took 0.105 seconds
[2025-10-03T19:21:18.997+0000] {processor.py:161} INFO - Started process (PID=781) to work on /home/airflow/.local/lib/python3.12/site-packages/airflow/example_dags/example_display_name.py
[2025-10-03T19:21:18.999+0000] {processor.py:830} INFO - Processing file /home/airflow/.local/lib/python3.12/site-packages/airflow/example_dags/example_display_name.py for tasks to queue
[2025-10-03T19:21:19.003+0000] {logging_mixin.py:188} INFO - [2025-10-03T19:21:19.002+0000] {dagbag.py:545} INFO - Filling up the DagBag from /home/airflow/.local/lib/python3.12/site-packages/airflow/example_dags/example_display_name.py
[2025-10-03T19:21:19.021+0000] {processor.py:840} INFO - DAG(s) 'example_display_name' retrieved from /home/airflow/.local/lib/python3.12/site-packages/airflow/example_dags/example_display_name.py
[2025-10-03T19:21:19.068+0000] {logging_mixin.py:188} INFO - [2025-10-03T19:21:19.068+0000] {dag.py:3096} INFO - Sync 1 DAGs
[2025-10-03T19:21:19.114+0000] {logging_mixin.py:188} INFO - [2025-10-03T19:21:19.114+0000] {dag.py:3954} INFO - Setting next_dagrun for example_display_name to None, run_after=None
[2025-10-03T19:21:19.158+0000] {processor.py:183} INFO - Processing /home/airflow/.local/lib/python3.12/site-packages/airflow/example_dags/example_display_name.py took 0.175 seconds
[2025-10-03T19:21:49.375+0000] {processor.py:161} INFO - Started process (PID=834) to work on /home/airflow/.local/lib/python3.12/site-packages/airflow/example_dags/example_display_name.py
[2025-10-03T19:21:49.377+0000] {processor.py:830} INFO - Processing file /home/airflow/.local/lib/python3.12/site-packages/airflow/example_dags/example_display_name.py for tasks to queue
[2025-10-03T19:21:49.379+0000] {logging_mixin.py:188} INFO - [2025-10-03T19:21:49.379+0000] {dagbag.py:545} INFO - Filling up the DagBag from /home/airflow/.local/lib/python3.12/site-packages/airflow/example_dags/example_display_name.py
[2025-10-03T19:21:49.387+0000] {processor.py:840} INFO - DAG(s) 'example_display_name' retrieved from /home/airflow/.local/lib/python3.12/site-packages/airflow/example_dags/example_display_name.py
[2025-10-03T19:21:49.412+0000] {logging_mixin.py:188} INFO - [2025-10-03T19:21:49.412+0000] {dag.py:3096} INFO - Sync 1 DAGs
[2025-10-03T19:21:49.429+0000] {logging_mixin.py:188} INFO - [2025-10-03T19:21:49.428+0000] {dag.py:3954} INFO - Setting next_dagrun for example_display_name to None, run_after=None
[2025-10-03T19:21:49.457+0000] {processor.py:183} INFO - Processing /home/airflow/.local/lib/python3.12/site-packages/airflow/example_dags/example_display_name.py took 0.089 seconds
[2025-10-03T19:22:20.510+0000] {processor.py:161} INFO - Started process (PID=891) to work on /home/airflow/.local/lib/python3.12/site-packages/airflow/example_dags/example_display_name.py
[2025-10-03T19:22:20.511+0000] {processor.py:830} INFO - Processing file /home/airflow/.local/lib/python3.12/site-packages/airflow/example_dags/example_display_name.py for tasks to queue
[2025-10-03T19:22:20.514+0000] {logging_mixin.py:188} INFO - [2025-10-03T19:22:20.513+0000] {dagbag.py:545} INFO - Filling up the DagBag from /home/airflow/.local/lib/python3.12/site-packages/airflow/example_dags/example_display_name.py
[2025-10-03T19:22:20.521+0000] {processor.py:840} INFO - DAG(s) 'example_display_name' retrieved from /home/airflow/.local/lib/python3.12/site-packages/airflow/example_dags/example_display_name.py
[2025-10-03T19:22:20.548+0000] {logging_mixin.py:188} INFO - [2025-10-03T19:22:20.547+0000] {dag.py:3096} INFO - Sync 1 DAGs
[2025-10-03T19:22:20.563+0000] {logging_mixin.py:188} INFO - [2025-10-03T19:22:20.563+0000] {dag.py:3954} INFO - Setting next_dagrun for example_display_name to None, run_after=None
[2025-10-03T19:22:20.586+0000] {processor.py:183} INFO - Processing /home/airflow/.local/lib/python3.12/site-packages/airflow/example_dags/example_display_name.py took 0.084 seconds
[2025-10-03T19:22:50.877+0000] {processor.py:161} INFO - Started process (PID=944) to work on /home/airflow/.local/lib/python3.12/site-packages/airflow/example_dags/example_display_name.py
[2025-10-03T19:22:50.879+0000] {processor.py:830} INFO - Processing file /home/airflow/.local/lib/python3.12/site-packages/airflow/example_dags/example_display_name.py for tasks to queue
[2025-10-03T19:22:50.881+0000] {logging_mixin.py:188} INFO - [2025-10-03T19:22:50.881+0000] {dagbag.py:545} INFO - Filling up the DagBag from /home/airflow/.local/lib/python3.12/site-packages/airflow/example_dags/example_display_name.py
[2025-10-03T19:22:50.888+0000] {processor.py:840} INFO - DAG(s) 'example_display_name' retrieved from /home/airflow/.local/lib/python3.12/site-packages/airflow/example_dags/example_display_name.py
[2025-10-03T19:22:50.915+0000] {logging_mixin.py:188} INFO - [2025-10-03T19:22:50.915+0000] {dag.py:3096} INFO - Sync 1 DAGs
[2025-10-03T19:22:50.932+0000] {logging_mixin.py:188} INFO - [2025-10-03T19:22:50.932+0000] {dag.py:3954} INFO - Setting next_dagrun for example_display_name to None, run_after=None
[2025-10-03T19:22:50.966+0000] {processor.py:183} INFO - Processing /home/airflow/.local/lib/python3.12/site-packages/airflow/example_dags/example_display_name.py took 0.095 seconds
[2025-10-03T19:23:21.557+0000] {processor.py:161} INFO - Started process (PID=1001) to work on /home/airflow/.local/lib/python3.12/site-packages/airflow/example_dags/example_display_name.py
[2025-10-03T19:23:21.558+0000] {processor.py:830} INFO - Processing file /home/airflow/.local/lib/python3.12/site-packages/airflow/example_dags/example_display_name.py for tasks to queue
[2025-10-03T19:23:21.561+0000] {logging_mixin.py:188} INFO - [2025-10-03T19:23:21.560+0000] {dagbag.py:545} INFO - Filling up the DagBag from /home/airflow/.local/lib/python3.12/site-packages/airflow/example_dags/example_display_name.py
[2025-10-03T19:23:21.569+0000] {processor.py:840} INFO - DAG(s) 'example_display_name' retrieved from /home/airflow/.local/lib/python3.12/site-packages/airflow/example_dags/example_display_name.py
[2025-10-03T19:23:21.600+0000] {logging_mixin.py:188} INFO - [2025-10-03T19:23:21.600+0000] {dag.py:3096} INFO - Sync 1 DAGs
[2025-10-03T19:23:21.619+0000] {logging_mixin.py:188} INFO - [2025-10-03T19:23:21.619+0000] {dag.py:3954} INFO - Setting next_dagrun for example_display_name to None, run_after=None
[2025-10-03T19:23:21.652+0000] {processor.py:183} INFO - Processing /home/airflow/.local/lib/python3.12/site-packages/airflow/example_dags/example_display_name.py took 0.103 seconds
[2025-10-03T19:23:52.601+0000] {processor.py:161} INFO - Started process (PID=1054) to work on /home/airflow/.local/lib/python3.12/site-packages/airflow/example_dags/example_display_name.py
[2025-10-03T19:23:52.603+0000] {processor.py:830} INFO - Processing file /home/airflow/.local/lib/python3.12/site-packages/airflow/example_dags/example_display_name.py for tasks to queue
[2025-10-03T19:23:52.605+0000] {logging_mixin.py:188} INFO - [2025-10-03T19:23:52.605+0000] {dagbag.py:545} INFO - Filling up the DagBag from /home/airflow/.local/lib/python3.12/site-packages/airflow/example_dags/example_display_name.py
[2025-10-03T19:23:52.611+0000] {processor.py:840} INFO - DAG(s) 'example_display_name' retrieved from /home/airflow/.local/lib/python3.12/site-packages/airflow/example_dags/example_display_name.py
[2025-10-03T19:23:52.636+0000] {logging_mixin.py:188} INFO - [2025-10-03T19:23:52.636+0000] {dag.py:3096} INFO - Sync 1 DAGs
[2025-10-03T19:23:52.651+0000] {logging_mixin.py:188} INFO - [2025-10-03T19:23:52.651+0000] {dag.py:3954} INFO - Setting next_dagrun for example_display_name to None, run_after=None
[2025-10-03T19:23:52.689+0000] {processor.py:183} INFO - Processing /home/airflow/.local/lib/python3.12/site-packages/airflow/example_dags/example_display_name.py took 0.094 seconds
[2025-10-03T19:24:23.129+0000] {processor.py:161} INFO - Started process (PID=1111) to work on /home/airflow/.local/lib/python3.12/site-packages/airflow/example_dags/example_display_name.py
[2025-10-03T19:24:23.130+0000] {processor.py:830} INFO - Processing file /home/airflow/.local/lib/python3.12/site-packages/airflow/example_dags/example_display_name.py for tasks to queue
[2025-10-03T19:24:23.132+0000] {logging_mixin.py:188} INFO - [2025-10-03T19:24:23.132+0000] {dagbag.py:545} INFO - Filling up the DagBag from /home/airflow/.local/lib/python3.12/site-packages/airflow/example_dags/example_display_name.py
[2025-10-03T19:24:23.139+0000] {processor.py:840} INFO - DAG(s) 'example_display_name' retrieved from /home/airflow/.local/lib/python3.12/site-packages/airflow/example_dags/example_display_name.py
[2025-10-03T19:24:23.162+0000] {logging_mixin.py:188} INFO - [2025-10-03T19:24:23.161+0000] {dag.py:3096} INFO - Sync 1 DAGs
[2025-10-03T19:24:23.177+0000] {logging_mixin.py:188} INFO - [2025-10-03T19:24:23.177+0000] {dag.py:3954} INFO - Setting next_dagrun for example_display_name to None, run_after=None
[2025-10-03T19:24:23.201+0000] {processor.py:183} INFO - Processing /home/airflow/.local/lib/python3.12/site-packages/airflow/example_dags/example_display_name.py took 0.079 seconds
[2025-10-03T19:24:53.548+0000] {processor.py:161} INFO - Started process (PID=1164) to work on /home/airflow/.local/lib/python3.12/site-packages/airflow/example_dags/example_display_name.py
[2025-10-03T19:24:53.549+0000] {processor.py:830} INFO - Processing file /home/airflow/.local/lib/python3.12/site-packages/airflow/example_dags/example_display_name.py for tasks to queue
[2025-10-03T19:24:53.552+0000] {logging_mixin.py:188} INFO - [2025-10-03T19:24:53.551+0000] {dagbag.py:545} INFO - Filling up the DagBag from /home/airflow/.local/lib/python3.12/site-packages/airflow/example_dags/example_display_name.py
[2025-10-03T19:24:53.559+0000] {processor.py:840} INFO - DAG(s) 'example_display_name' retrieved from /home/airflow/.local/lib/python3.12/site-packages/airflow/example_dags/example_display_name.py
[2025-10-03T19:24:53.583+0000] {logging_mixin.py:188} INFO - [2025-10-03T19:24:53.583+0000] {dag.py:3096} INFO - Sync 1 DAGs
[2025-10-03T19:24:53.599+0000] {logging_mixin.py:188} INFO - [2025-10-03T19:24:53.599+0000] {dag.py:3954} INFO - Setting next_dagrun for example_display_name to None, run_after=None
[2025-10-03T19:24:53.622+0000] {processor.py:183} INFO - Processing /home/airflow/.local/lib/python3.12/site-packages/airflow/example_dags/example_display_name.py took 0.081 seconds
[2025-10-03T19:25:23.866+0000] {processor.py:161} INFO - Started process (PID=1220) to work on /home/airflow/.local/lib/python3.12/site-packages/airflow/example_dags/example_display_name.py
[2025-10-03T19:25:23.869+0000] {processor.py:830} INFO - Processing file /home/airflow/.local/lib/python3.12/site-packages/airflow/example_dags/example_display_name.py for tasks to queue
[2025-10-03T19:25:23.871+0000] {logging_mixin.py:188} INFO - [2025-10-03T19:25:23.871+0000] {dagbag.py:545} INFO - Filling up the DagBag from /home/airflow/.local/lib/python3.12/site-packages/airflow/example_dags/example_display_name.py
[2025-10-03T19:25:23.878+0000] {processor.py:840} INFO - DAG(s) 'example_display_name' retrieved from /home/airflow/.local/lib/python3.12/site-packages/airflow/example_dags/example_display_name.py
[2025-10-03T19:25:23.901+0000] {logging_mixin.py:188} INFO - [2025-10-03T19:25:23.900+0000] {dag.py:3096} INFO - Sync 1 DAGs
[2025-10-03T19:25:23.914+0000] {logging_mixin.py:188} INFO - [2025-10-03T19:25:23.914+0000] {dag.py:3954} INFO - Setting next_dagrun for example_display_name to None, run_after=None
[2025-10-03T19:25:23.941+0000] {processor.py:183} INFO - Processing /home/airflow/.local/lib/python3.12/site-packages/airflow/example_dags/example_display_name.py took 0.081 seconds
[2025-10-03T19:25:54.301+0000] {processor.py:161} INFO - Started process (PID=1273) to work on /home/airflow/.local/lib/python3.12/site-packages/airflow/example_dags/example_display_name.py
[2025-10-03T19:25:54.302+0000] {processor.py:830} INFO - Processing file /home/airflow/.local/lib/python3.12/site-packages/airflow/example_dags/example_display_name.py for tasks to queue
[2025-10-03T19:25:54.304+0000] {logging_mixin.py:188} INFO - [2025-10-03T19:25:54.304+0000] {dagbag.py:545} INFO - Filling up the DagBag from /home/airflow/.local/lib/python3.12/site-packages/airflow/example_dags/example_display_name.py
[2025-10-03T19:25:54.311+0000] {processor.py:840} INFO - DAG(s) 'example_display_name' retrieved from /home/airflow/.local/lib/python3.12/site-packages/airflow/example_dags/example_display_name.py
[2025-10-03T19:25:54.334+0000] {logging_mixin.py:188} INFO - [2025-10-03T19:25:54.334+0000] {dag.py:3096} INFO - Sync 1 DAGs
[2025-10-03T19:25:54.349+0000] {logging_mixin.py:188} INFO - [2025-10-03T19:25:54.349+0000] {dag.py:3954} INFO - Setting next_dagrun for example_display_name to None, run_after=None
[2025-10-03T19:25:54.373+0000] {processor.py:183} INFO - Processing /home/airflow/.local/lib/python3.12/site-packages/airflow/example_dags/example_display_name.py took 0.079 seconds
