[2025-10-03T19:14:42.890+0000] {processor.py:161} INFO - Started process (PID=70) to work on /home/airflow/.local/lib/python3.12/site-packages/airflow/example_dags/example_subdag_operator.py
[2025-10-03T19:14:42.895+0000] {processor.py:830} INFO - Processing file /home/airflow/.local/lib/python3.12/site-packages/airflow/example_dags/example_subdag_operator.py for tasks to queue
[2025-10-03T19:14:42.900+0000] {logging_mixin.py:188} INFO - [2025-10-03T19:14:42.899+0000] {dagbag.py:545} INFO - Filling up the DagBag from /home/airflow/.local/lib/python3.12/site-packages/airflow/example_dags/example_subdag_operator.py
[2025-10-03T19:14:42.972+0000] {processor.py:840} INFO - DAG(s) 'example_subdag_operator.section-1', 'example_subdag_operator.section-2', 'example_subdag_operator' retrieved from /home/airflow/.local/lib/python3.12/site-packages/airflow/example_dags/example_subdag_operator.py
[2025-10-03T19:14:42.982+0000] {logging_mixin.py:188} INFO - [2025-10-03T19:14:42.982+0000] {dag.py:3096} INFO - Sync 3 DAGs
[2025-10-03T19:14:43.038+0000] {logging_mixin.py:188} INFO - [2025-10-03T19:14:43.037+0000] {dag.py:3954} INFO - Setting next_dagrun for example_subdag_operator to 2022-01-01 00:00:00+00:00, run_after=2022-01-01 00:00:00+00:00
[2025-10-03T19:14:43.048+0000] {logging_mixin.py:188} INFO - [2025-10-03T19:14:43.048+0000] {dag.py:3954} INFO - Setting next_dagrun for example_subdag_operator.section-1 to None, run_after=None
[2025-10-03T19:14:43.052+0000] {logging_mixin.py:188} INFO - [2025-10-03T19:14:43.051+0000] {dag.py:3954} INFO - Setting next_dagrun for example_subdag_operator.section-2 to None, run_after=None
[2025-10-03T19:14:43.073+0000] {logging_mixin.py:188} INFO - [2025-10-03T19:14:43.072+0000] {dag.py:3096} INFO - Sync 2 DAGs
[2025-10-03T19:14:43.085+0000] {logging_mixin.py:188} INFO - [2025-10-03T19:14:43.085+0000] {dag.py:3954} INFO - Setting next_dagrun for example_subdag_operator.section-1 to None, run_after=None
[2025-10-03T19:14:43.086+0000] {logging_mixin.py:188} INFO - [2025-10-03T19:14:43.086+0000] {dag.py:3954} INFO - Setting next_dagrun for example_subdag_operator.section-2 to None, run_after=None
[2025-10-03T19:14:43.122+0000] {processor.py:183} INFO - Processing /home/airflow/.local/lib/python3.12/site-packages/airflow/example_dags/example_subdag_operator.py took 0.253 seconds
[2025-10-03T19:15:15.614+0000] {processor.py:161} INFO - Started process (PID=123) to work on /home/airflow/.local/lib/python3.12/site-packages/airflow/example_dags/example_subdag_operator.py
[2025-10-03T19:15:15.615+0000] {processor.py:830} INFO - Processing file /home/airflow/.local/lib/python3.12/site-packages/airflow/example_dags/example_subdag_operator.py for tasks to queue
[2025-10-03T19:15:15.618+0000] {logging_mixin.py:188} INFO - [2025-10-03T19:15:15.618+0000] {dagbag.py:545} INFO - Filling up the DagBag from /home/airflow/.local/lib/python3.12/site-packages/airflow/example_dags/example_subdag_operator.py
[2025-10-03T19:15:15.652+0000] {processor.py:840} INFO - DAG(s) 'example_subdag_operator.section-1', 'example_subdag_operator.section-2', 'example_subdag_operator' retrieved from /home/airflow/.local/lib/python3.12/site-packages/airflow/example_dags/example_subdag_operator.py
[2025-10-03T19:15:15.802+0000] {logging_mixin.py:188} INFO - [2025-10-03T19:15:15.801+0000] {dag.py:3096} INFO - Sync 3 DAGs
[2025-10-03T19:15:15.826+0000] {logging_mixin.py:188} INFO - [2025-10-03T19:15:15.825+0000] {dag.py:3954} INFO - Setting next_dagrun for example_subdag_operator to 2022-01-01 00:00:00+00:00, run_after=2022-01-01 00:00:00+00:00
[2025-10-03T19:15:15.830+0000] {logging_mixin.py:188} INFO - [2025-10-03T19:15:15.830+0000] {dag.py:3954} INFO - Setting next_dagrun for example_subdag_operator.section-1 to None, run_after=None
[2025-10-03T19:15:15.832+0000] {logging_mixin.py:188} INFO - [2025-10-03T19:15:15.832+0000] {dag.py:3954} INFO - Setting next_dagrun for example_subdag_operator.section-2 to None, run_after=None
[2025-10-03T19:15:15.844+0000] {logging_mixin.py:188} INFO - [2025-10-03T19:15:15.844+0000] {dag.py:3096} INFO - Sync 2 DAGs
[2025-10-03T19:15:15.850+0000] {logging_mixin.py:188} INFO - [2025-10-03T19:15:15.850+0000] {dag.py:3954} INFO - Setting next_dagrun for example_subdag_operator.section-1 to None, run_after=None
[2025-10-03T19:15:15.851+0000] {logging_mixin.py:188} INFO - [2025-10-03T19:15:15.851+0000] {dag.py:3954} INFO - Setting next_dagrun for example_subdag_operator.section-2 to None, run_after=None
[2025-10-03T19:15:15.866+0000] {processor.py:183} INFO - Processing /home/airflow/.local/lib/python3.12/site-packages/airflow/example_dags/example_subdag_operator.py took 0.260 seconds
[2025-10-03T19:15:46.739+0000] {processor.py:161} INFO - Started process (PID=180) to work on /home/airflow/.local/lib/python3.12/site-packages/airflow/example_dags/example_subdag_operator.py
[2025-10-03T19:15:46.741+0000] {processor.py:830} INFO - Processing file /home/airflow/.local/lib/python3.12/site-packages/airflow/example_dags/example_subdag_operator.py for tasks to queue
[2025-10-03T19:15:46.743+0000] {logging_mixin.py:188} INFO - [2025-10-03T19:15:46.742+0000] {dagbag.py:545} INFO - Filling up the DagBag from /home/airflow/.local/lib/python3.12/site-packages/airflow/example_dags/example_subdag_operator.py
[2025-10-03T19:15:46.769+0000] {processor.py:840} INFO - DAG(s) 'example_subdag_operator.section-1', 'example_subdag_operator.section-2', 'example_subdag_operator' retrieved from /home/airflow/.local/lib/python3.12/site-packages/airflow/example_dags/example_subdag_operator.py
[2025-10-03T19:15:46.788+0000] {logging_mixin.py:188} INFO - [2025-10-03T19:15:46.787+0000] {dag.py:3096} INFO - Sync 3 DAGs
[2025-10-03T19:15:46.814+0000] {logging_mixin.py:188} INFO - [2025-10-03T19:15:46.813+0000] {dag.py:3954} INFO - Setting next_dagrun for example_subdag_operator to 2022-01-01 00:00:00+00:00, run_after=2022-01-01 00:00:00+00:00
[2025-10-03T19:15:46.819+0000] {logging_mixin.py:188} INFO - [2025-10-03T19:15:46.818+0000] {dag.py:3954} INFO - Setting next_dagrun for example_subdag_operator.section-1 to None, run_after=None
[2025-10-03T19:15:46.821+0000] {logging_mixin.py:188} INFO - [2025-10-03T19:15:46.820+0000] {dag.py:3954} INFO - Setting next_dagrun for example_subdag_operator.section-2 to None, run_after=None
[2025-10-03T19:15:46.829+0000] {logging_mixin.py:188} INFO - [2025-10-03T19:15:46.829+0000] {dag.py:3096} INFO - Sync 2 DAGs
[2025-10-03T19:15:46.837+0000] {logging_mixin.py:188} INFO - [2025-10-03T19:15:46.836+0000] {dag.py:3954} INFO - Setting next_dagrun for example_subdag_operator.section-1 to None, run_after=None
[2025-10-03T19:15:46.838+0000] {logging_mixin.py:188} INFO - [2025-10-03T19:15:46.837+0000] {dag.py:3954} INFO - Setting next_dagrun for example_subdag_operator.section-2 to None, run_after=None
[2025-10-03T19:15:46.852+0000] {processor.py:183} INFO - Processing /home/airflow/.local/lib/python3.12/site-packages/airflow/example_dags/example_subdag_operator.py took 0.119 seconds
[2025-10-03T19:16:17.312+0000] {processor.py:161} INFO - Started process (PID=236) to work on /home/airflow/.local/lib/python3.12/site-packages/airflow/example_dags/example_subdag_operator.py
[2025-10-03T19:16:17.315+0000] {processor.py:830} INFO - Processing file /home/airflow/.local/lib/python3.12/site-packages/airflow/example_dags/example_subdag_operator.py for tasks to queue
[2025-10-03T19:16:17.317+0000] {logging_mixin.py:188} INFO - [2025-10-03T19:16:17.317+0000] {dagbag.py:545} INFO - Filling up the DagBag from /home/airflow/.local/lib/python3.12/site-packages/airflow/example_dags/example_subdag_operator.py
[2025-10-03T19:16:17.350+0000] {processor.py:840} INFO - DAG(s) 'example_subdag_operator.section-1', 'example_subdag_operator.section-2', 'example_subdag_operator' retrieved from /home/airflow/.local/lib/python3.12/site-packages/airflow/example_dags/example_subdag_operator.py
[2025-10-03T19:16:17.380+0000] {logging_mixin.py:188} INFO - [2025-10-03T19:16:17.379+0000] {dag.py:3096} INFO - Sync 3 DAGs
[2025-10-03T19:16:17.416+0000] {logging_mixin.py:188} INFO - [2025-10-03T19:16:17.416+0000] {dag.py:3954} INFO - Setting next_dagrun for example_subdag_operator to 2022-01-01 00:00:00+00:00, run_after=2022-01-01 00:00:00+00:00
[2025-10-03T19:16:17.424+0000] {logging_mixin.py:188} INFO - [2025-10-03T19:16:17.423+0000] {dag.py:3954} INFO - Setting next_dagrun for example_subdag_operator.section-1 to None, run_after=None
[2025-10-03T19:16:17.427+0000] {logging_mixin.py:188} INFO - [2025-10-03T19:16:17.427+0000] {dag.py:3954} INFO - Setting next_dagrun for example_subdag_operator.section-2 to None, run_after=None
[2025-10-03T19:16:17.442+0000] {logging_mixin.py:188} INFO - [2025-10-03T19:16:17.442+0000] {dag.py:3096} INFO - Sync 2 DAGs
[2025-10-03T19:16:17.453+0000] {logging_mixin.py:188} INFO - [2025-10-03T19:16:17.452+0000] {dag.py:3954} INFO - Setting next_dagrun for example_subdag_operator.section-1 to None, run_after=None
[2025-10-03T19:16:17.454+0000] {logging_mixin.py:188} INFO - [2025-10-03T19:16:17.453+0000] {dag.py:3954} INFO - Setting next_dagrun for example_subdag_operator.section-2 to None, run_after=None
[2025-10-03T19:16:17.471+0000] {processor.py:183} INFO - Processing /home/airflow/.local/lib/python3.12/site-packages/airflow/example_dags/example_subdag_operator.py took 0.168 seconds
[2025-10-03T19:16:47.645+0000] {processor.py:161} INFO - Started process (PID=292) to work on /home/airflow/.local/lib/python3.12/site-packages/airflow/example_dags/example_subdag_operator.py
[2025-10-03T19:16:47.648+0000] {processor.py:830} INFO - Processing file /home/airflow/.local/lib/python3.12/site-packages/airflow/example_dags/example_subdag_operator.py for tasks to queue
[2025-10-03T19:16:47.652+0000] {logging_mixin.py:188} INFO - [2025-10-03T19:16:47.651+0000] {dagbag.py:545} INFO - Filling up the DagBag from /home/airflow/.local/lib/python3.12/site-packages/airflow/example_dags/example_subdag_operator.py
[2025-10-03T19:16:47.702+0000] {processor.py:840} INFO - DAG(s) 'example_subdag_operator.section-1', 'example_subdag_operator.section-2', 'example_subdag_operator' retrieved from /home/airflow/.local/lib/python3.12/site-packages/airflow/example_dags/example_subdag_operator.py
[2025-10-03T19:16:47.732+0000] {logging_mixin.py:188} INFO - [2025-10-03T19:16:47.731+0000] {dag.py:3096} INFO - Sync 3 DAGs
[2025-10-03T19:16:47.768+0000] {logging_mixin.py:188} INFO - [2025-10-03T19:16:47.768+0000] {dag.py:3954} INFO - Setting next_dagrun for example_subdag_operator to 2022-01-01 00:00:00+00:00, run_after=2022-01-01 00:00:00+00:00
[2025-10-03T19:16:47.776+0000] {logging_mixin.py:188} INFO - [2025-10-03T19:16:47.776+0000] {dag.py:3954} INFO - Setting next_dagrun for example_subdag_operator.section-1 to None, run_after=None
[2025-10-03T19:16:47.779+0000] {logging_mixin.py:188} INFO - [2025-10-03T19:16:47.779+0000] {dag.py:3954} INFO - Setting next_dagrun for example_subdag_operator.section-2 to None, run_after=None
[2025-10-03T19:16:47.793+0000] {logging_mixin.py:188} INFO - [2025-10-03T19:16:47.793+0000] {dag.py:3096} INFO - Sync 2 DAGs
[2025-10-03T19:16:47.803+0000] {logging_mixin.py:188} INFO - [2025-10-03T19:16:47.802+0000] {dag.py:3954} INFO - Setting next_dagrun for example_subdag_operator.section-1 to None, run_after=None
[2025-10-03T19:16:47.805+0000] {logging_mixin.py:188} INFO - [2025-10-03T19:16:47.804+0000] {dag.py:3954} INFO - Setting next_dagrun for example_subdag_operator.section-2 to None, run_after=None
[2025-10-03T19:16:47.825+0000] {processor.py:183} INFO - Processing /home/airflow/.local/lib/python3.12/site-packages/airflow/example_dags/example_subdag_operator.py took 0.194 seconds
[2025-10-03T19:17:18.180+0000] {processor.py:161} INFO - Started process (PID=346) to work on /home/airflow/.local/lib/python3.12/site-packages/airflow/example_dags/example_subdag_operator.py
[2025-10-03T19:17:18.182+0000] {processor.py:830} INFO - Processing file /home/airflow/.local/lib/python3.12/site-packages/airflow/example_dags/example_subdag_operator.py for tasks to queue
[2025-10-03T19:17:18.185+0000] {logging_mixin.py:188} INFO - [2025-10-03T19:17:18.184+0000] {dagbag.py:545} INFO - Filling up the DagBag from /home/airflow/.local/lib/python3.12/site-packages/airflow/example_dags/example_subdag_operator.py
[2025-10-03T19:17:18.219+0000] {processor.py:840} INFO - DAG(s) 'example_subdag_operator.section-1', 'example_subdag_operator.section-2', 'example_subdag_operator' retrieved from /home/airflow/.local/lib/python3.12/site-packages/airflow/example_dags/example_subdag_operator.py
[2025-10-03T19:17:18.247+0000] {logging_mixin.py:188} INFO - [2025-10-03T19:17:18.246+0000] {dag.py:3096} INFO - Sync 3 DAGs
[2025-10-03T19:17:18.279+0000] {logging_mixin.py:188} INFO - [2025-10-03T19:17:18.279+0000] {dag.py:3954} INFO - Setting next_dagrun for example_subdag_operator to 2022-01-01 00:00:00+00:00, run_after=2022-01-01 00:00:00+00:00
[2025-10-03T19:17:18.285+0000] {logging_mixin.py:188} INFO - [2025-10-03T19:17:18.284+0000] {dag.py:3954} INFO - Setting next_dagrun for example_subdag_operator.section-1 to None, run_after=None
[2025-10-03T19:17:18.287+0000] {logging_mixin.py:188} INFO - [2025-10-03T19:17:18.287+0000] {dag.py:3954} INFO - Setting next_dagrun for example_subdag_operator.section-2 to None, run_after=None
[2025-10-03T19:17:18.298+0000] {logging_mixin.py:188} INFO - [2025-10-03T19:17:18.297+0000] {dag.py:3096} INFO - Sync 2 DAGs
[2025-10-03T19:17:18.305+0000] {logging_mixin.py:188} INFO - [2025-10-03T19:17:18.304+0000] {dag.py:3954} INFO - Setting next_dagrun for example_subdag_operator.section-1 to None, run_after=None
[2025-10-03T19:17:18.306+0000] {logging_mixin.py:188} INFO - [2025-10-03T19:17:18.305+0000] {dag.py:3954} INFO - Setting next_dagrun for example_subdag_operator.section-2 to None, run_after=None
[2025-10-03T19:17:18.323+0000] {processor.py:183} INFO - Processing /home/airflow/.local/lib/python3.12/site-packages/airflow/example_dags/example_subdag_operator.py took 0.153 seconds
[2025-10-03T19:17:48.813+0000] {processor.py:161} INFO - Started process (PID=405) to work on /home/airflow/.local/lib/python3.12/site-packages/airflow/example_dags/example_subdag_operator.py
[2025-10-03T19:17:48.815+0000] {processor.py:830} INFO - Processing file /home/airflow/.local/lib/python3.12/site-packages/airflow/example_dags/example_subdag_operator.py for tasks to queue
[2025-10-03T19:17:48.819+0000] {logging_mixin.py:188} INFO - [2025-10-03T19:17:48.819+0000] {dagbag.py:545} INFO - Filling up the DagBag from /home/airflow/.local/lib/python3.12/site-packages/airflow/example_dags/example_subdag_operator.py
[2025-10-03T19:17:48.867+0000] {processor.py:840} INFO - DAG(s) 'example_subdag_operator.section-1', 'example_subdag_operator.section-2', 'example_subdag_operator' retrieved from /home/airflow/.local/lib/python3.12/site-packages/airflow/example_dags/example_subdag_operator.py
[2025-10-03T19:17:48.902+0000] {logging_mixin.py:188} INFO - [2025-10-03T19:17:48.902+0000] {dag.py:3096} INFO - Sync 3 DAGs
[2025-10-03T19:17:48.954+0000] {logging_mixin.py:188} INFO - [2025-10-03T19:17:48.953+0000] {dag.py:3954} INFO - Setting next_dagrun for example_subdag_operator to 2022-01-01 00:00:00+00:00, run_after=2022-01-01 00:00:00+00:00
[2025-10-03T19:17:48.961+0000] {logging_mixin.py:188} INFO - [2025-10-03T19:17:48.961+0000] {dag.py:3954} INFO - Setting next_dagrun for example_subdag_operator.section-1 to None, run_after=None
[2025-10-03T19:17:48.964+0000] {logging_mixin.py:188} INFO - [2025-10-03T19:17:48.964+0000] {dag.py:3954} INFO - Setting next_dagrun for example_subdag_operator.section-2 to None, run_after=None
[2025-10-03T19:17:48.980+0000] {logging_mixin.py:188} INFO - [2025-10-03T19:17:48.980+0000] {dag.py:3096} INFO - Sync 2 DAGs
[2025-10-03T19:17:48.990+0000] {logging_mixin.py:188} INFO - [2025-10-03T19:17:48.990+0000] {dag.py:3954} INFO - Setting next_dagrun for example_subdag_operator.section-1 to None, run_after=None
[2025-10-03T19:17:48.992+0000] {logging_mixin.py:188} INFO - [2025-10-03T19:17:48.991+0000] {dag.py:3954} INFO - Setting next_dagrun for example_subdag_operator.section-2 to None, run_after=None
[2025-10-03T19:17:49.017+0000] {processor.py:183} INFO - Processing /home/airflow/.local/lib/python3.12/site-packages/airflow/example_dags/example_subdag_operator.py took 0.215 seconds
[2025-10-03T19:18:19.649+0000] {processor.py:161} INFO - Started process (PID=463) to work on /home/airflow/.local/lib/python3.12/site-packages/airflow/example_dags/example_subdag_operator.py
[2025-10-03T19:18:19.651+0000] {processor.py:830} INFO - Processing file /home/airflow/.local/lib/python3.12/site-packages/airflow/example_dags/example_subdag_operator.py for tasks to queue
[2025-10-03T19:18:19.657+0000] {logging_mixin.py:188} INFO - [2025-10-03T19:18:19.656+0000] {dagbag.py:545} INFO - Filling up the DagBag from /home/airflow/.local/lib/python3.12/site-packages/airflow/example_dags/example_subdag_operator.py
[2025-10-03T19:18:19.691+0000] {processor.py:840} INFO - DAG(s) 'example_subdag_operator.section-1', 'example_subdag_operator.section-2', 'example_subdag_operator' retrieved from /home/airflow/.local/lib/python3.12/site-packages/airflow/example_dags/example_subdag_operator.py
[2025-10-03T19:18:19.712+0000] {logging_mixin.py:188} INFO - [2025-10-03T19:18:19.712+0000] {dag.py:3096} INFO - Sync 3 DAGs
[2025-10-03T19:18:19.742+0000] {logging_mixin.py:188} INFO - [2025-10-03T19:18:19.742+0000] {dag.py:3954} INFO - Setting next_dagrun for example_subdag_operator to 2022-01-01 00:00:00+00:00, run_after=2022-01-01 00:00:00+00:00
[2025-10-03T19:18:19.748+0000] {logging_mixin.py:188} INFO - [2025-10-03T19:18:19.747+0000] {dag.py:3954} INFO - Setting next_dagrun for example_subdag_operator.section-1 to None, run_after=None
[2025-10-03T19:18:19.750+0000] {logging_mixin.py:188} INFO - [2025-10-03T19:18:19.750+0000] {dag.py:3954} INFO - Setting next_dagrun for example_subdag_operator.section-2 to None, run_after=None
[2025-10-03T19:18:19.760+0000] {logging_mixin.py:188} INFO - [2025-10-03T19:18:19.759+0000] {dag.py:3096} INFO - Sync 2 DAGs
[2025-10-03T19:18:19.768+0000] {logging_mixin.py:188} INFO - [2025-10-03T19:18:19.767+0000] {dag.py:3954} INFO - Setting next_dagrun for example_subdag_operator.section-1 to None, run_after=None
[2025-10-03T19:18:19.768+0000] {logging_mixin.py:188} INFO - [2025-10-03T19:18:19.768+0000] {dag.py:3954} INFO - Setting next_dagrun for example_subdag_operator.section-2 to None, run_after=None
[2025-10-03T19:18:19.787+0000] {processor.py:183} INFO - Processing /home/airflow/.local/lib/python3.12/site-packages/airflow/example_dags/example_subdag_operator.py took 0.146 seconds
[2025-10-03T19:18:50.766+0000] {processor.py:161} INFO - Started process (PID=523) to work on /home/airflow/.local/lib/python3.12/site-packages/airflow/example_dags/example_subdag_operator.py
[2025-10-03T19:18:50.768+0000] {processor.py:830} INFO - Processing file /home/airflow/.local/lib/python3.12/site-packages/airflow/example_dags/example_subdag_operator.py for tasks to queue
[2025-10-03T19:18:50.771+0000] {logging_mixin.py:188} INFO - [2025-10-03T19:18:50.770+0000] {dagbag.py:545} INFO - Filling up the DagBag from /home/airflow/.local/lib/python3.12/site-packages/airflow/example_dags/example_subdag_operator.py
[2025-10-03T19:18:50.812+0000] {processor.py:840} INFO - DAG(s) 'example_subdag_operator.section-1', 'example_subdag_operator.section-2', 'example_subdag_operator' retrieved from /home/airflow/.local/lib/python3.12/site-packages/airflow/example_dags/example_subdag_operator.py
[2025-10-03T19:18:50.840+0000] {logging_mixin.py:188} INFO - [2025-10-03T19:18:50.840+0000] {dag.py:3096} INFO - Sync 3 DAGs
[2025-10-03T19:18:50.879+0000] {logging_mixin.py:188} INFO - [2025-10-03T19:18:50.879+0000] {dag.py:3954} INFO - Setting next_dagrun for example_subdag_operator to 2022-01-01 00:00:00+00:00, run_after=2022-01-01 00:00:00+00:00
[2025-10-03T19:18:50.891+0000] {logging_mixin.py:188} INFO - [2025-10-03T19:18:50.891+0000] {dag.py:3954} INFO - Setting next_dagrun for example_subdag_operator.section-1 to None, run_after=None
[2025-10-03T19:18:50.893+0000] {logging_mixin.py:188} INFO - [2025-10-03T19:18:50.893+0000] {dag.py:3954} INFO - Setting next_dagrun for example_subdag_operator.section-2 to None, run_after=None
[2025-10-03T19:18:50.906+0000] {logging_mixin.py:188} INFO - [2025-10-03T19:18:50.906+0000] {dag.py:3096} INFO - Sync 2 DAGs
[2025-10-03T19:18:50.916+0000] {logging_mixin.py:188} INFO - [2025-10-03T19:18:50.915+0000] {dag.py:3954} INFO - Setting next_dagrun for example_subdag_operator.section-1 to None, run_after=None
[2025-10-03T19:18:50.917+0000] {logging_mixin.py:188} INFO - [2025-10-03T19:18:50.917+0000] {dag.py:3954} INFO - Setting next_dagrun for example_subdag_operator.section-2 to None, run_after=None
[2025-10-03T19:18:50.942+0000] {processor.py:183} INFO - Processing /home/airflow/.local/lib/python3.12/site-packages/airflow/example_dags/example_subdag_operator.py took 0.185 seconds
[2025-10-03T19:19:21.135+0000] {processor.py:161} INFO - Started process (PID=580) to work on /home/airflow/.local/lib/python3.12/site-packages/airflow/example_dags/example_subdag_operator.py
[2025-10-03T19:19:21.136+0000] {processor.py:830} INFO - Processing file /home/airflow/.local/lib/python3.12/site-packages/airflow/example_dags/example_subdag_operator.py for tasks to queue
[2025-10-03T19:19:21.139+0000] {logging_mixin.py:188} INFO - [2025-10-03T19:19:21.138+0000] {dagbag.py:545} INFO - Filling up the DagBag from /home/airflow/.local/lib/python3.12/site-packages/airflow/example_dags/example_subdag_operator.py
[2025-10-03T19:19:21.169+0000] {processor.py:840} INFO - DAG(s) 'example_subdag_operator.section-1', 'example_subdag_operator.section-2', 'example_subdag_operator' retrieved from /home/airflow/.local/lib/python3.12/site-packages/airflow/example_dags/example_subdag_operator.py
[2025-10-03T19:19:21.198+0000] {logging_mixin.py:188} INFO - [2025-10-03T19:19:21.198+0000] {dag.py:3096} INFO - Sync 3 DAGs
[2025-10-03T19:19:21.230+0000] {logging_mixin.py:188} INFO - [2025-10-03T19:19:21.229+0000] {dag.py:3954} INFO - Setting next_dagrun for example_subdag_operator to 2022-01-01 00:00:00+00:00, run_after=2022-01-01 00:00:00+00:00
[2025-10-03T19:19:21.235+0000] {logging_mixin.py:188} INFO - [2025-10-03T19:19:21.235+0000] {dag.py:3954} INFO - Setting next_dagrun for example_subdag_operator.section-1 to None, run_after=None
[2025-10-03T19:19:21.239+0000] {logging_mixin.py:188} INFO - [2025-10-03T19:19:21.238+0000] {dag.py:3954} INFO - Setting next_dagrun for example_subdag_operator.section-2 to None, run_after=None
[2025-10-03T19:19:21.250+0000] {logging_mixin.py:188} INFO - [2025-10-03T19:19:21.249+0000] {dag.py:3096} INFO - Sync 2 DAGs
[2025-10-03T19:19:21.257+0000] {logging_mixin.py:188} INFO - [2025-10-03T19:19:21.257+0000] {dag.py:3954} INFO - Setting next_dagrun for example_subdag_operator.section-1 to None, run_after=None
[2025-10-03T19:19:21.258+0000] {logging_mixin.py:188} INFO - [2025-10-03T19:19:21.257+0000] {dag.py:3954} INFO - Setting next_dagrun for example_subdag_operator.section-2 to None, run_after=None
[2025-10-03T19:19:21.275+0000] {processor.py:183} INFO - Processing /home/airflow/.local/lib/python3.12/site-packages/airflow/example_dags/example_subdag_operator.py took 0.148 seconds
[2025-10-03T19:19:51.708+0000] {processor.py:161} INFO - Started process (PID=633) to work on /home/airflow/.local/lib/python3.12/site-packages/airflow/example_dags/example_subdag_operator.py
[2025-10-03T19:19:51.710+0000] {processor.py:830} INFO - Processing file /home/airflow/.local/lib/python3.12/site-packages/airflow/example_dags/example_subdag_operator.py for tasks to queue
[2025-10-03T19:19:51.715+0000] {logging_mixin.py:188} INFO - [2025-10-03T19:19:51.714+0000] {dagbag.py:545} INFO - Filling up the DagBag from /home/airflow/.local/lib/python3.12/site-packages/airflow/example_dags/example_subdag_operator.py
[2025-10-03T19:19:51.761+0000] {processor.py:840} INFO - DAG(s) 'example_subdag_operator.section-1', 'example_subdag_operator.section-2', 'example_subdag_operator' retrieved from /home/airflow/.local/lib/python3.12/site-packages/airflow/example_dags/example_subdag_operator.py
[2025-10-03T19:19:51.784+0000] {logging_mixin.py:188} INFO - [2025-10-03T19:19:51.784+0000] {dag.py:3096} INFO - Sync 3 DAGs
[2025-10-03T19:19:51.819+0000] {logging_mixin.py:188} INFO - [2025-10-03T19:19:51.818+0000] {dag.py:3954} INFO - Setting next_dagrun for example_subdag_operator to 2022-01-01 00:00:00+00:00, run_after=2022-01-01 00:00:00+00:00
[2025-10-03T19:19:51.830+0000] {logging_mixin.py:188} INFO - [2025-10-03T19:19:51.830+0000] {dag.py:3954} INFO - Setting next_dagrun for example_subdag_operator.section-1 to None, run_after=None
[2025-10-03T19:19:51.833+0000] {logging_mixin.py:188} INFO - [2025-10-03T19:19:51.833+0000] {dag.py:3954} INFO - Setting next_dagrun for example_subdag_operator.section-2 to None, run_after=None
[2025-10-03T19:19:51.850+0000] {logging_mixin.py:188} INFO - [2025-10-03T19:19:51.849+0000] {dag.py:3096} INFO - Sync 2 DAGs
[2025-10-03T19:19:51.861+0000] {logging_mixin.py:188} INFO - [2025-10-03T19:19:51.861+0000] {dag.py:3954} INFO - Setting next_dagrun for example_subdag_operator.section-1 to None, run_after=None
[2025-10-03T19:19:51.863+0000] {logging_mixin.py:188} INFO - [2025-10-03T19:19:51.862+0000] {dag.py:3954} INFO - Setting next_dagrun for example_subdag_operator.section-2 to None, run_after=None
[2025-10-03T19:19:51.887+0000] {processor.py:183} INFO - Processing /home/airflow/.local/lib/python3.12/site-packages/airflow/example_dags/example_subdag_operator.py took 0.197 seconds
[2025-10-03T19:20:22.334+0000] {processor.py:161} INFO - Started process (PID=690) to work on /home/airflow/.local/lib/python3.12/site-packages/airflow/example_dags/example_subdag_operator.py
[2025-10-03T19:20:22.335+0000] {processor.py:830} INFO - Processing file /home/airflow/.local/lib/python3.12/site-packages/airflow/example_dags/example_subdag_operator.py for tasks to queue
[2025-10-03T19:20:22.340+0000] {logging_mixin.py:188} INFO - [2025-10-03T19:20:22.339+0000] {dagbag.py:545} INFO - Filling up the DagBag from /home/airflow/.local/lib/python3.12/site-packages/airflow/example_dags/example_subdag_operator.py
[2025-10-03T19:20:22.381+0000] {processor.py:840} INFO - DAG(s) 'example_subdag_operator.section-1', 'example_subdag_operator.section-2', 'example_subdag_operator' retrieved from /home/airflow/.local/lib/python3.12/site-packages/airflow/example_dags/example_subdag_operator.py
[2025-10-03T19:20:22.406+0000] {logging_mixin.py:188} INFO - [2025-10-03T19:20:22.405+0000] {dag.py:3096} INFO - Sync 3 DAGs
[2025-10-03T19:20:22.436+0000] {logging_mixin.py:188} INFO - [2025-10-03T19:20:22.436+0000] {dag.py:3954} INFO - Setting next_dagrun for example_subdag_operator to 2022-01-01 00:00:00+00:00, run_after=2022-01-01 00:00:00+00:00
[2025-10-03T19:20:22.442+0000] {logging_mixin.py:188} INFO - [2025-10-03T19:20:22.442+0000] {dag.py:3954} INFO - Setting next_dagrun for example_subdag_operator.section-1 to None, run_after=None
[2025-10-03T19:20:22.444+0000] {logging_mixin.py:188} INFO - [2025-10-03T19:20:22.444+0000] {dag.py:3954} INFO - Setting next_dagrun for example_subdag_operator.section-2 to None, run_after=None
[2025-10-03T19:20:22.454+0000] {logging_mixin.py:188} INFO - [2025-10-03T19:20:22.454+0000] {dag.py:3096} INFO - Sync 2 DAGs
[2025-10-03T19:20:22.461+0000] {logging_mixin.py:188} INFO - [2025-10-03T19:20:22.461+0000] {dag.py:3954} INFO - Setting next_dagrun for example_subdag_operator.section-1 to None, run_after=None
[2025-10-03T19:20:22.463+0000] {logging_mixin.py:188} INFO - [2025-10-03T19:20:22.463+0000] {dag.py:3954} INFO - Setting next_dagrun for example_subdag_operator.section-2 to None, run_after=None
[2025-10-03T19:20:22.479+0000] {processor.py:183} INFO - Processing /home/airflow/.local/lib/python3.12/site-packages/airflow/example_dags/example_subdag_operator.py took 0.158 seconds
[2025-10-03T19:20:52.596+0000] {processor.py:161} INFO - Started process (PID=743) to work on /home/airflow/.local/lib/python3.12/site-packages/airflow/example_dags/example_subdag_operator.py
[2025-10-03T19:20:52.598+0000] {processor.py:830} INFO - Processing file /home/airflow/.local/lib/python3.12/site-packages/airflow/example_dags/example_subdag_operator.py for tasks to queue
[2025-10-03T19:20:52.603+0000] {logging_mixin.py:188} INFO - [2025-10-03T19:20:52.602+0000] {dagbag.py:545} INFO - Filling up the DagBag from /home/airflow/.local/lib/python3.12/site-packages/airflow/example_dags/example_subdag_operator.py
[2025-10-03T19:20:52.652+0000] {processor.py:840} INFO - DAG(s) 'example_subdag_operator.section-1', 'example_subdag_operator.section-2', 'example_subdag_operator' retrieved from /home/airflow/.local/lib/python3.12/site-packages/airflow/example_dags/example_subdag_operator.py
[2025-10-03T19:20:52.677+0000] {logging_mixin.py:188} INFO - [2025-10-03T19:20:52.677+0000] {dag.py:3096} INFO - Sync 3 DAGs
[2025-10-03T19:20:52.712+0000] {logging_mixin.py:188} INFO - [2025-10-03T19:20:52.712+0000] {dag.py:3954} INFO - Setting next_dagrun for example_subdag_operator to 2022-01-01 00:00:00+00:00, run_after=2022-01-01 00:00:00+00:00
[2025-10-03T19:20:52.720+0000] {logging_mixin.py:188} INFO - [2025-10-03T19:20:52.720+0000] {dag.py:3954} INFO - Setting next_dagrun for example_subdag_operator.section-1 to None, run_after=None
[2025-10-03T19:20:52.722+0000] {logging_mixin.py:188} INFO - [2025-10-03T19:20:52.722+0000] {dag.py:3954} INFO - Setting next_dagrun for example_subdag_operator.section-2 to None, run_after=None
[2025-10-03T19:20:52.733+0000] {logging_mixin.py:188} INFO - [2025-10-03T19:20:52.733+0000] {dag.py:3096} INFO - Sync 2 DAGs
[2025-10-03T19:20:52.741+0000] {logging_mixin.py:188} INFO - [2025-10-03T19:20:52.741+0000] {dag.py:3954} INFO - Setting next_dagrun for example_subdag_operator.section-1 to None, run_after=None
[2025-10-03T19:20:52.742+0000] {logging_mixin.py:188} INFO - [2025-10-03T19:20:52.742+0000] {dag.py:3954} INFO - Setting next_dagrun for example_subdag_operator.section-2 to None, run_after=None
[2025-10-03T19:20:52.760+0000] {processor.py:183} INFO - Processing /home/airflow/.local/lib/python3.12/site-packages/airflow/example_dags/example_subdag_operator.py took 0.178 seconds
[2025-10-03T19:21:22.817+0000] {processor.py:161} INFO - Started process (PID=801) to work on /home/airflow/.local/lib/python3.12/site-packages/airflow/example_dags/example_subdag_operator.py
[2025-10-03T19:21:22.818+0000] {processor.py:830} INFO - Processing file /home/airflow/.local/lib/python3.12/site-packages/airflow/example_dags/example_subdag_operator.py for tasks to queue
[2025-10-03T19:21:22.821+0000] {logging_mixin.py:188} INFO - [2025-10-03T19:21:22.820+0000] {dagbag.py:545} INFO - Filling up the DagBag from /home/airflow/.local/lib/python3.12/site-packages/airflow/example_dags/example_subdag_operator.py
[2025-10-03T19:21:22.852+0000] {processor.py:840} INFO - DAG(s) 'example_subdag_operator.section-1', 'example_subdag_operator.section-2', 'example_subdag_operator' retrieved from /home/airflow/.local/lib/python3.12/site-packages/airflow/example_dags/example_subdag_operator.py
[2025-10-03T19:21:22.871+0000] {logging_mixin.py:188} INFO - [2025-10-03T19:21:22.870+0000] {dag.py:3096} INFO - Sync 3 DAGs
[2025-10-03T19:21:22.897+0000] {logging_mixin.py:188} INFO - [2025-10-03T19:21:22.897+0000] {dag.py:3954} INFO - Setting next_dagrun for example_subdag_operator to 2022-01-01 00:00:00+00:00, run_after=2022-01-01 00:00:00+00:00
[2025-10-03T19:21:22.902+0000] {logging_mixin.py:188} INFO - [2025-10-03T19:21:22.901+0000] {dag.py:3954} INFO - Setting next_dagrun for example_subdag_operator.section-1 to None, run_after=None
[2025-10-03T19:21:22.903+0000] {logging_mixin.py:188} INFO - [2025-10-03T19:21:22.903+0000] {dag.py:3954} INFO - Setting next_dagrun for example_subdag_operator.section-2 to None, run_after=None
[2025-10-03T19:21:22.912+0000] {logging_mixin.py:188} INFO - [2025-10-03T19:21:22.912+0000] {dag.py:3096} INFO - Sync 2 DAGs
[2025-10-03T19:21:22.917+0000] {logging_mixin.py:188} INFO - [2025-10-03T19:21:22.917+0000] {dag.py:3954} INFO - Setting next_dagrun for example_subdag_operator.section-1 to None, run_after=None
[2025-10-03T19:21:22.918+0000] {logging_mixin.py:188} INFO - [2025-10-03T19:21:22.918+0000] {dag.py:3954} INFO - Setting next_dagrun for example_subdag_operator.section-2 to None, run_after=None
[2025-10-03T19:21:22.932+0000] {processor.py:183} INFO - Processing /home/airflow/.local/lib/python3.12/site-packages/airflow/example_dags/example_subdag_operator.py took 0.124 seconds
[2025-10-03T19:21:53.221+0000] {processor.py:161} INFO - Started process (PID=853) to work on /home/airflow/.local/lib/python3.12/site-packages/airflow/example_dags/example_subdag_operator.py
[2025-10-03T19:21:53.223+0000] {processor.py:830} INFO - Processing file /home/airflow/.local/lib/python3.12/site-packages/airflow/example_dags/example_subdag_operator.py for tasks to queue
[2025-10-03T19:21:53.229+0000] {logging_mixin.py:188} INFO - [2025-10-03T19:21:53.228+0000] {dagbag.py:545} INFO - Filling up the DagBag from /home/airflow/.local/lib/python3.12/site-packages/airflow/example_dags/example_subdag_operator.py
[2025-10-03T19:21:53.265+0000] {processor.py:840} INFO - DAG(s) 'example_subdag_operator.section-1', 'example_subdag_operator.section-2', 'example_subdag_operator' retrieved from /home/airflow/.local/lib/python3.12/site-packages/airflow/example_dags/example_subdag_operator.py
[2025-10-03T19:21:53.286+0000] {logging_mixin.py:188} INFO - [2025-10-03T19:21:53.285+0000] {dag.py:3096} INFO - Sync 3 DAGs
[2025-10-03T19:21:53.316+0000] {logging_mixin.py:188} INFO - [2025-10-03T19:21:53.316+0000] {dag.py:3954} INFO - Setting next_dagrun for example_subdag_operator to 2022-01-01 00:00:00+00:00, run_after=2022-01-01 00:00:00+00:00
[2025-10-03T19:21:53.321+0000] {logging_mixin.py:188} INFO - [2025-10-03T19:21:53.321+0000] {dag.py:3954} INFO - Setting next_dagrun for example_subdag_operator.section-1 to None, run_after=None
[2025-10-03T19:21:53.323+0000] {logging_mixin.py:188} INFO - [2025-10-03T19:21:53.323+0000] {dag.py:3954} INFO - Setting next_dagrun for example_subdag_operator.section-2 to None, run_after=None
[2025-10-03T19:21:53.333+0000] {logging_mixin.py:188} INFO - [2025-10-03T19:21:53.333+0000] {dag.py:3096} INFO - Sync 2 DAGs
[2025-10-03T19:21:53.339+0000] {logging_mixin.py:188} INFO - [2025-10-03T19:21:53.339+0000] {dag.py:3954} INFO - Setting next_dagrun for example_subdag_operator.section-1 to None, run_after=None
[2025-10-03T19:21:53.340+0000] {logging_mixin.py:188} INFO - [2025-10-03T19:21:53.340+0000] {dag.py:3954} INFO - Setting next_dagrun for example_subdag_operator.section-2 to None, run_after=None
[2025-10-03T19:21:53.362+0000] {processor.py:183} INFO - Processing /home/airflow/.local/lib/python3.12/site-packages/airflow/example_dags/example_subdag_operator.py took 0.157 seconds
[2025-10-03T19:22:24.913+0000] {processor.py:161} INFO - Started process (PID=910) to work on /home/airflow/.local/lib/python3.12/site-packages/airflow/example_dags/example_subdag_operator.py
[2025-10-03T19:22:24.914+0000] {processor.py:830} INFO - Processing file /home/airflow/.local/lib/python3.12/site-packages/airflow/example_dags/example_subdag_operator.py for tasks to queue
[2025-10-03T19:22:24.917+0000] {logging_mixin.py:188} INFO - [2025-10-03T19:22:24.916+0000] {dagbag.py:545} INFO - Filling up the DagBag from /home/airflow/.local/lib/python3.12/site-packages/airflow/example_dags/example_subdag_operator.py
[2025-10-03T19:22:24.945+0000] {processor.py:840} INFO - DAG(s) 'example_subdag_operator.section-1', 'example_subdag_operator.section-2', 'example_subdag_operator' retrieved from /home/airflow/.local/lib/python3.12/site-packages/airflow/example_dags/example_subdag_operator.py
[2025-10-03T19:22:24.962+0000] {logging_mixin.py:188} INFO - [2025-10-03T19:22:24.962+0000] {dag.py:3096} INFO - Sync 3 DAGs
[2025-10-03T19:22:24.987+0000] {logging_mixin.py:188} INFO - [2025-10-03T19:22:24.987+0000] {dag.py:3954} INFO - Setting next_dagrun for example_subdag_operator to 2022-01-01 00:00:00+00:00, run_after=2022-01-01 00:00:00+00:00
[2025-10-03T19:22:24.992+0000] {logging_mixin.py:188} INFO - [2025-10-03T19:22:24.991+0000] {dag.py:3954} INFO - Setting next_dagrun for example_subdag_operator.section-1 to None, run_after=None
[2025-10-03T19:22:24.993+0000] {logging_mixin.py:188} INFO - [2025-10-03T19:22:24.993+0000] {dag.py:3954} INFO - Setting next_dagrun for example_subdag_operator.section-2 to None, run_after=None
[2025-10-03T19:22:25.002+0000] {logging_mixin.py:188} INFO - [2025-10-03T19:22:25.002+0000] {dag.py:3096} INFO - Sync 2 DAGs
[2025-10-03T19:22:25.007+0000] {logging_mixin.py:188} INFO - [2025-10-03T19:22:25.007+0000] {dag.py:3954} INFO - Setting next_dagrun for example_subdag_operator.section-1 to None, run_after=None
[2025-10-03T19:22:25.008+0000] {logging_mixin.py:188} INFO - [2025-10-03T19:22:25.008+0000] {dag.py:3954} INFO - Setting next_dagrun for example_subdag_operator.section-2 to None, run_after=None
[2025-10-03T19:22:25.028+0000] {processor.py:183} INFO - Processing /home/airflow/.local/lib/python3.12/site-packages/airflow/example_dags/example_subdag_operator.py took 0.122 seconds
[2025-10-03T19:22:55.481+0000] {processor.py:161} INFO - Started process (PID=963) to work on /home/airflow/.local/lib/python3.12/site-packages/airflow/example_dags/example_subdag_operator.py
[2025-10-03T19:22:55.482+0000] {processor.py:830} INFO - Processing file /home/airflow/.local/lib/python3.12/site-packages/airflow/example_dags/example_subdag_operator.py for tasks to queue
[2025-10-03T19:22:55.485+0000] {logging_mixin.py:188} INFO - [2025-10-03T19:22:55.485+0000] {dagbag.py:545} INFO - Filling up the DagBag from /home/airflow/.local/lib/python3.12/site-packages/airflow/example_dags/example_subdag_operator.py
[2025-10-03T19:22:55.522+0000] {processor.py:840} INFO - DAG(s) 'example_subdag_operator.section-1', 'example_subdag_operator.section-2', 'example_subdag_operator' retrieved from /home/airflow/.local/lib/python3.12/site-packages/airflow/example_dags/example_subdag_operator.py
[2025-10-03T19:22:55.547+0000] {logging_mixin.py:188} INFO - [2025-10-03T19:22:55.546+0000] {dag.py:3096} INFO - Sync 3 DAGs
[2025-10-03T19:22:55.574+0000] {logging_mixin.py:188} INFO - [2025-10-03T19:22:55.574+0000] {dag.py:3954} INFO - Setting next_dagrun for example_subdag_operator to 2022-01-01 00:00:00+00:00, run_after=2022-01-01 00:00:00+00:00
[2025-10-03T19:22:55.580+0000] {logging_mixin.py:188} INFO - [2025-10-03T19:22:55.579+0000] {dag.py:3954} INFO - Setting next_dagrun for example_subdag_operator.section-1 to None, run_after=None
[2025-10-03T19:22:55.582+0000] {logging_mixin.py:188} INFO - [2025-10-03T19:22:55.582+0000] {dag.py:3954} INFO - Setting next_dagrun for example_subdag_operator.section-2 to None, run_after=None
[2025-10-03T19:22:55.591+0000] {logging_mixin.py:188} INFO - [2025-10-03T19:22:55.590+0000] {dag.py:3096} INFO - Sync 2 DAGs
[2025-10-03T19:22:55.597+0000] {logging_mixin.py:188} INFO - [2025-10-03T19:22:55.597+0000] {dag.py:3954} INFO - Setting next_dagrun for example_subdag_operator.section-1 to None, run_after=None
[2025-10-03T19:22:55.598+0000] {logging_mixin.py:188} INFO - [2025-10-03T19:22:55.598+0000] {dag.py:3954} INFO - Setting next_dagrun for example_subdag_operator.section-2 to None, run_after=None
[2025-10-03T19:22:55.616+0000] {processor.py:183} INFO - Processing /home/airflow/.local/lib/python3.12/site-packages/airflow/example_dags/example_subdag_operator.py took 0.144 seconds
[2025-10-03T19:23:26.014+0000] {processor.py:161} INFO - Started process (PID=1020) to work on /home/airflow/.local/lib/python3.12/site-packages/airflow/example_dags/example_subdag_operator.py
[2025-10-03T19:23:26.016+0000] {processor.py:830} INFO - Processing file /home/airflow/.local/lib/python3.12/site-packages/airflow/example_dags/example_subdag_operator.py for tasks to queue
[2025-10-03T19:23:26.018+0000] {logging_mixin.py:188} INFO - [2025-10-03T19:23:26.017+0000] {dagbag.py:545} INFO - Filling up the DagBag from /home/airflow/.local/lib/python3.12/site-packages/airflow/example_dags/example_subdag_operator.py
[2025-10-03T19:23:26.044+0000] {processor.py:840} INFO - DAG(s) 'example_subdag_operator.section-1', 'example_subdag_operator.section-2', 'example_subdag_operator' retrieved from /home/airflow/.local/lib/python3.12/site-packages/airflow/example_dags/example_subdag_operator.py
[2025-10-03T19:23:26.061+0000] {logging_mixin.py:188} INFO - [2025-10-03T19:23:26.061+0000] {dag.py:3096} INFO - Sync 3 DAGs
[2025-10-03T19:23:26.085+0000] {logging_mixin.py:188} INFO - [2025-10-03T19:23:26.085+0000] {dag.py:3954} INFO - Setting next_dagrun for example_subdag_operator to 2022-01-01 00:00:00+00:00, run_after=2022-01-01 00:00:00+00:00
[2025-10-03T19:23:26.090+0000] {logging_mixin.py:188} INFO - [2025-10-03T19:23:26.090+0000] {dag.py:3954} INFO - Setting next_dagrun for example_subdag_operator.section-1 to None, run_after=None
[2025-10-03T19:23:26.092+0000] {logging_mixin.py:188} INFO - [2025-10-03T19:23:26.092+0000] {dag.py:3954} INFO - Setting next_dagrun for example_subdag_operator.section-2 to None, run_after=None
[2025-10-03T19:23:26.100+0000] {logging_mixin.py:188} INFO - [2025-10-03T19:23:26.100+0000] {dag.py:3096} INFO - Sync 2 DAGs
[2025-10-03T19:23:26.106+0000] {logging_mixin.py:188} INFO - [2025-10-03T19:23:26.106+0000] {dag.py:3954} INFO - Setting next_dagrun for example_subdag_operator.section-1 to None, run_after=None
[2025-10-03T19:23:26.107+0000] {logging_mixin.py:188} INFO - [2025-10-03T19:23:26.106+0000] {dag.py:3954} INFO - Setting next_dagrun for example_subdag_operator.section-2 to None, run_after=None
[2025-10-03T19:23:26.120+0000] {processor.py:183} INFO - Processing /home/airflow/.local/lib/python3.12/site-packages/airflow/example_dags/example_subdag_operator.py took 0.111 seconds
[2025-10-03T19:23:57.036+0000] {processor.py:161} INFO - Started process (PID=1073) to work on /home/airflow/.local/lib/python3.12/site-packages/airflow/example_dags/example_subdag_operator.py
[2025-10-03T19:23:57.038+0000] {processor.py:830} INFO - Processing file /home/airflow/.local/lib/python3.12/site-packages/airflow/example_dags/example_subdag_operator.py for tasks to queue
[2025-10-03T19:23:57.040+0000] {logging_mixin.py:188} INFO - [2025-10-03T19:23:57.040+0000] {dagbag.py:545} INFO - Filling up the DagBag from /home/airflow/.local/lib/python3.12/site-packages/airflow/example_dags/example_subdag_operator.py
[2025-10-03T19:23:57.068+0000] {processor.py:840} INFO - DAG(s) 'example_subdag_operator.section-1', 'example_subdag_operator.section-2', 'example_subdag_operator' retrieved from /home/airflow/.local/lib/python3.12/site-packages/airflow/example_dags/example_subdag_operator.py
[2025-10-03T19:23:57.085+0000] {logging_mixin.py:188} INFO - [2025-10-03T19:23:57.085+0000] {dag.py:3096} INFO - Sync 3 DAGs
[2025-10-03T19:23:57.108+0000] {logging_mixin.py:188} INFO - [2025-10-03T19:23:57.107+0000] {dag.py:3954} INFO - Setting next_dagrun for example_subdag_operator to 2022-01-01 00:00:00+00:00, run_after=2022-01-01 00:00:00+00:00
[2025-10-03T19:23:57.113+0000] {logging_mixin.py:188} INFO - [2025-10-03T19:23:57.113+0000] {dag.py:3954} INFO - Setting next_dagrun for example_subdag_operator.section-1 to None, run_after=None
[2025-10-03T19:23:57.115+0000] {logging_mixin.py:188} INFO - [2025-10-03T19:23:57.115+0000] {dag.py:3954} INFO - Setting next_dagrun for example_subdag_operator.section-2 to None, run_after=None
[2025-10-03T19:23:57.123+0000] {logging_mixin.py:188} INFO - [2025-10-03T19:23:57.123+0000] {dag.py:3096} INFO - Sync 2 DAGs
[2025-10-03T19:23:57.129+0000] {logging_mixin.py:188} INFO - [2025-10-03T19:23:57.129+0000] {dag.py:3954} INFO - Setting next_dagrun for example_subdag_operator.section-1 to None, run_after=None
[2025-10-03T19:23:57.130+0000] {logging_mixin.py:188} INFO - [2025-10-03T19:23:57.130+0000] {dag.py:3954} INFO - Setting next_dagrun for example_subdag_operator.section-2 to None, run_after=None
[2025-10-03T19:23:57.142+0000] {processor.py:183} INFO - Processing /home/airflow/.local/lib/python3.12/site-packages/airflow/example_dags/example_subdag_operator.py took 0.115 seconds
[2025-10-03T19:24:27.680+0000] {processor.py:161} INFO - Started process (PID=1130) to work on /home/airflow/.local/lib/python3.12/site-packages/airflow/example_dags/example_subdag_operator.py
[2025-10-03T19:24:27.681+0000] {processor.py:830} INFO - Processing file /home/airflow/.local/lib/python3.12/site-packages/airflow/example_dags/example_subdag_operator.py for tasks to queue
[2025-10-03T19:24:27.684+0000] {logging_mixin.py:188} INFO - [2025-10-03T19:24:27.683+0000] {dagbag.py:545} INFO - Filling up the DagBag from /home/airflow/.local/lib/python3.12/site-packages/airflow/example_dags/example_subdag_operator.py
[2025-10-03T19:24:27.711+0000] {processor.py:840} INFO - DAG(s) 'example_subdag_operator.section-1', 'example_subdag_operator.section-2', 'example_subdag_operator' retrieved from /home/airflow/.local/lib/python3.12/site-packages/airflow/example_dags/example_subdag_operator.py
[2025-10-03T19:24:27.730+0000] {logging_mixin.py:188} INFO - [2025-10-03T19:24:27.730+0000] {dag.py:3096} INFO - Sync 3 DAGs
[2025-10-03T19:24:27.759+0000] {logging_mixin.py:188} INFO - [2025-10-03T19:24:27.759+0000] {dag.py:3954} INFO - Setting next_dagrun for example_subdag_operator to 2022-01-01 00:00:00+00:00, run_after=2022-01-01 00:00:00+00:00
[2025-10-03T19:24:27.766+0000] {logging_mixin.py:188} INFO - [2025-10-03T19:24:27.765+0000] {dag.py:3954} INFO - Setting next_dagrun for example_subdag_operator.section-1 to None, run_after=None
[2025-10-03T19:24:27.768+0000] {logging_mixin.py:188} INFO - [2025-10-03T19:24:27.768+0000] {dag.py:3954} INFO - Setting next_dagrun for example_subdag_operator.section-2 to None, run_after=None
[2025-10-03T19:24:27.781+0000] {logging_mixin.py:188} INFO - [2025-10-03T19:24:27.780+0000] {dag.py:3096} INFO - Sync 2 DAGs
[2025-10-03T19:24:27.788+0000] {logging_mixin.py:188} INFO - [2025-10-03T19:24:27.788+0000] {dag.py:3954} INFO - Setting next_dagrun for example_subdag_operator.section-1 to None, run_after=None
[2025-10-03T19:24:27.789+0000] {logging_mixin.py:188} INFO - [2025-10-03T19:24:27.788+0000] {dag.py:3954} INFO - Setting next_dagrun for example_subdag_operator.section-2 to None, run_after=None
[2025-10-03T19:24:27.805+0000] {processor.py:183} INFO - Processing /home/airflow/.local/lib/python3.12/site-packages/airflow/example_dags/example_subdag_operator.py took 0.132 seconds
[2025-10-03T19:24:58.109+0000] {processor.py:161} INFO - Started process (PID=1183) to work on /home/airflow/.local/lib/python3.12/site-packages/airflow/example_dags/example_subdag_operator.py
[2025-10-03T19:24:58.110+0000] {processor.py:830} INFO - Processing file /home/airflow/.local/lib/python3.12/site-packages/airflow/example_dags/example_subdag_operator.py for tasks to queue
[2025-10-03T19:24:58.112+0000] {logging_mixin.py:188} INFO - [2025-10-03T19:24:58.112+0000] {dagbag.py:545} INFO - Filling up the DagBag from /home/airflow/.local/lib/python3.12/site-packages/airflow/example_dags/example_subdag_operator.py
[2025-10-03T19:24:58.139+0000] {processor.py:840} INFO - DAG(s) 'example_subdag_operator.section-1', 'example_subdag_operator.section-2', 'example_subdag_operator' retrieved from /home/airflow/.local/lib/python3.12/site-packages/airflow/example_dags/example_subdag_operator.py
[2025-10-03T19:24:58.156+0000] {logging_mixin.py:188} INFO - [2025-10-03T19:24:58.156+0000] {dag.py:3096} INFO - Sync 3 DAGs
[2025-10-03T19:24:58.179+0000] {logging_mixin.py:188} INFO - [2025-10-03T19:24:58.179+0000] {dag.py:3954} INFO - Setting next_dagrun for example_subdag_operator to 2022-01-01 00:00:00+00:00, run_after=2022-01-01 00:00:00+00:00
[2025-10-03T19:24:58.184+0000] {logging_mixin.py:188} INFO - [2025-10-03T19:24:58.183+0000] {dag.py:3954} INFO - Setting next_dagrun for example_subdag_operator.section-1 to None, run_after=None
[2025-10-03T19:24:58.185+0000] {logging_mixin.py:188} INFO - [2025-10-03T19:24:58.185+0000] {dag.py:3954} INFO - Setting next_dagrun for example_subdag_operator.section-2 to None, run_after=None
[2025-10-03T19:24:58.194+0000] {logging_mixin.py:188} INFO - [2025-10-03T19:24:58.194+0000] {dag.py:3096} INFO - Sync 2 DAGs
[2025-10-03T19:24:58.200+0000] {logging_mixin.py:188} INFO - [2025-10-03T19:24:58.199+0000] {dag.py:3954} INFO - Setting next_dagrun for example_subdag_operator.section-1 to None, run_after=None
[2025-10-03T19:24:58.201+0000] {logging_mixin.py:188} INFO - [2025-10-03T19:24:58.201+0000] {dag.py:3954} INFO - Setting next_dagrun for example_subdag_operator.section-2 to None, run_after=None
[2025-10-03T19:24:58.215+0000] {processor.py:183} INFO - Processing /home/airflow/.local/lib/python3.12/site-packages/airflow/example_dags/example_subdag_operator.py took 0.113 seconds
[2025-10-03T19:25:28.377+0000] {processor.py:161} INFO - Started process (PID=1240) to work on /home/airflow/.local/lib/python3.12/site-packages/airflow/example_dags/example_subdag_operator.py
[2025-10-03T19:25:28.378+0000] {processor.py:830} INFO - Processing file /home/airflow/.local/lib/python3.12/site-packages/airflow/example_dags/example_subdag_operator.py for tasks to queue
[2025-10-03T19:25:28.381+0000] {logging_mixin.py:188} INFO - [2025-10-03T19:25:28.381+0000] {dagbag.py:545} INFO - Filling up the DagBag from /home/airflow/.local/lib/python3.12/site-packages/airflow/example_dags/example_subdag_operator.py
[2025-10-03T19:25:28.408+0000] {processor.py:840} INFO - DAG(s) 'example_subdag_operator.section-1', 'example_subdag_operator.section-2', 'example_subdag_operator' retrieved from /home/airflow/.local/lib/python3.12/site-packages/airflow/example_dags/example_subdag_operator.py
[2025-10-03T19:25:28.424+0000] {logging_mixin.py:188} INFO - [2025-10-03T19:25:28.424+0000] {dag.py:3096} INFO - Sync 3 DAGs
[2025-10-03T19:25:28.447+0000] {logging_mixin.py:188} INFO - [2025-10-03T19:25:28.447+0000] {dag.py:3954} INFO - Setting next_dagrun for example_subdag_operator to 2022-01-01 00:00:00+00:00, run_after=2022-01-01 00:00:00+00:00
[2025-10-03T19:25:28.452+0000] {logging_mixin.py:188} INFO - [2025-10-03T19:25:28.451+0000] {dag.py:3954} INFO - Setting next_dagrun for example_subdag_operator.section-1 to None, run_after=None
[2025-10-03T19:25:28.453+0000] {logging_mixin.py:188} INFO - [2025-10-03T19:25:28.453+0000] {dag.py:3954} INFO - Setting next_dagrun for example_subdag_operator.section-2 to None, run_after=None
[2025-10-03T19:25:28.460+0000] {logging_mixin.py:188} INFO - [2025-10-03T19:25:28.460+0000] {dag.py:3096} INFO - Sync 2 DAGs
[2025-10-03T19:25:28.466+0000] {logging_mixin.py:188} INFO - [2025-10-03T19:25:28.466+0000] {dag.py:3954} INFO - Setting next_dagrun for example_subdag_operator.section-1 to None, run_after=None
[2025-10-03T19:25:28.467+0000] {logging_mixin.py:188} INFO - [2025-10-03T19:25:28.467+0000] {dag.py:3954} INFO - Setting next_dagrun for example_subdag_operator.section-2 to None, run_after=None
[2025-10-03T19:25:28.481+0000] {processor.py:183} INFO - Processing /home/airflow/.local/lib/python3.12/site-packages/airflow/example_dags/example_subdag_operator.py took 0.110 seconds
