[2025-10-03T19:14:44.130+0000] {processor.py:161} INFO - Started process (PID=80) to work on /home/airflow/.local/lib/python3.12/site-packages/airflow/example_dags/example_short_circuit_operator.py
[2025-10-03T19:14:44.132+0000] {processor.py:830} INFO - Processing file /home/airflow/.local/lib/python3.12/site-packages/airflow/example_dags/example_short_circuit_operator.py for tasks to queue
[2025-10-03T19:14:44.139+0000] {logging_mixin.py:188} INFO - [2025-10-03T19:14:44.138+0000] {dagbag.py:545} INFO - Filling up the DagBag from /home/airflow/.local/lib/python3.12/site-packages/airflow/example_dags/example_short_circuit_operator.py
[2025-10-03T19:14:44.163+0000] {processor.py:840} INFO - DAG(s) 'example_short_circuit_operator' retrieved from /home/airflow/.local/lib/python3.12/site-packages/airflow/example_dags/example_short_circuit_operator.py
[2025-10-03T19:14:44.187+0000] {logging_mixin.py:188} INFO - [2025-10-03T19:14:44.186+0000] {dag.py:3096} INFO - Sync 1 DAGs
[2025-10-03T19:14:44.233+0000] {logging_mixin.py:188} INFO - [2025-10-03T19:14:44.233+0000] {dag.py:3954} INFO - Setting next_dagrun for example_short_circuit_operator to 2025-10-02 00:00:00+00:00, run_after=2025-10-03 00:00:00+00:00
[2025-10-03T19:14:44.274+0000] {processor.py:183} INFO - Processing /home/airflow/.local/lib/python3.12/site-packages/airflow/example_dags/example_short_circuit_operator.py took 0.156 seconds
[2025-10-03T19:15:17.222+0000] {processor.py:161} INFO - Started process (PID=133) to work on /home/airflow/.local/lib/python3.12/site-packages/airflow/example_dags/example_short_circuit_operator.py
[2025-10-03T19:15:17.224+0000] {processor.py:830} INFO - Processing file /home/airflow/.local/lib/python3.12/site-packages/airflow/example_dags/example_short_circuit_operator.py for tasks to queue
[2025-10-03T19:15:17.226+0000] {logging_mixin.py:188} INFO - [2025-10-03T19:15:17.226+0000] {dagbag.py:545} INFO - Filling up the DagBag from /home/airflow/.local/lib/python3.12/site-packages/airflow/example_dags/example_short_circuit_operator.py
[2025-10-03T19:15:17.237+0000] {processor.py:840} INFO - DAG(s) 'example_short_circuit_operator' retrieved from /home/airflow/.local/lib/python3.12/site-packages/airflow/example_dags/example_short_circuit_operator.py
[2025-10-03T19:15:17.382+0000] {logging_mixin.py:188} INFO - [2025-10-03T19:15:17.382+0000] {dag.py:3096} INFO - Sync 1 DAGs
[2025-10-03T19:15:17.408+0000] {logging_mixin.py:188} INFO - [2025-10-03T19:15:17.408+0000] {dag.py:3954} INFO - Setting next_dagrun for example_short_circuit_operator to 2025-10-02 00:00:00+00:00, run_after=2025-10-03 00:00:00+00:00
[2025-10-03T19:15:17.440+0000] {processor.py:183} INFO - Processing /home/airflow/.local/lib/python3.12/site-packages/airflow/example_dags/example_short_circuit_operator.py took 0.226 seconds
[2025-10-03T19:15:47.612+0000] {processor.py:161} INFO - Started process (PID=190) to work on /home/airflow/.local/lib/python3.12/site-packages/airflow/example_dags/example_short_circuit_operator.py
[2025-10-03T19:15:47.614+0000] {processor.py:830} INFO - Processing file /home/airflow/.local/lib/python3.12/site-packages/airflow/example_dags/example_short_circuit_operator.py for tasks to queue
[2025-10-03T19:15:47.617+0000] {logging_mixin.py:188} INFO - [2025-10-03T19:15:47.617+0000] {dagbag.py:545} INFO - Filling up the DagBag from /home/airflow/.local/lib/python3.12/site-packages/airflow/example_dags/example_short_circuit_operator.py
[2025-10-03T19:15:47.628+0000] {processor.py:840} INFO - DAG(s) 'example_short_circuit_operator' retrieved from /home/airflow/.local/lib/python3.12/site-packages/airflow/example_dags/example_short_circuit_operator.py
[2025-10-03T19:15:47.659+0000] {logging_mixin.py:188} INFO - [2025-10-03T19:15:47.659+0000] {dag.py:3096} INFO - Sync 1 DAGs
[2025-10-03T19:15:47.690+0000] {logging_mixin.py:188} INFO - [2025-10-03T19:15:47.689+0000] {dag.py:3954} INFO - Setting next_dagrun for example_short_circuit_operator to 2025-10-02 00:00:00+00:00, run_after=2025-10-03 00:00:00+00:00
[2025-10-03T19:15:47.718+0000] {processor.py:183} INFO - Processing /home/airflow/.local/lib/python3.12/site-packages/airflow/example_dags/example_short_circuit_operator.py took 0.118 seconds
[2025-10-03T19:16:18.410+0000] {processor.py:161} INFO - Started process (PID=246) to work on /home/airflow/.local/lib/python3.12/site-packages/airflow/example_dags/example_short_circuit_operator.py
[2025-10-03T19:16:18.412+0000] {processor.py:830} INFO - Processing file /home/airflow/.local/lib/python3.12/site-packages/airflow/example_dags/example_short_circuit_operator.py for tasks to queue
[2025-10-03T19:16:18.416+0000] {logging_mixin.py:188} INFO - [2025-10-03T19:16:18.415+0000] {dagbag.py:545} INFO - Filling up the DagBag from /home/airflow/.local/lib/python3.12/site-packages/airflow/example_dags/example_short_circuit_operator.py
[2025-10-03T19:16:18.427+0000] {processor.py:840} INFO - DAG(s) 'example_short_circuit_operator' retrieved from /home/airflow/.local/lib/python3.12/site-packages/airflow/example_dags/example_short_circuit_operator.py
[2025-10-03T19:16:18.472+0000] {logging_mixin.py:188} INFO - [2025-10-03T19:16:18.471+0000] {dag.py:3096} INFO - Sync 1 DAGs
[2025-10-03T19:16:18.510+0000] {logging_mixin.py:188} INFO - [2025-10-03T19:16:18.510+0000] {dag.py:3954} INFO - Setting next_dagrun for example_short_circuit_operator to 2025-10-02 00:00:00+00:00, run_after=2025-10-03 00:00:00+00:00
[2025-10-03T19:16:18.545+0000] {processor.py:183} INFO - Processing /home/airflow/.local/lib/python3.12/site-packages/airflow/example_dags/example_short_circuit_operator.py took 0.146 seconds
[2025-10-03T19:16:48.898+0000] {processor.py:161} INFO - Started process (PID=302) to work on /home/airflow/.local/lib/python3.12/site-packages/airflow/example_dags/example_short_circuit_operator.py
[2025-10-03T19:16:48.900+0000] {processor.py:830} INFO - Processing file /home/airflow/.local/lib/python3.12/site-packages/airflow/example_dags/example_short_circuit_operator.py for tasks to queue
[2025-10-03T19:16:48.903+0000] {logging_mixin.py:188} INFO - [2025-10-03T19:16:48.902+0000] {dagbag.py:545} INFO - Filling up the DagBag from /home/airflow/.local/lib/python3.12/site-packages/airflow/example_dags/example_short_circuit_operator.py
[2025-10-03T19:16:48.914+0000] {processor.py:840} INFO - DAG(s) 'example_short_circuit_operator' retrieved from /home/airflow/.local/lib/python3.12/site-packages/airflow/example_dags/example_short_circuit_operator.py
[2025-10-03T19:16:48.947+0000] {logging_mixin.py:188} INFO - [2025-10-03T19:16:48.947+0000] {dag.py:3096} INFO - Sync 1 DAGs
[2025-10-03T19:16:48.976+0000] {logging_mixin.py:188} INFO - [2025-10-03T19:16:48.976+0000] {dag.py:3954} INFO - Setting next_dagrun for example_short_circuit_operator to 2025-10-02 00:00:00+00:00, run_after=2025-10-03 00:00:00+00:00
[2025-10-03T19:16:49.003+0000] {processor.py:183} INFO - Processing /home/airflow/.local/lib/python3.12/site-packages/airflow/example_dags/example_short_circuit_operator.py took 0.113 seconds
[2025-10-03T19:17:19.558+0000] {processor.py:161} INFO - Started process (PID=356) to work on /home/airflow/.local/lib/python3.12/site-packages/airflow/example_dags/example_short_circuit_operator.py
[2025-10-03T19:17:19.560+0000] {processor.py:830} INFO - Processing file /home/airflow/.local/lib/python3.12/site-packages/airflow/example_dags/example_short_circuit_operator.py for tasks to queue
[2025-10-03T19:17:19.563+0000] {logging_mixin.py:188} INFO - [2025-10-03T19:17:19.562+0000] {dagbag.py:545} INFO - Filling up the DagBag from /home/airflow/.local/lib/python3.12/site-packages/airflow/example_dags/example_short_circuit_operator.py
[2025-10-03T19:17:19.574+0000] {processor.py:840} INFO - DAG(s) 'example_short_circuit_operator' retrieved from /home/airflow/.local/lib/python3.12/site-packages/airflow/example_dags/example_short_circuit_operator.py
[2025-10-03T19:17:19.610+0000] {logging_mixin.py:188} INFO - [2025-10-03T19:17:19.609+0000] {dag.py:3096} INFO - Sync 1 DAGs
[2025-10-03T19:17:19.642+0000] {logging_mixin.py:188} INFO - [2025-10-03T19:17:19.641+0000] {dag.py:3954} INFO - Setting next_dagrun for example_short_circuit_operator to 2025-10-02 00:00:00+00:00, run_after=2025-10-03 00:00:00+00:00
[2025-10-03T19:17:19.671+0000] {processor.py:183} INFO - Processing /home/airflow/.local/lib/python3.12/site-packages/airflow/example_dags/example_short_circuit_operator.py took 0.122 seconds
[2025-10-03T19:17:49.946+0000] {processor.py:161} INFO - Started process (PID=415) to work on /home/airflow/.local/lib/python3.12/site-packages/airflow/example_dags/example_short_circuit_operator.py
[2025-10-03T19:17:49.948+0000] {processor.py:830} INFO - Processing file /home/airflow/.local/lib/python3.12/site-packages/airflow/example_dags/example_short_circuit_operator.py for tasks to queue
[2025-10-03T19:17:49.955+0000] {logging_mixin.py:188} INFO - [2025-10-03T19:17:49.954+0000] {dagbag.py:545} INFO - Filling up the DagBag from /home/airflow/.local/lib/python3.12/site-packages/airflow/example_dags/example_short_circuit_operator.py
[2025-10-03T19:17:49.974+0000] {processor.py:840} INFO - DAG(s) 'example_short_circuit_operator' retrieved from /home/airflow/.local/lib/python3.12/site-packages/airflow/example_dags/example_short_circuit_operator.py
[2025-10-03T19:17:50.023+0000] {logging_mixin.py:188} INFO - [2025-10-03T19:17:50.023+0000] {dag.py:3096} INFO - Sync 1 DAGs
[2025-10-03T19:17:50.060+0000] {logging_mixin.py:188} INFO - [2025-10-03T19:17:50.060+0000] {dag.py:3954} INFO - Setting next_dagrun for example_short_circuit_operator to 2025-10-02 00:00:00+00:00, run_after=2025-10-03 00:00:00+00:00
[2025-10-03T19:17:50.103+0000] {processor.py:183} INFO - Processing /home/airflow/.local/lib/python3.12/site-packages/airflow/example_dags/example_short_circuit_operator.py took 0.172 seconds
[2025-10-03T19:18:20.817+0000] {processor.py:161} INFO - Started process (PID=474) to work on /home/airflow/.local/lib/python3.12/site-packages/airflow/example_dags/example_short_circuit_operator.py
[2025-10-03T19:18:20.820+0000] {processor.py:830} INFO - Processing file /home/airflow/.local/lib/python3.12/site-packages/airflow/example_dags/example_short_circuit_operator.py for tasks to queue
[2025-10-03T19:18:20.827+0000] {logging_mixin.py:188} INFO - [2025-10-03T19:18:20.825+0000] {dagbag.py:545} INFO - Filling up the DagBag from /home/airflow/.local/lib/python3.12/site-packages/airflow/example_dags/example_short_circuit_operator.py
[2025-10-03T19:18:20.856+0000] {processor.py:840} INFO - DAG(s) 'example_short_circuit_operator' retrieved from /home/airflow/.local/lib/python3.12/site-packages/airflow/example_dags/example_short_circuit_operator.py
[2025-10-03T19:18:20.918+0000] {logging_mixin.py:188} INFO - [2025-10-03T19:18:20.917+0000] {dag.py:3096} INFO - Sync 1 DAGs
[2025-10-03T19:18:20.960+0000] {logging_mixin.py:188} INFO - [2025-10-03T19:18:20.959+0000] {dag.py:3954} INFO - Setting next_dagrun for example_short_circuit_operator to 2025-10-02 00:00:00+00:00, run_after=2025-10-03 00:00:00+00:00
[2025-10-03T19:18:20.997+0000] {processor.py:183} INFO - Processing /home/airflow/.local/lib/python3.12/site-packages/airflow/example_dags/example_short_circuit_operator.py took 0.204 seconds
[2025-10-03T19:18:52.246+0000] {processor.py:161} INFO - Started process (PID=533) to work on /home/airflow/.local/lib/python3.12/site-packages/airflow/example_dags/example_short_circuit_operator.py
[2025-10-03T19:18:52.247+0000] {processor.py:830} INFO - Processing file /home/airflow/.local/lib/python3.12/site-packages/airflow/example_dags/example_short_circuit_operator.py for tasks to queue
[2025-10-03T19:18:52.251+0000] {logging_mixin.py:188} INFO - [2025-10-03T19:18:52.250+0000] {dagbag.py:545} INFO - Filling up the DagBag from /home/airflow/.local/lib/python3.12/site-packages/airflow/example_dags/example_short_circuit_operator.py
[2025-10-03T19:18:52.263+0000] {processor.py:840} INFO - DAG(s) 'example_short_circuit_operator' retrieved from /home/airflow/.local/lib/python3.12/site-packages/airflow/example_dags/example_short_circuit_operator.py
[2025-10-03T19:18:52.304+0000] {logging_mixin.py:188} INFO - [2025-10-03T19:18:52.303+0000] {dag.py:3096} INFO - Sync 1 DAGs
[2025-10-03T19:18:52.343+0000] {logging_mixin.py:188} INFO - [2025-10-03T19:18:52.342+0000] {dag.py:3954} INFO - Setting next_dagrun for example_short_circuit_operator to 2025-10-02 00:00:00+00:00, run_after=2025-10-03 00:00:00+00:00
[2025-10-03T19:18:52.388+0000] {processor.py:183} INFO - Processing /home/airflow/.local/lib/python3.12/site-packages/airflow/example_dags/example_short_circuit_operator.py took 0.153 seconds
[2025-10-03T19:19:23.019+0000] {processor.py:161} INFO - Started process (PID=590) to work on /home/airflow/.local/lib/python3.12/site-packages/airflow/example_dags/example_short_circuit_operator.py
[2025-10-03T19:19:23.020+0000] {processor.py:830} INFO - Processing file /home/airflow/.local/lib/python3.12/site-packages/airflow/example_dags/example_short_circuit_operator.py for tasks to queue
[2025-10-03T19:19:23.023+0000] {logging_mixin.py:188} INFO - [2025-10-03T19:19:23.023+0000] {dagbag.py:545} INFO - Filling up the DagBag from /home/airflow/.local/lib/python3.12/site-packages/airflow/example_dags/example_short_circuit_operator.py
[2025-10-03T19:19:23.034+0000] {processor.py:840} INFO - DAG(s) 'example_short_circuit_operator' retrieved from /home/airflow/.local/lib/python3.12/site-packages/airflow/example_dags/example_short_circuit_operator.py
[2025-10-03T19:19:23.068+0000] {logging_mixin.py:188} INFO - [2025-10-03T19:19:23.068+0000] {dag.py:3096} INFO - Sync 1 DAGs
[2025-10-03T19:19:23.098+0000] {logging_mixin.py:188} INFO - [2025-10-03T19:19:23.097+0000] {dag.py:3954} INFO - Setting next_dagrun for example_short_circuit_operator to 2025-10-02 00:00:00+00:00, run_after=2025-10-03 00:00:00+00:00
[2025-10-03T19:19:23.125+0000] {processor.py:183} INFO - Processing /home/airflow/.local/lib/python3.12/site-packages/airflow/example_dags/example_short_circuit_operator.py took 0.115 seconds
[2025-10-03T19:19:53.610+0000] {processor.py:161} INFO - Started process (PID=643) to work on /home/airflow/.local/lib/python3.12/site-packages/airflow/example_dags/example_short_circuit_operator.py
[2025-10-03T19:19:53.612+0000] {processor.py:830} INFO - Processing file /home/airflow/.local/lib/python3.12/site-packages/airflow/example_dags/example_short_circuit_operator.py for tasks to queue
[2025-10-03T19:19:53.615+0000] {logging_mixin.py:188} INFO - [2025-10-03T19:19:53.614+0000] {dagbag.py:545} INFO - Filling up the DagBag from /home/airflow/.local/lib/python3.12/site-packages/airflow/example_dags/example_short_circuit_operator.py
[2025-10-03T19:19:53.627+0000] {processor.py:840} INFO - DAG(s) 'example_short_circuit_operator' retrieved from /home/airflow/.local/lib/python3.12/site-packages/airflow/example_dags/example_short_circuit_operator.py
[2025-10-03T19:19:53.663+0000] {logging_mixin.py:188} INFO - [2025-10-03T19:19:53.663+0000] {dag.py:3096} INFO - Sync 1 DAGs
[2025-10-03T19:19:53.698+0000] {logging_mixin.py:188} INFO - [2025-10-03T19:19:53.698+0000] {dag.py:3954} INFO - Setting next_dagrun for example_short_circuit_operator to 2025-10-02 00:00:00+00:00, run_after=2025-10-03 00:00:00+00:00
[2025-10-03T19:19:53.738+0000] {processor.py:183} INFO - Processing /home/airflow/.local/lib/python3.12/site-packages/airflow/example_dags/example_short_circuit_operator.py took 0.138 seconds
[2025-10-03T19:20:24.510+0000] {processor.py:161} INFO - Started process (PID=700) to work on /home/airflow/.local/lib/python3.12/site-packages/airflow/example_dags/example_short_circuit_operator.py
[2025-10-03T19:20:24.512+0000] {processor.py:830} INFO - Processing file /home/airflow/.local/lib/python3.12/site-packages/airflow/example_dags/example_short_circuit_operator.py for tasks to queue
[2025-10-03T19:20:24.515+0000] {logging_mixin.py:188} INFO - [2025-10-03T19:20:24.514+0000] {dagbag.py:545} INFO - Filling up the DagBag from /home/airflow/.local/lib/python3.12/site-packages/airflow/example_dags/example_short_circuit_operator.py
[2025-10-03T19:20:24.526+0000] {processor.py:840} INFO - DAG(s) 'example_short_circuit_operator' retrieved from /home/airflow/.local/lib/python3.12/site-packages/airflow/example_dags/example_short_circuit_operator.py
[2025-10-03T19:20:24.560+0000] {logging_mixin.py:188} INFO - [2025-10-03T19:20:24.559+0000] {dag.py:3096} INFO - Sync 1 DAGs
[2025-10-03T19:20:24.598+0000] {logging_mixin.py:188} INFO - [2025-10-03T19:20:24.598+0000] {dag.py:3954} INFO - Setting next_dagrun for example_short_circuit_operator to 2025-10-02 00:00:00+00:00, run_after=2025-10-03 00:00:00+00:00
[2025-10-03T19:20:24.626+0000] {processor.py:183} INFO - Processing /home/airflow/.local/lib/python3.12/site-packages/airflow/example_dags/example_short_circuit_operator.py took 0.127 seconds
[2025-10-03T19:20:54.893+0000] {processor.py:161} INFO - Started process (PID=753) to work on /home/airflow/.local/lib/python3.12/site-packages/airflow/example_dags/example_short_circuit_operator.py
[2025-10-03T19:20:54.895+0000] {processor.py:830} INFO - Processing file /home/airflow/.local/lib/python3.12/site-packages/airflow/example_dags/example_short_circuit_operator.py for tasks to queue
[2025-10-03T19:20:54.899+0000] {logging_mixin.py:188} INFO - [2025-10-03T19:20:54.898+0000] {dagbag.py:545} INFO - Filling up the DagBag from /home/airflow/.local/lib/python3.12/site-packages/airflow/example_dags/example_short_circuit_operator.py
[2025-10-03T19:20:54.913+0000] {processor.py:840} INFO - DAG(s) 'example_short_circuit_operator' retrieved from /home/airflow/.local/lib/python3.12/site-packages/airflow/example_dags/example_short_circuit_operator.py
[2025-10-03T19:20:54.954+0000] {logging_mixin.py:188} INFO - [2025-10-03T19:20:54.953+0000] {dag.py:3096} INFO - Sync 1 DAGs
[2025-10-03T19:20:54.993+0000] {logging_mixin.py:188} INFO - [2025-10-03T19:20:54.993+0000] {dag.py:3954} INFO - Setting next_dagrun for example_short_circuit_operator to 2025-10-02 00:00:00+00:00, run_after=2025-10-03 00:00:00+00:00
[2025-10-03T19:20:55.038+0000] {processor.py:183} INFO - Processing /home/airflow/.local/lib/python3.12/site-packages/airflow/example_dags/example_short_circuit_operator.py took 0.156 seconds
[2025-10-03T19:21:25.321+0000] {processor.py:161} INFO - Started process (PID=809) to work on /home/airflow/.local/lib/python3.12/site-packages/airflow/example_dags/example_short_circuit_operator.py
[2025-10-03T19:21:25.322+0000] {processor.py:830} INFO - Processing file /home/airflow/.local/lib/python3.12/site-packages/airflow/example_dags/example_short_circuit_operator.py for tasks to queue
[2025-10-03T19:21:25.325+0000] {logging_mixin.py:188} INFO - [2025-10-03T19:21:25.324+0000] {dagbag.py:545} INFO - Filling up the DagBag from /home/airflow/.local/lib/python3.12/site-packages/airflow/example_dags/example_short_circuit_operator.py
[2025-10-03T19:21:25.335+0000] {processor.py:840} INFO - DAG(s) 'example_short_circuit_operator' retrieved from /home/airflow/.local/lib/python3.12/site-packages/airflow/example_dags/example_short_circuit_operator.py
[2025-10-03T19:21:25.369+0000] {logging_mixin.py:188} INFO - [2025-10-03T19:21:25.369+0000] {dag.py:3096} INFO - Sync 1 DAGs
[2025-10-03T19:21:25.397+0000] {logging_mixin.py:188} INFO - [2025-10-03T19:21:25.396+0000] {dag.py:3954} INFO - Setting next_dagrun for example_short_circuit_operator to 2025-10-02 00:00:00+00:00, run_after=2025-10-03 00:00:00+00:00
[2025-10-03T19:21:25.421+0000] {processor.py:183} INFO - Processing /home/airflow/.local/lib/python3.12/site-packages/airflow/example_dags/example_short_circuit_operator.py took 0.109 seconds
[2025-10-03T19:21:56.030+0000] {processor.py:161} INFO - Started process (PID=863) to work on /home/airflow/.local/lib/python3.12/site-packages/airflow/example_dags/example_short_circuit_operator.py
[2025-10-03T19:21:56.031+0000] {processor.py:830} INFO - Processing file /home/airflow/.local/lib/python3.12/site-packages/airflow/example_dags/example_short_circuit_operator.py for tasks to queue
[2025-10-03T19:21:56.034+0000] {logging_mixin.py:188} INFO - [2025-10-03T19:21:56.033+0000] {dagbag.py:545} INFO - Filling up the DagBag from /home/airflow/.local/lib/python3.12/site-packages/airflow/example_dags/example_short_circuit_operator.py
[2025-10-03T19:21:56.043+0000] {processor.py:840} INFO - DAG(s) 'example_short_circuit_operator' retrieved from /home/airflow/.local/lib/python3.12/site-packages/airflow/example_dags/example_short_circuit_operator.py
[2025-10-03T19:21:56.071+0000] {logging_mixin.py:188} INFO - [2025-10-03T19:21:56.071+0000] {dag.py:3096} INFO - Sync 1 DAGs
[2025-10-03T19:21:56.098+0000] {logging_mixin.py:188} INFO - [2025-10-03T19:21:56.098+0000] {dag.py:3954} INFO - Setting next_dagrun for example_short_circuit_operator to 2025-10-02 00:00:00+00:00, run_after=2025-10-03 00:00:00+00:00
[2025-10-03T19:21:56.120+0000] {processor.py:183} INFO - Processing /home/airflow/.local/lib/python3.12/site-packages/airflow/example_dags/example_short_circuit_operator.py took 0.098 seconds
[2025-10-03T19:22:26.696+0000] {processor.py:161} INFO - Started process (PID=920) to work on /home/airflow/.local/lib/python3.12/site-packages/airflow/example_dags/example_short_circuit_operator.py
[2025-10-03T19:22:26.697+0000] {processor.py:830} INFO - Processing file /home/airflow/.local/lib/python3.12/site-packages/airflow/example_dags/example_short_circuit_operator.py for tasks to queue
[2025-10-03T19:22:26.700+0000] {logging_mixin.py:188} INFO - [2025-10-03T19:22:26.699+0000] {dagbag.py:545} INFO - Filling up the DagBag from /home/airflow/.local/lib/python3.12/site-packages/airflow/example_dags/example_short_circuit_operator.py
[2025-10-03T19:22:26.708+0000] {processor.py:840} INFO - DAG(s) 'example_short_circuit_operator' retrieved from /home/airflow/.local/lib/python3.12/site-packages/airflow/example_dags/example_short_circuit_operator.py
[2025-10-03T19:22:26.736+0000] {logging_mixin.py:188} INFO - [2025-10-03T19:22:26.736+0000] {dag.py:3096} INFO - Sync 1 DAGs
[2025-10-03T19:22:26.760+0000] {logging_mixin.py:188} INFO - [2025-10-03T19:22:26.760+0000] {dag.py:3954} INFO - Setting next_dagrun for example_short_circuit_operator to 2025-10-02 00:00:00+00:00, run_after=2025-10-03 00:00:00+00:00
[2025-10-03T19:22:26.781+0000] {processor.py:183} INFO - Processing /home/airflow/.local/lib/python3.12/site-packages/airflow/example_dags/example_short_circuit_operator.py took 0.092 seconds
[2025-10-03T19:22:57.316+0000] {processor.py:161} INFO - Started process (PID=973) to work on /home/airflow/.local/lib/python3.12/site-packages/airflow/example_dags/example_short_circuit_operator.py
[2025-10-03T19:22:57.317+0000] {processor.py:830} INFO - Processing file /home/airflow/.local/lib/python3.12/site-packages/airflow/example_dags/example_short_circuit_operator.py for tasks to queue
[2025-10-03T19:22:57.320+0000] {logging_mixin.py:188} INFO - [2025-10-03T19:22:57.319+0000] {dagbag.py:545} INFO - Filling up the DagBag from /home/airflow/.local/lib/python3.12/site-packages/airflow/example_dags/example_short_circuit_operator.py
[2025-10-03T19:22:57.329+0000] {processor.py:840} INFO - DAG(s) 'example_short_circuit_operator' retrieved from /home/airflow/.local/lib/python3.12/site-packages/airflow/example_dags/example_short_circuit_operator.py
[2025-10-03T19:22:57.356+0000] {logging_mixin.py:188} INFO - [2025-10-03T19:22:57.356+0000] {dag.py:3096} INFO - Sync 1 DAGs
[2025-10-03T19:22:57.381+0000] {logging_mixin.py:188} INFO - [2025-10-03T19:22:57.380+0000] {dag.py:3954} INFO - Setting next_dagrun for example_short_circuit_operator to 2025-10-02 00:00:00+00:00, run_after=2025-10-03 00:00:00+00:00
[2025-10-03T19:22:57.404+0000] {processor.py:183} INFO - Processing /home/airflow/.local/lib/python3.12/site-packages/airflow/example_dags/example_short_circuit_operator.py took 0.095 seconds
[2025-10-03T19:23:27.655+0000] {processor.py:161} INFO - Started process (PID=1030) to work on /home/airflow/.local/lib/python3.12/site-packages/airflow/example_dags/example_short_circuit_operator.py
[2025-10-03T19:23:27.657+0000] {processor.py:830} INFO - Processing file /home/airflow/.local/lib/python3.12/site-packages/airflow/example_dags/example_short_circuit_operator.py for tasks to queue
[2025-10-03T19:23:27.659+0000] {logging_mixin.py:188} INFO - [2025-10-03T19:23:27.659+0000] {dagbag.py:545} INFO - Filling up the DagBag from /home/airflow/.local/lib/python3.12/site-packages/airflow/example_dags/example_short_circuit_operator.py
[2025-10-03T19:23:27.667+0000] {processor.py:840} INFO - DAG(s) 'example_short_circuit_operator' retrieved from /home/airflow/.local/lib/python3.12/site-packages/airflow/example_dags/example_short_circuit_operator.py
[2025-10-03T19:23:27.695+0000] {logging_mixin.py:188} INFO - [2025-10-03T19:23:27.695+0000] {dag.py:3096} INFO - Sync 1 DAGs
[2025-10-03T19:23:27.720+0000] {logging_mixin.py:188} INFO - [2025-10-03T19:23:27.720+0000] {dag.py:3954} INFO - Setting next_dagrun for example_short_circuit_operator to 2025-10-02 00:00:00+00:00, run_after=2025-10-03 00:00:00+00:00
[2025-10-03T19:23:27.741+0000] {processor.py:183} INFO - Processing /home/airflow/.local/lib/python3.12/site-packages/airflow/example_dags/example_short_circuit_operator.py took 0.092 seconds
[2025-10-03T19:23:58.676+0000] {processor.py:161} INFO - Started process (PID=1083) to work on /home/airflow/.local/lib/python3.12/site-packages/airflow/example_dags/example_short_circuit_operator.py
[2025-10-03T19:23:58.677+0000] {processor.py:830} INFO - Processing file /home/airflow/.local/lib/python3.12/site-packages/airflow/example_dags/example_short_circuit_operator.py for tasks to queue
[2025-10-03T19:23:58.680+0000] {logging_mixin.py:188} INFO - [2025-10-03T19:23:58.679+0000] {dagbag.py:545} INFO - Filling up the DagBag from /home/airflow/.local/lib/python3.12/site-packages/airflow/example_dags/example_short_circuit_operator.py
[2025-10-03T19:23:58.688+0000] {processor.py:840} INFO - DAG(s) 'example_short_circuit_operator' retrieved from /home/airflow/.local/lib/python3.12/site-packages/airflow/example_dags/example_short_circuit_operator.py
[2025-10-03T19:23:58.715+0000] {logging_mixin.py:188} INFO - [2025-10-03T19:23:58.715+0000] {dag.py:3096} INFO - Sync 1 DAGs
[2025-10-03T19:23:58.738+0000] {logging_mixin.py:188} INFO - [2025-10-03T19:23:58.738+0000] {dag.py:3954} INFO - Setting next_dagrun for example_short_circuit_operator to 2025-10-02 00:00:00+00:00, run_after=2025-10-03 00:00:00+00:00
[2025-10-03T19:23:58.761+0000] {processor.py:183} INFO - Processing /home/airflow/.local/lib/python3.12/site-packages/airflow/example_dags/example_short_circuit_operator.py took 0.091 seconds
[2025-10-03T19:24:29.442+0000] {processor.py:161} INFO - Started process (PID=1140) to work on /home/airflow/.local/lib/python3.12/site-packages/airflow/example_dags/example_short_circuit_operator.py
[2025-10-03T19:24:29.443+0000] {processor.py:830} INFO - Processing file /home/airflow/.local/lib/python3.12/site-packages/airflow/example_dags/example_short_circuit_operator.py for tasks to queue
[2025-10-03T19:24:29.446+0000] {logging_mixin.py:188} INFO - [2025-10-03T19:24:29.446+0000] {dagbag.py:545} INFO - Filling up the DagBag from /home/airflow/.local/lib/python3.12/site-packages/airflow/example_dags/example_short_circuit_operator.py
[2025-10-03T19:24:29.456+0000] {processor.py:840} INFO - DAG(s) 'example_short_circuit_operator' retrieved from /home/airflow/.local/lib/python3.12/site-packages/airflow/example_dags/example_short_circuit_operator.py
[2025-10-03T19:24:29.483+0000] {logging_mixin.py:188} INFO - [2025-10-03T19:24:29.482+0000] {dag.py:3096} INFO - Sync 1 DAGs
[2025-10-03T19:24:29.508+0000] {logging_mixin.py:188} INFO - [2025-10-03T19:24:29.507+0000] {dag.py:3954} INFO - Setting next_dagrun for example_short_circuit_operator to 2025-10-02 00:00:00+00:00, run_after=2025-10-03 00:00:00+00:00
[2025-10-03T19:24:29.531+0000] {processor.py:183} INFO - Processing /home/airflow/.local/lib/python3.12/site-packages/airflow/example_dags/example_short_circuit_operator.py took 0.097 seconds
[2025-10-03T19:24:59.783+0000] {processor.py:161} INFO - Started process (PID=1193) to work on /home/airflow/.local/lib/python3.12/site-packages/airflow/example_dags/example_short_circuit_operator.py
[2025-10-03T19:24:59.784+0000] {processor.py:830} INFO - Processing file /home/airflow/.local/lib/python3.12/site-packages/airflow/example_dags/example_short_circuit_operator.py for tasks to queue
[2025-10-03T19:24:59.787+0000] {logging_mixin.py:188} INFO - [2025-10-03T19:24:59.786+0000] {dagbag.py:545} INFO - Filling up the DagBag from /home/airflow/.local/lib/python3.12/site-packages/airflow/example_dags/example_short_circuit_operator.py
[2025-10-03T19:24:59.796+0000] {processor.py:840} INFO - DAG(s) 'example_short_circuit_operator' retrieved from /home/airflow/.local/lib/python3.12/site-packages/airflow/example_dags/example_short_circuit_operator.py
[2025-10-03T19:24:59.826+0000] {logging_mixin.py:188} INFO - [2025-10-03T19:24:59.825+0000] {dag.py:3096} INFO - Sync 1 DAGs
[2025-10-03T19:24:59.855+0000] {logging_mixin.py:188} INFO - [2025-10-03T19:24:59.854+0000] {dag.py:3954} INFO - Setting next_dagrun for example_short_circuit_operator to 2025-10-02 00:00:00+00:00, run_after=2025-10-03 00:00:00+00:00
[2025-10-03T19:24:59.879+0000] {processor.py:183} INFO - Processing /home/airflow/.local/lib/python3.12/site-packages/airflow/example_dags/example_short_circuit_operator.py took 0.104 seconds
[2025-10-03T19:25:30.085+0000] {processor.py:161} INFO - Started process (PID=1250) to work on /home/airflow/.local/lib/python3.12/site-packages/airflow/example_dags/example_short_circuit_operator.py
[2025-10-03T19:25:30.086+0000] {processor.py:830} INFO - Processing file /home/airflow/.local/lib/python3.12/site-packages/airflow/example_dags/example_short_circuit_operator.py for tasks to queue
[2025-10-03T19:25:30.088+0000] {logging_mixin.py:188} INFO - [2025-10-03T19:25:30.088+0000] {dagbag.py:545} INFO - Filling up the DagBag from /home/airflow/.local/lib/python3.12/site-packages/airflow/example_dags/example_short_circuit_operator.py
[2025-10-03T19:25:30.097+0000] {processor.py:840} INFO - DAG(s) 'example_short_circuit_operator' retrieved from /home/airflow/.local/lib/python3.12/site-packages/airflow/example_dags/example_short_circuit_operator.py
[2025-10-03T19:25:30.123+0000] {logging_mixin.py:188} INFO - [2025-10-03T19:25:30.123+0000] {dag.py:3096} INFO - Sync 1 DAGs
[2025-10-03T19:25:30.147+0000] {logging_mixin.py:188} INFO - [2025-10-03T19:25:30.146+0000] {dag.py:3954} INFO - Setting next_dagrun for example_short_circuit_operator to 2025-10-02 00:00:00+00:00, run_after=2025-10-03 00:00:00+00:00
[2025-10-03T19:25:30.171+0000] {processor.py:183} INFO - Processing /home/airflow/.local/lib/python3.12/site-packages/airflow/example_dags/example_short_circuit_operator.py took 0.093 seconds
