[2025-10-03T19:14:37.724+0000] {processor.py:161} INFO - Started process (PID=36) to work on /home/airflow/.local/lib/python3.12/site-packages/airflow/example_dags/example_task_group_decorator.py
[2025-10-03T19:14:37.727+0000] {processor.py:830} INFO - Processing file /home/airflow/.local/lib/python3.12/site-packages/airflow/example_dags/example_task_group_decorator.py for tasks to queue
[2025-10-03T19:14:37.732+0000] {logging_mixin.py:188} INFO - [2025-10-03T19:14:37.731+0000] {dagbag.py:545} INFO - Filling up the DagBag from /home/airflow/.local/lib/python3.12/site-packages/airflow/example_dags/example_task_group_decorator.py
[2025-10-03T19:14:37.784+0000] {processor.py:840} INFO - DAG(s) 'example_task_group_decorator' retrieved from /home/airflow/.local/lib/python3.12/site-packages/airflow/example_dags/example_task_group_decorator.py
[2025-10-03T19:14:37.869+0000] {logging_mixin.py:188} INFO - [2025-10-03T19:14:37.869+0000] {dag.py:3096} INFO - Sync 1 DAGs
[2025-10-03T19:14:37.988+0000] {logging_mixin.py:188} INFO - [2025-10-03T19:14:37.987+0000] {dag.py:3954} INFO - Setting next_dagrun for example_task_group_decorator to 2025-10-02 00:00:00+00:00, run_after=2025-10-03 00:00:00+00:00
[2025-10-03T19:14:38.059+0000] {processor.py:183} INFO - Processing /home/airflow/.local/lib/python3.12/site-packages/airflow/example_dags/example_task_group_decorator.py took 0.352 seconds
[2025-10-03T19:15:08.328+0000] {processor.py:161} INFO - Started process (PID=89) to work on /home/airflow/.local/lib/python3.12/site-packages/airflow/example_dags/example_task_group_decorator.py
[2025-10-03T19:15:08.330+0000] {processor.py:830} INFO - Processing file /home/airflow/.local/lib/python3.12/site-packages/airflow/example_dags/example_task_group_decorator.py for tasks to queue
[2025-10-03T19:15:08.334+0000] {logging_mixin.py:188} INFO - [2025-10-03T19:15:08.333+0000] {dagbag.py:545} INFO - Filling up the DagBag from /home/airflow/.local/lib/python3.12/site-packages/airflow/example_dags/example_task_group_decorator.py
[2025-10-03T19:15:08.363+0000] {processor.py:840} INFO - DAG(s) 'example_task_group_decorator' retrieved from /home/airflow/.local/lib/python3.12/site-packages/airflow/example_dags/example_task_group_decorator.py
[2025-10-03T19:15:08.570+0000] {logging_mixin.py:188} INFO - [2025-10-03T19:15:08.570+0000] {dag.py:3096} INFO - Sync 1 DAGs
[2025-10-03T19:15:08.601+0000] {logging_mixin.py:188} INFO - [2025-10-03T19:15:08.600+0000] {dag.py:3954} INFO - Setting next_dagrun for example_task_group_decorator to 2025-10-02 00:00:00+00:00, run_after=2025-10-03 00:00:00+00:00
[2025-10-03T19:15:08.631+0000] {processor.py:183} INFO - Processing /home/airflow/.local/lib/python3.12/site-packages/airflow/example_dags/example_task_group_decorator.py took 0.315 seconds
[2025-10-03T19:15:38.962+0000] {processor.py:161} INFO - Started process (PID=146) to work on /home/airflow/.local/lib/python3.12/site-packages/airflow/example_dags/example_task_group_decorator.py
[2025-10-03T19:15:38.963+0000] {processor.py:830} INFO - Processing file /home/airflow/.local/lib/python3.12/site-packages/airflow/example_dags/example_task_group_decorator.py for tasks to queue
[2025-10-03T19:15:38.966+0000] {logging_mixin.py:188} INFO - [2025-10-03T19:15:38.966+0000] {dagbag.py:545} INFO - Filling up the DagBag from /home/airflow/.local/lib/python3.12/site-packages/airflow/example_dags/example_task_group_decorator.py
[2025-10-03T19:15:38.983+0000] {processor.py:840} INFO - DAG(s) 'example_task_group_decorator' retrieved from /home/airflow/.local/lib/python3.12/site-packages/airflow/example_dags/example_task_group_decorator.py
[2025-10-03T19:15:39.015+0000] {logging_mixin.py:188} INFO - [2025-10-03T19:15:39.015+0000] {dag.py:3096} INFO - Sync 1 DAGs
[2025-10-03T19:15:39.042+0000] {logging_mixin.py:188} INFO - [2025-10-03T19:15:39.041+0000] {dag.py:3954} INFO - Setting next_dagrun for example_task_group_decorator to 2025-10-02 00:00:00+00:00, run_after=2025-10-03 00:00:00+00:00
[2025-10-03T19:15:39.063+0000] {processor.py:183} INFO - Processing /home/airflow/.local/lib/python3.12/site-packages/airflow/example_dags/example_task_group_decorator.py took 0.107 seconds
[2025-10-03T19:16:09.486+0000] {processor.py:161} INFO - Started process (PID=201) to work on /home/airflow/.local/lib/python3.12/site-packages/airflow/example_dags/example_task_group_decorator.py
[2025-10-03T19:16:09.487+0000] {processor.py:830} INFO - Processing file /home/airflow/.local/lib/python3.12/site-packages/airflow/example_dags/example_task_group_decorator.py for tasks to queue
[2025-10-03T19:16:09.490+0000] {logging_mixin.py:188} INFO - [2025-10-03T19:16:09.489+0000] {dagbag.py:545} INFO - Filling up the DagBag from /home/airflow/.local/lib/python3.12/site-packages/airflow/example_dags/example_task_group_decorator.py
[2025-10-03T19:16:09.506+0000] {processor.py:840} INFO - DAG(s) 'example_task_group_decorator' retrieved from /home/airflow/.local/lib/python3.12/site-packages/airflow/example_dags/example_task_group_decorator.py
[2025-10-03T19:16:09.540+0000] {logging_mixin.py:188} INFO - [2025-10-03T19:16:09.540+0000] {dag.py:3096} INFO - Sync 1 DAGs
[2025-10-03T19:16:09.577+0000] {logging_mixin.py:188} INFO - [2025-10-03T19:16:09.577+0000] {dag.py:3954} INFO - Setting next_dagrun for example_task_group_decorator to 2025-10-02 00:00:00+00:00, run_after=2025-10-03 00:00:00+00:00
[2025-10-03T19:16:09.606+0000] {processor.py:183} INFO - Processing /home/airflow/.local/lib/python3.12/site-packages/airflow/example_dags/example_task_group_decorator.py took 0.128 seconds
[2025-10-03T19:16:39.936+0000] {processor.py:161} INFO - Started process (PID=257) to work on /home/airflow/.local/lib/python3.12/site-packages/airflow/example_dags/example_task_group_decorator.py
[2025-10-03T19:16:39.938+0000] {processor.py:830} INFO - Processing file /home/airflow/.local/lib/python3.12/site-packages/airflow/example_dags/example_task_group_decorator.py for tasks to queue
[2025-10-03T19:16:39.942+0000] {logging_mixin.py:188} INFO - [2025-10-03T19:16:39.942+0000] {dagbag.py:545} INFO - Filling up the DagBag from /home/airflow/.local/lib/python3.12/site-packages/airflow/example_dags/example_task_group_decorator.py
[2025-10-03T19:16:39.963+0000] {processor.py:840} INFO - DAG(s) 'example_task_group_decorator' retrieved from /home/airflow/.local/lib/python3.12/site-packages/airflow/example_dags/example_task_group_decorator.py
[2025-10-03T19:16:39.998+0000] {logging_mixin.py:188} INFO - [2025-10-03T19:16:39.998+0000] {dag.py:3096} INFO - Sync 1 DAGs
[2025-10-03T19:16:40.035+0000] {logging_mixin.py:188} INFO - [2025-10-03T19:16:40.034+0000] {dag.py:3954} INFO - Setting next_dagrun for example_task_group_decorator to 2025-10-02 00:00:00+00:00, run_after=2025-10-03 00:00:00+00:00
[2025-10-03T19:16:40.063+0000] {processor.py:183} INFO - Processing /home/airflow/.local/lib/python3.12/site-packages/airflow/example_dags/example_task_group_decorator.py took 0.135 seconds
[2025-10-03T19:17:10.526+0000] {processor.py:161} INFO - Started process (PID=312) to work on /home/airflow/.local/lib/python3.12/site-packages/airflow/example_dags/example_task_group_decorator.py
[2025-10-03T19:17:10.528+0000] {processor.py:830} INFO - Processing file /home/airflow/.local/lib/python3.12/site-packages/airflow/example_dags/example_task_group_decorator.py for tasks to queue
[2025-10-03T19:17:10.531+0000] {logging_mixin.py:188} INFO - [2025-10-03T19:17:10.531+0000] {dagbag.py:545} INFO - Filling up the DagBag from /home/airflow/.local/lib/python3.12/site-packages/airflow/example_dags/example_task_group_decorator.py
[2025-10-03T19:17:10.551+0000] {processor.py:840} INFO - DAG(s) 'example_task_group_decorator' retrieved from /home/airflow/.local/lib/python3.12/site-packages/airflow/example_dags/example_task_group_decorator.py
[2025-10-03T19:17:10.590+0000] {logging_mixin.py:188} INFO - [2025-10-03T19:17:10.590+0000] {dag.py:3096} INFO - Sync 1 DAGs
[2025-10-03T19:17:10.628+0000] {logging_mixin.py:188} INFO - [2025-10-03T19:17:10.628+0000] {dag.py:3954} INFO - Setting next_dagrun for example_task_group_decorator to 2025-10-02 00:00:00+00:00, run_after=2025-10-03 00:00:00+00:00
[2025-10-03T19:17:10.660+0000] {processor.py:183} INFO - Processing /home/airflow/.local/lib/python3.12/site-packages/airflow/example_dags/example_task_group_decorator.py took 0.143 seconds
[2025-10-03T19:17:41.056+0000] {processor.py:161} INFO - Started process (PID=369) to work on /home/airflow/.local/lib/python3.12/site-packages/airflow/example_dags/example_task_group_decorator.py
[2025-10-03T19:17:41.057+0000] {processor.py:830} INFO - Processing file /home/airflow/.local/lib/python3.12/site-packages/airflow/example_dags/example_task_group_decorator.py for tasks to queue
[2025-10-03T19:17:41.060+0000] {logging_mixin.py:188} INFO - [2025-10-03T19:17:41.060+0000] {dagbag.py:545} INFO - Filling up the DagBag from /home/airflow/.local/lib/python3.12/site-packages/airflow/example_dags/example_task_group_decorator.py
[2025-10-03T19:17:41.083+0000] {processor.py:840} INFO - DAG(s) 'example_task_group_decorator' retrieved from /home/airflow/.local/lib/python3.12/site-packages/airflow/example_dags/example_task_group_decorator.py
[2025-10-03T19:17:41.121+0000] {logging_mixin.py:188} INFO - [2025-10-03T19:17:41.121+0000] {dag.py:3096} INFO - Sync 1 DAGs
[2025-10-03T19:17:41.152+0000] {logging_mixin.py:188} INFO - [2025-10-03T19:17:41.152+0000] {dag.py:3954} INFO - Setting next_dagrun for example_task_group_decorator to 2025-10-02 00:00:00+00:00, run_after=2025-10-03 00:00:00+00:00
[2025-10-03T19:17:41.179+0000] {processor.py:183} INFO - Processing /home/airflow/.local/lib/python3.12/site-packages/airflow/example_dags/example_task_group_decorator.py took 0.132 seconds
[2025-10-03T19:18:11.894+0000] {processor.py:161} INFO - Started process (PID=426) to work on /home/airflow/.local/lib/python3.12/site-packages/airflow/example_dags/example_task_group_decorator.py
[2025-10-03T19:18:11.896+0000] {processor.py:830} INFO - Processing file /home/airflow/.local/lib/python3.12/site-packages/airflow/example_dags/example_task_group_decorator.py for tasks to queue
[2025-10-03T19:18:11.901+0000] {logging_mixin.py:188} INFO - [2025-10-03T19:18:11.900+0000] {dagbag.py:545} INFO - Filling up the DagBag from /home/airflow/.local/lib/python3.12/site-packages/airflow/example_dags/example_task_group_decorator.py
[2025-10-03T19:18:11.952+0000] {processor.py:840} INFO - DAG(s) 'example_task_group_decorator' retrieved from /home/airflow/.local/lib/python3.12/site-packages/airflow/example_dags/example_task_group_decorator.py
[2025-10-03T19:18:12.017+0000] {logging_mixin.py:188} INFO - [2025-10-03T19:18:12.016+0000] {dag.py:3096} INFO - Sync 1 DAGs
[2025-10-03T19:18:12.054+0000] {logging_mixin.py:188} INFO - [2025-10-03T19:18:12.054+0000] {dag.py:3954} INFO - Setting next_dagrun for example_task_group_decorator to 2025-10-02 00:00:00+00:00, run_after=2025-10-03 00:00:00+00:00
[2025-10-03T19:18:12.082+0000] {processor.py:183} INFO - Processing /home/airflow/.local/lib/python3.12/site-packages/airflow/example_dags/example_task_group_decorator.py took 0.208 seconds
[2025-10-03T19:18:42.346+0000] {processor.py:161} INFO - Started process (PID=488) to work on /home/airflow/.local/lib/python3.12/site-packages/airflow/example_dags/example_task_group_decorator.py
[2025-10-03T19:18:42.350+0000] {processor.py:830} INFO - Processing file /home/airflow/.local/lib/python3.12/site-packages/airflow/example_dags/example_task_group_decorator.py for tasks to queue
[2025-10-03T19:18:42.353+0000] {logging_mixin.py:188} INFO - [2025-10-03T19:18:42.353+0000] {dagbag.py:545} INFO - Filling up the DagBag from /home/airflow/.local/lib/python3.12/site-packages/airflow/example_dags/example_task_group_decorator.py
[2025-10-03T19:18:42.384+0000] {processor.py:840} INFO - DAG(s) 'example_task_group_decorator' retrieved from /home/airflow/.local/lib/python3.12/site-packages/airflow/example_dags/example_task_group_decorator.py
[2025-10-03T19:18:42.444+0000] {logging_mixin.py:188} INFO - [2025-10-03T19:18:42.444+0000] {dag.py:3096} INFO - Sync 1 DAGs
[2025-10-03T19:18:42.486+0000] {logging_mixin.py:188} INFO - [2025-10-03T19:18:42.486+0000] {dag.py:3954} INFO - Setting next_dagrun for example_task_group_decorator to 2025-10-02 00:00:00+00:00, run_after=2025-10-03 00:00:00+00:00
[2025-10-03T19:18:42.526+0000] {processor.py:183} INFO - Processing /home/airflow/.local/lib/python3.12/site-packages/airflow/example_dags/example_task_group_decorator.py took 0.191 seconds
[2025-10-03T19:19:12.914+0000] {processor.py:161} INFO - Started process (PID=545) to work on /home/airflow/.local/lib/python3.12/site-packages/airflow/example_dags/example_task_group_decorator.py
[2025-10-03T19:19:12.916+0000] {processor.py:830} INFO - Processing file /home/airflow/.local/lib/python3.12/site-packages/airflow/example_dags/example_task_group_decorator.py for tasks to queue
[2025-10-03T19:19:12.919+0000] {logging_mixin.py:188} INFO - [2025-10-03T19:19:12.919+0000] {dagbag.py:545} INFO - Filling up the DagBag from /home/airflow/.local/lib/python3.12/site-packages/airflow/example_dags/example_task_group_decorator.py
[2025-10-03T19:19:12.938+0000] {processor.py:840} INFO - DAG(s) 'example_task_group_decorator' retrieved from /home/airflow/.local/lib/python3.12/site-packages/airflow/example_dags/example_task_group_decorator.py
[2025-10-03T19:19:12.974+0000] {logging_mixin.py:188} INFO - [2025-10-03T19:19:12.974+0000] {dag.py:3096} INFO - Sync 1 DAGs
[2025-10-03T19:19:13.005+0000] {logging_mixin.py:188} INFO - [2025-10-03T19:19:13.005+0000] {dag.py:3954} INFO - Setting next_dagrun for example_task_group_decorator to 2025-10-02 00:00:00+00:00, run_after=2025-10-03 00:00:00+00:00
[2025-10-03T19:19:13.031+0000] {processor.py:183} INFO - Processing /home/airflow/.local/lib/python3.12/site-packages/airflow/example_dags/example_task_group_decorator.py took 0.124 seconds
[2025-10-03T19:19:43.237+0000] {processor.py:161} INFO - Started process (PID=598) to work on /home/airflow/.local/lib/python3.12/site-packages/airflow/example_dags/example_task_group_decorator.py
[2025-10-03T19:19:43.238+0000] {processor.py:830} INFO - Processing file /home/airflow/.local/lib/python3.12/site-packages/airflow/example_dags/example_task_group_decorator.py for tasks to queue
[2025-10-03T19:19:43.241+0000] {logging_mixin.py:188} INFO - [2025-10-03T19:19:43.240+0000] {dagbag.py:545} INFO - Filling up the DagBag from /home/airflow/.local/lib/python3.12/site-packages/airflow/example_dags/example_task_group_decorator.py
[2025-10-03T19:19:43.259+0000] {processor.py:840} INFO - DAG(s) 'example_task_group_decorator' retrieved from /home/airflow/.local/lib/python3.12/site-packages/airflow/example_dags/example_task_group_decorator.py
[2025-10-03T19:19:43.299+0000] {logging_mixin.py:188} INFO - [2025-10-03T19:19:43.298+0000] {dag.py:3096} INFO - Sync 1 DAGs
[2025-10-03T19:19:43.331+0000] {logging_mixin.py:188} INFO - [2025-10-03T19:19:43.331+0000] {dag.py:3954} INFO - Setting next_dagrun for example_task_group_decorator to 2025-10-02 00:00:00+00:00, run_after=2025-10-03 00:00:00+00:00
[2025-10-03T19:19:43.360+0000] {processor.py:183} INFO - Processing /home/airflow/.local/lib/python3.12/site-packages/airflow/example_dags/example_task_group_decorator.py took 0.131 seconds
[2025-10-03T19:20:13.869+0000] {processor.py:161} INFO - Started process (PID=655) to work on /home/airflow/.local/lib/python3.12/site-packages/airflow/example_dags/example_task_group_decorator.py
[2025-10-03T19:20:13.871+0000] {processor.py:830} INFO - Processing file /home/airflow/.local/lib/python3.12/site-packages/airflow/example_dags/example_task_group_decorator.py for tasks to queue
[2025-10-03T19:20:13.873+0000] {logging_mixin.py:188} INFO - [2025-10-03T19:20:13.873+0000] {dagbag.py:545} INFO - Filling up the DagBag from /home/airflow/.local/lib/python3.12/site-packages/airflow/example_dags/example_task_group_decorator.py
[2025-10-03T19:20:13.896+0000] {processor.py:840} INFO - DAG(s) 'example_task_group_decorator' retrieved from /home/airflow/.local/lib/python3.12/site-packages/airflow/example_dags/example_task_group_decorator.py
[2025-10-03T19:20:13.934+0000] {logging_mixin.py:188} INFO - [2025-10-03T19:20:13.934+0000] {dag.py:3096} INFO - Sync 1 DAGs
[2025-10-03T19:20:13.975+0000] {logging_mixin.py:188} INFO - [2025-10-03T19:20:13.975+0000] {dag.py:3954} INFO - Setting next_dagrun for example_task_group_decorator to 2025-10-02 00:00:00+00:00, run_after=2025-10-03 00:00:00+00:00
[2025-10-03T19:20:14.002+0000] {processor.py:183} INFO - Processing /home/airflow/.local/lib/python3.12/site-packages/airflow/example_dags/example_task_group_decorator.py took 0.141 seconds
[2025-10-03T19:20:44.204+0000] {processor.py:161} INFO - Started process (PID=708) to work on /home/airflow/.local/lib/python3.12/site-packages/airflow/example_dags/example_task_group_decorator.py
[2025-10-03T19:20:44.206+0000] {processor.py:830} INFO - Processing file /home/airflow/.local/lib/python3.12/site-packages/airflow/example_dags/example_task_group_decorator.py for tasks to queue
[2025-10-03T19:20:44.209+0000] {logging_mixin.py:188} INFO - [2025-10-03T19:20:44.208+0000] {dagbag.py:545} INFO - Filling up the DagBag from /home/airflow/.local/lib/python3.12/site-packages/airflow/example_dags/example_task_group_decorator.py
[2025-10-03T19:20:44.225+0000] {processor.py:840} INFO - DAG(s) 'example_task_group_decorator' retrieved from /home/airflow/.local/lib/python3.12/site-packages/airflow/example_dags/example_task_group_decorator.py
[2025-10-03T19:20:44.257+0000] {logging_mixin.py:188} INFO - [2025-10-03T19:20:44.257+0000] {dag.py:3096} INFO - Sync 1 DAGs
[2025-10-03T19:20:44.282+0000] {logging_mixin.py:188} INFO - [2025-10-03T19:20:44.282+0000] {dag.py:3954} INFO - Setting next_dagrun for example_task_group_decorator to 2025-10-02 00:00:00+00:00, run_after=2025-10-03 00:00:00+00:00
[2025-10-03T19:20:44.307+0000] {processor.py:183} INFO - Processing /home/airflow/.local/lib/python3.12/site-packages/airflow/example_dags/example_task_group_decorator.py took 0.110 seconds
[2025-10-03T19:21:14.666+0000] {processor.py:161} INFO - Started process (PID=765) to work on /home/airflow/.local/lib/python3.12/site-packages/airflow/example_dags/example_task_group_decorator.py
[2025-10-03T19:21:14.669+0000] {processor.py:830} INFO - Processing file /home/airflow/.local/lib/python3.12/site-packages/airflow/example_dags/example_task_group_decorator.py for tasks to queue
[2025-10-03T19:21:14.673+0000] {logging_mixin.py:188} INFO - [2025-10-03T19:21:14.673+0000] {dagbag.py:545} INFO - Filling up the DagBag from /home/airflow/.local/lib/python3.12/site-packages/airflow/example_dags/example_task_group_decorator.py
[2025-10-03T19:21:14.704+0000] {processor.py:840} INFO - DAG(s) 'example_task_group_decorator' retrieved from /home/airflow/.local/lib/python3.12/site-packages/airflow/example_dags/example_task_group_decorator.py
[2025-10-03T19:21:14.751+0000] {logging_mixin.py:188} INFO - [2025-10-03T19:21:14.751+0000] {dag.py:3096} INFO - Sync 1 DAGs
[2025-10-03T19:21:14.788+0000] {logging_mixin.py:188} INFO - [2025-10-03T19:21:14.787+0000] {dag.py:3954} INFO - Setting next_dagrun for example_task_group_decorator to 2025-10-02 00:00:00+00:00, run_after=2025-10-03 00:00:00+00:00
[2025-10-03T19:21:14.829+0000] {processor.py:183} INFO - Processing /home/airflow/.local/lib/python3.12/site-packages/airflow/example_dags/example_task_group_decorator.py took 0.180 seconds
[2025-10-03T19:21:45.102+0000] {processor.py:161} INFO - Started process (PID=818) to work on /home/airflow/.local/lib/python3.12/site-packages/airflow/example_dags/example_task_group_decorator.py
[2025-10-03T19:21:45.103+0000] {processor.py:830} INFO - Processing file /home/airflow/.local/lib/python3.12/site-packages/airflow/example_dags/example_task_group_decorator.py for tasks to queue
[2025-10-03T19:21:45.106+0000] {logging_mixin.py:188} INFO - [2025-10-03T19:21:45.105+0000] {dagbag.py:545} INFO - Filling up the DagBag from /home/airflow/.local/lib/python3.12/site-packages/airflow/example_dags/example_task_group_decorator.py
[2025-10-03T19:21:45.120+0000] {processor.py:840} INFO - DAG(s) 'example_task_group_decorator' retrieved from /home/airflow/.local/lib/python3.12/site-packages/airflow/example_dags/example_task_group_decorator.py
[2025-10-03T19:21:45.149+0000] {logging_mixin.py:188} INFO - [2025-10-03T19:21:45.149+0000] {dag.py:3096} INFO - Sync 1 DAGs
[2025-10-03T19:21:45.172+0000] {logging_mixin.py:188} INFO - [2025-10-03T19:21:45.172+0000] {dag.py:3954} INFO - Setting next_dagrun for example_task_group_decorator to 2025-10-02 00:00:00+00:00, run_after=2025-10-03 00:00:00+00:00
[2025-10-03T19:21:45.194+0000] {processor.py:183} INFO - Processing /home/airflow/.local/lib/python3.12/site-packages/airflow/example_dags/example_task_group_decorator.py took 0.098 seconds
[2025-10-03T19:22:15.365+0000] {processor.py:161} INFO - Started process (PID=876) to work on /home/airflow/.local/lib/python3.12/site-packages/airflow/example_dags/example_task_group_decorator.py
[2025-10-03T19:22:15.367+0000] {processor.py:830} INFO - Processing file /home/airflow/.local/lib/python3.12/site-packages/airflow/example_dags/example_task_group_decorator.py for tasks to queue
[2025-10-03T19:22:15.369+0000] {logging_mixin.py:188} INFO - [2025-10-03T19:22:15.369+0000] {dagbag.py:545} INFO - Filling up the DagBag from /home/airflow/.local/lib/python3.12/site-packages/airflow/example_dags/example_task_group_decorator.py
[2025-10-03T19:22:15.385+0000] {processor.py:840} INFO - DAG(s) 'example_task_group_decorator' retrieved from /home/airflow/.local/lib/python3.12/site-packages/airflow/example_dags/example_task_group_decorator.py
[2025-10-03T19:22:15.415+0000] {logging_mixin.py:188} INFO - [2025-10-03T19:22:15.415+0000] {dag.py:3096} INFO - Sync 1 DAGs
[2025-10-03T19:22:15.440+0000] {logging_mixin.py:188} INFO - [2025-10-03T19:22:15.439+0000] {dag.py:3954} INFO - Setting next_dagrun for example_task_group_decorator to 2025-10-02 00:00:00+00:00, run_after=2025-10-03 00:00:00+00:00
[2025-10-03T19:22:15.460+0000] {processor.py:183} INFO - Processing /home/airflow/.local/lib/python3.12/site-packages/airflow/example_dags/example_task_group_decorator.py took 0.101 seconds
[2025-10-03T19:22:45.775+0000] {processor.py:161} INFO - Started process (PID=928) to work on /home/airflow/.local/lib/python3.12/site-packages/airflow/example_dags/example_task_group_decorator.py
[2025-10-03T19:22:45.776+0000] {processor.py:830} INFO - Processing file /home/airflow/.local/lib/python3.12/site-packages/airflow/example_dags/example_task_group_decorator.py for tasks to queue
[2025-10-03T19:22:45.779+0000] {logging_mixin.py:188} INFO - [2025-10-03T19:22:45.778+0000] {dagbag.py:545} INFO - Filling up the DagBag from /home/airflow/.local/lib/python3.12/site-packages/airflow/example_dags/example_task_group_decorator.py
[2025-10-03T19:22:45.793+0000] {processor.py:840} INFO - DAG(s) 'example_task_group_decorator' retrieved from /home/airflow/.local/lib/python3.12/site-packages/airflow/example_dags/example_task_group_decorator.py
[2025-10-03T19:22:45.822+0000] {logging_mixin.py:188} INFO - [2025-10-03T19:22:45.822+0000] {dag.py:3096} INFO - Sync 1 DAGs
[2025-10-03T19:22:45.846+0000] {logging_mixin.py:188} INFO - [2025-10-03T19:22:45.846+0000] {dag.py:3954} INFO - Setting next_dagrun for example_task_group_decorator to 2025-10-02 00:00:00+00:00, run_after=2025-10-03 00:00:00+00:00
[2025-10-03T19:22:45.868+0000] {processor.py:183} INFO - Processing /home/airflow/.local/lib/python3.12/site-packages/airflow/example_dags/example_task_group_decorator.py took 0.099 seconds
[2025-10-03T19:23:16.432+0000] {processor.py:161} INFO - Started process (PID=985) to work on /home/airflow/.local/lib/python3.12/site-packages/airflow/example_dags/example_task_group_decorator.py
[2025-10-03T19:23:16.434+0000] {processor.py:830} INFO - Processing file /home/airflow/.local/lib/python3.12/site-packages/airflow/example_dags/example_task_group_decorator.py for tasks to queue
[2025-10-03T19:23:16.436+0000] {logging_mixin.py:188} INFO - [2025-10-03T19:23:16.436+0000] {dagbag.py:545} INFO - Filling up the DagBag from /home/airflow/.local/lib/python3.12/site-packages/airflow/example_dags/example_task_group_decorator.py
[2025-10-03T19:23:16.450+0000] {processor.py:840} INFO - DAG(s) 'example_task_group_decorator' retrieved from /home/airflow/.local/lib/python3.12/site-packages/airflow/example_dags/example_task_group_decorator.py
[2025-10-03T19:23:16.478+0000] {logging_mixin.py:188} INFO - [2025-10-03T19:23:16.478+0000] {dag.py:3096} INFO - Sync 1 DAGs
[2025-10-03T19:23:16.499+0000] {logging_mixin.py:188} INFO - [2025-10-03T19:23:16.498+0000] {dag.py:3954} INFO - Setting next_dagrun for example_task_group_decorator to 2025-10-02 00:00:00+00:00, run_after=2025-10-03 00:00:00+00:00
[2025-10-03T19:23:16.520+0000] {processor.py:183} INFO - Processing /home/airflow/.local/lib/python3.12/site-packages/airflow/example_dags/example_task_group_decorator.py took 0.094 seconds
[2025-10-03T19:23:46.727+0000] {processor.py:161} INFO - Started process (PID=1038) to work on /home/airflow/.local/lib/python3.12/site-packages/airflow/example_dags/example_task_group_decorator.py
[2025-10-03T19:23:46.728+0000] {processor.py:830} INFO - Processing file /home/airflow/.local/lib/python3.12/site-packages/airflow/example_dags/example_task_group_decorator.py for tasks to queue
[2025-10-03T19:23:46.731+0000] {logging_mixin.py:188} INFO - [2025-10-03T19:23:46.731+0000] {dagbag.py:545} INFO - Filling up the DagBag from /home/airflow/.local/lib/python3.12/site-packages/airflow/example_dags/example_task_group_decorator.py
[2025-10-03T19:23:46.745+0000] {processor.py:840} INFO - DAG(s) 'example_task_group_decorator' retrieved from /home/airflow/.local/lib/python3.12/site-packages/airflow/example_dags/example_task_group_decorator.py
[2025-10-03T19:23:46.773+0000] {logging_mixin.py:188} INFO - [2025-10-03T19:23:46.773+0000] {dag.py:3096} INFO - Sync 1 DAGs
[2025-10-03T19:23:46.797+0000] {logging_mixin.py:188} INFO - [2025-10-03T19:23:46.797+0000] {dag.py:3954} INFO - Setting next_dagrun for example_task_group_decorator to 2025-10-02 00:00:00+00:00, run_after=2025-10-03 00:00:00+00:00
[2025-10-03T19:23:46.819+0000] {processor.py:183} INFO - Processing /home/airflow/.local/lib/python3.12/site-packages/airflow/example_dags/example_task_group_decorator.py took 0.098 seconds
[2025-10-03T19:24:17.144+0000] {processor.py:161} INFO - Started process (PID=1095) to work on /home/airflow/.local/lib/python3.12/site-packages/airflow/example_dags/example_task_group_decorator.py
[2025-10-03T19:24:17.145+0000] {processor.py:830} INFO - Processing file /home/airflow/.local/lib/python3.12/site-packages/airflow/example_dags/example_task_group_decorator.py for tasks to queue
[2025-10-03T19:24:17.148+0000] {logging_mixin.py:188} INFO - [2025-10-03T19:24:17.147+0000] {dagbag.py:545} INFO - Filling up the DagBag from /home/airflow/.local/lib/python3.12/site-packages/airflow/example_dags/example_task_group_decorator.py
[2025-10-03T19:24:17.163+0000] {processor.py:840} INFO - DAG(s) 'example_task_group_decorator' retrieved from /home/airflow/.local/lib/python3.12/site-packages/airflow/example_dags/example_task_group_decorator.py
[2025-10-03T19:24:17.191+0000] {logging_mixin.py:188} INFO - [2025-10-03T19:24:17.191+0000] {dag.py:3096} INFO - Sync 1 DAGs
[2025-10-03T19:24:17.215+0000] {logging_mixin.py:188} INFO - [2025-10-03T19:24:17.214+0000] {dag.py:3954} INFO - Setting next_dagrun for example_task_group_decorator to 2025-10-02 00:00:00+00:00, run_after=2025-10-03 00:00:00+00:00
[2025-10-03T19:24:17.237+0000] {processor.py:183} INFO - Processing /home/airflow/.local/lib/python3.12/site-packages/airflow/example_dags/example_task_group_decorator.py took 0.100 seconds
[2025-10-03T19:24:47.517+0000] {processor.py:161} INFO - Started process (PID=1148) to work on /home/airflow/.local/lib/python3.12/site-packages/airflow/example_dags/example_task_group_decorator.py
[2025-10-03T19:24:47.518+0000] {processor.py:830} INFO - Processing file /home/airflow/.local/lib/python3.12/site-packages/airflow/example_dags/example_task_group_decorator.py for tasks to queue
[2025-10-03T19:24:47.521+0000] {logging_mixin.py:188} INFO - [2025-10-03T19:24:47.521+0000] {dagbag.py:545} INFO - Filling up the DagBag from /home/airflow/.local/lib/python3.12/site-packages/airflow/example_dags/example_task_group_decorator.py
[2025-10-03T19:24:47.535+0000] {processor.py:840} INFO - DAG(s) 'example_task_group_decorator' retrieved from /home/airflow/.local/lib/python3.12/site-packages/airflow/example_dags/example_task_group_decorator.py
[2025-10-03T19:24:47.565+0000] {logging_mixin.py:188} INFO - [2025-10-03T19:24:47.564+0000] {dag.py:3096} INFO - Sync 1 DAGs
[2025-10-03T19:24:47.591+0000] {logging_mixin.py:188} INFO - [2025-10-03T19:24:47.590+0000] {dag.py:3954} INFO - Setting next_dagrun for example_task_group_decorator to 2025-10-02 00:00:00+00:00, run_after=2025-10-03 00:00:00+00:00
[2025-10-03T19:24:47.613+0000] {processor.py:183} INFO - Processing /home/airflow/.local/lib/python3.12/site-packages/airflow/example_dags/example_task_group_decorator.py took 0.102 seconds
[2025-10-03T19:25:17.813+0000] {processor.py:161} INFO - Started process (PID=1205) to work on /home/airflow/.local/lib/python3.12/site-packages/airflow/example_dags/example_task_group_decorator.py
[2025-10-03T19:25:17.814+0000] {processor.py:830} INFO - Processing file /home/airflow/.local/lib/python3.12/site-packages/airflow/example_dags/example_task_group_decorator.py for tasks to queue
[2025-10-03T19:25:17.817+0000] {logging_mixin.py:188} INFO - [2025-10-03T19:25:17.817+0000] {dagbag.py:545} INFO - Filling up the DagBag from /home/airflow/.local/lib/python3.12/site-packages/airflow/example_dags/example_task_group_decorator.py
[2025-10-03T19:25:17.836+0000] {processor.py:840} INFO - DAG(s) 'example_task_group_decorator' retrieved from /home/airflow/.local/lib/python3.12/site-packages/airflow/example_dags/example_task_group_decorator.py
[2025-10-03T19:25:17.870+0000] {logging_mixin.py:188} INFO - [2025-10-03T19:25:17.869+0000] {dag.py:3096} INFO - Sync 1 DAGs
[2025-10-03T19:25:17.896+0000] {logging_mixin.py:188} INFO - [2025-10-03T19:25:17.896+0000] {dag.py:3954} INFO - Setting next_dagrun for example_task_group_decorator to 2025-10-02 00:00:00+00:00, run_after=2025-10-03 00:00:00+00:00
[2025-10-03T19:25:17.917+0000] {processor.py:183} INFO - Processing /home/airflow/.local/lib/python3.12/site-packages/airflow/example_dags/example_task_group_decorator.py took 0.111 seconds
[2025-10-03T19:25:48.188+0000] {processor.py:161} INFO - Started process (PID=1258) to work on /home/airflow/.local/lib/python3.12/site-packages/airflow/example_dags/example_task_group_decorator.py
[2025-10-03T19:25:48.189+0000] {processor.py:830} INFO - Processing file /home/airflow/.local/lib/python3.12/site-packages/airflow/example_dags/example_task_group_decorator.py for tasks to queue
[2025-10-03T19:25:48.192+0000] {logging_mixin.py:188} INFO - [2025-10-03T19:25:48.191+0000] {dagbag.py:545} INFO - Filling up the DagBag from /home/airflow/.local/lib/python3.12/site-packages/airflow/example_dags/example_task_group_decorator.py
[2025-10-03T19:25:48.206+0000] {processor.py:840} INFO - DAG(s) 'example_task_group_decorator' retrieved from /home/airflow/.local/lib/python3.12/site-packages/airflow/example_dags/example_task_group_decorator.py
[2025-10-03T19:25:48.234+0000] {logging_mixin.py:188} INFO - [2025-10-03T19:25:48.234+0000] {dag.py:3096} INFO - Sync 1 DAGs
[2025-10-03T19:25:48.258+0000] {logging_mixin.py:188} INFO - [2025-10-03T19:25:48.257+0000] {dag.py:3954} INFO - Setting next_dagrun for example_task_group_decorator to 2025-10-02 00:00:00+00:00, run_after=2025-10-03 00:00:00+00:00
[2025-10-03T19:25:48.281+0000] {processor.py:183} INFO - Processing /home/airflow/.local/lib/python3.12/site-packages/airflow/example_dags/example_task_group_decorator.py took 0.101 seconds
