[2025-10-03T19:14:38.502+0000] {processor.py:161} INFO - Started process (PID=40) to work on /home/airflow/.local/lib/python3.12/site-packages/airflow/example_dags/example_latest_only.py
[2025-10-03T19:14:38.505+0000] {processor.py:830} INFO - Processing file /home/airflow/.local/lib/python3.12/site-packages/airflow/example_dags/example_latest_only.py for tasks to queue
[2025-10-03T19:14:38.510+0000] {logging_mixin.py:188} INFO - [2025-10-03T19:14:38.510+0000] {dagbag.py:545} INFO - Filling up the DagBag from /home/airflow/.local/lib/python3.12/site-packages/airflow/example_dags/example_latest_only.py
[2025-10-03T19:14:38.534+0000] {processor.py:840} INFO - DAG(s) 'latest_only' retrieved from /home/airflow/.local/lib/python3.12/site-packages/airflow/example_dags/example_latest_only.py
[2025-10-03T19:14:38.570+0000] {logging_mixin.py:188} INFO - [2025-10-03T19:14:38.569+0000] {dag.py:3096} INFO - Sync 1 DAGs
[2025-10-03T19:14:38.646+0000] {logging_mixin.py:188} INFO - [2025-10-03T19:14:38.645+0000] {dag.py:3954} INFO - Setting next_dagrun for latest_only to 2025-10-03 12:00:00+00:00, run_after=2025-10-03 16:00:00+00:00
[2025-10-03T19:14:38.703+0000] {processor.py:183} INFO - Processing /home/airflow/.local/lib/python3.12/site-packages/airflow/example_dags/example_latest_only.py took 0.222 seconds
[2025-10-03T19:15:09.019+0000] {processor.py:161} INFO - Started process (PID=93) to work on /home/airflow/.local/lib/python3.12/site-packages/airflow/example_dags/example_latest_only.py
[2025-10-03T19:15:09.021+0000] {processor.py:830} INFO - Processing file /home/airflow/.local/lib/python3.12/site-packages/airflow/example_dags/example_latest_only.py for tasks to queue
[2025-10-03T19:15:09.025+0000] {logging_mixin.py:188} INFO - [2025-10-03T19:15:09.024+0000] {dagbag.py:545} INFO - Filling up the DagBag from /home/airflow/.local/lib/python3.12/site-packages/airflow/example_dags/example_latest_only.py
[2025-10-03T19:15:09.033+0000] {processor.py:840} INFO - DAG(s) 'latest_only' retrieved from /home/airflow/.local/lib/python3.12/site-packages/airflow/example_dags/example_latest_only.py
[2025-10-03T19:15:09.188+0000] {logging_mixin.py:188} INFO - [2025-10-03T19:15:09.188+0000] {dag.py:3096} INFO - Sync 1 DAGs
[2025-10-03T19:15:09.213+0000] {logging_mixin.py:188} INFO - [2025-10-03T19:15:09.213+0000] {dag.py:3954} INFO - Setting next_dagrun for latest_only to 2025-10-03 12:00:00+00:00, run_after=2025-10-03 16:00:00+00:00
[2025-10-03T19:15:09.237+0000] {processor.py:183} INFO - Processing /home/airflow/.local/lib/python3.12/site-packages/airflow/example_dags/example_latest_only.py took 0.229 seconds
[2025-10-03T19:15:39.394+0000] {processor.py:161} INFO - Started process (PID=150) to work on /home/airflow/.local/lib/python3.12/site-packages/airflow/example_dags/example_latest_only.py
[2025-10-03T19:15:39.395+0000] {processor.py:830} INFO - Processing file /home/airflow/.local/lib/python3.12/site-packages/airflow/example_dags/example_latest_only.py for tasks to queue
[2025-10-03T19:15:39.398+0000] {logging_mixin.py:188} INFO - [2025-10-03T19:15:39.398+0000] {dagbag.py:545} INFO - Filling up the DagBag from /home/airflow/.local/lib/python3.12/site-packages/airflow/example_dags/example_latest_only.py
[2025-10-03T19:15:39.409+0000] {processor.py:840} INFO - DAG(s) 'latest_only' retrieved from /home/airflow/.local/lib/python3.12/site-packages/airflow/example_dags/example_latest_only.py
[2025-10-03T19:15:39.444+0000] {logging_mixin.py:188} INFO - [2025-10-03T19:15:39.444+0000] {dag.py:3096} INFO - Sync 1 DAGs
[2025-10-03T19:15:39.475+0000] {logging_mixin.py:188} INFO - [2025-10-03T19:15:39.474+0000] {dag.py:3954} INFO - Setting next_dagrun for latest_only to 2025-10-03 12:00:00+00:00, run_after=2025-10-03 16:00:00+00:00
[2025-10-03T19:15:39.503+0000] {processor.py:183} INFO - Processing /home/airflow/.local/lib/python3.12/site-packages/airflow/example_dags/example_latest_only.py took 0.122 seconds
[2025-10-03T19:16:09.803+0000] {processor.py:161} INFO - Started process (PID=205) to work on /home/airflow/.local/lib/python3.12/site-packages/airflow/example_dags/example_latest_only.py
[2025-10-03T19:16:09.804+0000] {processor.py:830} INFO - Processing file /home/airflow/.local/lib/python3.12/site-packages/airflow/example_dags/example_latest_only.py for tasks to queue
[2025-10-03T19:16:09.807+0000] {logging_mixin.py:188} INFO - [2025-10-03T19:16:09.806+0000] {dagbag.py:545} INFO - Filling up the DagBag from /home/airflow/.local/lib/python3.12/site-packages/airflow/example_dags/example_latest_only.py
[2025-10-03T19:16:09.816+0000] {processor.py:840} INFO - DAG(s) 'latest_only' retrieved from /home/airflow/.local/lib/python3.12/site-packages/airflow/example_dags/example_latest_only.py
[2025-10-03T19:16:09.849+0000] {logging_mixin.py:188} INFO - [2025-10-03T19:16:09.849+0000] {dag.py:3096} INFO - Sync 1 DAGs
[2025-10-03T19:16:09.879+0000] {logging_mixin.py:188} INFO - [2025-10-03T19:16:09.879+0000] {dag.py:3954} INFO - Setting next_dagrun for latest_only to 2025-10-03 12:00:00+00:00, run_after=2025-10-03 16:00:00+00:00
[2025-10-03T19:16:09.915+0000] {processor.py:183} INFO - Processing /home/airflow/.local/lib/python3.12/site-packages/airflow/example_dags/example_latest_only.py took 0.120 seconds
[2025-10-03T19:16:40.294+0000] {processor.py:161} INFO - Started process (PID=261) to work on /home/airflow/.local/lib/python3.12/site-packages/airflow/example_dags/example_latest_only.py
[2025-10-03T19:16:40.295+0000] {processor.py:830} INFO - Processing file /home/airflow/.local/lib/python3.12/site-packages/airflow/example_dags/example_latest_only.py for tasks to queue
[2025-10-03T19:16:40.300+0000] {logging_mixin.py:188} INFO - [2025-10-03T19:16:40.298+0000] {dagbag.py:545} INFO - Filling up the DagBag from /home/airflow/.local/lib/python3.12/site-packages/airflow/example_dags/example_latest_only.py
[2025-10-03T19:16:40.308+0000] {processor.py:840} INFO - DAG(s) 'latest_only' retrieved from /home/airflow/.local/lib/python3.12/site-packages/airflow/example_dags/example_latest_only.py
[2025-10-03T19:16:40.338+0000] {logging_mixin.py:188} INFO - [2025-10-03T19:16:40.338+0000] {dag.py:3096} INFO - Sync 1 DAGs
[2025-10-03T19:16:40.369+0000] {logging_mixin.py:188} INFO - [2025-10-03T19:16:40.368+0000] {dag.py:3954} INFO - Setting next_dagrun for latest_only to 2025-10-03 12:00:00+00:00, run_after=2025-10-03 16:00:00+00:00
[2025-10-03T19:16:40.396+0000] {processor.py:183} INFO - Processing /home/airflow/.local/lib/python3.12/site-packages/airflow/example_dags/example_latest_only.py took 0.112 seconds
[2025-10-03T19:17:10.862+0000] {processor.py:161} INFO - Started process (PID=316) to work on /home/airflow/.local/lib/python3.12/site-packages/airflow/example_dags/example_latest_only.py
[2025-10-03T19:17:10.863+0000] {processor.py:830} INFO - Processing file /home/airflow/.local/lib/python3.12/site-packages/airflow/example_dags/example_latest_only.py for tasks to queue
[2025-10-03T19:17:10.866+0000] {logging_mixin.py:188} INFO - [2025-10-03T19:17:10.865+0000] {dagbag.py:545} INFO - Filling up the DagBag from /home/airflow/.local/lib/python3.12/site-packages/airflow/example_dags/example_latest_only.py
[2025-10-03T19:17:10.873+0000] {processor.py:840} INFO - DAG(s) 'latest_only' retrieved from /home/airflow/.local/lib/python3.12/site-packages/airflow/example_dags/example_latest_only.py
[2025-10-03T19:17:10.902+0000] {logging_mixin.py:188} INFO - [2025-10-03T19:17:10.902+0000] {dag.py:3096} INFO - Sync 1 DAGs
[2025-10-03T19:17:10.940+0000] {logging_mixin.py:188} INFO - [2025-10-03T19:17:10.940+0000] {dag.py:3954} INFO - Setting next_dagrun for latest_only to 2025-10-03 12:00:00+00:00, run_after=2025-10-03 16:00:00+00:00
[2025-10-03T19:17:10.975+0000] {processor.py:183} INFO - Processing /home/airflow/.local/lib/python3.12/site-packages/airflow/example_dags/example_latest_only.py took 0.122 seconds
[2025-10-03T19:17:41.378+0000] {processor.py:161} INFO - Started process (PID=373) to work on /home/airflow/.local/lib/python3.12/site-packages/airflow/example_dags/example_latest_only.py
[2025-10-03T19:17:41.380+0000] {processor.py:830} INFO - Processing file /home/airflow/.local/lib/python3.12/site-packages/airflow/example_dags/example_latest_only.py for tasks to queue
[2025-10-03T19:17:41.383+0000] {logging_mixin.py:188} INFO - [2025-10-03T19:17:41.382+0000] {dagbag.py:545} INFO - Filling up the DagBag from /home/airflow/.local/lib/python3.12/site-packages/airflow/example_dags/example_latest_only.py
[2025-10-03T19:17:41.390+0000] {processor.py:840} INFO - DAG(s) 'latest_only' retrieved from /home/airflow/.local/lib/python3.12/site-packages/airflow/example_dags/example_latest_only.py
[2025-10-03T19:17:41.420+0000] {logging_mixin.py:188} INFO - [2025-10-03T19:17:41.420+0000] {dag.py:3096} INFO - Sync 1 DAGs
[2025-10-03T19:17:41.454+0000] {logging_mixin.py:188} INFO - [2025-10-03T19:17:41.454+0000] {dag.py:3954} INFO - Setting next_dagrun for latest_only to 2025-10-03 12:00:00+00:00, run_after=2025-10-03 16:00:00+00:00
[2025-10-03T19:17:41.597+0000] {processor.py:183} INFO - Processing /home/airflow/.local/lib/python3.12/site-packages/airflow/example_dags/example_latest_only.py took 0.227 seconds
[2025-10-03T19:18:12.278+0000] {processor.py:161} INFO - Started process (PID=430) to work on /home/airflow/.local/lib/python3.12/site-packages/airflow/example_dags/example_latest_only.py
[2025-10-03T19:18:12.280+0000] {processor.py:830} INFO - Processing file /home/airflow/.local/lib/python3.12/site-packages/airflow/example_dags/example_latest_only.py for tasks to queue
[2025-10-03T19:18:12.282+0000] {logging_mixin.py:188} INFO - [2025-10-03T19:18:12.282+0000] {dagbag.py:545} INFO - Filling up the DagBag from /home/airflow/.local/lib/python3.12/site-packages/airflow/example_dags/example_latest_only.py
[2025-10-03T19:18:12.293+0000] {processor.py:840} INFO - DAG(s) 'latest_only' retrieved from /home/airflow/.local/lib/python3.12/site-packages/airflow/example_dags/example_latest_only.py
[2025-10-03T19:18:12.329+0000] {logging_mixin.py:188} INFO - [2025-10-03T19:18:12.328+0000] {dag.py:3096} INFO - Sync 1 DAGs
[2025-10-03T19:18:12.365+0000] {logging_mixin.py:188} INFO - [2025-10-03T19:18:12.365+0000] {dag.py:3954} INFO - Setting next_dagrun for latest_only to 2025-10-03 12:00:00+00:00, run_after=2025-10-03 16:00:00+00:00
[2025-10-03T19:18:12.411+0000] {processor.py:183} INFO - Processing /home/airflow/.local/lib/python3.12/site-packages/airflow/example_dags/example_latest_only.py took 0.144 seconds
[2025-10-03T19:18:42.785+0000] {processor.py:161} INFO - Started process (PID=492) to work on /home/airflow/.local/lib/python3.12/site-packages/airflow/example_dags/example_latest_only.py
[2025-10-03T19:18:42.786+0000] {processor.py:830} INFO - Processing file /home/airflow/.local/lib/python3.12/site-packages/airflow/example_dags/example_latest_only.py for tasks to queue
[2025-10-03T19:18:42.790+0000] {logging_mixin.py:188} INFO - [2025-10-03T19:18:42.790+0000] {dagbag.py:545} INFO - Filling up the DagBag from /home/airflow/.local/lib/python3.12/site-packages/airflow/example_dags/example_latest_only.py
[2025-10-03T19:18:42.799+0000] {processor.py:840} INFO - DAG(s) 'latest_only' retrieved from /home/airflow/.local/lib/python3.12/site-packages/airflow/example_dags/example_latest_only.py
[2025-10-03T19:18:42.832+0000] {logging_mixin.py:188} INFO - [2025-10-03T19:18:42.832+0000] {dag.py:3096} INFO - Sync 1 DAGs
[2025-10-03T19:18:42.863+0000] {logging_mixin.py:188} INFO - [2025-10-03T19:18:42.862+0000] {dag.py:3954} INFO - Setting next_dagrun for latest_only to 2025-10-03 12:00:00+00:00, run_after=2025-10-03 16:00:00+00:00
[2025-10-03T19:18:42.891+0000] {processor.py:183} INFO - Processing /home/airflow/.local/lib/python3.12/site-packages/airflow/example_dags/example_latest_only.py took 0.117 seconds
[2025-10-03T19:19:13.365+0000] {processor.py:161} INFO - Started process (PID=549) to work on /home/airflow/.local/lib/python3.12/site-packages/airflow/example_dags/example_latest_only.py
[2025-10-03T19:19:13.366+0000] {processor.py:830} INFO - Processing file /home/airflow/.local/lib/python3.12/site-packages/airflow/example_dags/example_latest_only.py for tasks to queue
[2025-10-03T19:19:13.370+0000] {logging_mixin.py:188} INFO - [2025-10-03T19:19:13.369+0000] {dagbag.py:545} INFO - Filling up the DagBag from /home/airflow/.local/lib/python3.12/site-packages/airflow/example_dags/example_latest_only.py
[2025-10-03T19:19:13.376+0000] {processor.py:840} INFO - DAG(s) 'latest_only' retrieved from /home/airflow/.local/lib/python3.12/site-packages/airflow/example_dags/example_latest_only.py
[2025-10-03T19:19:13.409+0000] {logging_mixin.py:188} INFO - [2025-10-03T19:19:13.408+0000] {dag.py:3096} INFO - Sync 1 DAGs
[2025-10-03T19:19:13.441+0000] {logging_mixin.py:188} INFO - [2025-10-03T19:19:13.441+0000] {dag.py:3954} INFO - Setting next_dagrun for latest_only to 2025-10-03 12:00:00+00:00, run_after=2025-10-03 16:00:00+00:00
[2025-10-03T19:19:13.473+0000] {processor.py:183} INFO - Processing /home/airflow/.local/lib/python3.12/site-packages/airflow/example_dags/example_latest_only.py took 0.116 seconds
[2025-10-03T19:19:43.559+0000] {processor.py:161} INFO - Started process (PID=602) to work on /home/airflow/.local/lib/python3.12/site-packages/airflow/example_dags/example_latest_only.py
[2025-10-03T19:19:43.561+0000] {processor.py:830} INFO - Processing file /home/airflow/.local/lib/python3.12/site-packages/airflow/example_dags/example_latest_only.py for tasks to queue
[2025-10-03T19:19:43.564+0000] {logging_mixin.py:188} INFO - [2025-10-03T19:19:43.564+0000] {dagbag.py:545} INFO - Filling up the DagBag from /home/airflow/.local/lib/python3.12/site-packages/airflow/example_dags/example_latest_only.py
[2025-10-03T19:19:43.572+0000] {processor.py:840} INFO - DAG(s) 'latest_only' retrieved from /home/airflow/.local/lib/python3.12/site-packages/airflow/example_dags/example_latest_only.py
[2025-10-03T19:19:43.603+0000] {logging_mixin.py:188} INFO - [2025-10-03T19:19:43.603+0000] {dag.py:3096} INFO - Sync 1 DAGs
[2025-10-03T19:19:43.642+0000] {logging_mixin.py:188} INFO - [2025-10-03T19:19:43.641+0000] {dag.py:3954} INFO - Setting next_dagrun for latest_only to 2025-10-03 12:00:00+00:00, run_after=2025-10-03 16:00:00+00:00
[2025-10-03T19:19:43.679+0000] {processor.py:183} INFO - Processing /home/airflow/.local/lib/python3.12/site-packages/airflow/example_dags/example_latest_only.py took 0.129 seconds
[2025-10-03T19:20:14.188+0000] {processor.py:161} INFO - Started process (PID=659) to work on /home/airflow/.local/lib/python3.12/site-packages/airflow/example_dags/example_latest_only.py
[2025-10-03T19:20:14.190+0000] {processor.py:830} INFO - Processing file /home/airflow/.local/lib/python3.12/site-packages/airflow/example_dags/example_latest_only.py for tasks to queue
[2025-10-03T19:20:14.192+0000] {logging_mixin.py:188} INFO - [2025-10-03T19:20:14.192+0000] {dagbag.py:545} INFO - Filling up the DagBag from /home/airflow/.local/lib/python3.12/site-packages/airflow/example_dags/example_latest_only.py
[2025-10-03T19:20:14.200+0000] {processor.py:840} INFO - DAG(s) 'latest_only' retrieved from /home/airflow/.local/lib/python3.12/site-packages/airflow/example_dags/example_latest_only.py
[2025-10-03T19:20:14.228+0000] {logging_mixin.py:188} INFO - [2025-10-03T19:20:14.227+0000] {dag.py:3096} INFO - Sync 1 DAGs
[2025-10-03T19:20:14.256+0000] {logging_mixin.py:188} INFO - [2025-10-03T19:20:14.256+0000] {dag.py:3954} INFO - Setting next_dagrun for latest_only to 2025-10-03 12:00:00+00:00, run_after=2025-10-03 16:00:00+00:00
[2025-10-03T19:20:14.288+0000] {processor.py:183} INFO - Processing /home/airflow/.local/lib/python3.12/site-packages/airflow/example_dags/example_latest_only.py took 0.107 seconds
[2025-10-03T19:20:44.506+0000] {processor.py:161} INFO - Started process (PID=712) to work on /home/airflow/.local/lib/python3.12/site-packages/airflow/example_dags/example_latest_only.py
[2025-10-03T19:20:44.507+0000] {processor.py:830} INFO - Processing file /home/airflow/.local/lib/python3.12/site-packages/airflow/example_dags/example_latest_only.py for tasks to queue
[2025-10-03T19:20:44.510+0000] {logging_mixin.py:188} INFO - [2025-10-03T19:20:44.510+0000] {dagbag.py:545} INFO - Filling up the DagBag from /home/airflow/.local/lib/python3.12/site-packages/airflow/example_dags/example_latest_only.py
[2025-10-03T19:20:44.517+0000] {processor.py:840} INFO - DAG(s) 'latest_only' retrieved from /home/airflow/.local/lib/python3.12/site-packages/airflow/example_dags/example_latest_only.py
[2025-10-03T19:20:44.546+0000] {logging_mixin.py:188} INFO - [2025-10-03T19:20:44.546+0000] {dag.py:3096} INFO - Sync 1 DAGs
[2025-10-03T19:20:44.578+0000] {logging_mixin.py:188} INFO - [2025-10-03T19:20:44.578+0000] {dag.py:3954} INFO - Setting next_dagrun for latest_only to 2025-10-03 12:00:00+00:00, run_after=2025-10-03 16:00:00+00:00
[2025-10-03T19:20:44.613+0000] {processor.py:183} INFO - Processing /home/airflow/.local/lib/python3.12/site-packages/airflow/example_dags/example_latest_only.py took 0.116 seconds
[2025-10-03T19:21:15.026+0000] {processor.py:161} INFO - Started process (PID=769) to work on /home/airflow/.local/lib/python3.12/site-packages/airflow/example_dags/example_latest_only.py
[2025-10-03T19:21:15.027+0000] {processor.py:830} INFO - Processing file /home/airflow/.local/lib/python3.12/site-packages/airflow/example_dags/example_latest_only.py for tasks to queue
[2025-10-03T19:21:15.030+0000] {logging_mixin.py:188} INFO - [2025-10-03T19:21:15.029+0000] {dagbag.py:545} INFO - Filling up the DagBag from /home/airflow/.local/lib/python3.12/site-packages/airflow/example_dags/example_latest_only.py
[2025-10-03T19:21:15.036+0000] {processor.py:840} INFO - DAG(s) 'latest_only' retrieved from /home/airflow/.local/lib/python3.12/site-packages/airflow/example_dags/example_latest_only.py
[2025-10-03T19:21:15.062+0000] {logging_mixin.py:188} INFO - [2025-10-03T19:21:15.062+0000] {dag.py:3096} INFO - Sync 1 DAGs
[2025-10-03T19:21:15.090+0000] {logging_mixin.py:188} INFO - [2025-10-03T19:21:15.089+0000] {dag.py:3954} INFO - Setting next_dagrun for latest_only to 2025-10-03 12:00:00+00:00, run_after=2025-10-03 16:00:00+00:00
[2025-10-03T19:21:15.121+0000] {processor.py:183} INFO - Processing /home/airflow/.local/lib/python3.12/site-packages/airflow/example_dags/example_latest_only.py took 0.103 seconds
[2025-10-03T19:21:45.347+0000] {processor.py:161} INFO - Started process (PID=822) to work on /home/airflow/.local/lib/python3.12/site-packages/airflow/example_dags/example_latest_only.py
[2025-10-03T19:21:45.348+0000] {processor.py:830} INFO - Processing file /home/airflow/.local/lib/python3.12/site-packages/airflow/example_dags/example_latest_only.py for tasks to queue
[2025-10-03T19:21:45.351+0000] {logging_mixin.py:188} INFO - [2025-10-03T19:21:45.350+0000] {dagbag.py:545} INFO - Filling up the DagBag from /home/airflow/.local/lib/python3.12/site-packages/airflow/example_dags/example_latest_only.py
[2025-10-03T19:21:45.356+0000] {processor.py:840} INFO - DAG(s) 'latest_only' retrieved from /home/airflow/.local/lib/python3.12/site-packages/airflow/example_dags/example_latest_only.py
[2025-10-03T19:21:45.379+0000] {logging_mixin.py:188} INFO - [2025-10-03T19:21:45.378+0000] {dag.py:3096} INFO - Sync 1 DAGs
[2025-10-03T19:21:45.406+0000] {logging_mixin.py:188} INFO - [2025-10-03T19:21:45.406+0000] {dag.py:3954} INFO - Setting next_dagrun for latest_only to 2025-10-03 12:00:00+00:00, run_after=2025-10-03 16:00:00+00:00
[2025-10-03T19:21:45.435+0000] {processor.py:183} INFO - Processing /home/airflow/.local/lib/python3.12/site-packages/airflow/example_dags/example_latest_only.py took 0.095 seconds
[2025-10-03T19:22:15.631+0000] {processor.py:161} INFO - Started process (PID=879) to work on /home/airflow/.local/lib/python3.12/site-packages/airflow/example_dags/example_latest_only.py
[2025-10-03T19:22:15.633+0000] {processor.py:830} INFO - Processing file /home/airflow/.local/lib/python3.12/site-packages/airflow/example_dags/example_latest_only.py for tasks to queue
[2025-10-03T19:22:15.635+0000] {logging_mixin.py:188} INFO - [2025-10-03T19:22:15.635+0000] {dagbag.py:545} INFO - Filling up the DagBag from /home/airflow/.local/lib/python3.12/site-packages/airflow/example_dags/example_latest_only.py
[2025-10-03T19:22:15.641+0000] {processor.py:840} INFO - DAG(s) 'latest_only' retrieved from /home/airflow/.local/lib/python3.12/site-packages/airflow/example_dags/example_latest_only.py
[2025-10-03T19:22:15.667+0000] {logging_mixin.py:188} INFO - [2025-10-03T19:22:15.666+0000] {dag.py:3096} INFO - Sync 1 DAGs
[2025-10-03T19:22:15.694+0000] {logging_mixin.py:188} INFO - [2025-10-03T19:22:15.694+0000] {dag.py:3954} INFO - Setting next_dagrun for latest_only to 2025-10-03 12:00:00+00:00, run_after=2025-10-03 16:00:00+00:00
[2025-10-03T19:22:15.720+0000] {processor.py:183} INFO - Processing /home/airflow/.local/lib/python3.12/site-packages/airflow/example_dags/example_latest_only.py took 0.095 seconds
[2025-10-03T19:22:46.027+0000] {processor.py:161} INFO - Started process (PID=932) to work on /home/airflow/.local/lib/python3.12/site-packages/airflow/example_dags/example_latest_only.py
[2025-10-03T19:22:46.028+0000] {processor.py:830} INFO - Processing file /home/airflow/.local/lib/python3.12/site-packages/airflow/example_dags/example_latest_only.py for tasks to queue
[2025-10-03T19:22:46.031+0000] {logging_mixin.py:188} INFO - [2025-10-03T19:22:46.030+0000] {dagbag.py:545} INFO - Filling up the DagBag from /home/airflow/.local/lib/python3.12/site-packages/airflow/example_dags/example_latest_only.py
[2025-10-03T19:22:46.036+0000] {processor.py:840} INFO - DAG(s) 'latest_only' retrieved from /home/airflow/.local/lib/python3.12/site-packages/airflow/example_dags/example_latest_only.py
[2025-10-03T19:22:46.060+0000] {logging_mixin.py:188} INFO - [2025-10-03T19:22:46.060+0000] {dag.py:3096} INFO - Sync 1 DAGs
[2025-10-03T19:22:46.084+0000] {logging_mixin.py:188} INFO - [2025-10-03T19:22:46.084+0000] {dag.py:3954} INFO - Setting next_dagrun for latest_only to 2025-10-03 12:00:00+00:00, run_after=2025-10-03 16:00:00+00:00
[2025-10-03T19:22:46.112+0000] {processor.py:183} INFO - Processing /home/airflow/.local/lib/python3.12/site-packages/airflow/example_dags/example_latest_only.py took 0.091 seconds
[2025-10-03T19:23:16.676+0000] {processor.py:161} INFO - Started process (PID=989) to work on /home/airflow/.local/lib/python3.12/site-packages/airflow/example_dags/example_latest_only.py
[2025-10-03T19:23:16.677+0000] {processor.py:830} INFO - Processing file /home/airflow/.local/lib/python3.12/site-packages/airflow/example_dags/example_latest_only.py for tasks to queue
[2025-10-03T19:23:16.679+0000] {logging_mixin.py:188} INFO - [2025-10-03T19:23:16.679+0000] {dagbag.py:545} INFO - Filling up the DagBag from /home/airflow/.local/lib/python3.12/site-packages/airflow/example_dags/example_latest_only.py
[2025-10-03T19:23:16.685+0000] {processor.py:840} INFO - DAG(s) 'latest_only' retrieved from /home/airflow/.local/lib/python3.12/site-packages/airflow/example_dags/example_latest_only.py
[2025-10-03T19:23:16.709+0000] {logging_mixin.py:188} INFO - [2025-10-03T19:23:16.708+0000] {dag.py:3096} INFO - Sync 1 DAGs
[2025-10-03T19:23:16.734+0000] {logging_mixin.py:188} INFO - [2025-10-03T19:23:16.734+0000] {dag.py:3954} INFO - Setting next_dagrun for latest_only to 2025-10-03 12:00:00+00:00, run_after=2025-10-03 16:00:00+00:00
[2025-10-03T19:23:16.763+0000] {processor.py:183} INFO - Processing /home/airflow/.local/lib/python3.12/site-packages/airflow/example_dags/example_latest_only.py took 0.094 seconds
[2025-10-03T19:23:46.986+0000] {processor.py:161} INFO - Started process (PID=1042) to work on /home/airflow/.local/lib/python3.12/site-packages/airflow/example_dags/example_latest_only.py
[2025-10-03T19:23:46.987+0000] {processor.py:830} INFO - Processing file /home/airflow/.local/lib/python3.12/site-packages/airflow/example_dags/example_latest_only.py for tasks to queue
[2025-10-03T19:23:46.989+0000] {logging_mixin.py:188} INFO - [2025-10-03T19:23:46.989+0000] {dagbag.py:545} INFO - Filling up the DagBag from /home/airflow/.local/lib/python3.12/site-packages/airflow/example_dags/example_latest_only.py
[2025-10-03T19:23:46.995+0000] {processor.py:840} INFO - DAG(s) 'latest_only' retrieved from /home/airflow/.local/lib/python3.12/site-packages/airflow/example_dags/example_latest_only.py
[2025-10-03T19:23:47.016+0000] {logging_mixin.py:188} INFO - [2025-10-03T19:23:47.016+0000] {dag.py:3096} INFO - Sync 1 DAGs
[2025-10-03T19:23:47.038+0000] {logging_mixin.py:188} INFO - [2025-10-03T19:23:47.037+0000] {dag.py:3954} INFO - Setting next_dagrun for latest_only to 2025-10-03 12:00:00+00:00, run_after=2025-10-03 16:00:00+00:00
[2025-10-03T19:23:47.057+0000] {processor.py:183} INFO - Processing /home/airflow/.local/lib/python3.12/site-packages/airflow/example_dags/example_latest_only.py took 0.078 seconds
[2025-10-03T19:24:17.392+0000] {processor.py:161} INFO - Started process (PID=1099) to work on /home/airflow/.local/lib/python3.12/site-packages/airflow/example_dags/example_latest_only.py
[2025-10-03T19:24:17.393+0000] {processor.py:830} INFO - Processing file /home/airflow/.local/lib/python3.12/site-packages/airflow/example_dags/example_latest_only.py for tasks to queue
[2025-10-03T19:24:17.395+0000] {logging_mixin.py:188} INFO - [2025-10-03T19:24:17.395+0000] {dagbag.py:545} INFO - Filling up the DagBag from /home/airflow/.local/lib/python3.12/site-packages/airflow/example_dags/example_latest_only.py
[2025-10-03T19:24:17.400+0000] {processor.py:840} INFO - DAG(s) 'latest_only' retrieved from /home/airflow/.local/lib/python3.12/site-packages/airflow/example_dags/example_latest_only.py
[2025-10-03T19:24:17.423+0000] {logging_mixin.py:188} INFO - [2025-10-03T19:24:17.423+0000] {dag.py:3096} INFO - Sync 1 DAGs
[2025-10-03T19:24:17.446+0000] {logging_mixin.py:188} INFO - [2025-10-03T19:24:17.446+0000] {dag.py:3954} INFO - Setting next_dagrun for latest_only to 2025-10-03 12:00:00+00:00, run_after=2025-10-03 16:00:00+00:00
[2025-10-03T19:24:17.467+0000] {processor.py:183} INFO - Processing /home/airflow/.local/lib/python3.12/site-packages/airflow/example_dags/example_latest_only.py took 0.082 seconds
[2025-10-03T19:24:47.781+0000] {processor.py:161} INFO - Started process (PID=1152) to work on /home/airflow/.local/lib/python3.12/site-packages/airflow/example_dags/example_latest_only.py
[2025-10-03T19:24:47.782+0000] {processor.py:830} INFO - Processing file /home/airflow/.local/lib/python3.12/site-packages/airflow/example_dags/example_latest_only.py for tasks to queue
[2025-10-03T19:24:47.785+0000] {logging_mixin.py:188} INFO - [2025-10-03T19:24:47.785+0000] {dagbag.py:545} INFO - Filling up the DagBag from /home/airflow/.local/lib/python3.12/site-packages/airflow/example_dags/example_latest_only.py
[2025-10-03T19:24:47.791+0000] {processor.py:840} INFO - DAG(s) 'latest_only' retrieved from /home/airflow/.local/lib/python3.12/site-packages/airflow/example_dags/example_latest_only.py
[2025-10-03T19:24:47.821+0000] {logging_mixin.py:188} INFO - [2025-10-03T19:24:47.820+0000] {dag.py:3096} INFO - Sync 1 DAGs
[2025-10-03T19:24:47.849+0000] {logging_mixin.py:188} INFO - [2025-10-03T19:24:47.849+0000] {dag.py:3954} INFO - Setting next_dagrun for latest_only to 2025-10-03 12:00:00+00:00, run_after=2025-10-03 16:00:00+00:00
[2025-10-03T19:24:47.872+0000] {processor.py:183} INFO - Processing /home/airflow/.local/lib/python3.12/site-packages/airflow/example_dags/example_latest_only.py took 0.098 seconds
[2025-10-03T19:25:18.058+0000] {processor.py:161} INFO - Started process (PID=1209) to work on /home/airflow/.local/lib/python3.12/site-packages/airflow/example_dags/example_latest_only.py
[2025-10-03T19:25:18.059+0000] {processor.py:830} INFO - Processing file /home/airflow/.local/lib/python3.12/site-packages/airflow/example_dags/example_latest_only.py for tasks to queue
[2025-10-03T19:25:18.062+0000] {logging_mixin.py:188} INFO - [2025-10-03T19:25:18.061+0000] {dagbag.py:545} INFO - Filling up the DagBag from /home/airflow/.local/lib/python3.12/site-packages/airflow/example_dags/example_latest_only.py
[2025-10-03T19:25:18.067+0000] {processor.py:840} INFO - DAG(s) 'latest_only' retrieved from /home/airflow/.local/lib/python3.12/site-packages/airflow/example_dags/example_latest_only.py
[2025-10-03T19:25:18.089+0000] {logging_mixin.py:188} INFO - [2025-10-03T19:25:18.089+0000] {dag.py:3096} INFO - Sync 1 DAGs
[2025-10-03T19:25:18.112+0000] {logging_mixin.py:188} INFO - [2025-10-03T19:25:18.112+0000] {dag.py:3954} INFO - Setting next_dagrun for latest_only to 2025-10-03 12:00:00+00:00, run_after=2025-10-03 16:00:00+00:00
[2025-10-03T19:25:18.140+0000] {processor.py:183} INFO - Processing /home/airflow/.local/lib/python3.12/site-packages/airflow/example_dags/example_latest_only.py took 0.089 seconds
[2025-10-03T19:25:48.480+0000] {processor.py:161} INFO - Started process (PID=1262) to work on /home/airflow/.local/lib/python3.12/site-packages/airflow/example_dags/example_latest_only.py
[2025-10-03T19:25:48.482+0000] {processor.py:830} INFO - Processing file /home/airflow/.local/lib/python3.12/site-packages/airflow/example_dags/example_latest_only.py for tasks to queue
[2025-10-03T19:25:48.487+0000] {logging_mixin.py:188} INFO - [2025-10-03T19:25:48.486+0000] {dagbag.py:545} INFO - Filling up the DagBag from /home/airflow/.local/lib/python3.12/site-packages/airflow/example_dags/example_latest_only.py
[2025-10-03T19:25:48.494+0000] {processor.py:840} INFO - DAG(s) 'latest_only' retrieved from /home/airflow/.local/lib/python3.12/site-packages/airflow/example_dags/example_latest_only.py
[2025-10-03T19:25:48.536+0000] {logging_mixin.py:188} INFO - [2025-10-03T19:25:48.536+0000] {dag.py:3096} INFO - Sync 1 DAGs
[2025-10-03T19:25:48.568+0000] {logging_mixin.py:188} INFO - [2025-10-03T19:25:48.568+0000] {dag.py:3954} INFO - Setting next_dagrun for latest_only to 2025-10-03 12:00:00+00:00, run_after=2025-10-03 16:00:00+00:00
[2025-10-03T19:25:48.591+0000] {processor.py:183} INFO - Processing /home/airflow/.local/lib/python3.12/site-packages/airflow/example_dags/example_latest_only.py took 0.124 seconds
