[2025-10-03T19:14:39.787+0000] {processor.py:161} INFO - Started process (PID=47) to work on /home/airflow/.local/lib/python3.12/site-packages/airflow/example_dags/example_sla_dag.py
[2025-10-03T19:14:39.789+0000] {processor.py:830} INFO - Processing file /home/airflow/.local/lib/python3.12/site-packages/airflow/example_dags/example_sla_dag.py for tasks to queue
[2025-10-03T19:14:39.793+0000] {logging_mixin.py:188} INFO - [2025-10-03T19:14:39.792+0000] {dagbag.py:545} INFO - Filling up the DagBag from /home/airflow/.local/lib/python3.12/site-packages/airflow/example_dags/example_sla_dag.py
[2025-10-03T19:14:39.818+0000] {processor.py:840} INFO - DAG(s) 'example_sla_dag' retrieved from /home/airflow/.local/lib/python3.12/site-packages/airflow/example_dags/example_sla_dag.py
[2025-10-03T19:14:39.840+0000] {logging_mixin.py:188} INFO - [2025-10-03T19:14:39.839+0000] {dag.py:3096} INFO - Sync 1 DAGs
[2025-10-03T19:14:39.882+0000] {logging_mixin.py:188} INFO - [2025-10-03T19:14:39.882+0000] {dag.py:3954} INFO - Setting next_dagrun for example_sla_dag to 2025-10-03 19:12:00+00:00, run_after=2025-10-03 19:14:00+00:00
[2025-10-03T19:14:39.913+0000] {processor.py:183} INFO - Processing /home/airflow/.local/lib/python3.12/site-packages/airflow/example_dags/example_sla_dag.py took 0.140 seconds
[2025-10-03T19:15:11.144+0000] {processor.py:161} INFO - Started process (PID=100) to work on /home/airflow/.local/lib/python3.12/site-packages/airflow/example_dags/example_sla_dag.py
[2025-10-03T19:15:11.146+0000] {processor.py:830} INFO - Processing file /home/airflow/.local/lib/python3.12/site-packages/airflow/example_dags/example_sla_dag.py for tasks to queue
[2025-10-03T19:15:11.150+0000] {logging_mixin.py:188} INFO - [2025-10-03T19:15:11.150+0000] {dagbag.py:545} INFO - Filling up the DagBag from /home/airflow/.local/lib/python3.12/site-packages/airflow/example_dags/example_sla_dag.py
[2025-10-03T19:15:11.167+0000] {processor.py:840} INFO - DAG(s) 'example_sla_dag' retrieved from /home/airflow/.local/lib/python3.12/site-packages/airflow/example_dags/example_sla_dag.py
[2025-10-03T19:15:11.381+0000] {logging_mixin.py:188} INFO - [2025-10-03T19:15:11.380+0000] {dag.py:3096} INFO - Sync 1 DAGs
[2025-10-03T19:15:11.521+0000] {logging_mixin.py:188} INFO - [2025-10-03T19:15:11.521+0000] {dag.py:3954} INFO - Setting next_dagrun for example_sla_dag to 2025-10-03 19:12:00+00:00, run_after=2025-10-03 19:14:00+00:00
[2025-10-03T19:15:11.571+0000] {processor.py:183} INFO - Processing /home/airflow/.local/lib/python3.12/site-packages/airflow/example_dags/example_sla_dag.py took 0.437 seconds
[2025-10-03T19:15:41.701+0000] {processor.py:161} INFO - Started process (PID=157) to work on /home/airflow/.local/lib/python3.12/site-packages/airflow/example_dags/example_sla_dag.py
[2025-10-03T19:15:41.704+0000] {processor.py:830} INFO - Processing file /home/airflow/.local/lib/python3.12/site-packages/airflow/example_dags/example_sla_dag.py for tasks to queue
[2025-10-03T19:15:41.709+0000] {logging_mixin.py:188} INFO - [2025-10-03T19:15:41.708+0000] {dagbag.py:545} INFO - Filling up the DagBag from /home/airflow/.local/lib/python3.12/site-packages/airflow/example_dags/example_sla_dag.py
[2025-10-03T19:15:41.729+0000] {processor.py:840} INFO - DAG(s) 'example_sla_dag' retrieved from /home/airflow/.local/lib/python3.12/site-packages/airflow/example_dags/example_sla_dag.py
[2025-10-03T19:15:41.766+0000] {logging_mixin.py:188} INFO - [2025-10-03T19:15:41.766+0000] {dag.py:3096} INFO - Sync 1 DAGs
[2025-10-03T19:15:41.799+0000] {logging_mixin.py:188} INFO - [2025-10-03T19:15:41.799+0000] {dag.py:3954} INFO - Setting next_dagrun for example_sla_dag to 2025-10-03 19:12:00+00:00, run_after=2025-10-03 19:14:00+00:00
[2025-10-03T19:15:41.824+0000] {processor.py:183} INFO - Processing /home/airflow/.local/lib/python3.12/site-packages/airflow/example_dags/example_sla_dag.py took 0.139 seconds
[2025-10-03T19:16:12.836+0000] {processor.py:161} INFO - Started process (PID=213) to work on /home/airflow/.local/lib/python3.12/site-packages/airflow/example_dags/example_sla_dag.py
[2025-10-03T19:16:12.837+0000] {processor.py:830} INFO - Processing file /home/airflow/.local/lib/python3.12/site-packages/airflow/example_dags/example_sla_dag.py for tasks to queue
[2025-10-03T19:16:12.840+0000] {logging_mixin.py:188} INFO - [2025-10-03T19:16:12.840+0000] {dagbag.py:545} INFO - Filling up the DagBag from /home/airflow/.local/lib/python3.12/site-packages/airflow/example_dags/example_sla_dag.py
[2025-10-03T19:16:12.854+0000] {processor.py:840} INFO - DAG(s) 'example_sla_dag' retrieved from /home/airflow/.local/lib/python3.12/site-packages/airflow/example_dags/example_sla_dag.py
[2025-10-03T19:16:12.887+0000] {logging_mixin.py:188} INFO - [2025-10-03T19:16:12.887+0000] {dag.py:3096} INFO - Sync 1 DAGs
[2025-10-03T19:16:12.920+0000] {logging_mixin.py:188} INFO - [2025-10-03T19:16:12.920+0000] {dag.py:3954} INFO - Setting next_dagrun for example_sla_dag to 2025-10-03 19:14:00+00:00, run_after=2025-10-03 19:16:00+00:00
[2025-10-03T19:16:12.951+0000] {processor.py:183} INFO - Processing /home/airflow/.local/lib/python3.12/site-packages/airflow/example_dags/example_sla_dag.py took 0.124 seconds
[2025-10-03T19:16:43.152+0000] {processor.py:161} INFO - Started process (PID=269) to work on /home/airflow/.local/lib/python3.12/site-packages/airflow/example_dags/example_sla_dag.py
[2025-10-03T19:16:43.154+0000] {processor.py:830} INFO - Processing file /home/airflow/.local/lib/python3.12/site-packages/airflow/example_dags/example_sla_dag.py for tasks to queue
[2025-10-03T19:16:43.157+0000] {logging_mixin.py:188} INFO - [2025-10-03T19:16:43.157+0000] {dagbag.py:545} INFO - Filling up the DagBag from /home/airflow/.local/lib/python3.12/site-packages/airflow/example_dags/example_sla_dag.py
[2025-10-03T19:16:43.169+0000] {processor.py:840} INFO - DAG(s) 'example_sla_dag' retrieved from /home/airflow/.local/lib/python3.12/site-packages/airflow/example_dags/example_sla_dag.py
[2025-10-03T19:16:43.197+0000] {logging_mixin.py:188} INFO - [2025-10-03T19:16:43.197+0000] {dag.py:3096} INFO - Sync 1 DAGs
[2025-10-03T19:16:43.228+0000] {logging_mixin.py:188} INFO - [2025-10-03T19:16:43.228+0000] {dag.py:3954} INFO - Setting next_dagrun for example_sla_dag to 2025-10-03 19:14:00+00:00, run_after=2025-10-03 19:16:00+00:00
[2025-10-03T19:16:43.261+0000] {processor.py:183} INFO - Processing /home/airflow/.local/lib/python3.12/site-packages/airflow/example_dags/example_sla_dag.py took 0.117 seconds
[2025-10-03T19:17:13.658+0000] {processor.py:161} INFO - Started process (PID=323) to work on /home/airflow/.local/lib/python3.12/site-packages/airflow/example_dags/example_sla_dag.py
[2025-10-03T19:17:13.662+0000] {processor.py:830} INFO - Processing file /home/airflow/.local/lib/python3.12/site-packages/airflow/example_dags/example_sla_dag.py for tasks to queue
[2025-10-03T19:17:13.667+0000] {logging_mixin.py:188} INFO - [2025-10-03T19:17:13.666+0000] {dagbag.py:545} INFO - Filling up the DagBag from /home/airflow/.local/lib/python3.12/site-packages/airflow/example_dags/example_sla_dag.py
[2025-10-03T19:17:13.689+0000] {processor.py:840} INFO - DAG(s) 'example_sla_dag' retrieved from /home/airflow/.local/lib/python3.12/site-packages/airflow/example_dags/example_sla_dag.py
[2025-10-03T19:17:13.730+0000] {logging_mixin.py:188} INFO - [2025-10-03T19:17:13.730+0000] {dag.py:3096} INFO - Sync 1 DAGs
[2025-10-03T19:17:13.788+0000] {logging_mixin.py:188} INFO - [2025-10-03T19:17:13.788+0000] {dag.py:3954} INFO - Setting next_dagrun for example_sla_dag to 2025-10-03 19:14:00+00:00, run_after=2025-10-03 19:16:00+00:00
[2025-10-03T19:17:13.835+0000] {processor.py:183} INFO - Processing /home/airflow/.local/lib/python3.12/site-packages/airflow/example_dags/example_sla_dag.py took 0.192 seconds
[2025-10-03T19:17:44.541+0000] {processor.py:161} INFO - Started process (PID=382) to work on /home/airflow/.local/lib/python3.12/site-packages/airflow/example_dags/example_sla_dag.py
[2025-10-03T19:17:44.543+0000] {processor.py:830} INFO - Processing file /home/airflow/.local/lib/python3.12/site-packages/airflow/example_dags/example_sla_dag.py for tasks to queue
[2025-10-03T19:17:44.548+0000] {logging_mixin.py:188} INFO - [2025-10-03T19:17:44.546+0000] {dagbag.py:545} INFO - Filling up the DagBag from /home/airflow/.local/lib/python3.12/site-packages/airflow/example_dags/example_sla_dag.py
[2025-10-03T19:17:44.561+0000] {processor.py:840} INFO - DAG(s) 'example_sla_dag' retrieved from /home/airflow/.local/lib/python3.12/site-packages/airflow/example_dags/example_sla_dag.py
[2025-10-03T19:17:44.590+0000] {logging_mixin.py:188} INFO - [2025-10-03T19:17:44.590+0000] {dag.py:3096} INFO - Sync 1 DAGs
[2025-10-03T19:17:44.623+0000] {logging_mixin.py:188} INFO - [2025-10-03T19:17:44.622+0000] {dag.py:3954} INFO - Setting next_dagrun for example_sla_dag to 2025-10-03 19:14:00+00:00, run_after=2025-10-03 19:16:00+00:00
[2025-10-03T19:17:44.663+0000] {processor.py:183} INFO - Processing /home/airflow/.local/lib/python3.12/site-packages/airflow/example_dags/example_sla_dag.py took 0.132 seconds
[2025-10-03T19:18:15.282+0000] {processor.py:161} INFO - Started process (PID=438) to work on /home/airflow/.local/lib/python3.12/site-packages/airflow/example_dags/example_sla_dag.py
[2025-10-03T19:18:15.285+0000] {processor.py:830} INFO - Processing file /home/airflow/.local/lib/python3.12/site-packages/airflow/example_dags/example_sla_dag.py for tasks to queue
[2025-10-03T19:18:15.288+0000] {logging_mixin.py:188} INFO - [2025-10-03T19:18:15.287+0000] {dagbag.py:545} INFO - Filling up the DagBag from /home/airflow/.local/lib/python3.12/site-packages/airflow/example_dags/example_sla_dag.py
[2025-10-03T19:18:15.302+0000] {processor.py:840} INFO - DAG(s) 'example_sla_dag' retrieved from /home/airflow/.local/lib/python3.12/site-packages/airflow/example_dags/example_sla_dag.py
[2025-10-03T19:18:15.331+0000] {logging_mixin.py:188} INFO - [2025-10-03T19:18:15.331+0000] {dag.py:3096} INFO - Sync 1 DAGs
[2025-10-03T19:18:15.367+0000] {logging_mixin.py:188} INFO - [2025-10-03T19:18:15.367+0000] {dag.py:3954} INFO - Setting next_dagrun for example_sla_dag to 2025-10-03 19:16:00+00:00, run_after=2025-10-03 19:18:00+00:00
[2025-10-03T19:18:15.403+0000] {processor.py:183} INFO - Processing /home/airflow/.local/lib/python3.12/site-packages/airflow/example_dags/example_sla_dag.py took 0.130 seconds
[2025-10-03T19:18:45.575+0000] {processor.py:161} INFO - Started process (PID=499) to work on /home/airflow/.local/lib/python3.12/site-packages/airflow/example_dags/example_sla_dag.py
[2025-10-03T19:18:45.576+0000] {processor.py:830} INFO - Processing file /home/airflow/.local/lib/python3.12/site-packages/airflow/example_dags/example_sla_dag.py for tasks to queue
[2025-10-03T19:18:45.579+0000] {logging_mixin.py:188} INFO - [2025-10-03T19:18:45.578+0000] {dagbag.py:545} INFO - Filling up the DagBag from /home/airflow/.local/lib/python3.12/site-packages/airflow/example_dags/example_sla_dag.py
[2025-10-03T19:18:45.591+0000] {processor.py:840} INFO - DAG(s) 'example_sla_dag' retrieved from /home/airflow/.local/lib/python3.12/site-packages/airflow/example_dags/example_sla_dag.py
[2025-10-03T19:18:45.618+0000] {logging_mixin.py:188} INFO - [2025-10-03T19:18:45.617+0000] {dag.py:3096} INFO - Sync 1 DAGs
[2025-10-03T19:18:45.648+0000] {logging_mixin.py:188} INFO - [2025-10-03T19:18:45.648+0000] {dag.py:3954} INFO - Setting next_dagrun for example_sla_dag to 2025-10-03 19:16:00+00:00, run_after=2025-10-03 19:18:00+00:00
[2025-10-03T19:18:45.680+0000] {processor.py:183} INFO - Processing /home/airflow/.local/lib/python3.12/site-packages/airflow/example_dags/example_sla_dag.py took 0.113 seconds
[2025-10-03T19:19:15.867+0000] {processor.py:161} INFO - Started process (PID=556) to work on /home/airflow/.local/lib/python3.12/site-packages/airflow/example_dags/example_sla_dag.py
[2025-10-03T19:19:15.870+0000] {processor.py:830} INFO - Processing file /home/airflow/.local/lib/python3.12/site-packages/airflow/example_dags/example_sla_dag.py for tasks to queue
[2025-10-03T19:19:15.873+0000] {logging_mixin.py:188} INFO - [2025-10-03T19:19:15.872+0000] {dagbag.py:545} INFO - Filling up the DagBag from /home/airflow/.local/lib/python3.12/site-packages/airflow/example_dags/example_sla_dag.py
[2025-10-03T19:19:15.886+0000] {processor.py:840} INFO - DAG(s) 'example_sla_dag' retrieved from /home/airflow/.local/lib/python3.12/site-packages/airflow/example_dags/example_sla_dag.py
[2025-10-03T19:19:15.914+0000] {logging_mixin.py:188} INFO - [2025-10-03T19:19:15.914+0000] {dag.py:3096} INFO - Sync 1 DAGs
[2025-10-03T19:19:15.949+0000] {logging_mixin.py:188} INFO - [2025-10-03T19:19:15.949+0000] {dag.py:3954} INFO - Setting next_dagrun for example_sla_dag to 2025-10-03 19:16:00+00:00, run_after=2025-10-03 19:18:00+00:00
[2025-10-03T19:19:15.981+0000] {processor.py:183} INFO - Processing /home/airflow/.local/lib/python3.12/site-packages/airflow/example_dags/example_sla_dag.py took 0.123 seconds
[2025-10-03T19:19:46.461+0000] {processor.py:161} INFO - Started process (PID=609) to work on /home/airflow/.local/lib/python3.12/site-packages/airflow/example_dags/example_sla_dag.py
[2025-10-03T19:19:46.462+0000] {processor.py:830} INFO - Processing file /home/airflow/.local/lib/python3.12/site-packages/airflow/example_dags/example_sla_dag.py for tasks to queue
[2025-10-03T19:19:46.464+0000] {logging_mixin.py:188} INFO - [2025-10-03T19:19:46.464+0000] {dagbag.py:545} INFO - Filling up the DagBag from /home/airflow/.local/lib/python3.12/site-packages/airflow/example_dags/example_sla_dag.py
[2025-10-03T19:19:46.475+0000] {processor.py:840} INFO - DAG(s) 'example_sla_dag' retrieved from /home/airflow/.local/lib/python3.12/site-packages/airflow/example_dags/example_sla_dag.py
[2025-10-03T19:19:46.498+0000] {logging_mixin.py:188} INFO - [2025-10-03T19:19:46.498+0000] {dag.py:3096} INFO - Sync 1 DAGs
[2025-10-03T19:19:46.526+0000] {logging_mixin.py:188} INFO - [2025-10-03T19:19:46.526+0000] {dag.py:3954} INFO - Setting next_dagrun for example_sla_dag to 2025-10-03 19:16:00+00:00, run_after=2025-10-03 19:18:00+00:00
[2025-10-03T19:19:46.557+0000] {processor.py:183} INFO - Processing /home/airflow/.local/lib/python3.12/site-packages/airflow/example_dags/example_sla_dag.py took 0.104 seconds
[2025-10-03T19:20:16.947+0000] {processor.py:161} INFO - Started process (PID=666) to work on /home/airflow/.local/lib/python3.12/site-packages/airflow/example_dags/example_sla_dag.py
[2025-10-03T19:20:16.949+0000] {processor.py:830} INFO - Processing file /home/airflow/.local/lib/python3.12/site-packages/airflow/example_dags/example_sla_dag.py for tasks to queue
[2025-10-03T19:20:16.951+0000] {logging_mixin.py:188} INFO - [2025-10-03T19:20:16.951+0000] {dagbag.py:545} INFO - Filling up the DagBag from /home/airflow/.local/lib/python3.12/site-packages/airflow/example_dags/example_sla_dag.py
[2025-10-03T19:20:16.963+0000] {processor.py:840} INFO - DAG(s) 'example_sla_dag' retrieved from /home/airflow/.local/lib/python3.12/site-packages/airflow/example_dags/example_sla_dag.py
[2025-10-03T19:20:16.994+0000] {logging_mixin.py:188} INFO - [2025-10-03T19:20:16.994+0000] {dag.py:3096} INFO - Sync 1 DAGs
[2025-10-03T19:20:17.038+0000] {logging_mixin.py:188} INFO - [2025-10-03T19:20:17.037+0000] {dag.py:3954} INFO - Setting next_dagrun for example_sla_dag to 2025-10-03 19:18:00+00:00, run_after=2025-10-03 19:20:00+00:00
[2025-10-03T19:20:17.069+0000] {processor.py:183} INFO - Processing /home/airflow/.local/lib/python3.12/site-packages/airflow/example_dags/example_sla_dag.py took 0.131 seconds
[2025-10-03T19:20:47.477+0000] {processor.py:161} INFO - Started process (PID=719) to work on /home/airflow/.local/lib/python3.12/site-packages/airflow/example_dags/example_sla_dag.py
[2025-10-03T19:20:47.479+0000] {processor.py:830} INFO - Processing file /home/airflow/.local/lib/python3.12/site-packages/airflow/example_dags/example_sla_dag.py for tasks to queue
[2025-10-03T19:20:47.483+0000] {logging_mixin.py:188} INFO - [2025-10-03T19:20:47.482+0000] {dagbag.py:545} INFO - Filling up the DagBag from /home/airflow/.local/lib/python3.12/site-packages/airflow/example_dags/example_sla_dag.py
[2025-10-03T19:20:47.498+0000] {processor.py:840} INFO - DAG(s) 'example_sla_dag' retrieved from /home/airflow/.local/lib/python3.12/site-packages/airflow/example_dags/example_sla_dag.py
[2025-10-03T19:20:47.533+0000] {logging_mixin.py:188} INFO - [2025-10-03T19:20:47.533+0000] {dag.py:3096} INFO - Sync 1 DAGs
[2025-10-03T19:20:47.577+0000] {logging_mixin.py:188} INFO - [2025-10-03T19:20:47.577+0000] {dag.py:3954} INFO - Setting next_dagrun for example_sla_dag to 2025-10-03 19:18:00+00:00, run_after=2025-10-03 19:20:00+00:00
[2025-10-03T19:20:47.611+0000] {processor.py:183} INFO - Processing /home/airflow/.local/lib/python3.12/site-packages/airflow/example_dags/example_sla_dag.py took 0.145 seconds
[2025-10-03T19:21:18.360+0000] {processor.py:161} INFO - Started process (PID=776) to work on /home/airflow/.local/lib/python3.12/site-packages/airflow/example_dags/example_sla_dag.py
[2025-10-03T19:21:18.362+0000] {processor.py:830} INFO - Processing file /home/airflow/.local/lib/python3.12/site-packages/airflow/example_dags/example_sla_dag.py for tasks to queue
[2025-10-03T19:21:18.364+0000] {logging_mixin.py:188} INFO - [2025-10-03T19:21:18.363+0000] {dagbag.py:545} INFO - Filling up the DagBag from /home/airflow/.local/lib/python3.12/site-packages/airflow/example_dags/example_sla_dag.py
[2025-10-03T19:21:18.373+0000] {processor.py:840} INFO - DAG(s) 'example_sla_dag' retrieved from /home/airflow/.local/lib/python3.12/site-packages/airflow/example_dags/example_sla_dag.py
[2025-10-03T19:21:18.398+0000] {logging_mixin.py:188} INFO - [2025-10-03T19:21:18.397+0000] {dag.py:3096} INFO - Sync 1 DAGs
[2025-10-03T19:21:18.429+0000] {logging_mixin.py:188} INFO - [2025-10-03T19:21:18.428+0000] {dag.py:3954} INFO - Setting next_dagrun for example_sla_dag to 2025-10-03 19:18:00+00:00, run_after=2025-10-03 19:20:00+00:00
[2025-10-03T19:21:18.452+0000] {processor.py:183} INFO - Processing /home/airflow/.local/lib/python3.12/site-packages/airflow/example_dags/example_sla_dag.py took 0.098 seconds
[2025-10-03T19:21:48.771+0000] {processor.py:161} INFO - Started process (PID=828) to work on /home/airflow/.local/lib/python3.12/site-packages/airflow/example_dags/example_sla_dag.py
[2025-10-03T19:21:48.773+0000] {processor.py:830} INFO - Processing file /home/airflow/.local/lib/python3.12/site-packages/airflow/example_dags/example_sla_dag.py for tasks to queue
[2025-10-03T19:21:48.776+0000] {logging_mixin.py:188} INFO - [2025-10-03T19:21:48.775+0000] {dagbag.py:545} INFO - Filling up the DagBag from /home/airflow/.local/lib/python3.12/site-packages/airflow/example_dags/example_sla_dag.py
[2025-10-03T19:21:48.790+0000] {processor.py:840} INFO - DAG(s) 'example_sla_dag' retrieved from /home/airflow/.local/lib/python3.12/site-packages/airflow/example_dags/example_sla_dag.py
[2025-10-03T19:21:48.819+0000] {logging_mixin.py:188} INFO - [2025-10-03T19:21:48.819+0000] {dag.py:3096} INFO - Sync 1 DAGs
[2025-10-03T19:21:48.854+0000] {logging_mixin.py:188} INFO - [2025-10-03T19:21:48.854+0000] {dag.py:3954} INFO - Setting next_dagrun for example_sla_dag to 2025-10-03 19:18:00+00:00, run_after=2025-10-03 19:20:00+00:00
[2025-10-03T19:21:48.889+0000] {processor.py:183} INFO - Processing /home/airflow/.local/lib/python3.12/site-packages/airflow/example_dags/example_sla_dag.py took 0.125 seconds
[2025-10-03T19:22:18.936+0000] {processor.py:161} INFO - Started process (PID=885) to work on /home/airflow/.local/lib/python3.12/site-packages/airflow/example_dags/example_sla_dag.py
[2025-10-03T19:22:18.937+0000] {processor.py:830} INFO - Processing file /home/airflow/.local/lib/python3.12/site-packages/airflow/example_dags/example_sla_dag.py for tasks to queue
[2025-10-03T19:22:18.940+0000] {logging_mixin.py:188} INFO - [2025-10-03T19:22:18.939+0000] {dagbag.py:545} INFO - Filling up the DagBag from /home/airflow/.local/lib/python3.12/site-packages/airflow/example_dags/example_sla_dag.py
[2025-10-03T19:22:18.951+0000] {processor.py:840} INFO - DAG(s) 'example_sla_dag' retrieved from /home/airflow/.local/lib/python3.12/site-packages/airflow/example_dags/example_sla_dag.py
[2025-10-03T19:22:18.976+0000] {logging_mixin.py:188} INFO - [2025-10-03T19:22:18.976+0000] {dag.py:3096} INFO - Sync 1 DAGs
[2025-10-03T19:22:19.004+0000] {logging_mixin.py:188} INFO - [2025-10-03T19:22:19.004+0000] {dag.py:3954} INFO - Setting next_dagrun for example_sla_dag to 2025-10-03 19:20:00+00:00, run_after=2025-10-03 19:22:00+00:00
[2025-10-03T19:22:19.034+0000] {processor.py:183} INFO - Processing /home/airflow/.local/lib/python3.12/site-packages/airflow/example_dags/example_sla_dag.py took 0.106 seconds
[2025-10-03T19:22:49.452+0000] {processor.py:161} INFO - Started process (PID=938) to work on /home/airflow/.local/lib/python3.12/site-packages/airflow/example_dags/example_sla_dag.py
[2025-10-03T19:22:49.453+0000] {processor.py:830} INFO - Processing file /home/airflow/.local/lib/python3.12/site-packages/airflow/example_dags/example_sla_dag.py for tasks to queue
[2025-10-03T19:22:49.456+0000] {logging_mixin.py:188} INFO - [2025-10-03T19:22:49.455+0000] {dagbag.py:545} INFO - Filling up the DagBag from /home/airflow/.local/lib/python3.12/site-packages/airflow/example_dags/example_sla_dag.py
[2025-10-03T19:22:49.465+0000] {processor.py:840} INFO - DAG(s) 'example_sla_dag' retrieved from /home/airflow/.local/lib/python3.12/site-packages/airflow/example_dags/example_sla_dag.py
[2025-10-03T19:22:49.487+0000] {logging_mixin.py:188} INFO - [2025-10-03T19:22:49.486+0000] {dag.py:3096} INFO - Sync 1 DAGs
[2025-10-03T19:22:49.511+0000] {logging_mixin.py:188} INFO - [2025-10-03T19:22:49.511+0000] {dag.py:3954} INFO - Setting next_dagrun for example_sla_dag to 2025-10-03 19:20:00+00:00, run_after=2025-10-03 19:22:00+00:00
[2025-10-03T19:22:49.533+0000] {processor.py:183} INFO - Processing /home/airflow/.local/lib/python3.12/site-packages/airflow/example_dags/example_sla_dag.py took 0.088 seconds
[2025-10-03T19:23:20.105+0000] {processor.py:161} INFO - Started process (PID=995) to work on /home/airflow/.local/lib/python3.12/site-packages/airflow/example_dags/example_sla_dag.py
[2025-10-03T19:23:20.106+0000] {processor.py:830} INFO - Processing file /home/airflow/.local/lib/python3.12/site-packages/airflow/example_dags/example_sla_dag.py for tasks to queue
[2025-10-03T19:23:20.109+0000] {logging_mixin.py:188} INFO - [2025-10-03T19:23:20.108+0000] {dagbag.py:545} INFO - Filling up the DagBag from /home/airflow/.local/lib/python3.12/site-packages/airflow/example_dags/example_sla_dag.py
[2025-10-03T19:23:20.120+0000] {processor.py:840} INFO - DAG(s) 'example_sla_dag' retrieved from /home/airflow/.local/lib/python3.12/site-packages/airflow/example_dags/example_sla_dag.py
[2025-10-03T19:23:20.142+0000] {logging_mixin.py:188} INFO - [2025-10-03T19:23:20.142+0000] {dag.py:3096} INFO - Sync 1 DAGs
[2025-10-03T19:23:20.166+0000] {logging_mixin.py:188} INFO - [2025-10-03T19:23:20.166+0000] {dag.py:3954} INFO - Setting next_dagrun for example_sla_dag to 2025-10-03 19:20:00+00:00, run_after=2025-10-03 19:22:00+00:00
[2025-10-03T19:23:20.192+0000] {processor.py:183} INFO - Processing /home/airflow/.local/lib/python3.12/site-packages/airflow/example_dags/example_sla_dag.py took 0.094 seconds
[2025-10-03T19:23:50.280+0000] {processor.py:161} INFO - Started process (PID=1048) to work on /home/airflow/.local/lib/python3.12/site-packages/airflow/example_dags/example_sla_dag.py
[2025-10-03T19:23:50.281+0000] {processor.py:830} INFO - Processing file /home/airflow/.local/lib/python3.12/site-packages/airflow/example_dags/example_sla_dag.py for tasks to queue
[2025-10-03T19:23:50.283+0000] {logging_mixin.py:188} INFO - [2025-10-03T19:23:50.283+0000] {dagbag.py:545} INFO - Filling up the DagBag from /home/airflow/.local/lib/python3.12/site-packages/airflow/example_dags/example_sla_dag.py
[2025-10-03T19:23:50.292+0000] {processor.py:840} INFO - DAG(s) 'example_sla_dag' retrieved from /home/airflow/.local/lib/python3.12/site-packages/airflow/example_dags/example_sla_dag.py
[2025-10-03T19:23:50.312+0000] {logging_mixin.py:188} INFO - [2025-10-03T19:23:50.312+0000] {dag.py:3096} INFO - Sync 1 DAGs
[2025-10-03T19:23:50.336+0000] {logging_mixin.py:188} INFO - [2025-10-03T19:23:50.335+0000] {dag.py:3954} INFO - Setting next_dagrun for example_sla_dag to 2025-10-03 19:20:00+00:00, run_after=2025-10-03 19:22:00+00:00
[2025-10-03T19:23:50.361+0000] {processor.py:183} INFO - Processing /home/airflow/.local/lib/python3.12/site-packages/airflow/example_dags/example_sla_dag.py took 0.087 seconds
[2025-10-03T19:24:20.793+0000] {processor.py:161} INFO - Started process (PID=1105) to work on /home/airflow/.local/lib/python3.12/site-packages/airflow/example_dags/example_sla_dag.py
[2025-10-03T19:24:20.794+0000] {processor.py:830} INFO - Processing file /home/airflow/.local/lib/python3.12/site-packages/airflow/example_dags/example_sla_dag.py for tasks to queue
[2025-10-03T19:24:20.796+0000] {logging_mixin.py:188} INFO - [2025-10-03T19:24:20.796+0000] {dagbag.py:545} INFO - Filling up the DagBag from /home/airflow/.local/lib/python3.12/site-packages/airflow/example_dags/example_sla_dag.py
[2025-10-03T19:24:20.806+0000] {processor.py:840} INFO - DAG(s) 'example_sla_dag' retrieved from /home/airflow/.local/lib/python3.12/site-packages/airflow/example_dags/example_sla_dag.py
[2025-10-03T19:24:20.828+0000] {logging_mixin.py:188} INFO - [2025-10-03T19:24:20.827+0000] {dag.py:3096} INFO - Sync 1 DAGs
[2025-10-03T19:24:20.852+0000] {logging_mixin.py:188} INFO - [2025-10-03T19:24:20.852+0000] {dag.py:3954} INFO - Setting next_dagrun for example_sla_dag to 2025-10-03 19:22:00+00:00, run_after=2025-10-03 19:24:00+00:00
[2025-10-03T19:24:20.875+0000] {processor.py:183} INFO - Processing /home/airflow/.local/lib/python3.12/site-packages/airflow/example_dags/example_sla_dag.py took 0.089 seconds
[2025-10-03T19:24:51.220+0000] {processor.py:161} INFO - Started process (PID=1158) to work on /home/airflow/.local/lib/python3.12/site-packages/airflow/example_dags/example_sla_dag.py
[2025-10-03T19:24:51.221+0000] {processor.py:830} INFO - Processing file /home/airflow/.local/lib/python3.12/site-packages/airflow/example_dags/example_sla_dag.py for tasks to queue
[2025-10-03T19:24:51.224+0000] {logging_mixin.py:188} INFO - [2025-10-03T19:24:51.223+0000] {dagbag.py:545} INFO - Filling up the DagBag from /home/airflow/.local/lib/python3.12/site-packages/airflow/example_dags/example_sla_dag.py
[2025-10-03T19:24:51.232+0000] {processor.py:840} INFO - DAG(s) 'example_sla_dag' retrieved from /home/airflow/.local/lib/python3.12/site-packages/airflow/example_dags/example_sla_dag.py
[2025-10-03T19:24:51.254+0000] {logging_mixin.py:188} INFO - [2025-10-03T19:24:51.253+0000] {dag.py:3096} INFO - Sync 1 DAGs
[2025-10-03T19:24:51.281+0000] {logging_mixin.py:188} INFO - [2025-10-03T19:24:51.280+0000] {dag.py:3954} INFO - Setting next_dagrun for example_sla_dag to 2025-10-03 19:22:00+00:00, run_after=2025-10-03 19:24:00+00:00
[2025-10-03T19:24:51.309+0000] {processor.py:183} INFO - Processing /home/airflow/.local/lib/python3.12/site-packages/airflow/example_dags/example_sla_dag.py took 0.095 seconds
[2025-10-03T19:25:21.548+0000] {processor.py:161} INFO - Started process (PID=1215) to work on /home/airflow/.local/lib/python3.12/site-packages/airflow/example_dags/example_sla_dag.py
[2025-10-03T19:25:21.550+0000] {processor.py:830} INFO - Processing file /home/airflow/.local/lib/python3.12/site-packages/airflow/example_dags/example_sla_dag.py for tasks to queue
[2025-10-03T19:25:21.552+0000] {logging_mixin.py:188} INFO - [2025-10-03T19:25:21.552+0000] {dagbag.py:545} INFO - Filling up the DagBag from /home/airflow/.local/lib/python3.12/site-packages/airflow/example_dags/example_sla_dag.py
[2025-10-03T19:25:21.563+0000] {processor.py:840} INFO - DAG(s) 'example_sla_dag' retrieved from /home/airflow/.local/lib/python3.12/site-packages/airflow/example_dags/example_sla_dag.py
[2025-10-03T19:25:21.585+0000] {logging_mixin.py:188} INFO - [2025-10-03T19:25:21.585+0000] {dag.py:3096} INFO - Sync 1 DAGs
[2025-10-03T19:25:21.612+0000] {logging_mixin.py:188} INFO - [2025-10-03T19:25:21.611+0000] {dag.py:3954} INFO - Setting next_dagrun for example_sla_dag to 2025-10-03 19:22:00+00:00, run_after=2025-10-03 19:24:00+00:00
[2025-10-03T19:25:21.646+0000] {processor.py:183} INFO - Processing /home/airflow/.local/lib/python3.12/site-packages/airflow/example_dags/example_sla_dag.py took 0.104 seconds
[2025-10-03T19:25:51.946+0000] {processor.py:161} INFO - Started process (PID=1268) to work on /home/airflow/.local/lib/python3.12/site-packages/airflow/example_dags/example_sla_dag.py
[2025-10-03T19:25:51.948+0000] {processor.py:830} INFO - Processing file /home/airflow/.local/lib/python3.12/site-packages/airflow/example_dags/example_sla_dag.py for tasks to queue
[2025-10-03T19:25:51.950+0000] {logging_mixin.py:188} INFO - [2025-10-03T19:25:51.950+0000] {dagbag.py:545} INFO - Filling up the DagBag from /home/airflow/.local/lib/python3.12/site-packages/airflow/example_dags/example_sla_dag.py
[2025-10-03T19:25:51.959+0000] {processor.py:840} INFO - DAG(s) 'example_sla_dag' retrieved from /home/airflow/.local/lib/python3.12/site-packages/airflow/example_dags/example_sla_dag.py
[2025-10-03T19:25:51.981+0000] {logging_mixin.py:188} INFO - [2025-10-03T19:25:51.980+0000] {dag.py:3096} INFO - Sync 1 DAGs
[2025-10-03T19:25:52.015+0000] {logging_mixin.py:188} INFO - [2025-10-03T19:25:52.015+0000] {dag.py:3954} INFO - Setting next_dagrun for example_sla_dag to 2025-10-03 19:22:00+00:00, run_after=2025-10-03 19:24:00+00:00
[2025-10-03T19:25:52.053+0000] {processor.py:183} INFO - Processing /home/airflow/.local/lib/python3.12/site-packages/airflow/example_dags/example_sla_dag.py took 0.113 seconds
