[2025-10-03T19:14:43.314+0000] {processor.py:161} INFO - Started process (PID=73) to work on /home/airflow/.local/lib/python3.12/site-packages/airflow/example_dags/example_xcomargs.py
[2025-10-03T19:14:43.317+0000] {processor.py:830} INFO - Processing file /home/airflow/.local/lib/python3.12/site-packages/airflow/example_dags/example_xcomargs.py for tasks to queue
[2025-10-03T19:14:43.321+0000] {logging_mixin.py:188} INFO - [2025-10-03T19:14:43.321+0000] {dagbag.py:545} INFO - Filling up the DagBag from /home/airflow/.local/lib/python3.12/site-packages/airflow/example_dags/example_xcomargs.py
[2025-10-03T19:14:43.345+0000] {processor.py:840} INFO - DAG(s) 'example_xcom_args_with_operators', 'example_xcom_args' retrieved from /home/airflow/.local/lib/python3.12/site-packages/airflow/example_dags/example_xcomargs.py
[2025-10-03T19:14:43.373+0000] {logging_mixin.py:188} INFO - [2025-10-03T19:14:43.373+0000] {dag.py:3096} INFO - Sync 2 DAGs
[2025-10-03T19:14:43.405+0000] {logging_mixin.py:188} INFO - [2025-10-03T19:14:43.404+0000] {dag.py:3954} INFO - Setting next_dagrun for example_xcom_args to None, run_after=None
[2025-10-03T19:14:43.415+0000] {logging_mixin.py:188} INFO - [2025-10-03T19:14:43.415+0000] {dag.py:3954} INFO - Setting next_dagrun for example_xcom_args_with_operators to None, run_after=None
[2025-10-03T19:14:43.450+0000] {processor.py:183} INFO - Processing /home/airflow/.local/lib/python3.12/site-packages/airflow/example_dags/example_xcomargs.py took 0.152 seconds
[2025-10-03T19:15:16.172+0000] {processor.py:161} INFO - Started process (PID=126) to work on /home/airflow/.local/lib/python3.12/site-packages/airflow/example_dags/example_xcomargs.py
[2025-10-03T19:15:16.174+0000] {processor.py:830} INFO - Processing file /home/airflow/.local/lib/python3.12/site-packages/airflow/example_dags/example_xcomargs.py for tasks to queue
[2025-10-03T19:15:16.176+0000] {logging_mixin.py:188} INFO - [2025-10-03T19:15:16.176+0000] {dagbag.py:545} INFO - Filling up the DagBag from /home/airflow/.local/lib/python3.12/site-packages/airflow/example_dags/example_xcomargs.py
[2025-10-03T19:15:16.187+0000] {processor.py:840} INFO - DAG(s) 'example_xcom_args', 'example_xcom_args_with_operators' retrieved from /home/airflow/.local/lib/python3.12/site-packages/airflow/example_dags/example_xcomargs.py
[2025-10-03T19:15:16.358+0000] {logging_mixin.py:188} INFO - [2025-10-03T19:15:16.358+0000] {dag.py:3096} INFO - Sync 2 DAGs
[2025-10-03T19:15:16.374+0000] {logging_mixin.py:188} INFO - [2025-10-03T19:15:16.373+0000] {dag.py:3954} INFO - Setting next_dagrun for example_xcom_args to None, run_after=None
[2025-10-03T19:15:16.378+0000] {logging_mixin.py:188} INFO - [2025-10-03T19:15:16.378+0000] {dag.py:3954} INFO - Setting next_dagrun for example_xcom_args_with_operators to None, run_after=None
[2025-10-03T19:15:16.407+0000] {processor.py:183} INFO - Processing /home/airflow/.local/lib/python3.12/site-packages/airflow/example_dags/example_xcomargs.py took 0.242 seconds
[2025-10-03T19:15:46.893+0000] {processor.py:161} INFO - Started process (PID=183) to work on /home/airflow/.local/lib/python3.12/site-packages/airflow/example_dags/example_xcomargs.py
[2025-10-03T19:15:46.895+0000] {processor.py:830} INFO - Processing file /home/airflow/.local/lib/python3.12/site-packages/airflow/example_dags/example_xcomargs.py for tasks to queue
[2025-10-03T19:15:46.897+0000] {logging_mixin.py:188} INFO - [2025-10-03T19:15:46.897+0000] {dagbag.py:545} INFO - Filling up the DagBag from /home/airflow/.local/lib/python3.12/site-packages/airflow/example_dags/example_xcomargs.py
[2025-10-03T19:15:46.909+0000] {processor.py:840} INFO - DAG(s) 'example_xcom_args', 'example_xcom_args_with_operators' retrieved from /home/airflow/.local/lib/python3.12/site-packages/airflow/example_dags/example_xcomargs.py
[2025-10-03T19:15:46.943+0000] {logging_mixin.py:188} INFO - [2025-10-03T19:15:46.943+0000] {dag.py:3096} INFO - Sync 2 DAGs
[2025-10-03T19:15:46.959+0000] {logging_mixin.py:188} INFO - [2025-10-03T19:15:46.959+0000] {dag.py:3954} INFO - Setting next_dagrun for example_xcom_args to None, run_after=None
[2025-10-03T19:15:46.964+0000] {logging_mixin.py:188} INFO - [2025-10-03T19:15:46.964+0000] {dag.py:3954} INFO - Setting next_dagrun for example_xcom_args_with_operators to None, run_after=None
[2025-10-03T19:15:46.985+0000] {processor.py:183} INFO - Processing /home/airflow/.local/lib/python3.12/site-packages/airflow/example_dags/example_xcomargs.py took 0.100 seconds
[2025-10-03T19:16:17.528+0000] {processor.py:161} INFO - Started process (PID=239) to work on /home/airflow/.local/lib/python3.12/site-packages/airflow/example_dags/example_xcomargs.py
[2025-10-03T19:16:17.533+0000] {processor.py:830} INFO - Processing file /home/airflow/.local/lib/python3.12/site-packages/airflow/example_dags/example_xcomargs.py for tasks to queue
[2025-10-03T19:16:17.536+0000] {logging_mixin.py:188} INFO - [2025-10-03T19:16:17.536+0000] {dagbag.py:545} INFO - Filling up the DagBag from /home/airflow/.local/lib/python3.12/site-packages/airflow/example_dags/example_xcomargs.py
[2025-10-03T19:16:17.551+0000] {processor.py:840} INFO - DAG(s) 'example_xcom_args', 'example_xcom_args_with_operators' retrieved from /home/airflow/.local/lib/python3.12/site-packages/airflow/example_dags/example_xcomargs.py
[2025-10-03T19:16:17.587+0000] {logging_mixin.py:188} INFO - [2025-10-03T19:16:17.587+0000] {dag.py:3096} INFO - Sync 2 DAGs
[2025-10-03T19:16:17.610+0000] {logging_mixin.py:188} INFO - [2025-10-03T19:16:17.610+0000] {dag.py:3954} INFO - Setting next_dagrun for example_xcom_args to None, run_after=None
[2025-10-03T19:16:17.616+0000] {logging_mixin.py:188} INFO - [2025-10-03T19:16:17.616+0000] {dag.py:3954} INFO - Setting next_dagrun for example_xcom_args_with_operators to None, run_after=None
[2025-10-03T19:16:17.639+0000] {processor.py:183} INFO - Processing /home/airflow/.local/lib/python3.12/site-packages/airflow/example_dags/example_xcomargs.py took 0.122 seconds
[2025-10-03T19:16:47.883+0000] {processor.py:161} INFO - Started process (PID=295) to work on /home/airflow/.local/lib/python3.12/site-packages/airflow/example_dags/example_xcomargs.py
[2025-10-03T19:16:47.884+0000] {processor.py:830} INFO - Processing file /home/airflow/.local/lib/python3.12/site-packages/airflow/example_dags/example_xcomargs.py for tasks to queue
[2025-10-03T19:16:47.889+0000] {logging_mixin.py:188} INFO - [2025-10-03T19:16:47.888+0000] {dagbag.py:545} INFO - Filling up the DagBag from /home/airflow/.local/lib/python3.12/site-packages/airflow/example_dags/example_xcomargs.py
[2025-10-03T19:16:47.904+0000] {processor.py:840} INFO - DAG(s) 'example_xcom_args_with_operators', 'example_xcom_args' retrieved from /home/airflow/.local/lib/python3.12/site-packages/airflow/example_dags/example_xcomargs.py
[2025-10-03T19:16:47.958+0000] {logging_mixin.py:188} INFO - [2025-10-03T19:16:47.958+0000] {dag.py:3096} INFO - Sync 2 DAGs
[2025-10-03T19:16:47.988+0000] {logging_mixin.py:188} INFO - [2025-10-03T19:16:47.988+0000] {dag.py:3954} INFO - Setting next_dagrun for example_xcom_args to None, run_after=None
[2025-10-03T19:16:47.995+0000] {logging_mixin.py:188} INFO - [2025-10-03T19:16:47.995+0000] {dag.py:3954} INFO - Setting next_dagrun for example_xcom_args_with_operators to None, run_after=None
[2025-10-03T19:16:48.026+0000] {processor.py:183} INFO - Processing /home/airflow/.local/lib/python3.12/site-packages/airflow/example_dags/example_xcomargs.py took 0.154 seconds
[2025-10-03T19:17:18.550+0000] {processor.py:161} INFO - Started process (PID=349) to work on /home/airflow/.local/lib/python3.12/site-packages/airflow/example_dags/example_xcomargs.py
[2025-10-03T19:17:18.551+0000] {processor.py:830} INFO - Processing file /home/airflow/.local/lib/python3.12/site-packages/airflow/example_dags/example_xcomargs.py for tasks to queue
[2025-10-03T19:17:18.555+0000] {logging_mixin.py:188} INFO - [2025-10-03T19:17:18.555+0000] {dagbag.py:545} INFO - Filling up the DagBag from /home/airflow/.local/lib/python3.12/site-packages/airflow/example_dags/example_xcomargs.py
[2025-10-03T19:17:18.570+0000] {processor.py:840} INFO - DAG(s) 'example_xcom_args', 'example_xcom_args_with_operators' retrieved from /home/airflow/.local/lib/python3.12/site-packages/airflow/example_dags/example_xcomargs.py
[2025-10-03T19:17:18.606+0000] {logging_mixin.py:188} INFO - [2025-10-03T19:17:18.606+0000] {dag.py:3096} INFO - Sync 2 DAGs
[2025-10-03T19:17:18.625+0000] {logging_mixin.py:188} INFO - [2025-10-03T19:17:18.624+0000] {dag.py:3954} INFO - Setting next_dagrun for example_xcom_args to None, run_after=None
[2025-10-03T19:17:18.630+0000] {logging_mixin.py:188} INFO - [2025-10-03T19:17:18.630+0000] {dag.py:3954} INFO - Setting next_dagrun for example_xcom_args_with_operators to None, run_after=None
[2025-10-03T19:17:18.657+0000] {processor.py:183} INFO - Processing /home/airflow/.local/lib/python3.12/site-packages/airflow/example_dags/example_xcomargs.py took 0.118 seconds
[2025-10-03T19:17:49.201+0000] {processor.py:161} INFO - Started process (PID=408) to work on /home/airflow/.local/lib/python3.12/site-packages/airflow/example_dags/example_xcomargs.py
[2025-10-03T19:17:49.203+0000] {processor.py:830} INFO - Processing file /home/airflow/.local/lib/python3.12/site-packages/airflow/example_dags/example_xcomargs.py for tasks to queue
[2025-10-03T19:17:49.206+0000] {logging_mixin.py:188} INFO - [2025-10-03T19:17:49.206+0000] {dagbag.py:545} INFO - Filling up the DagBag from /home/airflow/.local/lib/python3.12/site-packages/airflow/example_dags/example_xcomargs.py
[2025-10-03T19:17:49.225+0000] {processor.py:840} INFO - DAG(s) 'example_xcom_args', 'example_xcom_args_with_operators' retrieved from /home/airflow/.local/lib/python3.12/site-packages/airflow/example_dags/example_xcomargs.py
[2025-10-03T19:17:49.289+0000] {logging_mixin.py:188} INFO - [2025-10-03T19:17:49.288+0000] {dag.py:3096} INFO - Sync 2 DAGs
[2025-10-03T19:17:49.318+0000] {logging_mixin.py:188} INFO - [2025-10-03T19:17:49.318+0000] {dag.py:3954} INFO - Setting next_dagrun for example_xcom_args to None, run_after=None
[2025-10-03T19:17:49.326+0000] {logging_mixin.py:188} INFO - [2025-10-03T19:17:49.325+0000] {dag.py:3954} INFO - Setting next_dagrun for example_xcom_args_with_operators to None, run_after=None
[2025-10-03T19:17:49.367+0000] {processor.py:183} INFO - Processing /home/airflow/.local/lib/python3.12/site-packages/airflow/example_dags/example_xcomargs.py took 0.179 seconds
[2025-10-03T19:18:19.840+0000] {processor.py:161} INFO - Started process (PID=466) to work on /home/airflow/.local/lib/python3.12/site-packages/airflow/example_dags/example_xcomargs.py
[2025-10-03T19:18:19.842+0000] {processor.py:830} INFO - Processing file /home/airflow/.local/lib/python3.12/site-packages/airflow/example_dags/example_xcomargs.py for tasks to queue
[2025-10-03T19:18:19.845+0000] {logging_mixin.py:188} INFO - [2025-10-03T19:18:19.844+0000] {dagbag.py:545} INFO - Filling up the DagBag from /home/airflow/.local/lib/python3.12/site-packages/airflow/example_dags/example_xcomargs.py
[2025-10-03T19:18:19.861+0000] {processor.py:840} INFO - DAG(s) 'example_xcom_args', 'example_xcom_args_with_operators' retrieved from /home/airflow/.local/lib/python3.12/site-packages/airflow/example_dags/example_xcomargs.py
[2025-10-03T19:18:19.905+0000] {logging_mixin.py:188} INFO - [2025-10-03T19:18:19.904+0000] {dag.py:3096} INFO - Sync 2 DAGs
[2025-10-03T19:18:19.927+0000] {logging_mixin.py:188} INFO - [2025-10-03T19:18:19.926+0000] {dag.py:3954} INFO - Setting next_dagrun for example_xcom_args to None, run_after=None
[2025-10-03T19:18:19.933+0000] {logging_mixin.py:188} INFO - [2025-10-03T19:18:19.932+0000] {dag.py:3954} INFO - Setting next_dagrun for example_xcom_args_with_operators to None, run_after=None
[2025-10-03T19:18:19.966+0000] {processor.py:183} INFO - Processing /home/airflow/.local/lib/python3.12/site-packages/airflow/example_dags/example_xcomargs.py took 0.137 seconds
[2025-10-03T19:18:51.198+0000] {processor.py:161} INFO - Started process (PID=526) to work on /home/airflow/.local/lib/python3.12/site-packages/airflow/example_dags/example_xcomargs.py
[2025-10-03T19:18:51.200+0000] {processor.py:830} INFO - Processing file /home/airflow/.local/lib/python3.12/site-packages/airflow/example_dags/example_xcomargs.py for tasks to queue
[2025-10-03T19:18:51.203+0000] {logging_mixin.py:188} INFO - [2025-10-03T19:18:51.202+0000] {dagbag.py:545} INFO - Filling up the DagBag from /home/airflow/.local/lib/python3.12/site-packages/airflow/example_dags/example_xcomargs.py
[2025-10-03T19:18:51.218+0000] {processor.py:840} INFO - DAG(s) 'example_xcom_args_with_operators', 'example_xcom_args' retrieved from /home/airflow/.local/lib/python3.12/site-packages/airflow/example_dags/example_xcomargs.py
[2025-10-03T19:18:51.266+0000] {logging_mixin.py:188} INFO - [2025-10-03T19:18:51.266+0000] {dag.py:3096} INFO - Sync 2 DAGs
[2025-10-03T19:18:51.290+0000] {logging_mixin.py:188} INFO - [2025-10-03T19:18:51.289+0000] {dag.py:3954} INFO - Setting next_dagrun for example_xcom_args to None, run_after=None
[2025-10-03T19:18:51.297+0000] {logging_mixin.py:188} INFO - [2025-10-03T19:18:51.296+0000] {dag.py:3954} INFO - Setting next_dagrun for example_xcom_args_with_operators to None, run_after=None
[2025-10-03T19:18:51.333+0000] {processor.py:183} INFO - Processing /home/airflow/.local/lib/python3.12/site-packages/airflow/example_dags/example_xcomargs.py took 0.146 seconds
[2025-10-03T19:19:21.441+0000] {processor.py:161} INFO - Started process (PID=583) to work on /home/airflow/.local/lib/python3.12/site-packages/airflow/example_dags/example_xcomargs.py
[2025-10-03T19:19:21.442+0000] {processor.py:830} INFO - Processing file /home/airflow/.local/lib/python3.12/site-packages/airflow/example_dags/example_xcomargs.py for tasks to queue
[2025-10-03T19:19:21.445+0000] {logging_mixin.py:188} INFO - [2025-10-03T19:19:21.445+0000] {dagbag.py:545} INFO - Filling up the DagBag from /home/airflow/.local/lib/python3.12/site-packages/airflow/example_dags/example_xcomargs.py
[2025-10-03T19:19:21.456+0000] {processor.py:840} INFO - DAG(s) 'example_xcom_args', 'example_xcom_args_with_operators' retrieved from /home/airflow/.local/lib/python3.12/site-packages/airflow/example_dags/example_xcomargs.py
[2025-10-03T19:19:21.488+0000] {logging_mixin.py:188} INFO - [2025-10-03T19:19:21.488+0000] {dag.py:3096} INFO - Sync 2 DAGs
[2025-10-03T19:19:21.508+0000] {logging_mixin.py:188} INFO - [2025-10-03T19:19:21.508+0000] {dag.py:3954} INFO - Setting next_dagrun for example_xcom_args to None, run_after=None
[2025-10-03T19:19:21.514+0000] {logging_mixin.py:188} INFO - [2025-10-03T19:19:21.514+0000] {dag.py:3954} INFO - Setting next_dagrun for example_xcom_args_with_operators to None, run_after=None
[2025-10-03T19:19:21.570+0000] {processor.py:183} INFO - Processing /home/airflow/.local/lib/python3.12/site-packages/airflow/example_dags/example_xcomargs.py took 0.137 seconds
[2025-10-03T19:19:51.948+0000] {processor.py:161} INFO - Started process (PID=636) to work on /home/airflow/.local/lib/python3.12/site-packages/airflow/example_dags/example_xcomargs.py
[2025-10-03T19:19:51.950+0000] {processor.py:830} INFO - Processing file /home/airflow/.local/lib/python3.12/site-packages/airflow/example_dags/example_xcomargs.py for tasks to queue
[2025-10-03T19:19:51.953+0000] {logging_mixin.py:188} INFO - [2025-10-03T19:19:51.953+0000] {dagbag.py:545} INFO - Filling up the DagBag from /home/airflow/.local/lib/python3.12/site-packages/airflow/example_dags/example_xcomargs.py
[2025-10-03T19:19:51.965+0000] {processor.py:840} INFO - DAG(s) 'example_xcom_args', 'example_xcom_args_with_operators' retrieved from /home/airflow/.local/lib/python3.12/site-packages/airflow/example_dags/example_xcomargs.py
[2025-10-03T19:19:51.998+0000] {logging_mixin.py:188} INFO - [2025-10-03T19:19:51.998+0000] {dag.py:3096} INFO - Sync 2 DAGs
[2025-10-03T19:19:52.016+0000] {logging_mixin.py:188} INFO - [2025-10-03T19:19:52.015+0000] {dag.py:3954} INFO - Setting next_dagrun for example_xcom_args to None, run_after=None
[2025-10-03T19:19:52.021+0000] {logging_mixin.py:188} INFO - [2025-10-03T19:19:52.021+0000] {dag.py:3954} INFO - Setting next_dagrun for example_xcom_args_with_operators to None, run_after=None
[2025-10-03T19:19:52.044+0000] {processor.py:183} INFO - Processing /home/airflow/.local/lib/python3.12/site-packages/airflow/example_dags/example_xcomargs.py took 0.106 seconds
[2025-10-03T19:20:22.675+0000] {processor.py:161} INFO - Started process (PID=693) to work on /home/airflow/.local/lib/python3.12/site-packages/airflow/example_dags/example_xcomargs.py
[2025-10-03T19:20:22.676+0000] {processor.py:830} INFO - Processing file /home/airflow/.local/lib/python3.12/site-packages/airflow/example_dags/example_xcomargs.py for tasks to queue
[2025-10-03T19:20:22.679+0000] {logging_mixin.py:188} INFO - [2025-10-03T19:20:22.679+0000] {dagbag.py:545} INFO - Filling up the DagBag from /home/airflow/.local/lib/python3.12/site-packages/airflow/example_dags/example_xcomargs.py
[2025-10-03T19:20:22.690+0000] {processor.py:840} INFO - DAG(s) 'example_xcom_args_with_operators', 'example_xcom_args' retrieved from /home/airflow/.local/lib/python3.12/site-packages/airflow/example_dags/example_xcomargs.py
[2025-10-03T19:20:22.721+0000] {logging_mixin.py:188} INFO - [2025-10-03T19:20:22.721+0000] {dag.py:3096} INFO - Sync 2 DAGs
[2025-10-03T19:20:22.738+0000] {logging_mixin.py:188} INFO - [2025-10-03T19:20:22.738+0000] {dag.py:3954} INFO - Setting next_dagrun for example_xcom_args to None, run_after=None
[2025-10-03T19:20:22.743+0000] {logging_mixin.py:188} INFO - [2025-10-03T19:20:22.743+0000] {dag.py:3954} INFO - Setting next_dagrun for example_xcom_args_with_operators to None, run_after=None
[2025-10-03T19:20:22.771+0000] {processor.py:183} INFO - Processing /home/airflow/.local/lib/python3.12/site-packages/airflow/example_dags/example_xcomargs.py took 0.104 seconds
[2025-10-03T19:20:52.961+0000] {processor.py:161} INFO - Started process (PID=746) to work on /home/airflow/.local/lib/python3.12/site-packages/airflow/example_dags/example_xcomargs.py
[2025-10-03T19:20:52.963+0000] {processor.py:830} INFO - Processing file /home/airflow/.local/lib/python3.12/site-packages/airflow/example_dags/example_xcomargs.py for tasks to queue
[2025-10-03T19:20:52.970+0000] {logging_mixin.py:188} INFO - [2025-10-03T19:20:52.968+0000] {dagbag.py:545} INFO - Filling up the DagBag from /home/airflow/.local/lib/python3.12/site-packages/airflow/example_dags/example_xcomargs.py
[2025-10-03T19:20:52.985+0000] {processor.py:840} INFO - DAG(s) 'example_xcom_args_with_operators', 'example_xcom_args' retrieved from /home/airflow/.local/lib/python3.12/site-packages/airflow/example_dags/example_xcomargs.py
[2025-10-03T19:20:53.026+0000] {logging_mixin.py:188} INFO - [2025-10-03T19:20:53.026+0000] {dag.py:3096} INFO - Sync 2 DAGs
[2025-10-03T19:20:53.047+0000] {logging_mixin.py:188} INFO - [2025-10-03T19:20:53.047+0000] {dag.py:3954} INFO - Setting next_dagrun for example_xcom_args to None, run_after=None
[2025-10-03T19:20:53.054+0000] {logging_mixin.py:188} INFO - [2025-10-03T19:20:53.054+0000] {dag.py:3954} INFO - Setting next_dagrun for example_xcom_args_with_operators to None, run_after=None
[2025-10-03T19:20:53.084+0000] {processor.py:183} INFO - Processing /home/airflow/.local/lib/python3.12/site-packages/airflow/example_dags/example_xcomargs.py took 0.139 seconds
[2025-10-03T19:21:23.987+0000] {processor.py:161} INFO - Started process (PID=803) to work on /home/airflow/.local/lib/python3.12/site-packages/airflow/example_dags/example_xcomargs.py
[2025-10-03T19:21:23.989+0000] {processor.py:830} INFO - Processing file /home/airflow/.local/lib/python3.12/site-packages/airflow/example_dags/example_xcomargs.py for tasks to queue
[2025-10-03T19:21:23.991+0000] {logging_mixin.py:188} INFO - [2025-10-03T19:21:23.991+0000] {dagbag.py:545} INFO - Filling up the DagBag from /home/airflow/.local/lib/python3.12/site-packages/airflow/example_dags/example_xcomargs.py
[2025-10-03T19:21:24.002+0000] {processor.py:840} INFO - DAG(s) 'example_xcom_args_with_operators', 'example_xcom_args' retrieved from /home/airflow/.local/lib/python3.12/site-packages/airflow/example_dags/example_xcomargs.py
[2025-10-03T19:21:24.039+0000] {logging_mixin.py:188} INFO - [2025-10-03T19:21:24.039+0000] {dag.py:3096} INFO - Sync 2 DAGs
[2025-10-03T19:21:24.062+0000] {logging_mixin.py:188} INFO - [2025-10-03T19:21:24.061+0000] {dag.py:3954} INFO - Setting next_dagrun for example_xcom_args to None, run_after=None
[2025-10-03T19:21:24.067+0000] {logging_mixin.py:188} INFO - [2025-10-03T19:21:24.067+0000] {dag.py:3954} INFO - Setting next_dagrun for example_xcom_args_with_operators to None, run_after=None
[2025-10-03T19:21:24.098+0000] {processor.py:183} INFO - Processing /home/airflow/.local/lib/python3.12/site-packages/airflow/example_dags/example_xcomargs.py took 0.118 seconds
[2025-10-03T19:21:54.568+0000] {processor.py:161} INFO - Started process (PID=856) to work on /home/airflow/.local/lib/python3.12/site-packages/airflow/example_dags/example_xcomargs.py
[2025-10-03T19:21:54.570+0000] {processor.py:830} INFO - Processing file /home/airflow/.local/lib/python3.12/site-packages/airflow/example_dags/example_xcomargs.py for tasks to queue
[2025-10-03T19:21:54.572+0000] {logging_mixin.py:188} INFO - [2025-10-03T19:21:54.572+0000] {dagbag.py:545} INFO - Filling up the DagBag from /home/airflow/.local/lib/python3.12/site-packages/airflow/example_dags/example_xcomargs.py
[2025-10-03T19:21:54.586+0000] {processor.py:840} INFO - DAG(s) 'example_xcom_args', 'example_xcom_args_with_operators' retrieved from /home/airflow/.local/lib/python3.12/site-packages/airflow/example_dags/example_xcomargs.py
[2025-10-03T19:21:54.625+0000] {logging_mixin.py:188} INFO - [2025-10-03T19:21:54.625+0000] {dag.py:3096} INFO - Sync 2 DAGs
[2025-10-03T19:21:54.646+0000] {logging_mixin.py:188} INFO - [2025-10-03T19:21:54.645+0000] {dag.py:3954} INFO - Setting next_dagrun for example_xcom_args to None, run_after=None
[2025-10-03T19:21:54.652+0000] {logging_mixin.py:188} INFO - [2025-10-03T19:21:54.651+0000] {dag.py:3954} INFO - Setting next_dagrun for example_xcom_args_with_operators to None, run_after=None
[2025-10-03T19:21:54.687+0000] {processor.py:183} INFO - Processing /home/airflow/.local/lib/python3.12/site-packages/airflow/example_dags/example_xcomargs.py took 0.129 seconds
[2025-10-03T19:22:25.224+0000] {processor.py:161} INFO - Started process (PID=913) to work on /home/airflow/.local/lib/python3.12/site-packages/airflow/example_dags/example_xcomargs.py
[2025-10-03T19:22:25.226+0000] {processor.py:830} INFO - Processing file /home/airflow/.local/lib/python3.12/site-packages/airflow/example_dags/example_xcomargs.py for tasks to queue
[2025-10-03T19:22:25.229+0000] {logging_mixin.py:188} INFO - [2025-10-03T19:22:25.228+0000] {dagbag.py:545} INFO - Filling up the DagBag from /home/airflow/.local/lib/python3.12/site-packages/airflow/example_dags/example_xcomargs.py
[2025-10-03T19:22:25.241+0000] {processor.py:840} INFO - DAG(s) 'example_xcom_args', 'example_xcom_args_with_operators' retrieved from /home/airflow/.local/lib/python3.12/site-packages/airflow/example_dags/example_xcomargs.py
[2025-10-03T19:22:25.277+0000] {logging_mixin.py:188} INFO - [2025-10-03T19:22:25.277+0000] {dag.py:3096} INFO - Sync 2 DAGs
[2025-10-03T19:22:25.295+0000] {logging_mixin.py:188} INFO - [2025-10-03T19:22:25.294+0000] {dag.py:3954} INFO - Setting next_dagrun for example_xcom_args to None, run_after=None
[2025-10-03T19:22:25.300+0000] {logging_mixin.py:188} INFO - [2025-10-03T19:22:25.300+0000] {dag.py:3954} INFO - Setting next_dagrun for example_xcom_args_with_operators to None, run_after=None
[2025-10-03T19:22:25.331+0000] {processor.py:183} INFO - Processing /home/airflow/.local/lib/python3.12/site-packages/airflow/example_dags/example_xcomargs.py took 0.116 seconds
[2025-10-03T19:22:55.851+0000] {processor.py:161} INFO - Started process (PID=966) to work on /home/airflow/.local/lib/python3.12/site-packages/airflow/example_dags/example_xcomargs.py
[2025-10-03T19:22:55.853+0000] {processor.py:830} INFO - Processing file /home/airflow/.local/lib/python3.12/site-packages/airflow/example_dags/example_xcomargs.py for tasks to queue
[2025-10-03T19:22:55.856+0000] {logging_mixin.py:188} INFO - [2025-10-03T19:22:55.855+0000] {dagbag.py:545} INFO - Filling up the DagBag from /home/airflow/.local/lib/python3.12/site-packages/airflow/example_dags/example_xcomargs.py
[2025-10-03T19:22:55.871+0000] {processor.py:840} INFO - DAG(s) 'example_xcom_args', 'example_xcom_args_with_operators' retrieved from /home/airflow/.local/lib/python3.12/site-packages/airflow/example_dags/example_xcomargs.py
[2025-10-03T19:22:55.907+0000] {logging_mixin.py:188} INFO - [2025-10-03T19:22:55.906+0000] {dag.py:3096} INFO - Sync 2 DAGs
[2025-10-03T19:22:55.925+0000] {logging_mixin.py:188} INFO - [2025-10-03T19:22:55.924+0000] {dag.py:3954} INFO - Setting next_dagrun for example_xcom_args to None, run_after=None
[2025-10-03T19:22:55.930+0000] {logging_mixin.py:188} INFO - [2025-10-03T19:22:55.929+0000] {dag.py:3954} INFO - Setting next_dagrun for example_xcom_args_with_operators to None, run_after=None
[2025-10-03T19:22:55.955+0000] {processor.py:183} INFO - Processing /home/airflow/.local/lib/python3.12/site-packages/airflow/example_dags/example_xcomargs.py took 0.112 seconds
[2025-10-03T19:23:26.160+0000] {processor.py:161} INFO - Started process (PID=1023) to work on /home/airflow/.local/lib/python3.12/site-packages/airflow/example_dags/example_xcomargs.py
[2025-10-03T19:23:26.161+0000] {processor.py:830} INFO - Processing file /home/airflow/.local/lib/python3.12/site-packages/airflow/example_dags/example_xcomargs.py for tasks to queue
[2025-10-03T19:23:26.164+0000] {logging_mixin.py:188} INFO - [2025-10-03T19:23:26.163+0000] {dagbag.py:545} INFO - Filling up the DagBag from /home/airflow/.local/lib/python3.12/site-packages/airflow/example_dags/example_xcomargs.py
[2025-10-03T19:23:26.174+0000] {processor.py:840} INFO - DAG(s) 'example_xcom_args_with_operators', 'example_xcom_args' retrieved from /home/airflow/.local/lib/python3.12/site-packages/airflow/example_dags/example_xcomargs.py
[2025-10-03T19:23:26.201+0000] {logging_mixin.py:188} INFO - [2025-10-03T19:23:26.201+0000] {dag.py:3096} INFO - Sync 2 DAGs
[2025-10-03T19:23:26.216+0000] {logging_mixin.py:188} INFO - [2025-10-03T19:23:26.216+0000] {dag.py:3954} INFO - Setting next_dagrun for example_xcom_args to None, run_after=None
[2025-10-03T19:23:26.221+0000] {logging_mixin.py:188} INFO - [2025-10-03T19:23:26.220+0000] {dag.py:3954} INFO - Setting next_dagrun for example_xcom_args_with_operators to None, run_after=None
[2025-10-03T19:23:26.240+0000] {processor.py:183} INFO - Processing /home/airflow/.local/lib/python3.12/site-packages/airflow/example_dags/example_xcomargs.py took 0.088 seconds
[2025-10-03T19:23:57.179+0000] {processor.py:161} INFO - Started process (PID=1076) to work on /home/airflow/.local/lib/python3.12/site-packages/airflow/example_dags/example_xcomargs.py
[2025-10-03T19:23:57.181+0000] {processor.py:830} INFO - Processing file /home/airflow/.local/lib/python3.12/site-packages/airflow/example_dags/example_xcomargs.py for tasks to queue
[2025-10-03T19:23:57.183+0000] {logging_mixin.py:188} INFO - [2025-10-03T19:23:57.183+0000] {dagbag.py:545} INFO - Filling up the DagBag from /home/airflow/.local/lib/python3.12/site-packages/airflow/example_dags/example_xcomargs.py
[2025-10-03T19:23:57.194+0000] {processor.py:840} INFO - DAG(s) 'example_xcom_args_with_operators', 'example_xcom_args' retrieved from /home/airflow/.local/lib/python3.12/site-packages/airflow/example_dags/example_xcomargs.py
[2025-10-03T19:23:57.222+0000] {logging_mixin.py:188} INFO - [2025-10-03T19:23:57.221+0000] {dag.py:3096} INFO - Sync 2 DAGs
[2025-10-03T19:23:57.237+0000] {logging_mixin.py:188} INFO - [2025-10-03T19:23:57.236+0000] {dag.py:3954} INFO - Setting next_dagrun for example_xcom_args to None, run_after=None
[2025-10-03T19:23:57.241+0000] {logging_mixin.py:188} INFO - [2025-10-03T19:23:57.241+0000] {dag.py:3954} INFO - Setting next_dagrun for example_xcom_args_with_operators to None, run_after=None
[2025-10-03T19:23:57.260+0000] {processor.py:183} INFO - Processing /home/airflow/.local/lib/python3.12/site-packages/airflow/example_dags/example_xcomargs.py took 0.087 seconds
[2025-10-03T19:24:27.855+0000] {processor.py:161} INFO - Started process (PID=1133) to work on /home/airflow/.local/lib/python3.12/site-packages/airflow/example_dags/example_xcomargs.py
[2025-10-03T19:24:27.857+0000] {processor.py:830} INFO - Processing file /home/airflow/.local/lib/python3.12/site-packages/airflow/example_dags/example_xcomargs.py for tasks to queue
[2025-10-03T19:24:27.860+0000] {logging_mixin.py:188} INFO - [2025-10-03T19:24:27.859+0000] {dagbag.py:545} INFO - Filling up the DagBag from /home/airflow/.local/lib/python3.12/site-packages/airflow/example_dags/example_xcomargs.py
[2025-10-03T19:24:27.870+0000] {processor.py:840} INFO - DAG(s) 'example_xcom_args_with_operators', 'example_xcom_args' retrieved from /home/airflow/.local/lib/python3.12/site-packages/airflow/example_dags/example_xcomargs.py
[2025-10-03T19:24:27.899+0000] {logging_mixin.py:188} INFO - [2025-10-03T19:24:27.899+0000] {dag.py:3096} INFO - Sync 2 DAGs
[2025-10-03T19:24:27.916+0000] {logging_mixin.py:188} INFO - [2025-10-03T19:24:27.915+0000] {dag.py:3954} INFO - Setting next_dagrun for example_xcom_args to None, run_after=None
[2025-10-03T19:24:27.920+0000] {logging_mixin.py:188} INFO - [2025-10-03T19:24:27.920+0000] {dag.py:3954} INFO - Setting next_dagrun for example_xcom_args_with_operators to None, run_after=None
[2025-10-03T19:24:27.942+0000] {processor.py:183} INFO - Processing /home/airflow/.local/lib/python3.12/site-packages/airflow/example_dags/example_xcomargs.py took 0.094 seconds
[2025-10-03T19:24:58.252+0000] {processor.py:161} INFO - Started process (PID=1186) to work on /home/airflow/.local/lib/python3.12/site-packages/airflow/example_dags/example_xcomargs.py
[2025-10-03T19:24:58.254+0000] {processor.py:830} INFO - Processing file /home/airflow/.local/lib/python3.12/site-packages/airflow/example_dags/example_xcomargs.py for tasks to queue
[2025-10-03T19:24:58.256+0000] {logging_mixin.py:188} INFO - [2025-10-03T19:24:58.256+0000] {dagbag.py:545} INFO - Filling up the DagBag from /home/airflow/.local/lib/python3.12/site-packages/airflow/example_dags/example_xcomargs.py
[2025-10-03T19:24:58.266+0000] {processor.py:840} INFO - DAG(s) 'example_xcom_args_with_operators', 'example_xcom_args' retrieved from /home/airflow/.local/lib/python3.12/site-packages/airflow/example_dags/example_xcomargs.py
[2025-10-03T19:24:58.293+0000] {logging_mixin.py:188} INFO - [2025-10-03T19:24:58.293+0000] {dag.py:3096} INFO - Sync 2 DAGs
[2025-10-03T19:24:58.307+0000] {logging_mixin.py:188} INFO - [2025-10-03T19:24:58.307+0000] {dag.py:3954} INFO - Setting next_dagrun for example_xcom_args to None, run_after=None
[2025-10-03T19:24:58.311+0000] {logging_mixin.py:188} INFO - [2025-10-03T19:24:58.311+0000] {dag.py:3954} INFO - Setting next_dagrun for example_xcom_args_with_operators to None, run_after=None
[2025-10-03T19:24:58.331+0000] {processor.py:183} INFO - Processing /home/airflow/.local/lib/python3.12/site-packages/airflow/example_dags/example_xcomargs.py took 0.087 seconds
[2025-10-03T19:25:28.612+0000] {processor.py:161} INFO - Started process (PID=1243) to work on /home/airflow/.local/lib/python3.12/site-packages/airflow/example_dags/example_xcomargs.py
[2025-10-03T19:25:28.614+0000] {processor.py:830} INFO - Processing file /home/airflow/.local/lib/python3.12/site-packages/airflow/example_dags/example_xcomargs.py for tasks to queue
[2025-10-03T19:25:28.617+0000] {logging_mixin.py:188} INFO - [2025-10-03T19:25:28.617+0000] {dagbag.py:545} INFO - Filling up the DagBag from /home/airflow/.local/lib/python3.12/site-packages/airflow/example_dags/example_xcomargs.py
[2025-10-03T19:25:28.628+0000] {processor.py:840} INFO - DAG(s) 'example_xcom_args', 'example_xcom_args_with_operators' retrieved from /home/airflow/.local/lib/python3.12/site-packages/airflow/example_dags/example_xcomargs.py
[2025-10-03T19:25:28.656+0000] {logging_mixin.py:188} INFO - [2025-10-03T19:25:28.655+0000] {dag.py:3096} INFO - Sync 2 DAGs
[2025-10-03T19:25:28.671+0000] {logging_mixin.py:188} INFO - [2025-10-03T19:25:28.670+0000] {dag.py:3954} INFO - Setting next_dagrun for example_xcom_args to None, run_after=None
[2025-10-03T19:25:28.675+0000] {logging_mixin.py:188} INFO - [2025-10-03T19:25:28.675+0000] {dag.py:3954} INFO - Setting next_dagrun for example_xcom_args_with_operators to None, run_after=None
[2025-10-03T19:25:28.699+0000] {processor.py:183} INFO - Processing /home/airflow/.local/lib/python3.12/site-packages/airflow/example_dags/example_xcomargs.py took 0.094 seconds
