[2025-10-03T19:14:40.381+0000] {processor.py:161} INFO - Started process (PID=53) to work on /home/airflow/.local/lib/python3.12/site-packages/airflow/example_dags/example_branch_labels.py
[2025-10-03T19:14:40.385+0000] {processor.py:830} INFO - Processing file /home/airflow/.local/lib/python3.12/site-packages/airflow/example_dags/example_branch_labels.py for tasks to queue
[2025-10-03T19:14:40.389+0000] {logging_mixin.py:188} INFO - [2025-10-03T19:14:40.388+0000] {dagbag.py:545} INFO - Filling up the DagBag from /home/airflow/.local/lib/python3.12/site-packages/airflow/example_dags/example_branch_labels.py
[2025-10-03T19:14:40.411+0000] {processor.py:840} INFO - DAG(s) 'example_branch_labels' retrieved from /home/airflow/.local/lib/python3.12/site-packages/airflow/example_dags/example_branch_labels.py
[2025-10-03T19:14:40.435+0000] {logging_mixin.py:188} INFO - [2025-10-03T19:14:40.434+0000] {dag.py:3096} INFO - Sync 1 DAGs
[2025-10-03T19:14:40.484+0000] {logging_mixin.py:188} INFO - [2025-10-03T19:14:40.483+0000] {dag.py:3954} INFO - Setting next_dagrun for example_branch_labels to 2025-10-02 00:00:00+00:00, run_after=2025-10-03 00:00:00+00:00
[2025-10-03T19:14:40.530+0000] {processor.py:183} INFO - Processing /home/airflow/.local/lib/python3.12/site-packages/airflow/example_dags/example_branch_labels.py took 0.162 seconds
[2025-10-03T19:15:12.419+0000] {processor.py:161} INFO - Started process (PID=106) to work on /home/airflow/.local/lib/python3.12/site-packages/airflow/example_dags/example_branch_labels.py
[2025-10-03T19:15:12.421+0000] {processor.py:830} INFO - Processing file /home/airflow/.local/lib/python3.12/site-packages/airflow/example_dags/example_branch_labels.py for tasks to queue
[2025-10-03T19:15:12.424+0000] {logging_mixin.py:188} INFO - [2025-10-03T19:15:12.423+0000] {dagbag.py:545} INFO - Filling up the DagBag from /home/airflow/.local/lib/python3.12/site-packages/airflow/example_dags/example_branch_labels.py
[2025-10-03T19:15:12.437+0000] {processor.py:840} INFO - DAG(s) 'example_branch_labels' retrieved from /home/airflow/.local/lib/python3.12/site-packages/airflow/example_dags/example_branch_labels.py
[2025-10-03T19:15:12.646+0000] {logging_mixin.py:188} INFO - [2025-10-03T19:15:12.645+0000] {dag.py:3096} INFO - Sync 1 DAGs
[2025-10-03T19:15:12.683+0000] {logging_mixin.py:188} INFO - [2025-10-03T19:15:12.683+0000] {dag.py:3954} INFO - Setting next_dagrun for example_branch_labels to 2025-10-02 00:00:00+00:00, run_after=2025-10-03 00:00:00+00:00
[2025-10-03T19:15:12.718+0000] {processor.py:183} INFO - Processing /home/airflow/.local/lib/python3.12/site-packages/airflow/example_dags/example_branch_labels.py took 0.309 seconds
[2025-10-03T19:15:43.113+0000] {processor.py:161} INFO - Started process (PID=163) to work on /home/airflow/.local/lib/python3.12/site-packages/airflow/example_dags/example_branch_labels.py
[2025-10-03T19:15:43.115+0000] {processor.py:830} INFO - Processing file /home/airflow/.local/lib/python3.12/site-packages/airflow/example_dags/example_branch_labels.py for tasks to queue
[2025-10-03T19:15:43.117+0000] {logging_mixin.py:188} INFO - [2025-10-03T19:15:43.117+0000] {dagbag.py:545} INFO - Filling up the DagBag from /home/airflow/.local/lib/python3.12/site-packages/airflow/example_dags/example_branch_labels.py
[2025-10-03T19:15:43.127+0000] {processor.py:840} INFO - DAG(s) 'example_branch_labels' retrieved from /home/airflow/.local/lib/python3.12/site-packages/airflow/example_dags/example_branch_labels.py
[2025-10-03T19:15:43.157+0000] {logging_mixin.py:188} INFO - [2025-10-03T19:15:43.157+0000] {dag.py:3096} INFO - Sync 1 DAGs
[2025-10-03T19:15:43.186+0000] {logging_mixin.py:188} INFO - [2025-10-03T19:15:43.185+0000] {dag.py:3954} INFO - Setting next_dagrun for example_branch_labels to 2025-10-02 00:00:00+00:00, run_after=2025-10-03 00:00:00+00:00
[2025-10-03T19:15:43.215+0000] {processor.py:183} INFO - Processing /home/airflow/.local/lib/python3.12/site-packages/airflow/example_dags/example_branch_labels.py took 0.109 seconds
[2025-10-03T19:16:13.485+0000] {processor.py:161} INFO - Started process (PID=219) to work on /home/airflow/.local/lib/python3.12/site-packages/airflow/example_dags/example_branch_labels.py
[2025-10-03T19:16:13.487+0000] {processor.py:830} INFO - Processing file /home/airflow/.local/lib/python3.12/site-packages/airflow/example_dags/example_branch_labels.py for tasks to queue
[2025-10-03T19:16:13.491+0000] {logging_mixin.py:188} INFO - [2025-10-03T19:16:13.490+0000] {dagbag.py:545} INFO - Filling up the DagBag from /home/airflow/.local/lib/python3.12/site-packages/airflow/example_dags/example_branch_labels.py
[2025-10-03T19:16:13.503+0000] {processor.py:840} INFO - DAG(s) 'example_branch_labels' retrieved from /home/airflow/.local/lib/python3.12/site-packages/airflow/example_dags/example_branch_labels.py
[2025-10-03T19:16:13.536+0000] {logging_mixin.py:188} INFO - [2025-10-03T19:16:13.536+0000] {dag.py:3096} INFO - Sync 1 DAGs
[2025-10-03T19:16:13.567+0000] {logging_mixin.py:188} INFO - [2025-10-03T19:16:13.567+0000] {dag.py:3954} INFO - Setting next_dagrun for example_branch_labels to 2025-10-02 00:00:00+00:00, run_after=2025-10-03 00:00:00+00:00
[2025-10-03T19:16:13.593+0000] {processor.py:183} INFO - Processing /home/airflow/.local/lib/python3.12/site-packages/airflow/example_dags/example_branch_labels.py took 0.117 seconds
[2025-10-03T19:16:43.640+0000] {processor.py:161} INFO - Started process (PID=275) to work on /home/airflow/.local/lib/python3.12/site-packages/airflow/example_dags/example_branch_labels.py
[2025-10-03T19:16:43.642+0000] {processor.py:830} INFO - Processing file /home/airflow/.local/lib/python3.12/site-packages/airflow/example_dags/example_branch_labels.py for tasks to queue
[2025-10-03T19:16:43.645+0000] {logging_mixin.py:188} INFO - [2025-10-03T19:16:43.645+0000] {dagbag.py:545} INFO - Filling up the DagBag from /home/airflow/.local/lib/python3.12/site-packages/airflow/example_dags/example_branch_labels.py
[2025-10-03T19:16:43.658+0000] {processor.py:840} INFO - DAG(s) 'example_branch_labels' retrieved from /home/airflow/.local/lib/python3.12/site-packages/airflow/example_dags/example_branch_labels.py
[2025-10-03T19:16:43.693+0000] {logging_mixin.py:188} INFO - [2025-10-03T19:16:43.692+0000] {dag.py:3096} INFO - Sync 1 DAGs
[2025-10-03T19:16:43.727+0000] {logging_mixin.py:188} INFO - [2025-10-03T19:16:43.727+0000] {dag.py:3954} INFO - Setting next_dagrun for example_branch_labels to 2025-10-02 00:00:00+00:00, run_after=2025-10-03 00:00:00+00:00
[2025-10-03T19:16:43.755+0000] {processor.py:183} INFO - Processing /home/airflow/.local/lib/python3.12/site-packages/airflow/example_dags/example_branch_labels.py took 0.123 seconds
[2025-10-03T19:17:14.322+0000] {processor.py:161} INFO - Started process (PID=329) to work on /home/airflow/.local/lib/python3.12/site-packages/airflow/example_dags/example_branch_labels.py
[2025-10-03T19:17:14.324+0000] {processor.py:830} INFO - Processing file /home/airflow/.local/lib/python3.12/site-packages/airflow/example_dags/example_branch_labels.py for tasks to queue
[2025-10-03T19:17:14.328+0000] {logging_mixin.py:188} INFO - [2025-10-03T19:17:14.327+0000] {dagbag.py:545} INFO - Filling up the DagBag from /home/airflow/.local/lib/python3.12/site-packages/airflow/example_dags/example_branch_labels.py
[2025-10-03T19:17:14.342+0000] {processor.py:840} INFO - DAG(s) 'example_branch_labels' retrieved from /home/airflow/.local/lib/python3.12/site-packages/airflow/example_dags/example_branch_labels.py
[2025-10-03T19:17:14.381+0000] {logging_mixin.py:188} INFO - [2025-10-03T19:17:14.381+0000] {dag.py:3096} INFO - Sync 1 DAGs
[2025-10-03T19:17:14.422+0000] {logging_mixin.py:188} INFO - [2025-10-03T19:17:14.421+0000] {dag.py:3954} INFO - Setting next_dagrun for example_branch_labels to 2025-10-02 00:00:00+00:00, run_after=2025-10-03 00:00:00+00:00
[2025-10-03T19:17:14.464+0000] {processor.py:183} INFO - Processing /home/airflow/.local/lib/python3.12/site-packages/airflow/example_dags/example_branch_labels.py took 0.155 seconds
[2025-10-03T19:17:45.235+0000] {processor.py:161} INFO - Started process (PID=388) to work on /home/airflow/.local/lib/python3.12/site-packages/airflow/example_dags/example_branch_labels.py
[2025-10-03T19:17:45.239+0000] {processor.py:830} INFO - Processing file /home/airflow/.local/lib/python3.12/site-packages/airflow/example_dags/example_branch_labels.py for tasks to queue
[2025-10-03T19:17:45.245+0000] {logging_mixin.py:188} INFO - [2025-10-03T19:17:45.244+0000] {dagbag.py:545} INFO - Filling up the DagBag from /home/airflow/.local/lib/python3.12/site-packages/airflow/example_dags/example_branch_labels.py
[2025-10-03T19:17:45.270+0000] {processor.py:840} INFO - DAG(s) 'example_branch_labels' retrieved from /home/airflow/.local/lib/python3.12/site-packages/airflow/example_dags/example_branch_labels.py
[2025-10-03T19:17:45.320+0000] {logging_mixin.py:188} INFO - [2025-10-03T19:17:45.320+0000] {dag.py:3096} INFO - Sync 1 DAGs
[2025-10-03T19:17:45.357+0000] {logging_mixin.py:188} INFO - [2025-10-03T19:17:45.357+0000] {dag.py:3954} INFO - Setting next_dagrun for example_branch_labels to 2025-10-02 00:00:00+00:00, run_after=2025-10-03 00:00:00+00:00
[2025-10-03T19:17:45.395+0000] {processor.py:183} INFO - Processing /home/airflow/.local/lib/python3.12/site-packages/airflow/example_dags/example_branch_labels.py took 0.178 seconds
[2025-10-03T19:18:15.810+0000] {processor.py:161} INFO - Started process (PID=444) to work on /home/airflow/.local/lib/python3.12/site-packages/airflow/example_dags/example_branch_labels.py
[2025-10-03T19:18:15.811+0000] {processor.py:830} INFO - Processing file /home/airflow/.local/lib/python3.12/site-packages/airflow/example_dags/example_branch_labels.py for tasks to queue
[2025-10-03T19:18:15.814+0000] {logging_mixin.py:188} INFO - [2025-10-03T19:18:15.814+0000] {dagbag.py:545} INFO - Filling up the DagBag from /home/airflow/.local/lib/python3.12/site-packages/airflow/example_dags/example_branch_labels.py
[2025-10-03T19:18:15.826+0000] {processor.py:840} INFO - DAG(s) 'example_branch_labels' retrieved from /home/airflow/.local/lib/python3.12/site-packages/airflow/example_dags/example_branch_labels.py
[2025-10-03T19:18:15.857+0000] {logging_mixin.py:188} INFO - [2025-10-03T19:18:15.856+0000] {dag.py:3096} INFO - Sync 1 DAGs
[2025-10-03T19:18:15.890+0000] {logging_mixin.py:188} INFO - [2025-10-03T19:18:15.889+0000] {dag.py:3954} INFO - Setting next_dagrun for example_branch_labels to 2025-10-02 00:00:00+00:00, run_after=2025-10-03 00:00:00+00:00
[2025-10-03T19:18:15.924+0000] {processor.py:183} INFO - Processing /home/airflow/.local/lib/python3.12/site-packages/airflow/example_dags/example_branch_labels.py took 0.124 seconds
[2025-10-03T19:18:46.202+0000] {processor.py:161} INFO - Started process (PID=505) to work on /home/airflow/.local/lib/python3.12/site-packages/airflow/example_dags/example_branch_labels.py
[2025-10-03T19:18:46.203+0000] {processor.py:830} INFO - Processing file /home/airflow/.local/lib/python3.12/site-packages/airflow/example_dags/example_branch_labels.py for tasks to queue
[2025-10-03T19:18:46.207+0000] {logging_mixin.py:188} INFO - [2025-10-03T19:18:46.207+0000] {dagbag.py:545} INFO - Filling up the DagBag from /home/airflow/.local/lib/python3.12/site-packages/airflow/example_dags/example_branch_labels.py
[2025-10-03T19:18:46.224+0000] {processor.py:840} INFO - DAG(s) 'example_branch_labels' retrieved from /home/airflow/.local/lib/python3.12/site-packages/airflow/example_dags/example_branch_labels.py
[2025-10-03T19:18:46.273+0000] {logging_mixin.py:188} INFO - [2025-10-03T19:18:46.273+0000] {dag.py:3096} INFO - Sync 1 DAGs
[2025-10-03T19:18:46.318+0000] {logging_mixin.py:188} INFO - [2025-10-03T19:18:46.318+0000] {dag.py:3954} INFO - Setting next_dagrun for example_branch_labels to 2025-10-02 00:00:00+00:00, run_after=2025-10-03 00:00:00+00:00
[2025-10-03T19:18:46.349+0000] {processor.py:183} INFO - Processing /home/airflow/.local/lib/python3.12/site-packages/airflow/example_dags/example_branch_labels.py took 0.158 seconds
[2025-10-03T19:19:16.397+0000] {processor.py:161} INFO - Started process (PID=562) to work on /home/airflow/.local/lib/python3.12/site-packages/airflow/example_dags/example_branch_labels.py
[2025-10-03T19:19:16.398+0000] {processor.py:830} INFO - Processing file /home/airflow/.local/lib/python3.12/site-packages/airflow/example_dags/example_branch_labels.py for tasks to queue
[2025-10-03T19:19:16.401+0000] {logging_mixin.py:188} INFO - [2025-10-03T19:19:16.401+0000] {dagbag.py:545} INFO - Filling up the DagBag from /home/airflow/.local/lib/python3.12/site-packages/airflow/example_dags/example_branch_labels.py
[2025-10-03T19:19:16.412+0000] {processor.py:840} INFO - DAG(s) 'example_branch_labels' retrieved from /home/airflow/.local/lib/python3.12/site-packages/airflow/example_dags/example_branch_labels.py
[2025-10-03T19:19:16.439+0000] {logging_mixin.py:188} INFO - [2025-10-03T19:19:16.439+0000] {dag.py:3096} INFO - Sync 1 DAGs
[2025-10-03T19:19:16.469+0000] {logging_mixin.py:188} INFO - [2025-10-03T19:19:16.469+0000] {dag.py:3954} INFO - Setting next_dagrun for example_branch_labels to 2025-10-02 00:00:00+00:00, run_after=2025-10-03 00:00:00+00:00
[2025-10-03T19:19:16.494+0000] {processor.py:183} INFO - Processing /home/airflow/.local/lib/python3.12/site-packages/airflow/example_dags/example_branch_labels.py took 0.106 seconds
[2025-10-03T19:19:47.070+0000] {processor.py:161} INFO - Started process (PID=615) to work on /home/airflow/.local/lib/python3.12/site-packages/airflow/example_dags/example_branch_labels.py
[2025-10-03T19:19:47.071+0000] {processor.py:830} INFO - Processing file /home/airflow/.local/lib/python3.12/site-packages/airflow/example_dags/example_branch_labels.py for tasks to queue
[2025-10-03T19:19:47.073+0000] {logging_mixin.py:188} INFO - [2025-10-03T19:19:47.073+0000] {dagbag.py:545} INFO - Filling up the DagBag from /home/airflow/.local/lib/python3.12/site-packages/airflow/example_dags/example_branch_labels.py
[2025-10-03T19:19:47.083+0000] {processor.py:840} INFO - DAG(s) 'example_branch_labels' retrieved from /home/airflow/.local/lib/python3.12/site-packages/airflow/example_dags/example_branch_labels.py
[2025-10-03T19:19:47.110+0000] {logging_mixin.py:188} INFO - [2025-10-03T19:19:47.110+0000] {dag.py:3096} INFO - Sync 1 DAGs
[2025-10-03T19:19:47.136+0000] {logging_mixin.py:188} INFO - [2025-10-03T19:19:47.136+0000] {dag.py:3954} INFO - Setting next_dagrun for example_branch_labels to 2025-10-02 00:00:00+00:00, run_after=2025-10-03 00:00:00+00:00
[2025-10-03T19:19:47.161+0000] {processor.py:183} INFO - Processing /home/airflow/.local/lib/python3.12/site-packages/airflow/example_dags/example_branch_labels.py took 0.099 seconds
[2025-10-03T19:20:17.401+0000] {processor.py:161} INFO - Started process (PID=672) to work on /home/airflow/.local/lib/python3.12/site-packages/airflow/example_dags/example_branch_labels.py
[2025-10-03T19:20:17.402+0000] {processor.py:830} INFO - Processing file /home/airflow/.local/lib/python3.12/site-packages/airflow/example_dags/example_branch_labels.py for tasks to queue
[2025-10-03T19:20:17.405+0000] {logging_mixin.py:188} INFO - [2025-10-03T19:20:17.404+0000] {dagbag.py:545} INFO - Filling up the DagBag from /home/airflow/.local/lib/python3.12/site-packages/airflow/example_dags/example_branch_labels.py
[2025-10-03T19:20:17.416+0000] {processor.py:840} INFO - DAG(s) 'example_branch_labels' retrieved from /home/airflow/.local/lib/python3.12/site-packages/airflow/example_dags/example_branch_labels.py
[2025-10-03T19:20:17.447+0000] {logging_mixin.py:188} INFO - [2025-10-03T19:20:17.446+0000] {dag.py:3096} INFO - Sync 1 DAGs
[2025-10-03T19:20:17.485+0000] {logging_mixin.py:188} INFO - [2025-10-03T19:20:17.485+0000] {dag.py:3954} INFO - Setting next_dagrun for example_branch_labels to 2025-10-02 00:00:00+00:00, run_after=2025-10-03 00:00:00+00:00
[2025-10-03T19:20:17.518+0000] {processor.py:183} INFO - Processing /home/airflow/.local/lib/python3.12/site-packages/airflow/example_dags/example_branch_labels.py took 0.126 seconds
[2025-10-03T19:20:48.041+0000] {processor.py:161} INFO - Started process (PID=725) to work on /home/airflow/.local/lib/python3.12/site-packages/airflow/example_dags/example_branch_labels.py
[2025-10-03T19:20:48.043+0000] {processor.py:830} INFO - Processing file /home/airflow/.local/lib/python3.12/site-packages/airflow/example_dags/example_branch_labels.py for tasks to queue
[2025-10-03T19:20:48.046+0000] {logging_mixin.py:188} INFO - [2025-10-03T19:20:48.045+0000] {dagbag.py:545} INFO - Filling up the DagBag from /home/airflow/.local/lib/python3.12/site-packages/airflow/example_dags/example_branch_labels.py
[2025-10-03T19:20:48.057+0000] {processor.py:840} INFO - DAG(s) 'example_branch_labels' retrieved from /home/airflow/.local/lib/python3.12/site-packages/airflow/example_dags/example_branch_labels.py
[2025-10-03T19:20:48.089+0000] {logging_mixin.py:188} INFO - [2025-10-03T19:20:48.089+0000] {dag.py:3096} INFO - Sync 1 DAGs
[2025-10-03T19:20:48.122+0000] {logging_mixin.py:188} INFO - [2025-10-03T19:20:48.121+0000] {dag.py:3954} INFO - Setting next_dagrun for example_branch_labels to 2025-10-02 00:00:00+00:00, run_after=2025-10-03 00:00:00+00:00
[2025-10-03T19:20:48.150+0000] {processor.py:183} INFO - Processing /home/airflow/.local/lib/python3.12/site-packages/airflow/example_dags/example_branch_labels.py took 0.120 seconds
[2025-10-03T19:21:19.132+0000] {processor.py:161} INFO - Started process (PID=782) to work on /home/airflow/.local/lib/python3.12/site-packages/airflow/example_dags/example_branch_labels.py
[2025-10-03T19:21:19.134+0000] {processor.py:830} INFO - Processing file /home/airflow/.local/lib/python3.12/site-packages/airflow/example_dags/example_branch_labels.py for tasks to queue
[2025-10-03T19:21:19.138+0000] {logging_mixin.py:188} INFO - [2025-10-03T19:21:19.137+0000] {dagbag.py:545} INFO - Filling up the DagBag from /home/airflow/.local/lib/python3.12/site-packages/airflow/example_dags/example_branch_labels.py
[2025-10-03T19:21:19.154+0000] {processor.py:840} INFO - DAG(s) 'example_branch_labels' retrieved from /home/airflow/.local/lib/python3.12/site-packages/airflow/example_dags/example_branch_labels.py
[2025-10-03T19:21:19.188+0000] {logging_mixin.py:188} INFO - [2025-10-03T19:21:19.188+0000] {dag.py:3096} INFO - Sync 1 DAGs
[2025-10-03T19:21:19.225+0000] {logging_mixin.py:188} INFO - [2025-10-03T19:21:19.225+0000] {dag.py:3954} INFO - Setting next_dagrun for example_branch_labels to 2025-10-02 00:00:00+00:00, run_after=2025-10-03 00:00:00+00:00
[2025-10-03T19:21:19.254+0000] {processor.py:183} INFO - Processing /home/airflow/.local/lib/python3.12/site-packages/airflow/example_dags/example_branch_labels.py took 0.138 seconds
[2025-10-03T19:21:49.427+0000] {processor.py:161} INFO - Started process (PID=835) to work on /home/airflow/.local/lib/python3.12/site-packages/airflow/example_dags/example_branch_labels.py
[2025-10-03T19:21:49.429+0000] {processor.py:830} INFO - Processing file /home/airflow/.local/lib/python3.12/site-packages/airflow/example_dags/example_branch_labels.py for tasks to queue
[2025-10-03T19:21:49.432+0000] {logging_mixin.py:188} INFO - [2025-10-03T19:21:49.432+0000] {dagbag.py:545} INFO - Filling up the DagBag from /home/airflow/.local/lib/python3.12/site-packages/airflow/example_dags/example_branch_labels.py
[2025-10-03T19:21:49.444+0000] {processor.py:840} INFO - DAG(s) 'example_branch_labels' retrieved from /home/airflow/.local/lib/python3.12/site-packages/airflow/example_dags/example_branch_labels.py
[2025-10-03T19:21:49.476+0000] {logging_mixin.py:188} INFO - [2025-10-03T19:21:49.476+0000] {dag.py:3096} INFO - Sync 1 DAGs
[2025-10-03T19:21:49.513+0000] {logging_mixin.py:188} INFO - [2025-10-03T19:21:49.512+0000] {dag.py:3954} INFO - Setting next_dagrun for example_branch_labels to 2025-10-02 00:00:00+00:00, run_after=2025-10-03 00:00:00+00:00
[2025-10-03T19:21:49.543+0000] {processor.py:183} INFO - Processing /home/airflow/.local/lib/python3.12/site-packages/airflow/example_dags/example_branch_labels.py took 0.125 seconds
[2025-10-03T19:22:20.574+0000] {processor.py:161} INFO - Started process (PID=892) to work on /home/airflow/.local/lib/python3.12/site-packages/airflow/example_dags/example_branch_labels.py
[2025-10-03T19:22:20.575+0000] {processor.py:830} INFO - Processing file /home/airflow/.local/lib/python3.12/site-packages/airflow/example_dags/example_branch_labels.py for tasks to queue
[2025-10-03T19:22:20.578+0000] {logging_mixin.py:188} INFO - [2025-10-03T19:22:20.578+0000] {dagbag.py:545} INFO - Filling up the DagBag from /home/airflow/.local/lib/python3.12/site-packages/airflow/example_dags/example_branch_labels.py
[2025-10-03T19:22:20.587+0000] {processor.py:840} INFO - DAG(s) 'example_branch_labels' retrieved from /home/airflow/.local/lib/python3.12/site-packages/airflow/example_dags/example_branch_labels.py
[2025-10-03T19:22:20.616+0000] {logging_mixin.py:188} INFO - [2025-10-03T19:22:20.615+0000] {dag.py:3096} INFO - Sync 1 DAGs
[2025-10-03T19:22:20.642+0000] {logging_mixin.py:188} INFO - [2025-10-03T19:22:20.642+0000] {dag.py:3954} INFO - Setting next_dagrun for example_branch_labels to 2025-10-02 00:00:00+00:00, run_after=2025-10-03 00:00:00+00:00
[2025-10-03T19:22:20.665+0000] {processor.py:183} INFO - Processing /home/airflow/.local/lib/python3.12/site-packages/airflow/example_dags/example_branch_labels.py took 0.098 seconds
[2025-10-03T19:22:51.004+0000] {processor.py:161} INFO - Started process (PID=945) to work on /home/airflow/.local/lib/python3.12/site-packages/airflow/example_dags/example_branch_labels.py
[2025-10-03T19:22:51.005+0000] {processor.py:830} INFO - Processing file /home/airflow/.local/lib/python3.12/site-packages/airflow/example_dags/example_branch_labels.py for tasks to queue
[2025-10-03T19:22:51.007+0000] {logging_mixin.py:188} INFO - [2025-10-03T19:22:51.007+0000] {dagbag.py:545} INFO - Filling up the DagBag from /home/airflow/.local/lib/python3.12/site-packages/airflow/example_dags/example_branch_labels.py
[2025-10-03T19:22:51.016+0000] {processor.py:840} INFO - DAG(s) 'example_branch_labels' retrieved from /home/airflow/.local/lib/python3.12/site-packages/airflow/example_dags/example_branch_labels.py
[2025-10-03T19:22:51.039+0000] {logging_mixin.py:188} INFO - [2025-10-03T19:22:51.039+0000] {dag.py:3096} INFO - Sync 1 DAGs
[2025-10-03T19:22:51.065+0000] {logging_mixin.py:188} INFO - [2025-10-03T19:22:51.065+0000] {dag.py:3954} INFO - Setting next_dagrun for example_branch_labels to 2025-10-02 00:00:00+00:00, run_after=2025-10-03 00:00:00+00:00
[2025-10-03T19:22:51.093+0000] {processor.py:183} INFO - Processing /home/airflow/.local/lib/python3.12/site-packages/airflow/example_dags/example_branch_labels.py took 0.096 seconds
[2025-10-03T19:23:21.690+0000] {processor.py:161} INFO - Started process (PID=1002) to work on /home/airflow/.local/lib/python3.12/site-packages/airflow/example_dags/example_branch_labels.py
[2025-10-03T19:23:21.692+0000] {processor.py:830} INFO - Processing file /home/airflow/.local/lib/python3.12/site-packages/airflow/example_dags/example_branch_labels.py for tasks to queue
[2025-10-03T19:23:21.696+0000] {logging_mixin.py:188} INFO - [2025-10-03T19:23:21.695+0000] {dagbag.py:545} INFO - Filling up the DagBag from /home/airflow/.local/lib/python3.12/site-packages/airflow/example_dags/example_branch_labels.py
[2025-10-03T19:23:21.710+0000] {processor.py:840} INFO - DAG(s) 'example_branch_labels' retrieved from /home/airflow/.local/lib/python3.12/site-packages/airflow/example_dags/example_branch_labels.py
[2025-10-03T19:23:21.742+0000] {logging_mixin.py:188} INFO - [2025-10-03T19:23:21.742+0000] {dag.py:3096} INFO - Sync 1 DAGs
[2025-10-03T19:23:21.775+0000] {logging_mixin.py:188} INFO - [2025-10-03T19:23:21.774+0000] {dag.py:3954} INFO - Setting next_dagrun for example_branch_labels to 2025-10-02 00:00:00+00:00, run_after=2025-10-03 00:00:00+00:00
[2025-10-03T19:23:21.801+0000] {processor.py:183} INFO - Processing /home/airflow/.local/lib/python3.12/site-packages/airflow/example_dags/example_branch_labels.py took 0.119 seconds
[2025-10-03T19:23:52.724+0000] {processor.py:161} INFO - Started process (PID=1055) to work on /home/airflow/.local/lib/python3.12/site-packages/airflow/example_dags/example_branch_labels.py
[2025-10-03T19:23:52.725+0000] {processor.py:830} INFO - Processing file /home/airflow/.local/lib/python3.12/site-packages/airflow/example_dags/example_branch_labels.py for tasks to queue
[2025-10-03T19:23:52.727+0000] {logging_mixin.py:188} INFO - [2025-10-03T19:23:52.727+0000] {dagbag.py:545} INFO - Filling up the DagBag from /home/airflow/.local/lib/python3.12/site-packages/airflow/example_dags/example_branch_labels.py
[2025-10-03T19:23:52.735+0000] {processor.py:840} INFO - DAG(s) 'example_branch_labels' retrieved from /home/airflow/.local/lib/python3.12/site-packages/airflow/example_dags/example_branch_labels.py
[2025-10-03T19:23:52.761+0000] {logging_mixin.py:188} INFO - [2025-10-03T19:23:52.761+0000] {dag.py:3096} INFO - Sync 1 DAGs
[2025-10-03T19:23:52.789+0000] {logging_mixin.py:188} INFO - [2025-10-03T19:23:52.788+0000] {dag.py:3954} INFO - Setting next_dagrun for example_branch_labels to 2025-10-02 00:00:00+00:00, run_after=2025-10-03 00:00:00+00:00
[2025-10-03T19:23:52.818+0000] {processor.py:183} INFO - Processing /home/airflow/.local/lib/python3.12/site-packages/airflow/example_dags/example_branch_labels.py took 0.101 seconds
[2025-10-03T19:24:23.237+0000] {processor.py:161} INFO - Started process (PID=1112) to work on /home/airflow/.local/lib/python3.12/site-packages/airflow/example_dags/example_branch_labels.py
[2025-10-03T19:24:23.238+0000] {processor.py:830} INFO - Processing file /home/airflow/.local/lib/python3.12/site-packages/airflow/example_dags/example_branch_labels.py for tasks to queue
[2025-10-03T19:24:23.241+0000] {logging_mixin.py:188} INFO - [2025-10-03T19:24:23.240+0000] {dagbag.py:545} INFO - Filling up the DagBag from /home/airflow/.local/lib/python3.12/site-packages/airflow/example_dags/example_branch_labels.py
[2025-10-03T19:24:23.250+0000] {processor.py:840} INFO - DAG(s) 'example_branch_labels' retrieved from /home/airflow/.local/lib/python3.12/site-packages/airflow/example_dags/example_branch_labels.py
[2025-10-03T19:24:23.277+0000] {logging_mixin.py:188} INFO - [2025-10-03T19:24:23.277+0000] {dag.py:3096} INFO - Sync 1 DAGs
[2025-10-03T19:24:23.304+0000] {logging_mixin.py:188} INFO - [2025-10-03T19:24:23.304+0000] {dag.py:3954} INFO - Setting next_dagrun for example_branch_labels to 2025-10-02 00:00:00+00:00, run_after=2025-10-03 00:00:00+00:00
[2025-10-03T19:24:23.328+0000] {processor.py:183} INFO - Processing /home/airflow/.local/lib/python3.12/site-packages/airflow/example_dags/example_branch_labels.py took 0.098 seconds
[2025-10-03T19:24:53.654+0000] {processor.py:161} INFO - Started process (PID=1165) to work on /home/airflow/.local/lib/python3.12/site-packages/airflow/example_dags/example_branch_labels.py
[2025-10-03T19:24:53.656+0000] {processor.py:830} INFO - Processing file /home/airflow/.local/lib/python3.12/site-packages/airflow/example_dags/example_branch_labels.py for tasks to queue
[2025-10-03T19:24:53.659+0000] {logging_mixin.py:188} INFO - [2025-10-03T19:24:53.658+0000] {dagbag.py:545} INFO - Filling up the DagBag from /home/airflow/.local/lib/python3.12/site-packages/airflow/example_dags/example_branch_labels.py
[2025-10-03T19:24:53.668+0000] {processor.py:840} INFO - DAG(s) 'example_branch_labels' retrieved from /home/airflow/.local/lib/python3.12/site-packages/airflow/example_dags/example_branch_labels.py
[2025-10-03T19:24:53.691+0000] {logging_mixin.py:188} INFO - [2025-10-03T19:24:53.691+0000] {dag.py:3096} INFO - Sync 1 DAGs
[2025-10-03T19:24:53.716+0000] {logging_mixin.py:188} INFO - [2025-10-03T19:24:53.716+0000] {dag.py:3954} INFO - Setting next_dagrun for example_branch_labels to 2025-10-02 00:00:00+00:00, run_after=2025-10-03 00:00:00+00:00
[2025-10-03T19:24:53.747+0000] {processor.py:183} INFO - Processing /home/airflow/.local/lib/python3.12/site-packages/airflow/example_dags/example_branch_labels.py took 0.101 seconds
[2025-10-03T19:25:23.866+0000] {processor.py:161} INFO - Started process (PID=1221) to work on /home/airflow/.local/lib/python3.12/site-packages/airflow/example_dags/example_branch_labels.py
[2025-10-03T19:25:23.869+0000] {processor.py:830} INFO - Processing file /home/airflow/.local/lib/python3.12/site-packages/airflow/example_dags/example_branch_labels.py for tasks to queue
[2025-10-03T19:25:23.871+0000] {logging_mixin.py:188} INFO - [2025-10-03T19:25:23.871+0000] {dagbag.py:545} INFO - Filling up the DagBag from /home/airflow/.local/lib/python3.12/site-packages/airflow/example_dags/example_branch_labels.py
[2025-10-03T19:25:23.880+0000] {processor.py:840} INFO - DAG(s) 'example_branch_labels' retrieved from /home/airflow/.local/lib/python3.12/site-packages/airflow/example_dags/example_branch_labels.py
[2025-10-03T19:25:23.902+0000] {logging_mixin.py:188} INFO - [2025-10-03T19:25:23.902+0000] {dag.py:3096} INFO - Sync 1 DAGs
[2025-10-03T19:25:23.924+0000] {logging_mixin.py:188} INFO - [2025-10-03T19:25:23.924+0000] {dag.py:3954} INFO - Setting next_dagrun for example_branch_labels to 2025-10-02 00:00:00+00:00, run_after=2025-10-03 00:00:00+00:00
[2025-10-03T19:25:23.944+0000] {processor.py:183} INFO - Processing /home/airflow/.local/lib/python3.12/site-packages/airflow/example_dags/example_branch_labels.py took 0.084 seconds
[2025-10-03T19:25:54.301+0000] {processor.py:161} INFO - Started process (PID=1274) to work on /home/airflow/.local/lib/python3.12/site-packages/airflow/example_dags/example_branch_labels.py
[2025-10-03T19:25:54.302+0000] {processor.py:830} INFO - Processing file /home/airflow/.local/lib/python3.12/site-packages/airflow/example_dags/example_branch_labels.py for tasks to queue
[2025-10-03T19:25:54.304+0000] {logging_mixin.py:188} INFO - [2025-10-03T19:25:54.304+0000] {dagbag.py:545} INFO - Filling up the DagBag from /home/airflow/.local/lib/python3.12/site-packages/airflow/example_dags/example_branch_labels.py
[2025-10-03T19:25:54.313+0000] {processor.py:840} INFO - DAG(s) 'example_branch_labels' retrieved from /home/airflow/.local/lib/python3.12/site-packages/airflow/example_dags/example_branch_labels.py
[2025-10-03T19:25:54.335+0000] {logging_mixin.py:188} INFO - [2025-10-03T19:25:54.335+0000] {dag.py:3096} INFO - Sync 1 DAGs
[2025-10-03T19:25:54.362+0000] {logging_mixin.py:188} INFO - [2025-10-03T19:25:54.362+0000] {dag.py:3954} INFO - Setting next_dagrun for example_branch_labels to 2025-10-02 00:00:00+00:00, run_after=2025-10-03 00:00:00+00:00
[2025-10-03T19:25:54.384+0000] {processor.py:183} INFO - Processing /home/airflow/.local/lib/python3.12/site-packages/airflow/example_dags/example_branch_labels.py took 0.089 seconds
