[2025-10-03T19:14:38.069+0000] {processor.py:161} INFO - Started process (PID=37) to work on /home/airflow/.local/lib/python3.12/site-packages/airflow/example_dags/example_sensors.py
[2025-10-03T19:14:38.071+0000] {processor.py:830} INFO - Processing file /home/airflow/.local/lib/python3.12/site-packages/airflow/example_dags/example_sensors.py for tasks to queue
[2025-10-03T19:14:38.076+0000] {logging_mixin.py:188} INFO - [2025-10-03T19:14:38.075+0000] {dagbag.py:545} INFO - Filling up the DagBag from /home/airflow/.local/lib/python3.12/site-packages/airflow/example_dags/example_sensors.py
[2025-10-03T19:14:38.113+0000] {processor.py:840} INFO - DAG(s) 'example_sensors' retrieved from /home/airflow/.local/lib/python3.12/site-packages/airflow/example_dags/example_sensors.py
[2025-10-03T19:14:38.149+0000] {logging_mixin.py:188} INFO - [2025-10-03T19:14:38.149+0000] {dag.py:3096} INFO - Sync 1 DAGs
[2025-10-03T19:14:38.195+0000] {logging_mixin.py:188} INFO - [2025-10-03T19:14:38.195+0000] {dag.py:3954} INFO - Setting next_dagrun for example_sensors to None, run_after=None
[2025-10-03T19:14:38.261+0000] {processor.py:183} INFO - Processing /home/airflow/.local/lib/python3.12/site-packages/airflow/example_dags/example_sensors.py took 0.212 seconds
[2025-10-03T19:15:08.613+0000] {processor.py:161} INFO - Started process (PID=90) to work on /home/airflow/.local/lib/python3.12/site-packages/airflow/example_dags/example_sensors.py
[2025-10-03T19:15:08.615+0000] {processor.py:830} INFO - Processing file /home/airflow/.local/lib/python3.12/site-packages/airflow/example_dags/example_sensors.py for tasks to queue
[2025-10-03T19:15:08.619+0000] {logging_mixin.py:188} INFO - [2025-10-03T19:15:08.619+0000] {dagbag.py:545} INFO - Filling up the DagBag from /home/airflow/.local/lib/python3.12/site-packages/airflow/example_dags/example_sensors.py
[2025-10-03T19:15:08.634+0000] {processor.py:840} INFO - DAG(s) 'example_sensors' retrieved from /home/airflow/.local/lib/python3.12/site-packages/airflow/example_dags/example_sensors.py
[2025-10-03T19:15:08.824+0000] {logging_mixin.py:188} INFO - [2025-10-03T19:15:08.824+0000] {dag.py:3096} INFO - Sync 1 DAGs
[2025-10-03T19:15:08.839+0000] {logging_mixin.py:188} INFO - [2025-10-03T19:15:08.839+0000] {dag.py:3954} INFO - Setting next_dagrun for example_sensors to None, run_after=None
[2025-10-03T19:15:08.884+0000] {processor.py:183} INFO - Processing /home/airflow/.local/lib/python3.12/site-packages/airflow/example_dags/example_sensors.py took 0.279 seconds
[2025-10-03T19:15:39.102+0000] {processor.py:161} INFO - Started process (PID=147) to work on /home/airflow/.local/lib/python3.12/site-packages/airflow/example_dags/example_sensors.py
[2025-10-03T19:15:39.104+0000] {processor.py:830} INFO - Processing file /home/airflow/.local/lib/python3.12/site-packages/airflow/example_dags/example_sensors.py for tasks to queue
[2025-10-03T19:15:39.106+0000] {logging_mixin.py:188} INFO - [2025-10-03T19:15:39.106+0000] {dagbag.py:545} INFO - Filling up the DagBag from /home/airflow/.local/lib/python3.12/site-packages/airflow/example_dags/example_sensors.py
[2025-10-03T19:15:39.116+0000] {processor.py:840} INFO - DAG(s) 'example_sensors' retrieved from /home/airflow/.local/lib/python3.12/site-packages/airflow/example_dags/example_sensors.py
[2025-10-03T19:15:39.147+0000] {logging_mixin.py:188} INFO - [2025-10-03T19:15:39.147+0000] {dag.py:3096} INFO - Sync 1 DAGs
[2025-10-03T19:15:39.162+0000] {logging_mixin.py:188} INFO - [2025-10-03T19:15:39.162+0000] {dag.py:3954} INFO - Setting next_dagrun for example_sensors to None, run_after=None
[2025-10-03T19:15:39.189+0000] {processor.py:183} INFO - Processing /home/airflow/.local/lib/python3.12/site-packages/airflow/example_dags/example_sensors.py took 0.093 seconds
[2025-10-03T19:16:09.486+0000] {processor.py:161} INFO - Started process (PID=202) to work on /home/airflow/.local/lib/python3.12/site-packages/airflow/example_dags/example_sensors.py
[2025-10-03T19:16:09.487+0000] {processor.py:830} INFO - Processing file /home/airflow/.local/lib/python3.12/site-packages/airflow/example_dags/example_sensors.py for tasks to queue
[2025-10-03T19:16:09.489+0000] {logging_mixin.py:188} INFO - [2025-10-03T19:16:09.489+0000] {dagbag.py:545} INFO - Filling up the DagBag from /home/airflow/.local/lib/python3.12/site-packages/airflow/example_dags/example_sensors.py
[2025-10-03T19:16:09.501+0000] {processor.py:840} INFO - DAG(s) 'example_sensors' retrieved from /home/airflow/.local/lib/python3.12/site-packages/airflow/example_dags/example_sensors.py
[2025-10-03T19:16:09.537+0000] {logging_mixin.py:188} INFO - [2025-10-03T19:16:09.537+0000] {dag.py:3096} INFO - Sync 1 DAGs
[2025-10-03T19:16:09.556+0000] {logging_mixin.py:188} INFO - [2025-10-03T19:16:09.556+0000] {dag.py:3954} INFO - Setting next_dagrun for example_sensors to None, run_after=None
[2025-10-03T19:16:09.597+0000] {processor.py:183} INFO - Processing /home/airflow/.local/lib/python3.12/site-packages/airflow/example_dags/example_sensors.py took 0.119 seconds
[2025-10-03T19:16:39.938+0000] {processor.py:161} INFO - Started process (PID=258) to work on /home/airflow/.local/lib/python3.12/site-packages/airflow/example_dags/example_sensors.py
[2025-10-03T19:16:39.941+0000] {processor.py:830} INFO - Processing file /home/airflow/.local/lib/python3.12/site-packages/airflow/example_dags/example_sensors.py for tasks to queue
[2025-10-03T19:16:39.943+0000] {logging_mixin.py:188} INFO - [2025-10-03T19:16:39.942+0000] {dagbag.py:545} INFO - Filling up the DagBag from /home/airflow/.local/lib/python3.12/site-packages/airflow/example_dags/example_sensors.py
[2025-10-03T19:16:39.954+0000] {processor.py:840} INFO - DAG(s) 'example_sensors' retrieved from /home/airflow/.local/lib/python3.12/site-packages/airflow/example_dags/example_sensors.py
[2025-10-03T19:16:39.993+0000] {logging_mixin.py:188} INFO - [2025-10-03T19:16:39.993+0000] {dag.py:3096} INFO - Sync 1 DAGs
[2025-10-03T19:16:40.013+0000] {logging_mixin.py:188} INFO - [2025-10-03T19:16:40.013+0000] {dag.py:3954} INFO - Setting next_dagrun for example_sensors to None, run_after=None
[2025-10-03T19:16:40.049+0000] {processor.py:183} INFO - Processing /home/airflow/.local/lib/python3.12/site-packages/airflow/example_dags/example_sensors.py took 0.120 seconds
[2025-10-03T19:17:10.527+0000] {processor.py:161} INFO - Started process (PID=313) to work on /home/airflow/.local/lib/python3.12/site-packages/airflow/example_dags/example_sensors.py
[2025-10-03T19:17:10.529+0000] {processor.py:830} INFO - Processing file /home/airflow/.local/lib/python3.12/site-packages/airflow/example_dags/example_sensors.py for tasks to queue
[2025-10-03T19:17:10.531+0000] {logging_mixin.py:188} INFO - [2025-10-03T19:17:10.531+0000] {dagbag.py:545} INFO - Filling up the DagBag from /home/airflow/.local/lib/python3.12/site-packages/airflow/example_dags/example_sensors.py
[2025-10-03T19:17:10.545+0000] {processor.py:840} INFO - DAG(s) 'example_sensors' retrieved from /home/airflow/.local/lib/python3.12/site-packages/airflow/example_dags/example_sensors.py
[2025-10-03T19:17:10.584+0000] {logging_mixin.py:188} INFO - [2025-10-03T19:17:10.584+0000] {dag.py:3096} INFO - Sync 1 DAGs
[2025-10-03T19:17:10.607+0000] {logging_mixin.py:188} INFO - [2025-10-03T19:17:10.606+0000] {dag.py:3954} INFO - Setting next_dagrun for example_sensors to None, run_after=None
[2025-10-03T19:17:10.643+0000] {processor.py:183} INFO - Processing /home/airflow/.local/lib/python3.12/site-packages/airflow/example_dags/example_sensors.py took 0.125 seconds
[2025-10-03T19:17:41.056+0000] {processor.py:161} INFO - Started process (PID=370) to work on /home/airflow/.local/lib/python3.12/site-packages/airflow/example_dags/example_sensors.py
[2025-10-03T19:17:41.057+0000] {processor.py:830} INFO - Processing file /home/airflow/.local/lib/python3.12/site-packages/airflow/example_dags/example_sensors.py for tasks to queue
[2025-10-03T19:17:41.060+0000] {logging_mixin.py:188} INFO - [2025-10-03T19:17:41.059+0000] {dagbag.py:545} INFO - Filling up the DagBag from /home/airflow/.local/lib/python3.12/site-packages/airflow/example_dags/example_sensors.py
[2025-10-03T19:17:41.074+0000] {processor.py:840} INFO - DAG(s) 'example_sensors' retrieved from /home/airflow/.local/lib/python3.12/site-packages/airflow/example_dags/example_sensors.py
[2025-10-03T19:17:41.114+0000] {logging_mixin.py:188} INFO - [2025-10-03T19:17:41.113+0000] {dag.py:3096} INFO - Sync 1 DAGs
[2025-10-03T19:17:41.132+0000] {logging_mixin.py:188} INFO - [2025-10-03T19:17:41.132+0000] {dag.py:3954} INFO - Setting next_dagrun for example_sensors to None, run_after=None
[2025-10-03T19:17:41.162+0000] {processor.py:183} INFO - Processing /home/airflow/.local/lib/python3.12/site-packages/airflow/example_dags/example_sensors.py took 0.115 seconds
[2025-10-03T19:18:11.896+0000] {processor.py:161} INFO - Started process (PID=427) to work on /home/airflow/.local/lib/python3.12/site-packages/airflow/example_dags/example_sensors.py
[2025-10-03T19:18:11.898+0000] {processor.py:830} INFO - Processing file /home/airflow/.local/lib/python3.12/site-packages/airflow/example_dags/example_sensors.py for tasks to queue
[2025-10-03T19:18:11.903+0000] {logging_mixin.py:188} INFO - [2025-10-03T19:18:11.902+0000] {dagbag.py:545} INFO - Filling up the DagBag from /home/airflow/.local/lib/python3.12/site-packages/airflow/example_dags/example_sensors.py
[2025-10-03T19:18:11.931+0000] {processor.py:840} INFO - DAG(s) 'example_sensors' retrieved from /home/airflow/.local/lib/python3.12/site-packages/airflow/example_dags/example_sensors.py
[2025-10-03T19:18:12.010+0000] {logging_mixin.py:188} INFO - [2025-10-03T19:18:12.009+0000] {dag.py:3096} INFO - Sync 1 DAGs
[2025-10-03T19:18:12.033+0000] {logging_mixin.py:188} INFO - [2025-10-03T19:18:12.032+0000] {dag.py:3954} INFO - Setting next_dagrun for example_sensors to None, run_after=None
[2025-10-03T19:18:12.064+0000] {processor.py:183} INFO - Processing /home/airflow/.local/lib/python3.12/site-packages/airflow/example_dags/example_sensors.py took 0.186 seconds
[2025-10-03T19:18:42.345+0000] {processor.py:161} INFO - Started process (PID=489) to work on /home/airflow/.local/lib/python3.12/site-packages/airflow/example_dags/example_sensors.py
[2025-10-03T19:18:42.348+0000] {processor.py:830} INFO - Processing file /home/airflow/.local/lib/python3.12/site-packages/airflow/example_dags/example_sensors.py for tasks to queue
[2025-10-03T19:18:42.351+0000] {logging_mixin.py:188} INFO - [2025-10-03T19:18:42.350+0000] {dagbag.py:545} INFO - Filling up the DagBag from /home/airflow/.local/lib/python3.12/site-packages/airflow/example_dags/example_sensors.py
[2025-10-03T19:18:42.368+0000] {processor.py:840} INFO - DAG(s) 'example_sensors' retrieved from /home/airflow/.local/lib/python3.12/site-packages/airflow/example_dags/example_sensors.py
[2025-10-03T19:18:42.431+0000] {logging_mixin.py:188} INFO - [2025-10-03T19:18:42.429+0000] {dag.py:3096} INFO - Sync 1 DAGs
[2025-10-03T19:18:42.455+0000] {logging_mixin.py:188} INFO - [2025-10-03T19:18:42.454+0000] {dag.py:3954} INFO - Setting next_dagrun for example_sensors to None, run_after=None
[2025-10-03T19:18:42.503+0000] {processor.py:183} INFO - Processing /home/airflow/.local/lib/python3.12/site-packages/airflow/example_dags/example_sensors.py took 0.168 seconds
[2025-10-03T19:19:12.914+0000] {processor.py:161} INFO - Started process (PID=546) to work on /home/airflow/.local/lib/python3.12/site-packages/airflow/example_dags/example_sensors.py
[2025-10-03T19:19:12.916+0000] {processor.py:830} INFO - Processing file /home/airflow/.local/lib/python3.12/site-packages/airflow/example_dags/example_sensors.py for tasks to queue
[2025-10-03T19:19:12.919+0000] {logging_mixin.py:188} INFO - [2025-10-03T19:19:12.919+0000] {dagbag.py:545} INFO - Filling up the DagBag from /home/airflow/.local/lib/python3.12/site-packages/airflow/example_dags/example_sensors.py
[2025-10-03T19:19:12.931+0000] {processor.py:840} INFO - DAG(s) 'example_sensors' retrieved from /home/airflow/.local/lib/python3.12/site-packages/airflow/example_dags/example_sensors.py
[2025-10-03T19:19:12.968+0000] {logging_mixin.py:188} INFO - [2025-10-03T19:19:12.968+0000] {dag.py:3096} INFO - Sync 1 DAGs
[2025-10-03T19:19:12.987+0000] {logging_mixin.py:188} INFO - [2025-10-03T19:19:12.986+0000] {dag.py:3954} INFO - Setting next_dagrun for example_sensors to None, run_after=None
[2025-10-03T19:19:13.021+0000] {processor.py:183} INFO - Processing /home/airflow/.local/lib/python3.12/site-packages/airflow/example_dags/example_sensors.py took 0.114 seconds
[2025-10-03T19:19:43.241+0000] {processor.py:161} INFO - Started process (PID=599) to work on /home/airflow/.local/lib/python3.12/site-packages/airflow/example_dags/example_sensors.py
[2025-10-03T19:19:43.243+0000] {processor.py:830} INFO - Processing file /home/airflow/.local/lib/python3.12/site-packages/airflow/example_dags/example_sensors.py for tasks to queue
[2025-10-03T19:19:43.246+0000] {logging_mixin.py:188} INFO - [2025-10-03T19:19:43.245+0000] {dagbag.py:545} INFO - Filling up the DagBag from /home/airflow/.local/lib/python3.12/site-packages/airflow/example_dags/example_sensors.py
[2025-10-03T19:19:43.256+0000] {processor.py:840} INFO - DAG(s) 'example_sensors' retrieved from /home/airflow/.local/lib/python3.12/site-packages/airflow/example_dags/example_sensors.py
[2025-10-03T19:19:43.297+0000] {logging_mixin.py:188} INFO - [2025-10-03T19:19:43.296+0000] {dag.py:3096} INFO - Sync 1 DAGs
[2025-10-03T19:19:43.314+0000] {logging_mixin.py:188} INFO - [2025-10-03T19:19:43.314+0000] {dag.py:3954} INFO - Setting next_dagrun for example_sensors to None, run_after=None
[2025-10-03T19:19:43.343+0000] {processor.py:183} INFO - Processing /home/airflow/.local/lib/python3.12/site-packages/airflow/example_dags/example_sensors.py took 0.109 seconds
[2025-10-03T19:20:13.869+0000] {processor.py:161} INFO - Started process (PID=656) to work on /home/airflow/.local/lib/python3.12/site-packages/airflow/example_dags/example_sensors.py
[2025-10-03T19:20:13.871+0000] {processor.py:830} INFO - Processing file /home/airflow/.local/lib/python3.12/site-packages/airflow/example_dags/example_sensors.py for tasks to queue
[2025-10-03T19:20:13.873+0000] {logging_mixin.py:188} INFO - [2025-10-03T19:20:13.873+0000] {dagbag.py:545} INFO - Filling up the DagBag from /home/airflow/.local/lib/python3.12/site-packages/airflow/example_dags/example_sensors.py
[2025-10-03T19:20:13.888+0000] {processor.py:840} INFO - DAG(s) 'example_sensors' retrieved from /home/airflow/.local/lib/python3.12/site-packages/airflow/example_dags/example_sensors.py
[2025-10-03T19:20:13.930+0000] {logging_mixin.py:188} INFO - [2025-10-03T19:20:13.929+0000] {dag.py:3096} INFO - Sync 1 DAGs
[2025-10-03T19:20:13.953+0000] {logging_mixin.py:188} INFO - [2025-10-03T19:20:13.952+0000] {dag.py:3954} INFO - Setting next_dagrun for example_sensors to None, run_after=None
[2025-10-03T19:20:13.993+0000] {processor.py:183} INFO - Processing /home/airflow/.local/lib/python3.12/site-packages/airflow/example_dags/example_sensors.py took 0.132 seconds
[2025-10-03T19:20:44.207+0000] {processor.py:161} INFO - Started process (PID=709) to work on /home/airflow/.local/lib/python3.12/site-packages/airflow/example_dags/example_sensors.py
[2025-10-03T19:20:44.208+0000] {processor.py:830} INFO - Processing file /home/airflow/.local/lib/python3.12/site-packages/airflow/example_dags/example_sensors.py for tasks to queue
[2025-10-03T19:20:44.210+0000] {logging_mixin.py:188} INFO - [2025-10-03T19:20:44.210+0000] {dagbag.py:545} INFO - Filling up the DagBag from /home/airflow/.local/lib/python3.12/site-packages/airflow/example_dags/example_sensors.py
[2025-10-03T19:20:44.221+0000] {processor.py:840} INFO - DAG(s) 'example_sensors' retrieved from /home/airflow/.local/lib/python3.12/site-packages/airflow/example_dags/example_sensors.py
[2025-10-03T19:20:44.253+0000] {logging_mixin.py:188} INFO - [2025-10-03T19:20:44.253+0000] {dag.py:3096} INFO - Sync 1 DAGs
[2025-10-03T19:20:44.270+0000] {logging_mixin.py:188} INFO - [2025-10-03T19:20:44.269+0000] {dag.py:3954} INFO - Setting next_dagrun for example_sensors to None, run_after=None
[2025-10-03T19:20:44.300+0000] {processor.py:183} INFO - Processing /home/airflow/.local/lib/python3.12/site-packages/airflow/example_dags/example_sensors.py took 0.101 seconds
[2025-10-03T19:21:14.668+0000] {processor.py:161} INFO - Started process (PID=766) to work on /home/airflow/.local/lib/python3.12/site-packages/airflow/example_dags/example_sensors.py
[2025-10-03T19:21:14.671+0000] {processor.py:830} INFO - Processing file /home/airflow/.local/lib/python3.12/site-packages/airflow/example_dags/example_sensors.py for tasks to queue
[2025-10-03T19:21:14.675+0000] {logging_mixin.py:188} INFO - [2025-10-03T19:21:14.674+0000] {dagbag.py:545} INFO - Filling up the DagBag from /home/airflow/.local/lib/python3.12/site-packages/airflow/example_dags/example_sensors.py
[2025-10-03T19:21:14.694+0000] {processor.py:840} INFO - DAG(s) 'example_sensors' retrieved from /home/airflow/.local/lib/python3.12/site-packages/airflow/example_dags/example_sensors.py
[2025-10-03T19:21:14.746+0000] {logging_mixin.py:188} INFO - [2025-10-03T19:21:14.746+0000] {dag.py:3096} INFO - Sync 1 DAGs
[2025-10-03T19:21:14.767+0000] {logging_mixin.py:188} INFO - [2025-10-03T19:21:14.766+0000] {dag.py:3954} INFO - Setting next_dagrun for example_sensors to None, run_after=None
[2025-10-03T19:21:14.803+0000] {processor.py:183} INFO - Processing /home/airflow/.local/lib/python3.12/site-packages/airflow/example_dags/example_sensors.py took 0.152 seconds
[2025-10-03T19:21:45.103+0000] {processor.py:161} INFO - Started process (PID=819) to work on /home/airflow/.local/lib/python3.12/site-packages/airflow/example_dags/example_sensors.py
[2025-10-03T19:21:45.104+0000] {processor.py:830} INFO - Processing file /home/airflow/.local/lib/python3.12/site-packages/airflow/example_dags/example_sensors.py for tasks to queue
[2025-10-03T19:21:45.106+0000] {logging_mixin.py:188} INFO - [2025-10-03T19:21:45.106+0000] {dagbag.py:545} INFO - Filling up the DagBag from /home/airflow/.local/lib/python3.12/site-packages/airflow/example_dags/example_sensors.py
[2025-10-03T19:21:45.116+0000] {processor.py:840} INFO - DAG(s) 'example_sensors' retrieved from /home/airflow/.local/lib/python3.12/site-packages/airflow/example_dags/example_sensors.py
[2025-10-03T19:21:45.145+0000] {logging_mixin.py:188} INFO - [2025-10-03T19:21:45.145+0000] {dag.py:3096} INFO - Sync 1 DAGs
[2025-10-03T19:21:45.159+0000] {logging_mixin.py:188} INFO - [2025-10-03T19:21:45.158+0000] {dag.py:3954} INFO - Setting next_dagrun for example_sensors to None, run_after=None
[2025-10-03T19:21:45.180+0000] {processor.py:183} INFO - Processing /home/airflow/.local/lib/python3.12/site-packages/airflow/example_dags/example_sensors.py took 0.084 seconds
[2025-10-03T19:22:15.244+0000] {processor.py:161} INFO - Started process (PID=875) to work on /home/airflow/.local/lib/python3.12/site-packages/airflow/example_dags/example_sensors.py
[2025-10-03T19:22:15.245+0000] {processor.py:830} INFO - Processing file /home/airflow/.local/lib/python3.12/site-packages/airflow/example_dags/example_sensors.py for tasks to queue
[2025-10-03T19:22:15.247+0000] {logging_mixin.py:188} INFO - [2025-10-03T19:22:15.247+0000] {dagbag.py:545} INFO - Filling up the DagBag from /home/airflow/.local/lib/python3.12/site-packages/airflow/example_dags/example_sensors.py
[2025-10-03T19:22:15.257+0000] {processor.py:840} INFO - DAG(s) 'example_sensors' retrieved from /home/airflow/.local/lib/python3.12/site-packages/airflow/example_dags/example_sensors.py
[2025-10-03T19:22:15.286+0000] {logging_mixin.py:188} INFO - [2025-10-03T19:22:15.286+0000] {dag.py:3096} INFO - Sync 1 DAGs
[2025-10-03T19:22:15.300+0000] {logging_mixin.py:188} INFO - [2025-10-03T19:22:15.299+0000] {dag.py:3954} INFO - Setting next_dagrun for example_sensors to None, run_after=None
[2025-10-03T19:22:15.321+0000] {processor.py:183} INFO - Processing /home/airflow/.local/lib/python3.12/site-packages/airflow/example_dags/example_sensors.py took 0.084 seconds
[2025-10-03T19:22:45.777+0000] {processor.py:161} INFO - Started process (PID=929) to work on /home/airflow/.local/lib/python3.12/site-packages/airflow/example_dags/example_sensors.py
[2025-10-03T19:22:45.778+0000] {processor.py:830} INFO - Processing file /home/airflow/.local/lib/python3.12/site-packages/airflow/example_dags/example_sensors.py for tasks to queue
[2025-10-03T19:22:45.780+0000] {logging_mixin.py:188} INFO - [2025-10-03T19:22:45.780+0000] {dagbag.py:545} INFO - Filling up the DagBag from /home/airflow/.local/lib/python3.12/site-packages/airflow/example_dags/example_sensors.py
[2025-10-03T19:22:45.789+0000] {processor.py:840} INFO - DAG(s) 'example_sensors' retrieved from /home/airflow/.local/lib/python3.12/site-packages/airflow/example_dags/example_sensors.py
[2025-10-03T19:22:45.817+0000] {logging_mixin.py:188} INFO - [2025-10-03T19:22:45.817+0000] {dag.py:3096} INFO - Sync 1 DAGs
[2025-10-03T19:22:45.831+0000] {logging_mixin.py:188} INFO - [2025-10-03T19:22:45.831+0000] {dag.py:3954} INFO - Setting next_dagrun for example_sensors to None, run_after=None
[2025-10-03T19:22:45.859+0000] {processor.py:183} INFO - Processing /home/airflow/.local/lib/python3.12/site-packages/airflow/example_dags/example_sensors.py took 0.089 seconds
[2025-10-03T19:23:16.432+0000] {processor.py:161} INFO - Started process (PID=986) to work on /home/airflow/.local/lib/python3.12/site-packages/airflow/example_dags/example_sensors.py
[2025-10-03T19:23:16.434+0000] {processor.py:830} INFO - Processing file /home/airflow/.local/lib/python3.12/site-packages/airflow/example_dags/example_sensors.py for tasks to queue
[2025-10-03T19:23:16.436+0000] {logging_mixin.py:188} INFO - [2025-10-03T19:23:16.435+0000] {dagbag.py:545} INFO - Filling up the DagBag from /home/airflow/.local/lib/python3.12/site-packages/airflow/example_dags/example_sensors.py
[2025-10-03T19:23:16.445+0000] {processor.py:840} INFO - DAG(s) 'example_sensors' retrieved from /home/airflow/.local/lib/python3.12/site-packages/airflow/example_dags/example_sensors.py
[2025-10-03T19:23:16.474+0000] {logging_mixin.py:188} INFO - [2025-10-03T19:23:16.473+0000] {dag.py:3096} INFO - Sync 1 DAGs
[2025-10-03T19:23:16.487+0000] {logging_mixin.py:188} INFO - [2025-10-03T19:23:16.487+0000] {dag.py:3954} INFO - Setting next_dagrun for example_sensors to None, run_after=None
[2025-10-03T19:23:16.518+0000] {processor.py:183} INFO - Processing /home/airflow/.local/lib/python3.12/site-packages/airflow/example_dags/example_sensors.py took 0.092 seconds
[2025-10-03T19:23:46.728+0000] {processor.py:161} INFO - Started process (PID=1039) to work on /home/airflow/.local/lib/python3.12/site-packages/airflow/example_dags/example_sensors.py
[2025-10-03T19:23:46.730+0000] {processor.py:830} INFO - Processing file /home/airflow/.local/lib/python3.12/site-packages/airflow/example_dags/example_sensors.py for tasks to queue
[2025-10-03T19:23:46.732+0000] {logging_mixin.py:188} INFO - [2025-10-03T19:23:46.731+0000] {dagbag.py:545} INFO - Filling up the DagBag from /home/airflow/.local/lib/python3.12/site-packages/airflow/example_dags/example_sensors.py
[2025-10-03T19:23:46.741+0000] {processor.py:840} INFO - DAG(s) 'example_sensors' retrieved from /home/airflow/.local/lib/python3.12/site-packages/airflow/example_dags/example_sensors.py
[2025-10-03T19:23:46.770+0000] {logging_mixin.py:188} INFO - [2025-10-03T19:23:46.769+0000] {dag.py:3096} INFO - Sync 1 DAGs
[2025-10-03T19:23:46.785+0000] {logging_mixin.py:188} INFO - [2025-10-03T19:23:46.785+0000] {dag.py:3954} INFO - Setting next_dagrun for example_sensors to None, run_after=None
[2025-10-03T19:23:46.808+0000] {processor.py:183} INFO - Processing /home/airflow/.local/lib/python3.12/site-packages/airflow/example_dags/example_sensors.py took 0.086 seconds
[2025-10-03T19:24:17.144+0000] {processor.py:161} INFO - Started process (PID=1096) to work on /home/airflow/.local/lib/python3.12/site-packages/airflow/example_dags/example_sensors.py
[2025-10-03T19:24:17.146+0000] {processor.py:830} INFO - Processing file /home/airflow/.local/lib/python3.12/site-packages/airflow/example_dags/example_sensors.py for tasks to queue
[2025-10-03T19:24:17.148+0000] {logging_mixin.py:188} INFO - [2025-10-03T19:24:17.148+0000] {dagbag.py:545} INFO - Filling up the DagBag from /home/airflow/.local/lib/python3.12/site-packages/airflow/example_dags/example_sensors.py
[2025-10-03T19:24:17.157+0000] {processor.py:840} INFO - DAG(s) 'example_sensors' retrieved from /home/airflow/.local/lib/python3.12/site-packages/airflow/example_dags/example_sensors.py
[2025-10-03T19:24:17.186+0000] {logging_mixin.py:188} INFO - [2025-10-03T19:24:17.186+0000] {dag.py:3096} INFO - Sync 1 DAGs
[2025-10-03T19:24:17.201+0000] {logging_mixin.py:188} INFO - [2025-10-03T19:24:17.201+0000] {dag.py:3954} INFO - Setting next_dagrun for example_sensors to None, run_after=None
[2025-10-03T19:24:17.230+0000] {processor.py:183} INFO - Processing /home/airflow/.local/lib/python3.12/site-packages/airflow/example_dags/example_sensors.py took 0.093 seconds
[2025-10-03T19:24:47.518+0000] {processor.py:161} INFO - Started process (PID=1149) to work on /home/airflow/.local/lib/python3.12/site-packages/airflow/example_dags/example_sensors.py
[2025-10-03T19:24:47.519+0000] {processor.py:830} INFO - Processing file /home/airflow/.local/lib/python3.12/site-packages/airflow/example_dags/example_sensors.py for tasks to queue
[2025-10-03T19:24:47.521+0000] {logging_mixin.py:188} INFO - [2025-10-03T19:24:47.521+0000] {dagbag.py:545} INFO - Filling up the DagBag from /home/airflow/.local/lib/python3.12/site-packages/airflow/example_dags/example_sensors.py
[2025-10-03T19:24:47.530+0000] {processor.py:840} INFO - DAG(s) 'example_sensors' retrieved from /home/airflow/.local/lib/python3.12/site-packages/airflow/example_dags/example_sensors.py
[2025-10-03T19:24:47.561+0000] {logging_mixin.py:188} INFO - [2025-10-03T19:24:47.561+0000] {dag.py:3096} INFO - Sync 1 DAGs
[2025-10-03T19:24:47.579+0000] {logging_mixin.py:188} INFO - [2025-10-03T19:24:47.579+0000] {dag.py:3954} INFO - Setting next_dagrun for example_sensors to None, run_after=None
[2025-10-03T19:24:47.603+0000] {processor.py:183} INFO - Processing /home/airflow/.local/lib/python3.12/site-packages/airflow/example_dags/example_sensors.py took 0.092 seconds
[2025-10-03T19:25:17.814+0000] {processor.py:161} INFO - Started process (PID=1206) to work on /home/airflow/.local/lib/python3.12/site-packages/airflow/example_dags/example_sensors.py
[2025-10-03T19:25:17.816+0000] {processor.py:830} INFO - Processing file /home/airflow/.local/lib/python3.12/site-packages/airflow/example_dags/example_sensors.py for tasks to queue
[2025-10-03T19:25:17.818+0000] {logging_mixin.py:188} INFO - [2025-10-03T19:25:17.818+0000] {dagbag.py:545} INFO - Filling up the DagBag from /home/airflow/.local/lib/python3.12/site-packages/airflow/example_dags/example_sensors.py
[2025-10-03T19:25:17.829+0000] {processor.py:840} INFO - DAG(s) 'example_sensors' retrieved from /home/airflow/.local/lib/python3.12/site-packages/airflow/example_dags/example_sensors.py
[2025-10-03T19:25:17.862+0000] {logging_mixin.py:188} INFO - [2025-10-03T19:25:17.862+0000] {dag.py:3096} INFO - Sync 1 DAGs
[2025-10-03T19:25:17.878+0000] {logging_mixin.py:188} INFO - [2025-10-03T19:25:17.878+0000] {dag.py:3954} INFO - Setting next_dagrun for example_sensors to None, run_after=None
[2025-10-03T19:25:17.902+0000] {processor.py:183} INFO - Processing /home/airflow/.local/lib/python3.12/site-packages/airflow/example_dags/example_sensors.py took 0.095 seconds
[2025-10-03T19:25:48.190+0000] {processor.py:161} INFO - Started process (PID=1259) to work on /home/airflow/.local/lib/python3.12/site-packages/airflow/example_dags/example_sensors.py
[2025-10-03T19:25:48.191+0000] {processor.py:830} INFO - Processing file /home/airflow/.local/lib/python3.12/site-packages/airflow/example_dags/example_sensors.py for tasks to queue
[2025-10-03T19:25:48.194+0000] {logging_mixin.py:188} INFO - [2025-10-03T19:25:48.193+0000] {dagbag.py:545} INFO - Filling up the DagBag from /home/airflow/.local/lib/python3.12/site-packages/airflow/example_dags/example_sensors.py
[2025-10-03T19:25:48.203+0000] {processor.py:840} INFO - DAG(s) 'example_sensors' retrieved from /home/airflow/.local/lib/python3.12/site-packages/airflow/example_dags/example_sensors.py
[2025-10-03T19:25:48.234+0000] {logging_mixin.py:188} INFO - [2025-10-03T19:25:48.233+0000] {dag.py:3096} INFO - Sync 1 DAGs
[2025-10-03T19:25:48.248+0000] {logging_mixin.py:188} INFO - [2025-10-03T19:25:48.248+0000] {dag.py:3954} INFO - Setting next_dagrun for example_sensors to None, run_after=None
[2025-10-03T19:25:48.275+0000] {processor.py:183} INFO - Processing /home/airflow/.local/lib/python3.12/site-packages/airflow/example_dags/example_sensors.py took 0.093 seconds
