[2025-10-03T19:14:41.949+0000] {processor.py:161} INFO - Started process (PID=65) to work on /home/airflow/.local/lib/python3.12/site-packages/airflow/example_dags/example_nested_branch_dag.py
[2025-10-03T19:14:41.952+0000] {processor.py:830} INFO - Processing file /home/airflow/.local/lib/python3.12/site-packages/airflow/example_dags/example_nested_branch_dag.py for tasks to queue
[2025-10-03T19:14:41.959+0000] {logging_mixin.py:188} INFO - [2025-10-03T19:14:41.957+0000] {dagbag.py:545} INFO - Filling up the DagBag from /home/airflow/.local/lib/python3.12/site-packages/airflow/example_dags/example_nested_branch_dag.py
[2025-10-03T19:14:41.993+0000] {processor.py:840} INFO - DAG(s) 'example_nested_branch_dag' retrieved from /home/airflow/.local/lib/python3.12/site-packages/airflow/example_dags/example_nested_branch_dag.py
[2025-10-03T19:14:42.043+0000] {logging_mixin.py:188} INFO - [2025-10-03T19:14:42.042+0000] {dag.py:3096} INFO - Sync 1 DAGs
[2025-10-03T19:14:42.146+0000] {logging_mixin.py:188} INFO - [2025-10-03T19:14:42.145+0000] {dag.py:3954} INFO - Setting next_dagrun for example_nested_branch_dag to 2025-10-02 00:00:00+00:00, run_after=2025-10-03 00:00:00+00:00
[2025-10-03T19:14:42.215+0000] {processor.py:183} INFO - Processing /home/airflow/.local/lib/python3.12/site-packages/airflow/example_dags/example_nested_branch_dag.py took 0.284 seconds
[2025-10-03T19:15:14.867+0000] {processor.py:161} INFO - Started process (PID=118) to work on /home/airflow/.local/lib/python3.12/site-packages/airflow/example_dags/example_nested_branch_dag.py
[2025-10-03T19:15:14.869+0000] {processor.py:830} INFO - Processing file /home/airflow/.local/lib/python3.12/site-packages/airflow/example_dags/example_nested_branch_dag.py for tasks to queue
[2025-10-03T19:15:14.872+0000] {logging_mixin.py:188} INFO - [2025-10-03T19:15:14.872+0000] {dagbag.py:545} INFO - Filling up the DagBag from /home/airflow/.local/lib/python3.12/site-packages/airflow/example_dags/example_nested_branch_dag.py
[2025-10-03T19:15:14.888+0000] {processor.py:840} INFO - DAG(s) 'example_nested_branch_dag' retrieved from /home/airflow/.local/lib/python3.12/site-packages/airflow/example_dags/example_nested_branch_dag.py
[2025-10-03T19:15:15.039+0000] {logging_mixin.py:188} INFO - [2025-10-03T19:15:15.039+0000] {dag.py:3096} INFO - Sync 1 DAGs
[2025-10-03T19:15:15.064+0000] {logging_mixin.py:188} INFO - [2025-10-03T19:15:15.064+0000] {dag.py:3954} INFO - Setting next_dagrun for example_nested_branch_dag to 2025-10-02 00:00:00+00:00, run_after=2025-10-03 00:00:00+00:00
[2025-10-03T19:15:15.097+0000] {processor.py:183} INFO - Processing /home/airflow/.local/lib/python3.12/site-packages/airflow/example_dags/example_nested_branch_dag.py took 0.240 seconds
[2025-10-03T19:15:45.344+0000] {processor.py:161} INFO - Started process (PID=175) to work on /home/airflow/.local/lib/python3.12/site-packages/airflow/example_dags/example_nested_branch_dag.py
[2025-10-03T19:15:45.346+0000] {processor.py:830} INFO - Processing file /home/airflow/.local/lib/python3.12/site-packages/airflow/example_dags/example_nested_branch_dag.py for tasks to queue
[2025-10-03T19:15:45.349+0000] {logging_mixin.py:188} INFO - [2025-10-03T19:15:45.349+0000] {dagbag.py:545} INFO - Filling up the DagBag from /home/airflow/.local/lib/python3.12/site-packages/airflow/example_dags/example_nested_branch_dag.py
[2025-10-03T19:15:45.362+0000] {processor.py:840} INFO - DAG(s) 'example_nested_branch_dag' retrieved from /home/airflow/.local/lib/python3.12/site-packages/airflow/example_dags/example_nested_branch_dag.py
[2025-10-03T19:15:45.393+0000] {logging_mixin.py:188} INFO - [2025-10-03T19:15:45.393+0000] {dag.py:3096} INFO - Sync 1 DAGs
[2025-10-03T19:15:45.426+0000] {logging_mixin.py:188} INFO - [2025-10-03T19:15:45.425+0000] {dag.py:3954} INFO - Setting next_dagrun for example_nested_branch_dag to 2025-10-02 00:00:00+00:00, run_after=2025-10-03 00:00:00+00:00
[2025-10-03T19:15:45.463+0000] {processor.py:183} INFO - Processing /home/airflow/.local/lib/python3.12/site-packages/airflow/example_dags/example_nested_branch_dag.py took 0.127 seconds
[2025-10-03T19:16:15.712+0000] {processor.py:161} INFO - Started process (PID=230) to work on /home/airflow/.local/lib/python3.12/site-packages/airflow/example_dags/example_nested_branch_dag.py
[2025-10-03T19:16:15.714+0000] {processor.py:830} INFO - Processing file /home/airflow/.local/lib/python3.12/site-packages/airflow/example_dags/example_nested_branch_dag.py for tasks to queue
[2025-10-03T19:16:15.717+0000] {logging_mixin.py:188} INFO - [2025-10-03T19:16:15.717+0000] {dagbag.py:545} INFO - Filling up the DagBag from /home/airflow/.local/lib/python3.12/site-packages/airflow/example_dags/example_nested_branch_dag.py
[2025-10-03T19:16:15.735+0000] {processor.py:840} INFO - DAG(s) 'example_nested_branch_dag' retrieved from /home/airflow/.local/lib/python3.12/site-packages/airflow/example_dags/example_nested_branch_dag.py
[2025-10-03T19:16:15.767+0000] {logging_mixin.py:188} INFO - [2025-10-03T19:16:15.766+0000] {dag.py:3096} INFO - Sync 1 DAGs
[2025-10-03T19:16:15.800+0000] {logging_mixin.py:188} INFO - [2025-10-03T19:16:15.800+0000] {dag.py:3954} INFO - Setting next_dagrun for example_nested_branch_dag to 2025-10-02 00:00:00+00:00, run_after=2025-10-03 00:00:00+00:00
[2025-10-03T19:16:15.835+0000] {processor.py:183} INFO - Processing /home/airflow/.local/lib/python3.12/site-packages/airflow/example_dags/example_nested_branch_dag.py took 0.134 seconds
[2025-10-03T19:16:46.972+0000] {processor.py:161} INFO - Started process (PID=287) to work on /home/airflow/.local/lib/python3.12/site-packages/airflow/example_dags/example_nested_branch_dag.py
[2025-10-03T19:16:46.974+0000] {processor.py:830} INFO - Processing file /home/airflow/.local/lib/python3.12/site-packages/airflow/example_dags/example_nested_branch_dag.py for tasks to queue
[2025-10-03T19:16:46.977+0000] {logging_mixin.py:188} INFO - [2025-10-03T19:16:46.976+0000] {dagbag.py:545} INFO - Filling up the DagBag from /home/airflow/.local/lib/python3.12/site-packages/airflow/example_dags/example_nested_branch_dag.py
[2025-10-03T19:16:46.996+0000] {processor.py:840} INFO - DAG(s) 'example_nested_branch_dag' retrieved from /home/airflow/.local/lib/python3.12/site-packages/airflow/example_dags/example_nested_branch_dag.py
[2025-10-03T19:16:47.039+0000] {logging_mixin.py:188} INFO - [2025-10-03T19:16:47.038+0000] {dag.py:3096} INFO - Sync 1 DAGs
[2025-10-03T19:16:47.091+0000] {logging_mixin.py:188} INFO - [2025-10-03T19:16:47.090+0000] {dag.py:3954} INFO - Setting next_dagrun for example_nested_branch_dag to 2025-10-02 00:00:00+00:00, run_after=2025-10-03 00:00:00+00:00
[2025-10-03T19:16:47.133+0000] {processor.py:183} INFO - Processing /home/airflow/.local/lib/python3.12/site-packages/airflow/example_dags/example_nested_branch_dag.py took 0.174 seconds
[2025-10-03T19:17:17.633+0000] {processor.py:161} INFO - Started process (PID=341) to work on /home/airflow/.local/lib/python3.12/site-packages/airflow/example_dags/example_nested_branch_dag.py
[2025-10-03T19:17:17.635+0000] {processor.py:830} INFO - Processing file /home/airflow/.local/lib/python3.12/site-packages/airflow/example_dags/example_nested_branch_dag.py for tasks to queue
[2025-10-03T19:17:17.638+0000] {logging_mixin.py:188} INFO - [2025-10-03T19:17:17.638+0000] {dagbag.py:545} INFO - Filling up the DagBag from /home/airflow/.local/lib/python3.12/site-packages/airflow/example_dags/example_nested_branch_dag.py
[2025-10-03T19:17:17.654+0000] {processor.py:840} INFO - DAG(s) 'example_nested_branch_dag' retrieved from /home/airflow/.local/lib/python3.12/site-packages/airflow/example_dags/example_nested_branch_dag.py
[2025-10-03T19:17:17.691+0000] {logging_mixin.py:188} INFO - [2025-10-03T19:17:17.691+0000] {dag.py:3096} INFO - Sync 1 DAGs
[2025-10-03T19:17:17.728+0000] {logging_mixin.py:188} INFO - [2025-10-03T19:17:17.727+0000] {dag.py:3954} INFO - Setting next_dagrun for example_nested_branch_dag to 2025-10-02 00:00:00+00:00, run_after=2025-10-03 00:00:00+00:00
[2025-10-03T19:17:17.759+0000] {processor.py:183} INFO - Processing /home/airflow/.local/lib/python3.12/site-packages/airflow/example_dags/example_nested_branch_dag.py took 0.134 seconds
[2025-10-03T19:17:48.256+0000] {processor.py:161} INFO - Started process (PID=400) to work on /home/airflow/.local/lib/python3.12/site-packages/airflow/example_dags/example_nested_branch_dag.py
[2025-10-03T19:17:48.258+0000] {processor.py:830} INFO - Processing file /home/airflow/.local/lib/python3.12/site-packages/airflow/example_dags/example_nested_branch_dag.py for tasks to queue
[2025-10-03T19:17:48.261+0000] {logging_mixin.py:188} INFO - [2025-10-03T19:17:48.260+0000] {dagbag.py:545} INFO - Filling up the DagBag from /home/airflow/.local/lib/python3.12/site-packages/airflow/example_dags/example_nested_branch_dag.py
[2025-10-03T19:17:48.274+0000] {processor.py:840} INFO - DAG(s) 'example_nested_branch_dag' retrieved from /home/airflow/.local/lib/python3.12/site-packages/airflow/example_dags/example_nested_branch_dag.py
[2025-10-03T19:17:48.306+0000] {logging_mixin.py:188} INFO - [2025-10-03T19:17:48.305+0000] {dag.py:3096} INFO - Sync 1 DAGs
[2025-10-03T19:17:48.343+0000] {logging_mixin.py:188} INFO - [2025-10-03T19:17:48.342+0000] {dag.py:3954} INFO - Setting next_dagrun for example_nested_branch_dag to 2025-10-02 00:00:00+00:00, run_after=2025-10-03 00:00:00+00:00
[2025-10-03T19:17:48.373+0000] {processor.py:183} INFO - Processing /home/airflow/.local/lib/python3.12/site-packages/airflow/example_dags/example_nested_branch_dag.py took 0.125 seconds
[2025-10-03T19:18:19.148+0000] {processor.py:161} INFO - Started process (PID=458) to work on /home/airflow/.local/lib/python3.12/site-packages/airflow/example_dags/example_nested_branch_dag.py
[2025-10-03T19:18:19.150+0000] {processor.py:830} INFO - Processing file /home/airflow/.local/lib/python3.12/site-packages/airflow/example_dags/example_nested_branch_dag.py for tasks to queue
[2025-10-03T19:18:19.153+0000] {logging_mixin.py:188} INFO - [2025-10-03T19:18:19.153+0000] {dagbag.py:545} INFO - Filling up the DagBag from /home/airflow/.local/lib/python3.12/site-packages/airflow/example_dags/example_nested_branch_dag.py
[2025-10-03T19:18:19.168+0000] {processor.py:840} INFO - DAG(s) 'example_nested_branch_dag' retrieved from /home/airflow/.local/lib/python3.12/site-packages/airflow/example_dags/example_nested_branch_dag.py
[2025-10-03T19:18:19.198+0000] {logging_mixin.py:188} INFO - [2025-10-03T19:18:19.198+0000] {dag.py:3096} INFO - Sync 1 DAGs
[2025-10-03T19:18:19.227+0000] {logging_mixin.py:188} INFO - [2025-10-03T19:18:19.227+0000] {dag.py:3954} INFO - Setting next_dagrun for example_nested_branch_dag to 2025-10-02 00:00:00+00:00, run_after=2025-10-03 00:00:00+00:00
[2025-10-03T19:18:19.264+0000] {processor.py:183} INFO - Processing /home/airflow/.local/lib/python3.12/site-packages/airflow/example_dags/example_nested_branch_dag.py took 0.123 seconds
[2025-10-03T19:18:50.047+0000] {processor.py:161} INFO - Started process (PID=517) to work on /home/airflow/.local/lib/python3.12/site-packages/airflow/example_dags/example_nested_branch_dag.py
[2025-10-03T19:18:50.048+0000] {processor.py:830} INFO - Processing file /home/airflow/.local/lib/python3.12/site-packages/airflow/example_dags/example_nested_branch_dag.py for tasks to queue
[2025-10-03T19:18:50.051+0000] {logging_mixin.py:188} INFO - [2025-10-03T19:18:50.051+0000] {dagbag.py:545} INFO - Filling up the DagBag from /home/airflow/.local/lib/python3.12/site-packages/airflow/example_dags/example_nested_branch_dag.py
[2025-10-03T19:18:50.069+0000] {processor.py:840} INFO - DAG(s) 'example_nested_branch_dag' retrieved from /home/airflow/.local/lib/python3.12/site-packages/airflow/example_dags/example_nested_branch_dag.py
[2025-10-03T19:18:50.113+0000] {logging_mixin.py:188} INFO - [2025-10-03T19:18:50.113+0000] {dag.py:3096} INFO - Sync 1 DAGs
[2025-10-03T19:18:50.150+0000] {logging_mixin.py:188} INFO - [2025-10-03T19:18:50.150+0000] {dag.py:3954} INFO - Setting next_dagrun for example_nested_branch_dag to 2025-10-02 00:00:00+00:00, run_after=2025-10-03 00:00:00+00:00
[2025-10-03T19:18:50.184+0000] {processor.py:183} INFO - Processing /home/airflow/.local/lib/python3.12/site-packages/airflow/example_dags/example_nested_branch_dag.py took 0.151 seconds
[2025-10-03T19:19:20.358+0000] {processor.py:161} INFO - Started process (PID=574) to work on /home/airflow/.local/lib/python3.12/site-packages/airflow/example_dags/example_nested_branch_dag.py
[2025-10-03T19:19:20.359+0000] {processor.py:830} INFO - Processing file /home/airflow/.local/lib/python3.12/site-packages/airflow/example_dags/example_nested_branch_dag.py for tasks to queue
[2025-10-03T19:19:20.362+0000] {logging_mixin.py:188} INFO - [2025-10-03T19:19:20.362+0000] {dagbag.py:545} INFO - Filling up the DagBag from /home/airflow/.local/lib/python3.12/site-packages/airflow/example_dags/example_nested_branch_dag.py
[2025-10-03T19:19:20.375+0000] {processor.py:840} INFO - DAG(s) 'example_nested_branch_dag' retrieved from /home/airflow/.local/lib/python3.12/site-packages/airflow/example_dags/example_nested_branch_dag.py
[2025-10-03T19:19:20.407+0000] {logging_mixin.py:188} INFO - [2025-10-03T19:19:20.407+0000] {dag.py:3096} INFO - Sync 1 DAGs
[2025-10-03T19:19:20.437+0000] {logging_mixin.py:188} INFO - [2025-10-03T19:19:20.437+0000] {dag.py:3954} INFO - Setting next_dagrun for example_nested_branch_dag to 2025-10-02 00:00:00+00:00, run_after=2025-10-03 00:00:00+00:00
[2025-10-03T19:19:20.472+0000] {processor.py:183} INFO - Processing /home/airflow/.local/lib/python3.12/site-packages/airflow/example_dags/example_nested_branch_dag.py took 0.122 seconds
[2025-10-03T19:19:50.885+0000] {processor.py:161} INFO - Started process (PID=627) to work on /home/airflow/.local/lib/python3.12/site-packages/airflow/example_dags/example_nested_branch_dag.py
[2025-10-03T19:19:50.887+0000] {processor.py:830} INFO - Processing file /home/airflow/.local/lib/python3.12/site-packages/airflow/example_dags/example_nested_branch_dag.py for tasks to queue
[2025-10-03T19:19:50.889+0000] {logging_mixin.py:188} INFO - [2025-10-03T19:19:50.889+0000] {dagbag.py:545} INFO - Filling up the DagBag from /home/airflow/.local/lib/python3.12/site-packages/airflow/example_dags/example_nested_branch_dag.py
[2025-10-03T19:19:50.903+0000] {processor.py:840} INFO - DAG(s) 'example_nested_branch_dag' retrieved from /home/airflow/.local/lib/python3.12/site-packages/airflow/example_dags/example_nested_branch_dag.py
[2025-10-03T19:19:50.935+0000] {logging_mixin.py:188} INFO - [2025-10-03T19:19:50.935+0000] {dag.py:3096} INFO - Sync 1 DAGs
[2025-10-03T19:19:50.966+0000] {logging_mixin.py:188} INFO - [2025-10-03T19:19:50.965+0000] {dag.py:3954} INFO - Setting next_dagrun for example_nested_branch_dag to 2025-10-02 00:00:00+00:00, run_after=2025-10-03 00:00:00+00:00
[2025-10-03T19:19:50.996+0000] {processor.py:183} INFO - Processing /home/airflow/.local/lib/python3.12/site-packages/airflow/example_dags/example_nested_branch_dag.py took 0.119 seconds
[2025-10-03T19:20:21.423+0000] {processor.py:161} INFO - Started process (PID=684) to work on /home/airflow/.local/lib/python3.12/site-packages/airflow/example_dags/example_nested_branch_dag.py
[2025-10-03T19:20:21.425+0000] {processor.py:830} INFO - Processing file /home/airflow/.local/lib/python3.12/site-packages/airflow/example_dags/example_nested_branch_dag.py for tasks to queue
[2025-10-03T19:20:21.431+0000] {logging_mixin.py:188} INFO - [2025-10-03T19:20:21.430+0000] {dagbag.py:545} INFO - Filling up the DagBag from /home/airflow/.local/lib/python3.12/site-packages/airflow/example_dags/example_nested_branch_dag.py
[2025-10-03T19:20:21.447+0000] {processor.py:840} INFO - DAG(s) 'example_nested_branch_dag' retrieved from /home/airflow/.local/lib/python3.12/site-packages/airflow/example_dags/example_nested_branch_dag.py
[2025-10-03T19:20:21.483+0000] {logging_mixin.py:188} INFO - [2025-10-03T19:20:21.483+0000] {dag.py:3096} INFO - Sync 1 DAGs
[2025-10-03T19:20:21.526+0000] {logging_mixin.py:188} INFO - [2025-10-03T19:20:21.525+0000] {dag.py:3954} INFO - Setting next_dagrun for example_nested_branch_dag to 2025-10-02 00:00:00+00:00, run_after=2025-10-03 00:00:00+00:00
[2025-10-03T19:20:21.557+0000] {processor.py:183} INFO - Processing /home/airflow/.local/lib/python3.12/site-packages/airflow/example_dags/example_nested_branch_dag.py took 0.143 seconds
[2025-10-03T19:20:51.935+0000] {processor.py:161} INFO - Started process (PID=737) to work on /home/airflow/.local/lib/python3.12/site-packages/airflow/example_dags/example_nested_branch_dag.py
[2025-10-03T19:20:51.937+0000] {processor.py:830} INFO - Processing file /home/airflow/.local/lib/python3.12/site-packages/airflow/example_dags/example_nested_branch_dag.py for tasks to queue
[2025-10-03T19:20:51.940+0000] {logging_mixin.py:188} INFO - [2025-10-03T19:20:51.940+0000] {dagbag.py:545} INFO - Filling up the DagBag from /home/airflow/.local/lib/python3.12/site-packages/airflow/example_dags/example_nested_branch_dag.py
[2025-10-03T19:20:51.954+0000] {processor.py:840} INFO - DAG(s) 'example_nested_branch_dag' retrieved from /home/airflow/.local/lib/python3.12/site-packages/airflow/example_dags/example_nested_branch_dag.py
[2025-10-03T19:20:51.984+0000] {logging_mixin.py:188} INFO - [2025-10-03T19:20:51.983+0000] {dag.py:3096} INFO - Sync 1 DAGs
[2025-10-03T19:20:52.012+0000] {logging_mixin.py:188} INFO - [2025-10-03T19:20:52.012+0000] {dag.py:3954} INFO - Setting next_dagrun for example_nested_branch_dag to 2025-10-02 00:00:00+00:00, run_after=2025-10-03 00:00:00+00:00
[2025-10-03T19:20:52.039+0000] {processor.py:183} INFO - Processing /home/airflow/.local/lib/python3.12/site-packages/airflow/example_dags/example_nested_branch_dag.py took 0.113 seconds
[2025-10-03T19:21:22.238+0000] {processor.py:161} INFO - Started process (PID=794) to work on /home/airflow/.local/lib/python3.12/site-packages/airflow/example_dags/example_nested_branch_dag.py
[2025-10-03T19:21:22.240+0000] {processor.py:830} INFO - Processing file /home/airflow/.local/lib/python3.12/site-packages/airflow/example_dags/example_nested_branch_dag.py for tasks to queue
[2025-10-03T19:21:22.242+0000] {logging_mixin.py:188} INFO - [2025-10-03T19:21:22.242+0000] {dagbag.py:545} INFO - Filling up the DagBag from /home/airflow/.local/lib/python3.12/site-packages/airflow/example_dags/example_nested_branch_dag.py
[2025-10-03T19:21:22.255+0000] {processor.py:840} INFO - DAG(s) 'example_nested_branch_dag' retrieved from /home/airflow/.local/lib/python3.12/site-packages/airflow/example_dags/example_nested_branch_dag.py
[2025-10-03T19:21:22.280+0000] {logging_mixin.py:188} INFO - [2025-10-03T19:21:22.280+0000] {dag.py:3096} INFO - Sync 1 DAGs
[2025-10-03T19:21:22.306+0000] {logging_mixin.py:188} INFO - [2025-10-03T19:21:22.306+0000] {dag.py:3954} INFO - Setting next_dagrun for example_nested_branch_dag to 2025-10-02 00:00:00+00:00, run_after=2025-10-03 00:00:00+00:00
[2025-10-03T19:21:22.339+0000] {processor.py:183} INFO - Processing /home/airflow/.local/lib/python3.12/site-packages/airflow/example_dags/example_nested_branch_dag.py took 0.109 seconds
[2025-10-03T19:21:52.640+0000] {processor.py:161} INFO - Started process (PID=848) to work on /home/airflow/.local/lib/python3.12/site-packages/airflow/example_dags/example_nested_branch_dag.py
[2025-10-03T19:21:52.641+0000] {processor.py:830} INFO - Processing file /home/airflow/.local/lib/python3.12/site-packages/airflow/example_dags/example_nested_branch_dag.py for tasks to queue
[2025-10-03T19:21:52.644+0000] {logging_mixin.py:188} INFO - [2025-10-03T19:21:52.644+0000] {dagbag.py:545} INFO - Filling up the DagBag from /home/airflow/.local/lib/python3.12/site-packages/airflow/example_dags/example_nested_branch_dag.py
[2025-10-03T19:21:52.657+0000] {processor.py:840} INFO - DAG(s) 'example_nested_branch_dag' retrieved from /home/airflow/.local/lib/python3.12/site-packages/airflow/example_dags/example_nested_branch_dag.py
[2025-10-03T19:21:52.686+0000] {logging_mixin.py:188} INFO - [2025-10-03T19:21:52.686+0000] {dag.py:3096} INFO - Sync 1 DAGs
[2025-10-03T19:21:52.715+0000] {logging_mixin.py:188} INFO - [2025-10-03T19:21:52.715+0000] {dag.py:3954} INFO - Setting next_dagrun for example_nested_branch_dag to 2025-10-02 00:00:00+00:00, run_after=2025-10-03 00:00:00+00:00
[2025-10-03T19:21:52.740+0000] {processor.py:183} INFO - Processing /home/airflow/.local/lib/python3.12/site-packages/airflow/example_dags/example_nested_branch_dag.py took 0.108 seconds
[2025-10-03T19:22:24.332+0000] {processor.py:161} INFO - Started process (PID=905) to work on /home/airflow/.local/lib/python3.12/site-packages/airflow/example_dags/example_nested_branch_dag.py
[2025-10-03T19:22:24.334+0000] {processor.py:830} INFO - Processing file /home/airflow/.local/lib/python3.12/site-packages/airflow/example_dags/example_nested_branch_dag.py for tasks to queue
[2025-10-03T19:22:24.336+0000] {logging_mixin.py:188} INFO - [2025-10-03T19:22:24.335+0000] {dagbag.py:545} INFO - Filling up the DagBag from /home/airflow/.local/lib/python3.12/site-packages/airflow/example_dags/example_nested_branch_dag.py
[2025-10-03T19:22:24.347+0000] {processor.py:840} INFO - DAG(s) 'example_nested_branch_dag' retrieved from /home/airflow/.local/lib/python3.12/site-packages/airflow/example_dags/example_nested_branch_dag.py
[2025-10-03T19:22:24.374+0000] {logging_mixin.py:188} INFO - [2025-10-03T19:22:24.373+0000] {dag.py:3096} INFO - Sync 1 DAGs
[2025-10-03T19:22:24.399+0000] {logging_mixin.py:188} INFO - [2025-10-03T19:22:24.399+0000] {dag.py:3954} INFO - Setting next_dagrun for example_nested_branch_dag to 2025-10-02 00:00:00+00:00, run_after=2025-10-03 00:00:00+00:00
[2025-10-03T19:22:24.421+0000] {processor.py:183} INFO - Processing /home/airflow/.local/lib/python3.12/site-packages/airflow/example_dags/example_nested_branch_dag.py took 0.097 seconds
[2025-10-03T19:22:54.853+0000] {processor.py:161} INFO - Started process (PID=958) to work on /home/airflow/.local/lib/python3.12/site-packages/airflow/example_dags/example_nested_branch_dag.py
[2025-10-03T19:22:54.855+0000] {processor.py:830} INFO - Processing file /home/airflow/.local/lib/python3.12/site-packages/airflow/example_dags/example_nested_branch_dag.py for tasks to queue
[2025-10-03T19:22:54.857+0000] {logging_mixin.py:188} INFO - [2025-10-03T19:22:54.857+0000] {dagbag.py:545} INFO - Filling up the DagBag from /home/airflow/.local/lib/python3.12/site-packages/airflow/example_dags/example_nested_branch_dag.py
[2025-10-03T19:22:54.869+0000] {processor.py:840} INFO - DAG(s) 'example_nested_branch_dag' retrieved from /home/airflow/.local/lib/python3.12/site-packages/airflow/example_dags/example_nested_branch_dag.py
[2025-10-03T19:22:54.896+0000] {logging_mixin.py:188} INFO - [2025-10-03T19:22:54.895+0000] {dag.py:3096} INFO - Sync 1 DAGs
[2025-10-03T19:22:54.921+0000] {logging_mixin.py:188} INFO - [2025-10-03T19:22:54.921+0000] {dag.py:3954} INFO - Setting next_dagrun for example_nested_branch_dag to 2025-10-02 00:00:00+00:00, run_after=2025-10-03 00:00:00+00:00
[2025-10-03T19:22:54.945+0000] {processor.py:183} INFO - Processing /home/airflow/.local/lib/python3.12/site-packages/airflow/example_dags/example_nested_branch_dag.py took 0.099 seconds
[2025-10-03T19:23:25.523+0000] {processor.py:161} INFO - Started process (PID=1015) to work on /home/airflow/.local/lib/python3.12/site-packages/airflow/example_dags/example_nested_branch_dag.py
[2025-10-03T19:23:25.524+0000] {processor.py:830} INFO - Processing file /home/airflow/.local/lib/python3.12/site-packages/airflow/example_dags/example_nested_branch_dag.py for tasks to queue
[2025-10-03T19:23:25.527+0000] {logging_mixin.py:188} INFO - [2025-10-03T19:23:25.527+0000] {dagbag.py:545} INFO - Filling up the DagBag from /home/airflow/.local/lib/python3.12/site-packages/airflow/example_dags/example_nested_branch_dag.py
[2025-10-03T19:23:25.538+0000] {processor.py:840} INFO - DAG(s) 'example_nested_branch_dag' retrieved from /home/airflow/.local/lib/python3.12/site-packages/airflow/example_dags/example_nested_branch_dag.py
[2025-10-03T19:23:25.563+0000] {logging_mixin.py:188} INFO - [2025-10-03T19:23:25.563+0000] {dag.py:3096} INFO - Sync 1 DAGs
[2025-10-03T19:23:25.588+0000] {logging_mixin.py:188} INFO - [2025-10-03T19:23:25.588+0000] {dag.py:3954} INFO - Setting next_dagrun for example_nested_branch_dag to 2025-10-02 00:00:00+00:00, run_after=2025-10-03 00:00:00+00:00
[2025-10-03T19:23:25.610+0000] {processor.py:183} INFO - Processing /home/airflow/.local/lib/python3.12/site-packages/airflow/example_dags/example_nested_branch_dag.py took 0.094 seconds
[2025-10-03T19:23:56.553+0000] {processor.py:161} INFO - Started process (PID=1068) to work on /home/airflow/.local/lib/python3.12/site-packages/airflow/example_dags/example_nested_branch_dag.py
[2025-10-03T19:23:56.554+0000] {processor.py:830} INFO - Processing file /home/airflow/.local/lib/python3.12/site-packages/airflow/example_dags/example_nested_branch_dag.py for tasks to queue
[2025-10-03T19:23:56.557+0000] {logging_mixin.py:188} INFO - [2025-10-03T19:23:56.556+0000] {dagbag.py:545} INFO - Filling up the DagBag from /home/airflow/.local/lib/python3.12/site-packages/airflow/example_dags/example_nested_branch_dag.py
[2025-10-03T19:23:56.568+0000] {processor.py:840} INFO - DAG(s) 'example_nested_branch_dag' retrieved from /home/airflow/.local/lib/python3.12/site-packages/airflow/example_dags/example_nested_branch_dag.py
[2025-10-03T19:23:56.592+0000] {logging_mixin.py:188} INFO - [2025-10-03T19:23:56.592+0000] {dag.py:3096} INFO - Sync 1 DAGs
[2025-10-03T19:23:56.616+0000] {logging_mixin.py:188} INFO - [2025-10-03T19:23:56.616+0000] {dag.py:3954} INFO - Setting next_dagrun for example_nested_branch_dag to 2025-10-02 00:00:00+00:00, run_after=2025-10-03 00:00:00+00:00
[2025-10-03T19:23:56.636+0000] {processor.py:183} INFO - Processing /home/airflow/.local/lib/python3.12/site-packages/airflow/example_dags/example_nested_branch_dag.py took 0.090 seconds
[2025-10-03T19:24:27.174+0000] {processor.py:161} INFO - Started process (PID=1125) to work on /home/airflow/.local/lib/python3.12/site-packages/airflow/example_dags/example_nested_branch_dag.py
[2025-10-03T19:24:27.175+0000] {processor.py:830} INFO - Processing file /home/airflow/.local/lib/python3.12/site-packages/airflow/example_dags/example_nested_branch_dag.py for tasks to queue
[2025-10-03T19:24:27.178+0000] {logging_mixin.py:188} INFO - [2025-10-03T19:24:27.178+0000] {dagbag.py:545} INFO - Filling up the DagBag from /home/airflow/.local/lib/python3.12/site-packages/airflow/example_dags/example_nested_branch_dag.py
[2025-10-03T19:24:27.190+0000] {processor.py:840} INFO - DAG(s) 'example_nested_branch_dag' retrieved from /home/airflow/.local/lib/python3.12/site-packages/airflow/example_dags/example_nested_branch_dag.py
[2025-10-03T19:24:27.219+0000] {logging_mixin.py:188} INFO - [2025-10-03T19:24:27.219+0000] {dag.py:3096} INFO - Sync 1 DAGs
[2025-10-03T19:24:27.246+0000] {logging_mixin.py:188} INFO - [2025-10-03T19:24:27.246+0000] {dag.py:3954} INFO - Setting next_dagrun for example_nested_branch_dag to 2025-10-02 00:00:00+00:00, run_after=2025-10-03 00:00:00+00:00
[2025-10-03T19:24:27.268+0000] {processor.py:183} INFO - Processing /home/airflow/.local/lib/python3.12/site-packages/airflow/example_dags/example_nested_branch_dag.py took 0.102 seconds
[2025-10-03T19:24:57.623+0000] {processor.py:161} INFO - Started process (PID=1178) to work on /home/airflow/.local/lib/python3.12/site-packages/airflow/example_dags/example_nested_branch_dag.py
[2025-10-03T19:24:57.624+0000] {processor.py:830} INFO - Processing file /home/airflow/.local/lib/python3.12/site-packages/airflow/example_dags/example_nested_branch_dag.py for tasks to queue
[2025-10-03T19:24:57.627+0000] {logging_mixin.py:188} INFO - [2025-10-03T19:24:57.626+0000] {dagbag.py:545} INFO - Filling up the DagBag from /home/airflow/.local/lib/python3.12/site-packages/airflow/example_dags/example_nested_branch_dag.py
[2025-10-03T19:24:57.637+0000] {processor.py:840} INFO - DAG(s) 'example_nested_branch_dag' retrieved from /home/airflow/.local/lib/python3.12/site-packages/airflow/example_dags/example_nested_branch_dag.py
[2025-10-03T19:24:57.664+0000] {logging_mixin.py:188} INFO - [2025-10-03T19:24:57.664+0000] {dag.py:3096} INFO - Sync 1 DAGs
[2025-10-03T19:24:57.688+0000] {logging_mixin.py:188} INFO - [2025-10-03T19:24:57.688+0000] {dag.py:3954} INFO - Setting next_dagrun for example_nested_branch_dag to 2025-10-02 00:00:00+00:00, run_after=2025-10-03 00:00:00+00:00
[2025-10-03T19:24:57.710+0000] {processor.py:183} INFO - Processing /home/airflow/.local/lib/python3.12/site-packages/airflow/example_dags/example_nested_branch_dag.py took 0.094 seconds
[2025-10-03T19:25:27.987+0000] {processor.py:161} INFO - Started process (PID=1235) to work on /home/airflow/.local/lib/python3.12/site-packages/airflow/example_dags/example_nested_branch_dag.py
[2025-10-03T19:25:27.988+0000] {processor.py:830} INFO - Processing file /home/airflow/.local/lib/python3.12/site-packages/airflow/example_dags/example_nested_branch_dag.py for tasks to queue
[2025-10-03T19:25:27.990+0000] {logging_mixin.py:188} INFO - [2025-10-03T19:25:27.990+0000] {dagbag.py:545} INFO - Filling up the DagBag from /home/airflow/.local/lib/python3.12/site-packages/airflow/example_dags/example_nested_branch_dag.py
[2025-10-03T19:25:28.005+0000] {processor.py:840} INFO - DAG(s) 'example_nested_branch_dag' retrieved from /home/airflow/.local/lib/python3.12/site-packages/airflow/example_dags/example_nested_branch_dag.py
[2025-10-03T19:25:28.032+0000] {logging_mixin.py:188} INFO - [2025-10-03T19:25:28.032+0000] {dag.py:3096} INFO - Sync 1 DAGs
[2025-10-03T19:25:28.056+0000] {logging_mixin.py:188} INFO - [2025-10-03T19:25:28.056+0000] {dag.py:3954} INFO - Setting next_dagrun for example_nested_branch_dag to 2025-10-02 00:00:00+00:00, run_after=2025-10-03 00:00:00+00:00
[2025-10-03T19:25:28.079+0000] {processor.py:183} INFO - Processing /home/airflow/.local/lib/python3.12/site-packages/airflow/example_dags/example_nested_branch_dag.py took 0.099 seconds
[2025-10-03T19:25:58.244+0000] {processor.py:161} INFO - Started process (PID=1288) to work on /home/airflow/.local/lib/python3.12/site-packages/airflow/example_dags/example_nested_branch_dag.py
[2025-10-03T19:25:58.245+0000] {processor.py:830} INFO - Processing file /home/airflow/.local/lib/python3.12/site-packages/airflow/example_dags/example_nested_branch_dag.py for tasks to queue
[2025-10-03T19:25:58.247+0000] {logging_mixin.py:188} INFO - [2025-10-03T19:25:58.247+0000] {dagbag.py:545} INFO - Filling up the DagBag from /home/airflow/.local/lib/python3.12/site-packages/airflow/example_dags/example_nested_branch_dag.py
[2025-10-03T19:25:58.258+0000] {processor.py:840} INFO - DAG(s) 'example_nested_branch_dag' retrieved from /home/airflow/.local/lib/python3.12/site-packages/airflow/example_dags/example_nested_branch_dag.py
[2025-10-03T19:25:58.281+0000] {logging_mixin.py:188} INFO - [2025-10-03T19:25:58.281+0000] {dag.py:3096} INFO - Sync 1 DAGs
[2025-10-03T19:25:58.304+0000] {logging_mixin.py:188} INFO - [2025-10-03T19:25:58.304+0000] {dag.py:3954} INFO - Setting next_dagrun for example_nested_branch_dag to 2025-10-02 00:00:00+00:00, run_after=2025-10-03 00:00:00+00:00
[2025-10-03T19:25:58.324+0000] {processor.py:183} INFO - Processing /home/airflow/.local/lib/python3.12/site-packages/airflow/example_dags/example_nested_branch_dag.py took 0.087 seconds
