[2025-10-03T19:14:38.781+0000] {processor.py:161} INFO - Started process (PID=42) to work on /home/airflow/.local/lib/python3.12/site-packages/airflow/example_dags/example_branch_day_of_week_operator.py
[2025-10-03T19:14:38.783+0000] {processor.py:830} INFO - Processing file /home/airflow/.local/lib/python3.12/site-packages/airflow/example_dags/example_branch_day_of_week_operator.py for tasks to queue
[2025-10-03T19:14:38.788+0000] {logging_mixin.py:188} INFO - [2025-10-03T19:14:38.787+0000] {dagbag.py:545} INFO - Filling up the DagBag from /home/airflow/.local/lib/python3.12/site-packages/airflow/example_dags/example_branch_day_of_week_operator.py
[2025-10-03T19:14:38.811+0000] {processor.py:840} INFO - DAG(s) 'example_weekday_branch_operator' retrieved from /home/airflow/.local/lib/python3.12/site-packages/airflow/example_dags/example_branch_day_of_week_operator.py
[2025-10-03T19:14:38.841+0000] {logging_mixin.py:188} INFO - [2025-10-03T19:14:38.841+0000] {dag.py:3096} INFO - Sync 1 DAGs
[2025-10-03T19:14:38.900+0000] {logging_mixin.py:188} INFO - [2025-10-03T19:14:38.900+0000] {dag.py:3954} INFO - Setting next_dagrun for example_weekday_branch_operator to 2025-10-02 00:00:00+00:00, run_after=2025-10-03 00:00:00+00:00
[2025-10-03T19:14:38.948+0000] {processor.py:183} INFO - Processing /home/airflow/.local/lib/python3.12/site-packages/airflow/example_dags/example_branch_day_of_week_operator.py took 0.186 seconds
[2025-10-03T19:15:09.251+0000] {processor.py:161} INFO - Started process (PID=94) to work on /home/airflow/.local/lib/python3.12/site-packages/airflow/example_dags/example_branch_day_of_week_operator.py
[2025-10-03T19:15:09.252+0000] {processor.py:830} INFO - Processing file /home/airflow/.local/lib/python3.12/site-packages/airflow/example_dags/example_branch_day_of_week_operator.py for tasks to queue
[2025-10-03T19:15:09.255+0000] {logging_mixin.py:188} INFO - [2025-10-03T19:15:09.254+0000] {dagbag.py:545} INFO - Filling up the DagBag from /home/airflow/.local/lib/python3.12/site-packages/airflow/example_dags/example_branch_day_of_week_operator.py
[2025-10-03T19:15:09.265+0000] {processor.py:840} INFO - DAG(s) 'example_weekday_branch_operator' retrieved from /home/airflow/.local/lib/python3.12/site-packages/airflow/example_dags/example_branch_day_of_week_operator.py
[2025-10-03T19:15:09.417+0000] {logging_mixin.py:188} INFO - [2025-10-03T19:15:09.416+0000] {dag.py:3096} INFO - Sync 1 DAGs
[2025-10-03T19:15:09.442+0000] {logging_mixin.py:188} INFO - [2025-10-03T19:15:09.442+0000] {dag.py:3954} INFO - Setting next_dagrun for example_weekday_branch_operator to 2025-10-02 00:00:00+00:00, run_after=2025-10-03 00:00:00+00:00
[2025-10-03T19:15:09.467+0000] {processor.py:183} INFO - Processing /home/airflow/.local/lib/python3.12/site-packages/airflow/example_dags/example_branch_day_of_week_operator.py took 0.224 seconds
[2025-10-03T19:15:39.558+0000] {processor.py:161} INFO - Started process (PID=151) to work on /home/airflow/.local/lib/python3.12/site-packages/airflow/example_dags/example_branch_day_of_week_operator.py
[2025-10-03T19:15:39.560+0000] {processor.py:830} INFO - Processing file /home/airflow/.local/lib/python3.12/site-packages/airflow/example_dags/example_branch_day_of_week_operator.py for tasks to queue
[2025-10-03T19:15:39.563+0000] {logging_mixin.py:188} INFO - [2025-10-03T19:15:39.563+0000] {dagbag.py:545} INFO - Filling up the DagBag from /home/airflow/.local/lib/python3.12/site-packages/airflow/example_dags/example_branch_day_of_week_operator.py
[2025-10-03T19:15:39.575+0000] {processor.py:840} INFO - DAG(s) 'example_weekday_branch_operator' retrieved from /home/airflow/.local/lib/python3.12/site-packages/airflow/example_dags/example_branch_day_of_week_operator.py
[2025-10-03T19:15:39.604+0000] {logging_mixin.py:188} INFO - [2025-10-03T19:15:39.603+0000] {dag.py:3096} INFO - Sync 1 DAGs
[2025-10-03T19:15:39.632+0000] {logging_mixin.py:188} INFO - [2025-10-03T19:15:39.631+0000] {dag.py:3954} INFO - Setting next_dagrun for example_weekday_branch_operator to 2025-10-02 00:00:00+00:00, run_after=2025-10-03 00:00:00+00:00
[2025-10-03T19:15:39.665+0000] {processor.py:183} INFO - Processing /home/airflow/.local/lib/python3.12/site-packages/airflow/example_dags/example_branch_day_of_week_operator.py took 0.116 seconds
[2025-10-03T19:16:09.964+0000] {processor.py:161} INFO - Started process (PID=206) to work on /home/airflow/.local/lib/python3.12/site-packages/airflow/example_dags/example_branch_day_of_week_operator.py
[2025-10-03T19:16:09.966+0000] {processor.py:830} INFO - Processing file /home/airflow/.local/lib/python3.12/site-packages/airflow/example_dags/example_branch_day_of_week_operator.py for tasks to queue
[2025-10-03T19:16:09.969+0000] {logging_mixin.py:188} INFO - [2025-10-03T19:16:09.969+0000] {dagbag.py:545} INFO - Filling up the DagBag from /home/airflow/.local/lib/python3.12/site-packages/airflow/example_dags/example_branch_day_of_week_operator.py
[2025-10-03T19:16:09.981+0000] {processor.py:840} INFO - DAG(s) 'example_weekday_branch_operator' retrieved from /home/airflow/.local/lib/python3.12/site-packages/airflow/example_dags/example_branch_day_of_week_operator.py
[2025-10-03T19:16:10.012+0000] {logging_mixin.py:188} INFO - [2025-10-03T19:16:10.011+0000] {dag.py:3096} INFO - Sync 1 DAGs
[2025-10-03T19:16:10.041+0000] {logging_mixin.py:188} INFO - [2025-10-03T19:16:10.041+0000] {dag.py:3954} INFO - Setting next_dagrun for example_weekday_branch_operator to 2025-10-02 00:00:00+00:00, run_after=2025-10-03 00:00:00+00:00
[2025-10-03T19:16:10.074+0000] {processor.py:183} INFO - Processing /home/airflow/.local/lib/python3.12/site-packages/airflow/example_dags/example_branch_day_of_week_operator.py took 0.118 seconds
[2025-10-03T19:16:40.442+0000] {processor.py:161} INFO - Started process (PID=262) to work on /home/airflow/.local/lib/python3.12/site-packages/airflow/example_dags/example_branch_day_of_week_operator.py
[2025-10-03T19:16:40.443+0000] {processor.py:830} INFO - Processing file /home/airflow/.local/lib/python3.12/site-packages/airflow/example_dags/example_branch_day_of_week_operator.py for tasks to queue
[2025-10-03T19:16:40.446+0000] {logging_mixin.py:188} INFO - [2025-10-03T19:16:40.445+0000] {dagbag.py:545} INFO - Filling up the DagBag from /home/airflow/.local/lib/python3.12/site-packages/airflow/example_dags/example_branch_day_of_week_operator.py
[2025-10-03T19:16:40.457+0000] {processor.py:840} INFO - DAG(s) 'example_weekday_branch_operator' retrieved from /home/airflow/.local/lib/python3.12/site-packages/airflow/example_dags/example_branch_day_of_week_operator.py
[2025-10-03T19:16:40.488+0000] {logging_mixin.py:188} INFO - [2025-10-03T19:16:40.488+0000] {dag.py:3096} INFO - Sync 1 DAGs
[2025-10-03T19:16:40.520+0000] {logging_mixin.py:188} INFO - [2025-10-03T19:16:40.520+0000] {dag.py:3954} INFO - Setting next_dagrun for example_weekday_branch_operator to 2025-10-02 00:00:00+00:00, run_after=2025-10-03 00:00:00+00:00
[2025-10-03T19:16:40.559+0000] {processor.py:183} INFO - Processing /home/airflow/.local/lib/python3.12/site-packages/airflow/example_dags/example_branch_day_of_week_operator.py took 0.125 seconds
[2025-10-03T19:17:11.036+0000] {processor.py:161} INFO - Started process (PID=317) to work on /home/airflow/.local/lib/python3.12/site-packages/airflow/example_dags/example_branch_day_of_week_operator.py
[2025-10-03T19:17:11.038+0000] {processor.py:830} INFO - Processing file /home/airflow/.local/lib/python3.12/site-packages/airflow/example_dags/example_branch_day_of_week_operator.py for tasks to queue
[2025-10-03T19:17:11.041+0000] {logging_mixin.py:188} INFO - [2025-10-03T19:17:11.041+0000] {dagbag.py:545} INFO - Filling up the DagBag from /home/airflow/.local/lib/python3.12/site-packages/airflow/example_dags/example_branch_day_of_week_operator.py
[2025-10-03T19:17:11.056+0000] {processor.py:840} INFO - DAG(s) 'example_weekday_branch_operator' retrieved from /home/airflow/.local/lib/python3.12/site-packages/airflow/example_dags/example_branch_day_of_week_operator.py
[2025-10-03T19:17:11.093+0000] {logging_mixin.py:188} INFO - [2025-10-03T19:17:11.093+0000] {dag.py:3096} INFO - Sync 1 DAGs
[2025-10-03T19:17:11.128+0000] {logging_mixin.py:188} INFO - [2025-10-03T19:17:11.127+0000] {dag.py:3954} INFO - Setting next_dagrun for example_weekday_branch_operator to 2025-10-02 00:00:00+00:00, run_after=2025-10-03 00:00:00+00:00
[2025-10-03T19:17:11.158+0000] {processor.py:183} INFO - Processing /home/airflow/.local/lib/python3.12/site-packages/airflow/example_dags/example_branch_day_of_week_operator.py took 0.131 seconds
[2025-10-03T19:17:41.398+0000] {processor.py:161} INFO - Started process (PID=374) to work on /home/airflow/.local/lib/python3.12/site-packages/airflow/example_dags/example_branch_day_of_week_operator.py
[2025-10-03T19:17:41.400+0000] {processor.py:830} INFO - Processing file /home/airflow/.local/lib/python3.12/site-packages/airflow/example_dags/example_branch_day_of_week_operator.py for tasks to queue
[2025-10-03T19:17:41.404+0000] {logging_mixin.py:188} INFO - [2025-10-03T19:17:41.403+0000] {dagbag.py:545} INFO - Filling up the DagBag from /home/airflow/.local/lib/python3.12/site-packages/airflow/example_dags/example_branch_day_of_week_operator.py
[2025-10-03T19:17:41.415+0000] {processor.py:840} INFO - DAG(s) 'example_weekday_branch_operator' retrieved from /home/airflow/.local/lib/python3.12/site-packages/airflow/example_dags/example_branch_day_of_week_operator.py
[2025-10-03T19:17:41.451+0000] {logging_mixin.py:188} INFO - [2025-10-03T19:17:41.450+0000] {dag.py:3096} INFO - Sync 1 DAGs
[2025-10-03T19:17:41.521+0000] {logging_mixin.py:188} INFO - [2025-10-03T19:17:41.520+0000] {dag.py:3954} INFO - Setting next_dagrun for example_weekday_branch_operator to 2025-10-02 00:00:00+00:00, run_after=2025-10-03 00:00:00+00:00
[2025-10-03T19:17:41.600+0000] {processor.py:183} INFO - Processing /home/airflow/.local/lib/python3.12/site-packages/airflow/example_dags/example_branch_day_of_week_operator.py took 0.211 seconds
[2025-10-03T19:18:12.510+0000] {processor.py:161} INFO - Started process (PID=431) to work on /home/airflow/.local/lib/python3.12/site-packages/airflow/example_dags/example_branch_day_of_week_operator.py
[2025-10-03T19:18:12.512+0000] {processor.py:830} INFO - Processing file /home/airflow/.local/lib/python3.12/site-packages/airflow/example_dags/example_branch_day_of_week_operator.py for tasks to queue
[2025-10-03T19:18:12.515+0000] {logging_mixin.py:188} INFO - [2025-10-03T19:18:12.514+0000] {dagbag.py:545} INFO - Filling up the DagBag from /home/airflow/.local/lib/python3.12/site-packages/airflow/example_dags/example_branch_day_of_week_operator.py
[2025-10-03T19:18:12.534+0000] {processor.py:840} INFO - DAG(s) 'example_weekday_branch_operator' retrieved from /home/airflow/.local/lib/python3.12/site-packages/airflow/example_dags/example_branch_day_of_week_operator.py
[2025-10-03T19:18:12.581+0000] {logging_mixin.py:188} INFO - [2025-10-03T19:18:12.580+0000] {dag.py:3096} INFO - Sync 1 DAGs
[2025-10-03T19:18:12.643+0000] {logging_mixin.py:188} INFO - [2025-10-03T19:18:12.640+0000] {dag.py:3954} INFO - Setting next_dagrun for example_weekday_branch_operator to 2025-10-02 00:00:00+00:00, run_after=2025-10-03 00:00:00+00:00
[2025-10-03T19:18:12.737+0000] {processor.py:183} INFO - Processing /home/airflow/.local/lib/python3.12/site-packages/airflow/example_dags/example_branch_day_of_week_operator.py took 0.244 seconds
[2025-10-03T19:18:42.942+0000] {processor.py:161} INFO - Started process (PID=493) to work on /home/airflow/.local/lib/python3.12/site-packages/airflow/example_dags/example_branch_day_of_week_operator.py
[2025-10-03T19:18:42.944+0000] {processor.py:830} INFO - Processing file /home/airflow/.local/lib/python3.12/site-packages/airflow/example_dags/example_branch_day_of_week_operator.py for tasks to queue
[2025-10-03T19:18:42.947+0000] {logging_mixin.py:188} INFO - [2025-10-03T19:18:42.947+0000] {dagbag.py:545} INFO - Filling up the DagBag from /home/airflow/.local/lib/python3.12/site-packages/airflow/example_dags/example_branch_day_of_week_operator.py
[2025-10-03T19:18:42.958+0000] {processor.py:840} INFO - DAG(s) 'example_weekday_branch_operator' retrieved from /home/airflow/.local/lib/python3.12/site-packages/airflow/example_dags/example_branch_day_of_week_operator.py
[2025-10-03T19:18:42.987+0000] {logging_mixin.py:188} INFO - [2025-10-03T19:18:42.987+0000] {dag.py:3096} INFO - Sync 1 DAGs
[2025-10-03T19:18:43.018+0000] {logging_mixin.py:188} INFO - [2025-10-03T19:18:43.018+0000] {dag.py:3954} INFO - Setting next_dagrun for example_weekday_branch_operator to 2025-10-02 00:00:00+00:00, run_after=2025-10-03 00:00:00+00:00
[2025-10-03T19:18:43.055+0000] {processor.py:183} INFO - Processing /home/airflow/.local/lib/python3.12/site-packages/airflow/example_dags/example_branch_day_of_week_operator.py took 0.121 seconds
[2025-10-03T19:19:13.365+0000] {processor.py:161} INFO - Started process (PID=550) to work on /home/airflow/.local/lib/python3.12/site-packages/airflow/example_dags/example_branch_day_of_week_operator.py
[2025-10-03T19:19:13.366+0000] {processor.py:830} INFO - Processing file /home/airflow/.local/lib/python3.12/site-packages/airflow/example_dags/example_branch_day_of_week_operator.py for tasks to queue
[2025-10-03T19:19:13.370+0000] {logging_mixin.py:188} INFO - [2025-10-03T19:19:13.369+0000] {dagbag.py:545} INFO - Filling up the DagBag from /home/airflow/.local/lib/python3.12/site-packages/airflow/example_dags/example_branch_day_of_week_operator.py
[2025-10-03T19:19:13.380+0000] {processor.py:840} INFO - DAG(s) 'example_weekday_branch_operator' retrieved from /home/airflow/.local/lib/python3.12/site-packages/airflow/example_dags/example_branch_day_of_week_operator.py
[2025-10-03T19:19:13.415+0000] {logging_mixin.py:188} INFO - [2025-10-03T19:19:13.415+0000] {dag.py:3096} INFO - Sync 1 DAGs
[2025-10-03T19:19:13.450+0000] {logging_mixin.py:188} INFO - [2025-10-03T19:19:13.450+0000] {dag.py:3954} INFO - Setting next_dagrun for example_weekday_branch_operator to 2025-10-02 00:00:00+00:00, run_after=2025-10-03 00:00:00+00:00
[2025-10-03T19:19:13.480+0000] {processor.py:183} INFO - Processing /home/airflow/.local/lib/python3.12/site-packages/airflow/example_dags/example_branch_day_of_week_operator.py took 0.123 seconds
[2025-10-03T19:19:43.734+0000] {processor.py:161} INFO - Started process (PID=603) to work on /home/airflow/.local/lib/python3.12/site-packages/airflow/example_dags/example_branch_day_of_week_operator.py
[2025-10-03T19:19:43.736+0000] {processor.py:830} INFO - Processing file /home/airflow/.local/lib/python3.12/site-packages/airflow/example_dags/example_branch_day_of_week_operator.py for tasks to queue
[2025-10-03T19:19:43.739+0000] {logging_mixin.py:188} INFO - [2025-10-03T19:19:43.739+0000] {dagbag.py:545} INFO - Filling up the DagBag from /home/airflow/.local/lib/python3.12/site-packages/airflow/example_dags/example_branch_day_of_week_operator.py
[2025-10-03T19:19:43.751+0000] {processor.py:840} INFO - DAG(s) 'example_weekday_branch_operator' retrieved from /home/airflow/.local/lib/python3.12/site-packages/airflow/example_dags/example_branch_day_of_week_operator.py
[2025-10-03T19:19:43.787+0000] {logging_mixin.py:188} INFO - [2025-10-03T19:19:43.787+0000] {dag.py:3096} INFO - Sync 1 DAGs
[2025-10-03T19:19:43.820+0000] {logging_mixin.py:188} INFO - [2025-10-03T19:19:43.819+0000] {dag.py:3954} INFO - Setting next_dagrun for example_weekday_branch_operator to 2025-10-02 00:00:00+00:00, run_after=2025-10-03 00:00:00+00:00
[2025-10-03T19:19:43.855+0000] {processor.py:183} INFO - Processing /home/airflow/.local/lib/python3.12/site-packages/airflow/example_dags/example_branch_day_of_week_operator.py took 0.130 seconds
[2025-10-03T19:20:14.340+0000] {processor.py:161} INFO - Started process (PID=660) to work on /home/airflow/.local/lib/python3.12/site-packages/airflow/example_dags/example_branch_day_of_week_operator.py
[2025-10-03T19:20:14.341+0000] {processor.py:830} INFO - Processing file /home/airflow/.local/lib/python3.12/site-packages/airflow/example_dags/example_branch_day_of_week_operator.py for tasks to queue
[2025-10-03T19:20:14.344+0000] {logging_mixin.py:188} INFO - [2025-10-03T19:20:14.344+0000] {dagbag.py:545} INFO - Filling up the DagBag from /home/airflow/.local/lib/python3.12/site-packages/airflow/example_dags/example_branch_day_of_week_operator.py
[2025-10-03T19:20:14.356+0000] {processor.py:840} INFO - DAG(s) 'example_weekday_branch_operator' retrieved from /home/airflow/.local/lib/python3.12/site-packages/airflow/example_dags/example_branch_day_of_week_operator.py
[2025-10-03T19:20:14.384+0000] {logging_mixin.py:188} INFO - [2025-10-03T19:20:14.384+0000] {dag.py:3096} INFO - Sync 1 DAGs
[2025-10-03T19:20:14.412+0000] {logging_mixin.py:188} INFO - [2025-10-03T19:20:14.412+0000] {dag.py:3954} INFO - Setting next_dagrun for example_weekday_branch_operator to 2025-10-02 00:00:00+00:00, run_after=2025-10-03 00:00:00+00:00
[2025-10-03T19:20:14.437+0000] {processor.py:183} INFO - Processing /home/airflow/.local/lib/python3.12/site-packages/airflow/example_dags/example_branch_day_of_week_operator.py took 0.106 seconds
[2025-10-03T19:20:44.660+0000] {processor.py:161} INFO - Started process (PID=713) to work on /home/airflow/.local/lib/python3.12/site-packages/airflow/example_dags/example_branch_day_of_week_operator.py
[2025-10-03T19:20:44.662+0000] {processor.py:830} INFO - Processing file /home/airflow/.local/lib/python3.12/site-packages/airflow/example_dags/example_branch_day_of_week_operator.py for tasks to queue
[2025-10-03T19:20:44.664+0000] {logging_mixin.py:188} INFO - [2025-10-03T19:20:44.664+0000] {dagbag.py:545} INFO - Filling up the DagBag from /home/airflow/.local/lib/python3.12/site-packages/airflow/example_dags/example_branch_day_of_week_operator.py
[2025-10-03T19:20:44.676+0000] {processor.py:840} INFO - DAG(s) 'example_weekday_branch_operator' retrieved from /home/airflow/.local/lib/python3.12/site-packages/airflow/example_dags/example_branch_day_of_week_operator.py
[2025-10-03T19:20:44.706+0000] {logging_mixin.py:188} INFO - [2025-10-03T19:20:44.705+0000] {dag.py:3096} INFO - Sync 1 DAGs
[2025-10-03T19:20:44.742+0000] {logging_mixin.py:188} INFO - [2025-10-03T19:20:44.742+0000] {dag.py:3954} INFO - Setting next_dagrun for example_weekday_branch_operator to 2025-10-02 00:00:00+00:00, run_after=2025-10-03 00:00:00+00:00
[2025-10-03T19:20:44.778+0000] {processor.py:183} INFO - Processing /home/airflow/.local/lib/python3.12/site-packages/airflow/example_dags/example_branch_day_of_week_operator.py took 0.126 seconds
[2025-10-03T19:21:15.051+0000] {processor.py:161} INFO - Started process (PID=770) to work on /home/airflow/.local/lib/python3.12/site-packages/airflow/example_dags/example_branch_day_of_week_operator.py
[2025-10-03T19:21:15.053+0000] {processor.py:830} INFO - Processing file /home/airflow/.local/lib/python3.12/site-packages/airflow/example_dags/example_branch_day_of_week_operator.py for tasks to queue
[2025-10-03T19:21:15.055+0000] {logging_mixin.py:188} INFO - [2025-10-03T19:21:15.055+0000] {dagbag.py:545} INFO - Filling up the DagBag from /home/airflow/.local/lib/python3.12/site-packages/airflow/example_dags/example_branch_day_of_week_operator.py
[2025-10-03T19:21:15.065+0000] {processor.py:840} INFO - DAG(s) 'example_weekday_branch_operator' retrieved from /home/airflow/.local/lib/python3.12/site-packages/airflow/example_dags/example_branch_day_of_week_operator.py
[2025-10-03T19:21:15.095+0000] {logging_mixin.py:188} INFO - [2025-10-03T19:21:15.095+0000] {dag.py:3096} INFO - Sync 1 DAGs
[2025-10-03T19:21:15.122+0000] {logging_mixin.py:188} INFO - [2025-10-03T19:21:15.122+0000] {dag.py:3954} INFO - Setting next_dagrun for example_weekday_branch_operator to 2025-10-02 00:00:00+00:00, run_after=2025-10-03 00:00:00+00:00
[2025-10-03T19:21:15.147+0000] {processor.py:183} INFO - Processing /home/airflow/.local/lib/python3.12/site-packages/airflow/example_dags/example_branch_day_of_week_operator.py took 0.104 seconds
[2025-10-03T19:21:45.472+0000] {processor.py:161} INFO - Started process (PID=823) to work on /home/airflow/.local/lib/python3.12/site-packages/airflow/example_dags/example_branch_day_of_week_operator.py
[2025-10-03T19:21:45.473+0000] {processor.py:830} INFO - Processing file /home/airflow/.local/lib/python3.12/site-packages/airflow/example_dags/example_branch_day_of_week_operator.py for tasks to queue
[2025-10-03T19:21:45.476+0000] {logging_mixin.py:188} INFO - [2025-10-03T19:21:45.475+0000] {dagbag.py:545} INFO - Filling up the DagBag from /home/airflow/.local/lib/python3.12/site-packages/airflow/example_dags/example_branch_day_of_week_operator.py
[2025-10-03T19:21:45.484+0000] {processor.py:840} INFO - DAG(s) 'example_weekday_branch_operator' retrieved from /home/airflow/.local/lib/python3.12/site-packages/airflow/example_dags/example_branch_day_of_week_operator.py
[2025-10-03T19:21:45.507+0000] {logging_mixin.py:188} INFO - [2025-10-03T19:21:45.507+0000] {dag.py:3096} INFO - Sync 1 DAGs
[2025-10-03T19:21:45.532+0000] {logging_mixin.py:188} INFO - [2025-10-03T19:21:45.532+0000] {dag.py:3954} INFO - Setting next_dagrun for example_weekday_branch_operator to 2025-10-02 00:00:00+00:00, run_after=2025-10-03 00:00:00+00:00
[2025-10-03T19:21:45.554+0000] {processor.py:183} INFO - Processing /home/airflow/.local/lib/python3.12/site-packages/airflow/example_dags/example_branch_day_of_week_operator.py took 0.088 seconds
[2025-10-03T19:22:15.634+0000] {processor.py:161} INFO - Started process (PID=880) to work on /home/airflow/.local/lib/python3.12/site-packages/airflow/example_dags/example_branch_day_of_week_operator.py
[2025-10-03T19:22:15.635+0000] {processor.py:830} INFO - Processing file /home/airflow/.local/lib/python3.12/site-packages/airflow/example_dags/example_branch_day_of_week_operator.py for tasks to queue
[2025-10-03T19:22:15.637+0000] {logging_mixin.py:188} INFO - [2025-10-03T19:22:15.637+0000] {dagbag.py:545} INFO - Filling up the DagBag from /home/airflow/.local/lib/python3.12/site-packages/airflow/example_dags/example_branch_day_of_week_operator.py
[2025-10-03T19:22:15.646+0000] {processor.py:840} INFO - DAG(s) 'example_weekday_branch_operator' retrieved from /home/airflow/.local/lib/python3.12/site-packages/airflow/example_dags/example_branch_day_of_week_operator.py
[2025-10-03T19:22:15.675+0000] {logging_mixin.py:188} INFO - [2025-10-03T19:22:15.674+0000] {dag.py:3096} INFO - Sync 1 DAGs
[2025-10-03T19:22:15.705+0000] {logging_mixin.py:188} INFO - [2025-10-03T19:22:15.704+0000] {dag.py:3954} INFO - Setting next_dagrun for example_weekday_branch_operator to 2025-10-02 00:00:00+00:00, run_after=2025-10-03 00:00:00+00:00
[2025-10-03T19:22:15.729+0000] {processor.py:183} INFO - Processing /home/airflow/.local/lib/python3.12/site-packages/airflow/example_dags/example_branch_day_of_week_operator.py took 0.102 seconds
[2025-10-03T19:22:46.153+0000] {processor.py:161} INFO - Started process (PID=933) to work on /home/airflow/.local/lib/python3.12/site-packages/airflow/example_dags/example_branch_day_of_week_operator.py
[2025-10-03T19:22:46.154+0000] {processor.py:830} INFO - Processing file /home/airflow/.local/lib/python3.12/site-packages/airflow/example_dags/example_branch_day_of_week_operator.py for tasks to queue
[2025-10-03T19:22:46.156+0000] {logging_mixin.py:188} INFO - [2025-10-03T19:22:46.156+0000] {dagbag.py:545} INFO - Filling up the DagBag from /home/airflow/.local/lib/python3.12/site-packages/airflow/example_dags/example_branch_day_of_week_operator.py
[2025-10-03T19:22:46.165+0000] {processor.py:840} INFO - DAG(s) 'example_weekday_branch_operator' retrieved from /home/airflow/.local/lib/python3.12/site-packages/airflow/example_dags/example_branch_day_of_week_operator.py
[2025-10-03T19:22:46.188+0000] {logging_mixin.py:188} INFO - [2025-10-03T19:22:46.188+0000] {dag.py:3096} INFO - Sync 1 DAGs
[2025-10-03T19:22:46.211+0000] {logging_mixin.py:188} INFO - [2025-10-03T19:22:46.211+0000] {dag.py:3954} INFO - Setting next_dagrun for example_weekday_branch_operator to 2025-10-02 00:00:00+00:00, run_after=2025-10-03 00:00:00+00:00
[2025-10-03T19:22:46.238+0000] {processor.py:183} INFO - Processing /home/airflow/.local/lib/python3.12/site-packages/airflow/example_dags/example_branch_day_of_week_operator.py took 0.091 seconds
[2025-10-03T19:23:16.802+0000] {processor.py:161} INFO - Started process (PID=990) to work on /home/airflow/.local/lib/python3.12/site-packages/airflow/example_dags/example_branch_day_of_week_operator.py
[2025-10-03T19:23:16.804+0000] {processor.py:830} INFO - Processing file /home/airflow/.local/lib/python3.12/site-packages/airflow/example_dags/example_branch_day_of_week_operator.py for tasks to queue
[2025-10-03T19:23:16.806+0000] {logging_mixin.py:188} INFO - [2025-10-03T19:23:16.806+0000] {dagbag.py:545} INFO - Filling up the DagBag from /home/airflow/.local/lib/python3.12/site-packages/airflow/example_dags/example_branch_day_of_week_operator.py
[2025-10-03T19:23:16.815+0000] {processor.py:840} INFO - DAG(s) 'example_weekday_branch_operator' retrieved from /home/airflow/.local/lib/python3.12/site-packages/airflow/example_dags/example_branch_day_of_week_operator.py
[2025-10-03T19:23:16.839+0000] {logging_mixin.py:188} INFO - [2025-10-03T19:23:16.839+0000] {dag.py:3096} INFO - Sync 1 DAGs
[2025-10-03T19:23:16.863+0000] {logging_mixin.py:188} INFO - [2025-10-03T19:23:16.863+0000] {dag.py:3954} INFO - Setting next_dagrun for example_weekday_branch_operator to 2025-10-02 00:00:00+00:00, run_after=2025-10-03 00:00:00+00:00
[2025-10-03T19:23:16.890+0000] {processor.py:183} INFO - Processing /home/airflow/.local/lib/python3.12/site-packages/airflow/example_dags/example_branch_day_of_week_operator.py took 0.094 seconds
[2025-10-03T19:23:47.102+0000] {processor.py:161} INFO - Started process (PID=1043) to work on /home/airflow/.local/lib/python3.12/site-packages/airflow/example_dags/example_branch_day_of_week_operator.py
[2025-10-03T19:23:47.103+0000] {processor.py:830} INFO - Processing file /home/airflow/.local/lib/python3.12/site-packages/airflow/example_dags/example_branch_day_of_week_operator.py for tasks to queue
[2025-10-03T19:23:47.105+0000] {logging_mixin.py:188} INFO - [2025-10-03T19:23:47.105+0000] {dagbag.py:545} INFO - Filling up the DagBag from /home/airflow/.local/lib/python3.12/site-packages/airflow/example_dags/example_branch_day_of_week_operator.py
[2025-10-03T19:23:47.113+0000] {processor.py:840} INFO - DAG(s) 'example_weekday_branch_operator' retrieved from /home/airflow/.local/lib/python3.12/site-packages/airflow/example_dags/example_branch_day_of_week_operator.py
[2025-10-03T19:23:47.136+0000] {logging_mixin.py:188} INFO - [2025-10-03T19:23:47.136+0000] {dag.py:3096} INFO - Sync 1 DAGs
[2025-10-03T19:23:47.159+0000] {logging_mixin.py:188} INFO - [2025-10-03T19:23:47.159+0000] {dag.py:3954} INFO - Setting next_dagrun for example_weekday_branch_operator to 2025-10-02 00:00:00+00:00, run_after=2025-10-03 00:00:00+00:00
[2025-10-03T19:23:47.179+0000] {processor.py:183} INFO - Processing /home/airflow/.local/lib/python3.12/site-packages/airflow/example_dags/example_branch_day_of_week_operator.py took 0.084 seconds
[2025-10-03T19:24:17.514+0000] {processor.py:161} INFO - Started process (PID=1100) to work on /home/airflow/.local/lib/python3.12/site-packages/airflow/example_dags/example_branch_day_of_week_operator.py
[2025-10-03T19:24:17.515+0000] {processor.py:830} INFO - Processing file /home/airflow/.local/lib/python3.12/site-packages/airflow/example_dags/example_branch_day_of_week_operator.py for tasks to queue
[2025-10-03T19:24:17.518+0000] {logging_mixin.py:188} INFO - [2025-10-03T19:24:17.517+0000] {dagbag.py:545} INFO - Filling up the DagBag from /home/airflow/.local/lib/python3.12/site-packages/airflow/example_dags/example_branch_day_of_week_operator.py
[2025-10-03T19:24:17.526+0000] {processor.py:840} INFO - DAG(s) 'example_weekday_branch_operator' retrieved from /home/airflow/.local/lib/python3.12/site-packages/airflow/example_dags/example_branch_day_of_week_operator.py
[2025-10-03T19:24:17.550+0000] {logging_mixin.py:188} INFO - [2025-10-03T19:24:17.550+0000] {dag.py:3096} INFO - Sync 1 DAGs
[2025-10-03T19:24:17.574+0000] {logging_mixin.py:188} INFO - [2025-10-03T19:24:17.574+0000] {dag.py:3954} INFO - Setting next_dagrun for example_weekday_branch_operator to 2025-10-02 00:00:00+00:00, run_after=2025-10-03 00:00:00+00:00
[2025-10-03T19:24:17.596+0000] {processor.py:183} INFO - Processing /home/airflow/.local/lib/python3.12/site-packages/airflow/example_dags/example_branch_day_of_week_operator.py took 0.090 seconds
[2025-10-03T19:24:47.915+0000] {processor.py:161} INFO - Started process (PID=1153) to work on /home/airflow/.local/lib/python3.12/site-packages/airflow/example_dags/example_branch_day_of_week_operator.py
[2025-10-03T19:24:47.917+0000] {processor.py:830} INFO - Processing file /home/airflow/.local/lib/python3.12/site-packages/airflow/example_dags/example_branch_day_of_week_operator.py for tasks to queue
[2025-10-03T19:24:47.919+0000] {logging_mixin.py:188} INFO - [2025-10-03T19:24:47.918+0000] {dagbag.py:545} INFO - Filling up the DagBag from /home/airflow/.local/lib/python3.12/site-packages/airflow/example_dags/example_branch_day_of_week_operator.py
[2025-10-03T19:24:47.927+0000] {processor.py:840} INFO - DAG(s) 'example_weekday_branch_operator' retrieved from /home/airflow/.local/lib/python3.12/site-packages/airflow/example_dags/example_branch_day_of_week_operator.py
[2025-10-03T19:24:47.952+0000] {logging_mixin.py:188} INFO - [2025-10-03T19:24:47.952+0000] {dag.py:3096} INFO - Sync 1 DAGs
[2025-10-03T19:24:47.978+0000] {logging_mixin.py:188} INFO - [2025-10-03T19:24:47.977+0000] {dag.py:3954} INFO - Setting next_dagrun for example_weekday_branch_operator to 2025-10-02 00:00:00+00:00, run_after=2025-10-03 00:00:00+00:00
[2025-10-03T19:24:48.000+0000] {processor.py:183} INFO - Processing /home/airflow/.local/lib/python3.12/site-packages/airflow/example_dags/example_branch_day_of_week_operator.py took 0.091 seconds
[2025-10-03T19:25:18.083+0000] {processor.py:161} INFO - Started process (PID=1210) to work on /home/airflow/.local/lib/python3.12/site-packages/airflow/example_dags/example_branch_day_of_week_operator.py
[2025-10-03T19:25:18.084+0000] {processor.py:830} INFO - Processing file /home/airflow/.local/lib/python3.12/site-packages/airflow/example_dags/example_branch_day_of_week_operator.py for tasks to queue
[2025-10-03T19:25:18.086+0000] {logging_mixin.py:188} INFO - [2025-10-03T19:25:18.086+0000] {dagbag.py:545} INFO - Filling up the DagBag from /home/airflow/.local/lib/python3.12/site-packages/airflow/example_dags/example_branch_day_of_week_operator.py
[2025-10-03T19:25:18.095+0000] {processor.py:840} INFO - DAG(s) 'example_weekday_branch_operator' retrieved from /home/airflow/.local/lib/python3.12/site-packages/airflow/example_dags/example_branch_day_of_week_operator.py
[2025-10-03T19:25:18.118+0000] {logging_mixin.py:188} INFO - [2025-10-03T19:25:18.118+0000] {dag.py:3096} INFO - Sync 1 DAGs
[2025-10-03T19:25:18.142+0000] {logging_mixin.py:188} INFO - [2025-10-03T19:25:18.142+0000] {dag.py:3954} INFO - Setting next_dagrun for example_weekday_branch_operator to 2025-10-02 00:00:00+00:00, run_after=2025-10-03 00:00:00+00:00
[2025-10-03T19:25:18.163+0000] {processor.py:183} INFO - Processing /home/airflow/.local/lib/python3.12/site-packages/airflow/example_dags/example_branch_day_of_week_operator.py took 0.087 seconds
[2025-10-03T19:25:48.631+0000] {processor.py:161} INFO - Started process (PID=1263) to work on /home/airflow/.local/lib/python3.12/site-packages/airflow/example_dags/example_branch_day_of_week_operator.py
[2025-10-03T19:25:48.633+0000] {processor.py:830} INFO - Processing file /home/airflow/.local/lib/python3.12/site-packages/airflow/example_dags/example_branch_day_of_week_operator.py for tasks to queue
[2025-10-03T19:25:48.635+0000] {logging_mixin.py:188} INFO - [2025-10-03T19:25:48.635+0000] {dagbag.py:545} INFO - Filling up the DagBag from /home/airflow/.local/lib/python3.12/site-packages/airflow/example_dags/example_branch_day_of_week_operator.py
[2025-10-03T19:25:48.644+0000] {processor.py:840} INFO - DAG(s) 'example_weekday_branch_operator' retrieved from /home/airflow/.local/lib/python3.12/site-packages/airflow/example_dags/example_branch_day_of_week_operator.py
[2025-10-03T19:25:48.668+0000] {logging_mixin.py:188} INFO - [2025-10-03T19:25:48.668+0000] {dag.py:3096} INFO - Sync 1 DAGs
[2025-10-03T19:25:48.692+0000] {logging_mixin.py:188} INFO - [2025-10-03T19:25:48.691+0000] {dag.py:3954} INFO - Setting next_dagrun for example_weekday_branch_operator to 2025-10-02 00:00:00+00:00, run_after=2025-10-03 00:00:00+00:00
[2025-10-03T19:25:48.719+0000] {processor.py:183} INFO - Processing /home/airflow/.local/lib/python3.12/site-packages/airflow/example_dags/example_branch_day_of_week_operator.py took 0.094 seconds
