[2025-10-03T19:14:40.752+0000] {processor.py:161} INFO - Started process (PID=57) to work on /home/airflow/.local/lib/python3.12/site-packages/airflow/example_dags/example_skip_dag.py
[2025-10-03T19:14:40.754+0000] {processor.py:830} INFO - Processing file /home/airflow/.local/lib/python3.12/site-packages/airflow/example_dags/example_skip_dag.py for tasks to queue
[2025-10-03T19:14:40.757+0000] {logging_mixin.py:188} INFO - [2025-10-03T19:14:40.757+0000] {dagbag.py:545} INFO - Filling up the DagBag from /home/airflow/.local/lib/python3.12/site-packages/airflow/example_dags/example_skip_dag.py
[2025-10-03T19:14:40.779+0000] {processor.py:840} INFO - DAG(s) 'example_skip_dag' retrieved from /home/airflow/.local/lib/python3.12/site-packages/airflow/example_dags/example_skip_dag.py
[2025-10-03T19:14:40.799+0000] {logging_mixin.py:188} INFO - [2025-10-03T19:14:40.799+0000] {dag.py:3096} INFO - Sync 1 DAGs
[2025-10-03T19:14:40.841+0000] {logging_mixin.py:188} INFO - [2025-10-03T19:14:40.841+0000] {dag.py:3954} INFO - Setting next_dagrun for example_skip_dag to 2025-10-02 00:00:00+00:00, run_after=2025-10-03 00:00:00+00:00
[2025-10-03T19:14:40.881+0000] {processor.py:183} INFO - Processing /home/airflow/.local/lib/python3.12/site-packages/airflow/example_dags/example_skip_dag.py took 0.138 seconds
[2025-10-03T19:15:13.247+0000] {processor.py:161} INFO - Started process (PID=110) to work on /home/airflow/.local/lib/python3.12/site-packages/airflow/example_dags/example_skip_dag.py
[2025-10-03T19:15:13.249+0000] {processor.py:830} INFO - Processing file /home/airflow/.local/lib/python3.12/site-packages/airflow/example_dags/example_skip_dag.py for tasks to queue
[2025-10-03T19:15:13.252+0000] {logging_mixin.py:188} INFO - [2025-10-03T19:15:13.252+0000] {dagbag.py:545} INFO - Filling up the DagBag from /home/airflow/.local/lib/python3.12/site-packages/airflow/example_dags/example_skip_dag.py
[2025-10-03T19:15:13.270+0000] {processor.py:840} INFO - DAG(s) 'example_skip_dag' retrieved from /home/airflow/.local/lib/python3.12/site-packages/airflow/example_dags/example_skip_dag.py
[2025-10-03T19:15:13.504+0000] {logging_mixin.py:188} INFO - [2025-10-03T19:15:13.504+0000] {dag.py:3096} INFO - Sync 1 DAGs
[2025-10-03T19:15:13.555+0000] {logging_mixin.py:188} INFO - [2025-10-03T19:15:13.555+0000] {dag.py:3954} INFO - Setting next_dagrun for example_skip_dag to 2025-10-02 00:00:00+00:00, run_after=2025-10-03 00:00:00+00:00
[2025-10-03T19:15:13.605+0000] {processor.py:183} INFO - Processing /home/airflow/.local/lib/python3.12/site-packages/airflow/example_dags/example_skip_dag.py took 0.370 seconds
[2025-10-03T19:15:43.667+0000] {processor.py:161} INFO - Started process (PID=167) to work on /home/airflow/.local/lib/python3.12/site-packages/airflow/example_dags/example_skip_dag.py
[2025-10-03T19:15:43.668+0000] {processor.py:830} INFO - Processing file /home/airflow/.local/lib/python3.12/site-packages/airflow/example_dags/example_skip_dag.py for tasks to queue
[2025-10-03T19:15:43.671+0000] {logging_mixin.py:188} INFO - [2025-10-03T19:15:43.670+0000] {dagbag.py:545} INFO - Filling up the DagBag from /home/airflow/.local/lib/python3.12/site-packages/airflow/example_dags/example_skip_dag.py
[2025-10-03T19:15:43.679+0000] {processor.py:840} INFO - DAG(s) 'example_skip_dag' retrieved from /home/airflow/.local/lib/python3.12/site-packages/airflow/example_dags/example_skip_dag.py
[2025-10-03T19:15:43.705+0000] {logging_mixin.py:188} INFO - [2025-10-03T19:15:43.705+0000] {dag.py:3096} INFO - Sync 1 DAGs
[2025-10-03T19:15:43.730+0000] {logging_mixin.py:188} INFO - [2025-10-03T19:15:43.730+0000] {dag.py:3954} INFO - Setting next_dagrun for example_skip_dag to 2025-10-02 00:00:00+00:00, run_after=2025-10-03 00:00:00+00:00
[2025-10-03T19:15:43.759+0000] {processor.py:183} INFO - Processing /home/airflow/.local/lib/python3.12/site-packages/airflow/example_dags/example_skip_dag.py took 0.099 seconds
[2025-10-03T19:16:13.965+0000] {processor.py:161} INFO - Started process (PID=223) to work on /home/airflow/.local/lib/python3.12/site-packages/airflow/example_dags/example_skip_dag.py
[2025-10-03T19:16:13.967+0000] {processor.py:830} INFO - Processing file /home/airflow/.local/lib/python3.12/site-packages/airflow/example_dags/example_skip_dag.py for tasks to queue
[2025-10-03T19:16:13.969+0000] {logging_mixin.py:188} INFO - [2025-10-03T19:16:13.969+0000] {dagbag.py:545} INFO - Filling up the DagBag from /home/airflow/.local/lib/python3.12/site-packages/airflow/example_dags/example_skip_dag.py
[2025-10-03T19:16:13.978+0000] {processor.py:840} INFO - DAG(s) 'example_skip_dag' retrieved from /home/airflow/.local/lib/python3.12/site-packages/airflow/example_dags/example_skip_dag.py
[2025-10-03T19:16:14.008+0000] {logging_mixin.py:188} INFO - [2025-10-03T19:16:14.008+0000] {dag.py:3096} INFO - Sync 1 DAGs
[2025-10-03T19:16:14.039+0000] {logging_mixin.py:188} INFO - [2025-10-03T19:16:14.039+0000] {dag.py:3954} INFO - Setting next_dagrun for example_skip_dag to 2025-10-02 00:00:00+00:00, run_after=2025-10-03 00:00:00+00:00
[2025-10-03T19:16:14.072+0000] {processor.py:183} INFO - Processing /home/airflow/.local/lib/python3.12/site-packages/airflow/example_dags/example_skip_dag.py took 0.118 seconds
[2025-10-03T19:16:44.935+0000] {processor.py:161} INFO - Started process (PID=279) to work on /home/airflow/.local/lib/python3.12/site-packages/airflow/example_dags/example_skip_dag.py
[2025-10-03T19:16:44.938+0000] {processor.py:830} INFO - Processing file /home/airflow/.local/lib/python3.12/site-packages/airflow/example_dags/example_skip_dag.py for tasks to queue
[2025-10-03T19:16:44.941+0000] {logging_mixin.py:188} INFO - [2025-10-03T19:16:44.941+0000] {dagbag.py:545} INFO - Filling up the DagBag from /home/airflow/.local/lib/python3.12/site-packages/airflow/example_dags/example_skip_dag.py
[2025-10-03T19:16:44.953+0000] {processor.py:840} INFO - DAG(s) 'example_skip_dag' retrieved from /home/airflow/.local/lib/python3.12/site-packages/airflow/example_dags/example_skip_dag.py
[2025-10-03T19:16:44.983+0000] {logging_mixin.py:188} INFO - [2025-10-03T19:16:44.983+0000] {dag.py:3096} INFO - Sync 1 DAGs
[2025-10-03T19:16:45.011+0000] {logging_mixin.py:188} INFO - [2025-10-03T19:16:45.011+0000] {dag.py:3954} INFO - Setting next_dagrun for example_skip_dag to 2025-10-02 00:00:00+00:00, run_after=2025-10-03 00:00:00+00:00
[2025-10-03T19:16:45.044+0000] {processor.py:183} INFO - Processing /home/airflow/.local/lib/python3.12/site-packages/airflow/example_dags/example_skip_dag.py took 0.117 seconds
[2025-10-03T19:17:15.680+0000] {processor.py:161} INFO - Started process (PID=333) to work on /home/airflow/.local/lib/python3.12/site-packages/airflow/example_dags/example_skip_dag.py
[2025-10-03T19:17:15.681+0000] {processor.py:830} INFO - Processing file /home/airflow/.local/lib/python3.12/site-packages/airflow/example_dags/example_skip_dag.py for tasks to queue
[2025-10-03T19:17:15.684+0000] {logging_mixin.py:188} INFO - [2025-10-03T19:17:15.683+0000] {dagbag.py:545} INFO - Filling up the DagBag from /home/airflow/.local/lib/python3.12/site-packages/airflow/example_dags/example_skip_dag.py
[2025-10-03T19:17:15.695+0000] {processor.py:840} INFO - DAG(s) 'example_skip_dag' retrieved from /home/airflow/.local/lib/python3.12/site-packages/airflow/example_dags/example_skip_dag.py
[2025-10-03T19:17:15.737+0000] {logging_mixin.py:188} INFO - [2025-10-03T19:17:15.736+0000] {dag.py:3096} INFO - Sync 1 DAGs
[2025-10-03T19:17:15.784+0000] {logging_mixin.py:188} INFO - [2025-10-03T19:17:15.783+0000] {dag.py:3954} INFO - Setting next_dagrun for example_skip_dag to 2025-10-02 00:00:00+00:00, run_after=2025-10-03 00:00:00+00:00
[2025-10-03T19:17:15.823+0000] {processor.py:183} INFO - Processing /home/airflow/.local/lib/python3.12/site-packages/airflow/example_dags/example_skip_dag.py took 0.152 seconds
[2025-10-03T19:17:46.492+0000] {processor.py:161} INFO - Started process (PID=392) to work on /home/airflow/.local/lib/python3.12/site-packages/airflow/example_dags/example_skip_dag.py
[2025-10-03T19:17:46.494+0000] {processor.py:830} INFO - Processing file /home/airflow/.local/lib/python3.12/site-packages/airflow/example_dags/example_skip_dag.py for tasks to queue
[2025-10-03T19:17:46.497+0000] {logging_mixin.py:188} INFO - [2025-10-03T19:17:46.496+0000] {dagbag.py:545} INFO - Filling up the DagBag from /home/airflow/.local/lib/python3.12/site-packages/airflow/example_dags/example_skip_dag.py
[2025-10-03T19:17:46.506+0000] {processor.py:840} INFO - DAG(s) 'example_skip_dag' retrieved from /home/airflow/.local/lib/python3.12/site-packages/airflow/example_dags/example_skip_dag.py
[2025-10-03T19:17:46.537+0000] {logging_mixin.py:188} INFO - [2025-10-03T19:17:46.536+0000] {dag.py:3096} INFO - Sync 1 DAGs
[2025-10-03T19:17:46.572+0000] {logging_mixin.py:188} INFO - [2025-10-03T19:17:46.572+0000] {dag.py:3954} INFO - Setting next_dagrun for example_skip_dag to 2025-10-02 00:00:00+00:00, run_after=2025-10-03 00:00:00+00:00
[2025-10-03T19:17:46.606+0000] {processor.py:183} INFO - Processing /home/airflow/.local/lib/python3.12/site-packages/airflow/example_dags/example_skip_dag.py took 0.121 seconds
[2025-10-03T19:18:17.153+0000] {processor.py:161} INFO - Started process (PID=449) to work on /home/airflow/.local/lib/python3.12/site-packages/airflow/example_dags/example_skip_dag.py
[2025-10-03T19:18:17.154+0000] {processor.py:830} INFO - Processing file /home/airflow/.local/lib/python3.12/site-packages/airflow/example_dags/example_skip_dag.py for tasks to queue
[2025-10-03T19:18:17.157+0000] {logging_mixin.py:188} INFO - [2025-10-03T19:18:17.157+0000] {dagbag.py:545} INFO - Filling up the DagBag from /home/airflow/.local/lib/python3.12/site-packages/airflow/example_dags/example_skip_dag.py
[2025-10-03T19:18:17.166+0000] {processor.py:840} INFO - DAG(s) 'example_skip_dag' retrieved from /home/airflow/.local/lib/python3.12/site-packages/airflow/example_dags/example_skip_dag.py
[2025-10-03T19:18:17.197+0000] {logging_mixin.py:188} INFO - [2025-10-03T19:18:17.197+0000] {dag.py:3096} INFO - Sync 1 DAGs
[2025-10-03T19:18:17.227+0000] {logging_mixin.py:188} INFO - [2025-10-03T19:18:17.227+0000] {dag.py:3954} INFO - Setting next_dagrun for example_skip_dag to 2025-10-02 00:00:00+00:00, run_after=2025-10-03 00:00:00+00:00
[2025-10-03T19:18:17.262+0000] {processor.py:183} INFO - Processing /home/airflow/.local/lib/python3.12/site-packages/airflow/example_dags/example_skip_dag.py took 0.118 seconds
[2025-10-03T19:18:47.436+0000] {processor.py:161} INFO - Started process (PID=509) to work on /home/airflow/.local/lib/python3.12/site-packages/airflow/example_dags/example_skip_dag.py
[2025-10-03T19:18:47.438+0000] {processor.py:830} INFO - Processing file /home/airflow/.local/lib/python3.12/site-packages/airflow/example_dags/example_skip_dag.py for tasks to queue
[2025-10-03T19:18:47.443+0000] {logging_mixin.py:188} INFO - [2025-10-03T19:18:47.442+0000] {dagbag.py:545} INFO - Filling up the DagBag from /home/airflow/.local/lib/python3.12/site-packages/airflow/example_dags/example_skip_dag.py
[2025-10-03T19:18:47.452+0000] {processor.py:840} INFO - DAG(s) 'example_skip_dag' retrieved from /home/airflow/.local/lib/python3.12/site-packages/airflow/example_dags/example_skip_dag.py
[2025-10-03T19:18:47.487+0000] {logging_mixin.py:188} INFO - [2025-10-03T19:18:47.487+0000] {dag.py:3096} INFO - Sync 1 DAGs
[2025-10-03T19:18:47.521+0000] {logging_mixin.py:188} INFO - [2025-10-03T19:18:47.520+0000] {dag.py:3954} INFO - Setting next_dagrun for example_skip_dag to 2025-10-02 00:00:00+00:00, run_after=2025-10-03 00:00:00+00:00
[2025-10-03T19:18:47.556+0000] {processor.py:183} INFO - Processing /home/airflow/.local/lib/python3.12/site-packages/airflow/example_dags/example_skip_dag.py took 0.126 seconds
[2025-10-03T19:19:17.707+0000] {processor.py:161} INFO - Started process (PID=566) to work on /home/airflow/.local/lib/python3.12/site-packages/airflow/example_dags/example_skip_dag.py
[2025-10-03T19:19:17.708+0000] {processor.py:830} INFO - Processing file /home/airflow/.local/lib/python3.12/site-packages/airflow/example_dags/example_skip_dag.py for tasks to queue
[2025-10-03T19:19:17.711+0000] {logging_mixin.py:188} INFO - [2025-10-03T19:19:17.710+0000] {dagbag.py:545} INFO - Filling up the DagBag from /home/airflow/.local/lib/python3.12/site-packages/airflow/example_dags/example_skip_dag.py
[2025-10-03T19:19:17.721+0000] {processor.py:840} INFO - DAG(s) 'example_skip_dag' retrieved from /home/airflow/.local/lib/python3.12/site-packages/airflow/example_dags/example_skip_dag.py
[2025-10-03T19:19:17.752+0000] {logging_mixin.py:188} INFO - [2025-10-03T19:19:17.752+0000] {dag.py:3096} INFO - Sync 1 DAGs
[2025-10-03T19:19:17.781+0000] {logging_mixin.py:188} INFO - [2025-10-03T19:19:17.781+0000] {dag.py:3954} INFO - Setting next_dagrun for example_skip_dag to 2025-10-02 00:00:00+00:00, run_after=2025-10-03 00:00:00+00:00
[2025-10-03T19:19:17.815+0000] {processor.py:183} INFO - Processing /home/airflow/.local/lib/python3.12/site-packages/airflow/example_dags/example_skip_dag.py took 0.115 seconds
[2025-10-03T19:19:48.230+0000] {processor.py:161} INFO - Started process (PID=619) to work on /home/airflow/.local/lib/python3.12/site-packages/airflow/example_dags/example_skip_dag.py
[2025-10-03T19:19:48.231+0000] {processor.py:830} INFO - Processing file /home/airflow/.local/lib/python3.12/site-packages/airflow/example_dags/example_skip_dag.py for tasks to queue
[2025-10-03T19:19:48.234+0000] {logging_mixin.py:188} INFO - [2025-10-03T19:19:48.233+0000] {dagbag.py:545} INFO - Filling up the DagBag from /home/airflow/.local/lib/python3.12/site-packages/airflow/example_dags/example_skip_dag.py
[2025-10-03T19:19:48.246+0000] {processor.py:840} INFO - DAG(s) 'example_skip_dag' retrieved from /home/airflow/.local/lib/python3.12/site-packages/airflow/example_dags/example_skip_dag.py
[2025-10-03T19:19:48.275+0000] {logging_mixin.py:188} INFO - [2025-10-03T19:19:48.275+0000] {dag.py:3096} INFO - Sync 1 DAGs
[2025-10-03T19:19:48.305+0000] {logging_mixin.py:188} INFO - [2025-10-03T19:19:48.304+0000] {dag.py:3954} INFO - Setting next_dagrun for example_skip_dag to 2025-10-02 00:00:00+00:00, run_after=2025-10-03 00:00:00+00:00
[2025-10-03T19:19:48.338+0000] {processor.py:183} INFO - Processing /home/airflow/.local/lib/python3.12/site-packages/airflow/example_dags/example_skip_dag.py took 0.116 seconds
[2025-10-03T19:20:18.663+0000] {processor.py:161} INFO - Started process (PID=676) to work on /home/airflow/.local/lib/python3.12/site-packages/airflow/example_dags/example_skip_dag.py
[2025-10-03T19:20:18.665+0000] {processor.py:830} INFO - Processing file /home/airflow/.local/lib/python3.12/site-packages/airflow/example_dags/example_skip_dag.py for tasks to queue
[2025-10-03T19:20:18.667+0000] {logging_mixin.py:188} INFO - [2025-10-03T19:20:18.667+0000] {dagbag.py:545} INFO - Filling up the DagBag from /home/airflow/.local/lib/python3.12/site-packages/airflow/example_dags/example_skip_dag.py
[2025-10-03T19:20:18.675+0000] {processor.py:840} INFO - DAG(s) 'example_skip_dag' retrieved from /home/airflow/.local/lib/python3.12/site-packages/airflow/example_dags/example_skip_dag.py
[2025-10-03T19:20:18.702+0000] {logging_mixin.py:188} INFO - [2025-10-03T19:20:18.702+0000] {dag.py:3096} INFO - Sync 1 DAGs
[2025-10-03T19:20:18.731+0000] {logging_mixin.py:188} INFO - [2025-10-03T19:20:18.731+0000] {dag.py:3954} INFO - Setting next_dagrun for example_skip_dag to 2025-10-02 00:00:00+00:00, run_after=2025-10-03 00:00:00+00:00
[2025-10-03T19:20:18.758+0000] {processor.py:183} INFO - Processing /home/airflow/.local/lib/python3.12/site-packages/airflow/example_dags/example_skip_dag.py took 0.102 seconds
[2025-10-03T19:20:49.357+0000] {processor.py:161} INFO - Started process (PID=729) to work on /home/airflow/.local/lib/python3.12/site-packages/airflow/example_dags/example_skip_dag.py
[2025-10-03T19:20:49.358+0000] {processor.py:830} INFO - Processing file /home/airflow/.local/lib/python3.12/site-packages/airflow/example_dags/example_skip_dag.py for tasks to queue
[2025-10-03T19:20:49.362+0000] {logging_mixin.py:188} INFO - [2025-10-03T19:20:49.361+0000] {dagbag.py:545} INFO - Filling up the DagBag from /home/airflow/.local/lib/python3.12/site-packages/airflow/example_dags/example_skip_dag.py
[2025-10-03T19:20:49.374+0000] {processor.py:840} INFO - DAG(s) 'example_skip_dag' retrieved from /home/airflow/.local/lib/python3.12/site-packages/airflow/example_dags/example_skip_dag.py
[2025-10-03T19:20:49.427+0000] {logging_mixin.py:188} INFO - [2025-10-03T19:20:49.426+0000] {dag.py:3096} INFO - Sync 1 DAGs
[2025-10-03T19:20:49.461+0000] {logging_mixin.py:188} INFO - [2025-10-03T19:20:49.461+0000] {dag.py:3954} INFO - Setting next_dagrun for example_skip_dag to 2025-10-02 00:00:00+00:00, run_after=2025-10-03 00:00:00+00:00
[2025-10-03T19:20:49.494+0000] {processor.py:183} INFO - Processing /home/airflow/.local/lib/python3.12/site-packages/airflow/example_dags/example_skip_dag.py took 0.148 seconds
[2025-10-03T19:21:20.357+0000] {processor.py:161} INFO - Started process (PID=786) to work on /home/airflow/.local/lib/python3.12/site-packages/airflow/example_dags/example_skip_dag.py
[2025-10-03T19:21:20.358+0000] {processor.py:830} INFO - Processing file /home/airflow/.local/lib/python3.12/site-packages/airflow/example_dags/example_skip_dag.py for tasks to queue
[2025-10-03T19:21:20.360+0000] {logging_mixin.py:188} INFO - [2025-10-03T19:21:20.360+0000] {dagbag.py:545} INFO - Filling up the DagBag from /home/airflow/.local/lib/python3.12/site-packages/airflow/example_dags/example_skip_dag.py
[2025-10-03T19:21:20.368+0000] {processor.py:840} INFO - DAG(s) 'example_skip_dag' retrieved from /home/airflow/.local/lib/python3.12/site-packages/airflow/example_dags/example_skip_dag.py
[2025-10-03T19:21:20.394+0000] {logging_mixin.py:188} INFO - [2025-10-03T19:21:20.394+0000] {dag.py:3096} INFO - Sync 1 DAGs
[2025-10-03T19:21:20.425+0000] {logging_mixin.py:188} INFO - [2025-10-03T19:21:20.425+0000] {dag.py:3954} INFO - Setting next_dagrun for example_skip_dag to 2025-10-02 00:00:00+00:00, run_after=2025-10-03 00:00:00+00:00
[2025-10-03T19:21:20.456+0000] {processor.py:183} INFO - Processing /home/airflow/.local/lib/python3.12/site-packages/airflow/example_dags/example_skip_dag.py took 0.106 seconds
[2025-10-03T19:21:50.690+0000] {processor.py:161} INFO - Started process (PID=839) to work on /home/airflow/.local/lib/python3.12/site-packages/airflow/example_dags/example_skip_dag.py
[2025-10-03T19:21:50.691+0000] {processor.py:830} INFO - Processing file /home/airflow/.local/lib/python3.12/site-packages/airflow/example_dags/example_skip_dag.py for tasks to queue
[2025-10-03T19:21:50.693+0000] {logging_mixin.py:188} INFO - [2025-10-03T19:21:50.693+0000] {dagbag.py:545} INFO - Filling up the DagBag from /home/airflow/.local/lib/python3.12/site-packages/airflow/example_dags/example_skip_dag.py
[2025-10-03T19:21:50.702+0000] {processor.py:840} INFO - DAG(s) 'example_skip_dag' retrieved from /home/airflow/.local/lib/python3.12/site-packages/airflow/example_dags/example_skip_dag.py
[2025-10-03T19:21:50.729+0000] {logging_mixin.py:188} INFO - [2025-10-03T19:21:50.728+0000] {dag.py:3096} INFO - Sync 1 DAGs
[2025-10-03T19:21:50.755+0000] {logging_mixin.py:188} INFO - [2025-10-03T19:21:50.755+0000] {dag.py:3954} INFO - Setting next_dagrun for example_skip_dag to 2025-10-02 00:00:00+00:00, run_after=2025-10-03 00:00:00+00:00
[2025-10-03T19:21:50.787+0000] {processor.py:183} INFO - Processing /home/airflow/.local/lib/python3.12/site-packages/airflow/example_dags/example_skip_dag.py took 0.105 seconds
[2025-10-03T19:22:20.845+0000] {processor.py:161} INFO - Started process (PID=896) to work on /home/airflow/.local/lib/python3.12/site-packages/airflow/example_dags/example_skip_dag.py
[2025-10-03T19:22:20.847+0000] {processor.py:830} INFO - Processing file /home/airflow/.local/lib/python3.12/site-packages/airflow/example_dags/example_skip_dag.py for tasks to queue
[2025-10-03T19:22:20.850+0000] {logging_mixin.py:188} INFO - [2025-10-03T19:22:20.849+0000] {dagbag.py:545} INFO - Filling up the DagBag from /home/airflow/.local/lib/python3.12/site-packages/airflow/example_dags/example_skip_dag.py
[2025-10-03T19:22:20.861+0000] {processor.py:840} INFO - DAG(s) 'example_skip_dag' retrieved from /home/airflow/.local/lib/python3.12/site-packages/airflow/example_dags/example_skip_dag.py
[2025-10-03T19:22:20.891+0000] {logging_mixin.py:188} INFO - [2025-10-03T19:22:20.891+0000] {dag.py:3096} INFO - Sync 1 DAGs
[2025-10-03T19:22:20.918+0000] {logging_mixin.py:188} INFO - [2025-10-03T19:22:20.918+0000] {dag.py:3954} INFO - Setting next_dagrun for example_skip_dag to 2025-10-02 00:00:00+00:00, run_after=2025-10-03 00:00:00+00:00
[2025-10-03T19:22:20.949+0000] {processor.py:183} INFO - Processing /home/airflow/.local/lib/python3.12/site-packages/airflow/example_dags/example_skip_dag.py took 0.116 seconds
[2025-10-03T19:22:51.270+0000] {processor.py:161} INFO - Started process (PID=949) to work on /home/airflow/.local/lib/python3.12/site-packages/airflow/example_dags/example_skip_dag.py
[2025-10-03T19:22:51.271+0000] {processor.py:830} INFO - Processing file /home/airflow/.local/lib/python3.12/site-packages/airflow/example_dags/example_skip_dag.py for tasks to queue
[2025-10-03T19:22:51.274+0000] {logging_mixin.py:188} INFO - [2025-10-03T19:22:51.274+0000] {dagbag.py:545} INFO - Filling up the DagBag from /home/airflow/.local/lib/python3.12/site-packages/airflow/example_dags/example_skip_dag.py
[2025-10-03T19:22:51.282+0000] {processor.py:840} INFO - DAG(s) 'example_skip_dag' retrieved from /home/airflow/.local/lib/python3.12/site-packages/airflow/example_dags/example_skip_dag.py
[2025-10-03T19:22:51.309+0000] {logging_mixin.py:188} INFO - [2025-10-03T19:22:51.308+0000] {dag.py:3096} INFO - Sync 1 DAGs
[2025-10-03T19:22:51.332+0000] {logging_mixin.py:188} INFO - [2025-10-03T19:22:51.332+0000] {dag.py:3954} INFO - Setting next_dagrun for example_skip_dag to 2025-10-02 00:00:00+00:00, run_after=2025-10-03 00:00:00+00:00
[2025-10-03T19:22:51.353+0000] {processor.py:183} INFO - Processing /home/airflow/.local/lib/python3.12/site-packages/airflow/example_dags/example_skip_dag.py took 0.091 seconds
[2025-10-03T19:23:21.968+0000] {processor.py:161} INFO - Started process (PID=1006) to work on /home/airflow/.local/lib/python3.12/site-packages/airflow/example_dags/example_skip_dag.py
[2025-10-03T19:23:21.970+0000] {processor.py:830} INFO - Processing file /home/airflow/.local/lib/python3.12/site-packages/airflow/example_dags/example_skip_dag.py for tasks to queue
[2025-10-03T19:23:21.972+0000] {logging_mixin.py:188} INFO - [2025-10-03T19:23:21.972+0000] {dagbag.py:545} INFO - Filling up the DagBag from /home/airflow/.local/lib/python3.12/site-packages/airflow/example_dags/example_skip_dag.py
[2025-10-03T19:23:21.981+0000] {processor.py:840} INFO - DAG(s) 'example_skip_dag' retrieved from /home/airflow/.local/lib/python3.12/site-packages/airflow/example_dags/example_skip_dag.py
[2025-10-03T19:23:22.008+0000] {logging_mixin.py:188} INFO - [2025-10-03T19:23:22.008+0000] {dag.py:3096} INFO - Sync 1 DAGs
[2025-10-03T19:23:22.035+0000] {logging_mixin.py:188} INFO - [2025-10-03T19:23:22.034+0000] {dag.py:3954} INFO - Setting next_dagrun for example_skip_dag to 2025-10-02 00:00:00+00:00, run_after=2025-10-03 00:00:00+00:00
[2025-10-03T19:23:22.061+0000] {processor.py:183} INFO - Processing /home/airflow/.local/lib/python3.12/site-packages/airflow/example_dags/example_skip_dag.py took 0.101 seconds
[2025-10-03T19:23:53.014+0000] {processor.py:161} INFO - Started process (PID=1059) to work on /home/airflow/.local/lib/python3.12/site-packages/airflow/example_dags/example_skip_dag.py
[2025-10-03T19:23:53.015+0000] {processor.py:830} INFO - Processing file /home/airflow/.local/lib/python3.12/site-packages/airflow/example_dags/example_skip_dag.py for tasks to queue
[2025-10-03T19:23:53.018+0000] {logging_mixin.py:188} INFO - [2025-10-03T19:23:53.018+0000] {dagbag.py:545} INFO - Filling up the DagBag from /home/airflow/.local/lib/python3.12/site-packages/airflow/example_dags/example_skip_dag.py
[2025-10-03T19:23:53.026+0000] {processor.py:840} INFO - DAG(s) 'example_skip_dag' retrieved from /home/airflow/.local/lib/python3.12/site-packages/airflow/example_dags/example_skip_dag.py
[2025-10-03T19:23:53.051+0000] {logging_mixin.py:188} INFO - [2025-10-03T19:23:53.051+0000] {dag.py:3096} INFO - Sync 1 DAGs
[2025-10-03T19:23:53.074+0000] {logging_mixin.py:188} INFO - [2025-10-03T19:23:53.074+0000] {dag.py:3954} INFO - Setting next_dagrun for example_skip_dag to 2025-10-02 00:00:00+00:00, run_after=2025-10-03 00:00:00+00:00
[2025-10-03T19:23:53.095+0000] {processor.py:183} INFO - Processing /home/airflow/.local/lib/python3.12/site-packages/airflow/example_dags/example_skip_dag.py took 0.088 seconds
[2025-10-03T19:24:23.617+0000] {processor.py:161} INFO - Started process (PID=1116) to work on /home/airflow/.local/lib/python3.12/site-packages/airflow/example_dags/example_skip_dag.py
[2025-10-03T19:24:23.618+0000] {processor.py:830} INFO - Processing file /home/airflow/.local/lib/python3.12/site-packages/airflow/example_dags/example_skip_dag.py for tasks to queue
[2025-10-03T19:24:23.620+0000] {logging_mixin.py:188} INFO - [2025-10-03T19:24:23.620+0000] {dagbag.py:545} INFO - Filling up the DagBag from /home/airflow/.local/lib/python3.12/site-packages/airflow/example_dags/example_skip_dag.py
[2025-10-03T19:24:23.628+0000] {processor.py:840} INFO - DAG(s) 'example_skip_dag' retrieved from /home/airflow/.local/lib/python3.12/site-packages/airflow/example_dags/example_skip_dag.py
[2025-10-03T19:24:23.651+0000] {logging_mixin.py:188} INFO - [2025-10-03T19:24:23.651+0000] {dag.py:3096} INFO - Sync 1 DAGs
[2025-10-03T19:24:23.672+0000] {logging_mixin.py:188} INFO - [2025-10-03T19:24:23.672+0000] {dag.py:3954} INFO - Setting next_dagrun for example_skip_dag to 2025-10-02 00:00:00+00:00, run_after=2025-10-03 00:00:00+00:00
[2025-10-03T19:24:23.699+0000] {processor.py:183} INFO - Processing /home/airflow/.local/lib/python3.12/site-packages/airflow/example_dags/example_skip_dag.py took 0.088 seconds
[2025-10-03T19:24:54.160+0000] {processor.py:161} INFO - Started process (PID=1169) to work on /home/airflow/.local/lib/python3.12/site-packages/airflow/example_dags/example_skip_dag.py
[2025-10-03T19:24:54.161+0000] {processor.py:830} INFO - Processing file /home/airflow/.local/lib/python3.12/site-packages/airflow/example_dags/example_skip_dag.py for tasks to queue
[2025-10-03T19:24:54.164+0000] {logging_mixin.py:188} INFO - [2025-10-03T19:24:54.163+0000] {dagbag.py:545} INFO - Filling up the DagBag from /home/airflow/.local/lib/python3.12/site-packages/airflow/example_dags/example_skip_dag.py
[2025-10-03T19:24:54.171+0000] {processor.py:840} INFO - DAG(s) 'example_skip_dag' retrieved from /home/airflow/.local/lib/python3.12/site-packages/airflow/example_dags/example_skip_dag.py
[2025-10-03T19:24:54.194+0000] {logging_mixin.py:188} INFO - [2025-10-03T19:24:54.194+0000] {dag.py:3096} INFO - Sync 1 DAGs
[2025-10-03T19:24:54.215+0000] {logging_mixin.py:188} INFO - [2025-10-03T19:24:54.215+0000] {dag.py:3954} INFO - Setting next_dagrun for example_skip_dag to 2025-10-02 00:00:00+00:00, run_after=2025-10-03 00:00:00+00:00
[2025-10-03T19:24:54.241+0000] {processor.py:183} INFO - Processing /home/airflow/.local/lib/python3.12/site-packages/airflow/example_dags/example_skip_dag.py took 0.088 seconds
[2025-10-03T19:25:24.365+0000] {processor.py:161} INFO - Started process (PID=1226) to work on /home/airflow/.local/lib/python3.12/site-packages/airflow/example_dags/example_skip_dag.py
[2025-10-03T19:25:24.366+0000] {processor.py:830} INFO - Processing file /home/airflow/.local/lib/python3.12/site-packages/airflow/example_dags/example_skip_dag.py for tasks to queue
[2025-10-03T19:25:24.369+0000] {logging_mixin.py:188} INFO - [2025-10-03T19:25:24.368+0000] {dagbag.py:545} INFO - Filling up the DagBag from /home/airflow/.local/lib/python3.12/site-packages/airflow/example_dags/example_skip_dag.py
[2025-10-03T19:25:24.376+0000] {processor.py:840} INFO - DAG(s) 'example_skip_dag' retrieved from /home/airflow/.local/lib/python3.12/site-packages/airflow/example_dags/example_skip_dag.py
[2025-10-03T19:25:24.405+0000] {logging_mixin.py:188} INFO - [2025-10-03T19:25:24.405+0000] {dag.py:3096} INFO - Sync 1 DAGs
[2025-10-03T19:25:24.433+0000] {logging_mixin.py:188} INFO - [2025-10-03T19:25:24.432+0000] {dag.py:3954} INFO - Setting next_dagrun for example_skip_dag to 2025-10-02 00:00:00+00:00, run_after=2025-10-03 00:00:00+00:00
[2025-10-03T19:25:24.464+0000] {processor.py:183} INFO - Processing /home/airflow/.local/lib/python3.12/site-packages/airflow/example_dags/example_skip_dag.py took 0.106 seconds
[2025-10-03T19:25:54.653+0000] {processor.py:161} INFO - Started process (PID=1278) to work on /home/airflow/.local/lib/python3.12/site-packages/airflow/example_dags/example_skip_dag.py
[2025-10-03T19:25:54.654+0000] {processor.py:830} INFO - Processing file /home/airflow/.local/lib/python3.12/site-packages/airflow/example_dags/example_skip_dag.py for tasks to queue
[2025-10-03T19:25:54.656+0000] {logging_mixin.py:188} INFO - [2025-10-03T19:25:54.656+0000] {dagbag.py:545} INFO - Filling up the DagBag from /home/airflow/.local/lib/python3.12/site-packages/airflow/example_dags/example_skip_dag.py
[2025-10-03T19:25:54.663+0000] {processor.py:840} INFO - DAG(s) 'example_skip_dag' retrieved from /home/airflow/.local/lib/python3.12/site-packages/airflow/example_dags/example_skip_dag.py
[2025-10-03T19:25:54.685+0000] {logging_mixin.py:188} INFO - [2025-10-03T19:25:54.685+0000] {dag.py:3096} INFO - Sync 1 DAGs
[2025-10-03T19:25:54.707+0000] {logging_mixin.py:188} INFO - [2025-10-03T19:25:54.707+0000] {dag.py:3954} INFO - Setting next_dagrun for example_skip_dag to 2025-10-02 00:00:00+00:00, run_after=2025-10-03 00:00:00+00:00
[2025-10-03T19:25:54.732+0000] {processor.py:183} INFO - Processing /home/airflow/.local/lib/python3.12/site-packages/airflow/example_dags/example_skip_dag.py took 0.085 seconds
