[2025-10-03T19:14:39.583+0000] {processor.py:161} INFO - Started process (PID=45) to work on /home/airflow/.local/lib/python3.12/site-packages/airflow/example_dags/example_short_circuit_decorator.py
[2025-10-03T19:14:39.586+0000] {processor.py:830} INFO - Processing file /home/airflow/.local/lib/python3.12/site-packages/airflow/example_dags/example_short_circuit_decorator.py for tasks to queue
[2025-10-03T19:14:39.590+0000] {logging_mixin.py:188} INFO - [2025-10-03T19:14:39.589+0000] {dagbag.py:545} INFO - Filling up the DagBag from /home/airflow/.local/lib/python3.12/site-packages/airflow/example_dags/example_short_circuit_decorator.py
[2025-10-03T19:14:39.617+0000] {processor.py:840} INFO - DAG(s) 'example_short_circuit_decorator' retrieved from /home/airflow/.local/lib/python3.12/site-packages/airflow/example_dags/example_short_circuit_decorator.py
[2025-10-03T19:14:39.644+0000] {logging_mixin.py:188} INFO - [2025-10-03T19:14:39.643+0000] {dag.py:3096} INFO - Sync 1 DAGs
[2025-10-03T19:14:39.690+0000] {logging_mixin.py:188} INFO - [2025-10-03T19:14:39.689+0000] {dag.py:3954} INFO - Setting next_dagrun for example_short_circuit_decorator to 2025-10-02 00:00:00+00:00, run_after=2025-10-03 00:00:00+00:00
[2025-10-03T19:14:39.725+0000] {processor.py:183} INFO - Processing /home/airflow/.local/lib/python3.12/site-packages/airflow/example_dags/example_short_circuit_decorator.py took 0.156 seconds
[2025-10-03T19:15:10.802+0000] {processor.py:161} INFO - Started process (PID=98) to work on /home/airflow/.local/lib/python3.12/site-packages/airflow/example_dags/example_short_circuit_decorator.py
[2025-10-03T19:15:10.805+0000] {processor.py:830} INFO - Processing file /home/airflow/.local/lib/python3.12/site-packages/airflow/example_dags/example_short_circuit_decorator.py for tasks to queue
[2025-10-03T19:15:10.808+0000] {logging_mixin.py:188} INFO - [2025-10-03T19:15:10.807+0000] {dagbag.py:545} INFO - Filling up the DagBag from /home/airflow/.local/lib/python3.12/site-packages/airflow/example_dags/example_short_circuit_decorator.py
[2025-10-03T19:15:10.823+0000] {processor.py:840} INFO - DAG(s) 'example_short_circuit_decorator' retrieved from /home/airflow/.local/lib/python3.12/site-packages/airflow/example_dags/example_short_circuit_decorator.py
[2025-10-03T19:15:11.000+0000] {logging_mixin.py:188} INFO - [2025-10-03T19:15:10.999+0000] {dag.py:3096} INFO - Sync 1 DAGs
[2025-10-03T19:15:11.042+0000] {logging_mixin.py:188} INFO - [2025-10-03T19:15:11.042+0000] {dag.py:3954} INFO - Setting next_dagrun for example_short_circuit_decorator to 2025-10-02 00:00:00+00:00, run_after=2025-10-03 00:00:00+00:00
[2025-10-03T19:15:11.086+0000] {processor.py:183} INFO - Processing /home/airflow/.local/lib/python3.12/site-packages/airflow/example_dags/example_short_circuit_decorator.py took 0.293 seconds
[2025-10-03T19:15:41.426+0000] {processor.py:161} INFO - Started process (PID=155) to work on /home/airflow/.local/lib/python3.12/site-packages/airflow/example_dags/example_short_circuit_decorator.py
[2025-10-03T19:15:41.431+0000] {processor.py:830} INFO - Processing file /home/airflow/.local/lib/python3.12/site-packages/airflow/example_dags/example_short_circuit_decorator.py for tasks to queue
[2025-10-03T19:15:41.439+0000] {logging_mixin.py:188} INFO - [2025-10-03T19:15:41.438+0000] {dagbag.py:545} INFO - Filling up the DagBag from /home/airflow/.local/lib/python3.12/site-packages/airflow/example_dags/example_short_circuit_decorator.py
[2025-10-03T19:15:41.479+0000] {processor.py:840} INFO - DAG(s) 'example_short_circuit_decorator' retrieved from /home/airflow/.local/lib/python3.12/site-packages/airflow/example_dags/example_short_circuit_decorator.py
[2025-10-03T19:15:41.538+0000] {logging_mixin.py:188} INFO - [2025-10-03T19:15:41.537+0000] {dag.py:3096} INFO - Sync 1 DAGs
[2025-10-03T19:15:41.585+0000] {logging_mixin.py:188} INFO - [2025-10-03T19:15:41.585+0000] {dag.py:3954} INFO - Setting next_dagrun for example_short_circuit_decorator to 2025-10-02 00:00:00+00:00, run_after=2025-10-03 00:00:00+00:00
[2025-10-03T19:15:41.621+0000] {processor.py:183} INFO - Processing /home/airflow/.local/lib/python3.12/site-packages/airflow/example_dags/example_short_circuit_decorator.py took 0.224 seconds
[2025-10-03T19:16:12.642+0000] {processor.py:161} INFO - Started process (PID=211) to work on /home/airflow/.local/lib/python3.12/site-packages/airflow/example_dags/example_short_circuit_decorator.py
[2025-10-03T19:16:12.643+0000] {processor.py:830} INFO - Processing file /home/airflow/.local/lib/python3.12/site-packages/airflow/example_dags/example_short_circuit_decorator.py for tasks to queue
[2025-10-03T19:16:12.646+0000] {logging_mixin.py:188} INFO - [2025-10-03T19:16:12.646+0000] {dagbag.py:545} INFO - Filling up the DagBag from /home/airflow/.local/lib/python3.12/site-packages/airflow/example_dags/example_short_circuit_decorator.py
[2025-10-03T19:16:12.660+0000] {processor.py:840} INFO - DAG(s) 'example_short_circuit_decorator' retrieved from /home/airflow/.local/lib/python3.12/site-packages/airflow/example_dags/example_short_circuit_decorator.py
[2025-10-03T19:16:12.706+0000] {logging_mixin.py:188} INFO - [2025-10-03T19:16:12.705+0000] {dag.py:3096} INFO - Sync 1 DAGs
[2025-10-03T19:16:12.756+0000] {logging_mixin.py:188} INFO - [2025-10-03T19:16:12.756+0000] {dag.py:3954} INFO - Setting next_dagrun for example_short_circuit_decorator to 2025-10-02 00:00:00+00:00, run_after=2025-10-03 00:00:00+00:00
[2025-10-03T19:16:12.792+0000] {processor.py:183} INFO - Processing /home/airflow/.local/lib/python3.12/site-packages/airflow/example_dags/example_short_circuit_decorator.py took 0.160 seconds
[2025-10-03T19:16:42.829+0000] {processor.py:161} INFO - Started process (PID=267) to work on /home/airflow/.local/lib/python3.12/site-packages/airflow/example_dags/example_short_circuit_decorator.py
[2025-10-03T19:16:42.830+0000] {processor.py:830} INFO - Processing file /home/airflow/.local/lib/python3.12/site-packages/airflow/example_dags/example_short_circuit_decorator.py for tasks to queue
[2025-10-03T19:16:42.833+0000] {logging_mixin.py:188} INFO - [2025-10-03T19:16:42.833+0000] {dagbag.py:545} INFO - Filling up the DagBag from /home/airflow/.local/lib/python3.12/site-packages/airflow/example_dags/example_short_circuit_decorator.py
[2025-10-03T19:16:42.844+0000] {processor.py:840} INFO - DAG(s) 'example_short_circuit_decorator' retrieved from /home/airflow/.local/lib/python3.12/site-packages/airflow/example_dags/example_short_circuit_decorator.py
[2025-10-03T19:16:42.878+0000] {logging_mixin.py:188} INFO - [2025-10-03T19:16:42.877+0000] {dag.py:3096} INFO - Sync 1 DAGs
[2025-10-03T19:16:42.907+0000] {logging_mixin.py:188} INFO - [2025-10-03T19:16:42.907+0000] {dag.py:3954} INFO - Setting next_dagrun for example_short_circuit_decorator to 2025-10-02 00:00:00+00:00, run_after=2025-10-03 00:00:00+00:00
[2025-10-03T19:16:42.943+0000] {processor.py:183} INFO - Processing /home/airflow/.local/lib/python3.12/site-packages/airflow/example_dags/example_short_circuit_decorator.py took 0.121 seconds
[2025-10-03T19:17:13.247+0000] {processor.py:161} INFO - Started process (PID=321) to work on /home/airflow/.local/lib/python3.12/site-packages/airflow/example_dags/example_short_circuit_decorator.py
[2025-10-03T19:17:13.248+0000] {processor.py:830} INFO - Processing file /home/airflow/.local/lib/python3.12/site-packages/airflow/example_dags/example_short_circuit_decorator.py for tasks to queue
[2025-10-03T19:17:13.251+0000] {logging_mixin.py:188} INFO - [2025-10-03T19:17:13.251+0000] {dagbag.py:545} INFO - Filling up the DagBag from /home/airflow/.local/lib/python3.12/site-packages/airflow/example_dags/example_short_circuit_decorator.py
[2025-10-03T19:17:13.267+0000] {processor.py:840} INFO - DAG(s) 'example_short_circuit_decorator' retrieved from /home/airflow/.local/lib/python3.12/site-packages/airflow/example_dags/example_short_circuit_decorator.py
[2025-10-03T19:17:13.310+0000] {logging_mixin.py:188} INFO - [2025-10-03T19:17:13.310+0000] {dag.py:3096} INFO - Sync 1 DAGs
[2025-10-03T19:17:13.349+0000] {logging_mixin.py:188} INFO - [2025-10-03T19:17:13.348+0000] {dag.py:3954} INFO - Setting next_dagrun for example_short_circuit_decorator to 2025-10-02 00:00:00+00:00, run_after=2025-10-03 00:00:00+00:00
[2025-10-03T19:17:13.387+0000] {processor.py:183} INFO - Processing /home/airflow/.local/lib/python3.12/site-packages/airflow/example_dags/example_short_circuit_decorator.py took 0.151 seconds
[2025-10-03T19:17:44.359+0000] {processor.py:161} INFO - Started process (PID=380) to work on /home/airflow/.local/lib/python3.12/site-packages/airflow/example_dags/example_short_circuit_decorator.py
[2025-10-03T19:17:44.361+0000] {processor.py:830} INFO - Processing file /home/airflow/.local/lib/python3.12/site-packages/airflow/example_dags/example_short_circuit_decorator.py for tasks to queue
[2025-10-03T19:17:44.363+0000] {logging_mixin.py:188} INFO - [2025-10-03T19:17:44.363+0000] {dagbag.py:545} INFO - Filling up the DagBag from /home/airflow/.local/lib/python3.12/site-packages/airflow/example_dags/example_short_circuit_decorator.py
[2025-10-03T19:17:44.376+0000] {processor.py:840} INFO - DAG(s) 'example_short_circuit_decorator' retrieved from /home/airflow/.local/lib/python3.12/site-packages/airflow/example_dags/example_short_circuit_decorator.py
[2025-10-03T19:17:44.409+0000] {logging_mixin.py:188} INFO - [2025-10-03T19:17:44.409+0000] {dag.py:3096} INFO - Sync 1 DAGs
[2025-10-03T19:17:44.442+0000] {logging_mixin.py:188} INFO - [2025-10-03T19:17:44.441+0000] {dag.py:3954} INFO - Setting next_dagrun for example_short_circuit_decorator to 2025-10-02 00:00:00+00:00, run_after=2025-10-03 00:00:00+00:00
[2025-10-03T19:17:44.480+0000] {processor.py:183} INFO - Processing /home/airflow/.local/lib/python3.12/site-packages/airflow/example_dags/example_short_circuit_decorator.py took 0.128 seconds
[2025-10-03T19:18:14.996+0000] {processor.py:161} INFO - Started process (PID=436) to work on /home/airflow/.local/lib/python3.12/site-packages/airflow/example_dags/example_short_circuit_decorator.py
[2025-10-03T19:18:14.997+0000] {processor.py:830} INFO - Processing file /home/airflow/.local/lib/python3.12/site-packages/airflow/example_dags/example_short_circuit_decorator.py for tasks to queue
[2025-10-03T19:18:15.000+0000] {logging_mixin.py:188} INFO - [2025-10-03T19:18:14.999+0000] {dagbag.py:545} INFO - Filling up the DagBag from /home/airflow/.local/lib/python3.12/site-packages/airflow/example_dags/example_short_circuit_decorator.py
[2025-10-03T19:18:15.012+0000] {processor.py:840} INFO - DAG(s) 'example_short_circuit_decorator' retrieved from /home/airflow/.local/lib/python3.12/site-packages/airflow/example_dags/example_short_circuit_decorator.py
[2025-10-03T19:18:15.046+0000] {logging_mixin.py:188} INFO - [2025-10-03T19:18:15.045+0000] {dag.py:3096} INFO - Sync 1 DAGs
[2025-10-03T19:18:15.076+0000] {logging_mixin.py:188} INFO - [2025-10-03T19:18:15.076+0000] {dag.py:3954} INFO - Setting next_dagrun for example_short_circuit_decorator to 2025-10-02 00:00:00+00:00, run_after=2025-10-03 00:00:00+00:00
[2025-10-03T19:18:15.112+0000] {processor.py:183} INFO - Processing /home/airflow/.local/lib/python3.12/site-packages/airflow/example_dags/example_short_circuit_decorator.py took 0.123 seconds
[2025-10-03T19:18:45.263+0000] {processor.py:161} INFO - Started process (PID=496) to work on /home/airflow/.local/lib/python3.12/site-packages/airflow/example_dags/example_short_circuit_decorator.py
[2025-10-03T19:18:45.265+0000] {processor.py:830} INFO - Processing file /home/airflow/.local/lib/python3.12/site-packages/airflow/example_dags/example_short_circuit_decorator.py for tasks to queue
[2025-10-03T19:18:45.269+0000] {logging_mixin.py:188} INFO - [2025-10-03T19:18:45.268+0000] {dagbag.py:545} INFO - Filling up the DagBag from /home/airflow/.local/lib/python3.12/site-packages/airflow/example_dags/example_short_circuit_decorator.py
[2025-10-03T19:18:45.280+0000] {processor.py:840} INFO - DAG(s) 'example_short_circuit_decorator' retrieved from /home/airflow/.local/lib/python3.12/site-packages/airflow/example_dags/example_short_circuit_decorator.py
[2025-10-03T19:18:45.310+0000] {logging_mixin.py:188} INFO - [2025-10-03T19:18:45.309+0000] {dag.py:3096} INFO - Sync 1 DAGs
[2025-10-03T19:18:45.341+0000] {logging_mixin.py:188} INFO - [2025-10-03T19:18:45.341+0000] {dag.py:3954} INFO - Setting next_dagrun for example_short_circuit_decorator to 2025-10-02 00:00:00+00:00, run_after=2025-10-03 00:00:00+00:00
[2025-10-03T19:18:45.368+0000] {processor.py:183} INFO - Processing /home/airflow/.local/lib/python3.12/site-packages/airflow/example_dags/example_short_circuit_decorator.py took 0.112 seconds
[2025-10-03T19:19:15.552+0000] {processor.py:161} INFO - Started process (PID=553) to work on /home/airflow/.local/lib/python3.12/site-packages/airflow/example_dags/example_short_circuit_decorator.py
[2025-10-03T19:19:15.554+0000] {processor.py:830} INFO - Processing file /home/airflow/.local/lib/python3.12/site-packages/airflow/example_dags/example_short_circuit_decorator.py for tasks to queue
[2025-10-03T19:19:15.558+0000] {logging_mixin.py:188} INFO - [2025-10-03T19:19:15.557+0000] {dagbag.py:545} INFO - Filling up the DagBag from /home/airflow/.local/lib/python3.12/site-packages/airflow/example_dags/example_short_circuit_decorator.py
[2025-10-03T19:19:15.572+0000] {processor.py:840} INFO - DAG(s) 'example_short_circuit_decorator' retrieved from /home/airflow/.local/lib/python3.12/site-packages/airflow/example_dags/example_short_circuit_decorator.py
[2025-10-03T19:19:15.603+0000] {logging_mixin.py:188} INFO - [2025-10-03T19:19:15.603+0000] {dag.py:3096} INFO - Sync 1 DAGs
[2025-10-03T19:19:15.631+0000] {logging_mixin.py:188} INFO - [2025-10-03T19:19:15.631+0000] {dag.py:3954} INFO - Setting next_dagrun for example_short_circuit_decorator to 2025-10-02 00:00:00+00:00, run_after=2025-10-03 00:00:00+00:00
[2025-10-03T19:19:15.661+0000] {processor.py:183} INFO - Processing /home/airflow/.local/lib/python3.12/site-packages/airflow/example_dags/example_short_circuit_decorator.py took 0.120 seconds
[2025-10-03T19:19:45.960+0000] {processor.py:161} INFO - Started process (PID=606) to work on /home/airflow/.local/lib/python3.12/site-packages/airflow/example_dags/example_short_circuit_decorator.py
[2025-10-03T19:19:45.962+0000] {processor.py:830} INFO - Processing file /home/airflow/.local/lib/python3.12/site-packages/airflow/example_dags/example_short_circuit_decorator.py for tasks to queue
[2025-10-03T19:19:45.964+0000] {logging_mixin.py:188} INFO - [2025-10-03T19:19:45.963+0000] {dagbag.py:545} INFO - Filling up the DagBag from /home/airflow/.local/lib/python3.12/site-packages/airflow/example_dags/example_short_circuit_decorator.py
[2025-10-03T19:19:45.974+0000] {processor.py:840} INFO - DAG(s) 'example_short_circuit_decorator' retrieved from /home/airflow/.local/lib/python3.12/site-packages/airflow/example_dags/example_short_circuit_decorator.py
[2025-10-03T19:19:46.002+0000] {logging_mixin.py:188} INFO - [2025-10-03T19:19:46.002+0000] {dag.py:3096} INFO - Sync 1 DAGs
[2025-10-03T19:19:46.029+0000] {logging_mixin.py:188} INFO - [2025-10-03T19:19:46.028+0000] {dag.py:3954} INFO - Setting next_dagrun for example_short_circuit_decorator to 2025-10-02 00:00:00+00:00, run_after=2025-10-03 00:00:00+00:00
[2025-10-03T19:19:46.059+0000] {processor.py:183} INFO - Processing /home/airflow/.local/lib/python3.12/site-packages/airflow/example_dags/example_short_circuit_decorator.py took 0.106 seconds
[2025-10-03T19:20:16.645+0000] {processor.py:161} INFO - Started process (PID=664) to work on /home/airflow/.local/lib/python3.12/site-packages/airflow/example_dags/example_short_circuit_decorator.py
[2025-10-03T19:20:16.647+0000] {processor.py:830} INFO - Processing file /home/airflow/.local/lib/python3.12/site-packages/airflow/example_dags/example_short_circuit_decorator.py for tasks to queue
[2025-10-03T19:20:16.649+0000] {logging_mixin.py:188} INFO - [2025-10-03T19:20:16.649+0000] {dagbag.py:545} INFO - Filling up the DagBag from /home/airflow/.local/lib/python3.12/site-packages/airflow/example_dags/example_short_circuit_decorator.py
[2025-10-03T19:20:16.661+0000] {processor.py:840} INFO - DAG(s) 'example_short_circuit_decorator' retrieved from /home/airflow/.local/lib/python3.12/site-packages/airflow/example_dags/example_short_circuit_decorator.py
[2025-10-03T19:20:16.694+0000] {logging_mixin.py:188} INFO - [2025-10-03T19:20:16.693+0000] {dag.py:3096} INFO - Sync 1 DAGs
[2025-10-03T19:20:16.727+0000] {logging_mixin.py:188} INFO - [2025-10-03T19:20:16.727+0000] {dag.py:3954} INFO - Setting next_dagrun for example_short_circuit_decorator to 2025-10-02 00:00:00+00:00, run_after=2025-10-03 00:00:00+00:00
[2025-10-03T19:20:16.760+0000] {processor.py:183} INFO - Processing /home/airflow/.local/lib/python3.12/site-packages/airflow/example_dags/example_short_circuit_decorator.py took 0.121 seconds
[2025-10-03T19:20:46.985+0000] {processor.py:161} INFO - Started process (PID=716) to work on /home/airflow/.local/lib/python3.12/site-packages/airflow/example_dags/example_short_circuit_decorator.py
[2025-10-03T19:20:46.987+0000] {processor.py:830} INFO - Processing file /home/airflow/.local/lib/python3.12/site-packages/airflow/example_dags/example_short_circuit_decorator.py for tasks to queue
[2025-10-03T19:20:46.989+0000] {logging_mixin.py:188} INFO - [2025-10-03T19:20:46.989+0000] {dagbag.py:545} INFO - Filling up the DagBag from /home/airflow/.local/lib/python3.12/site-packages/airflow/example_dags/example_short_circuit_decorator.py
[2025-10-03T19:20:47.000+0000] {processor.py:840} INFO - DAG(s) 'example_short_circuit_decorator' retrieved from /home/airflow/.local/lib/python3.12/site-packages/airflow/example_dags/example_short_circuit_decorator.py
[2025-10-03T19:20:47.035+0000] {logging_mixin.py:188} INFO - [2025-10-03T19:20:47.034+0000] {dag.py:3096} INFO - Sync 1 DAGs
[2025-10-03T19:20:47.079+0000] {logging_mixin.py:188} INFO - [2025-10-03T19:20:47.079+0000] {dag.py:3954} INFO - Setting next_dagrun for example_short_circuit_decorator to 2025-10-02 00:00:00+00:00, run_after=2025-10-03 00:00:00+00:00
[2025-10-03T19:20:47.113+0000] {processor.py:183} INFO - Processing /home/airflow/.local/lib/python3.12/site-packages/airflow/example_dags/example_short_circuit_decorator.py took 0.135 seconds
[2025-10-03T19:21:17.295+0000] {processor.py:161} INFO - Started process (PID=773) to work on /home/airflow/.local/lib/python3.12/site-packages/airflow/example_dags/example_short_circuit_decorator.py
[2025-10-03T19:21:17.296+0000] {processor.py:830} INFO - Processing file /home/airflow/.local/lib/python3.12/site-packages/airflow/example_dags/example_short_circuit_decorator.py for tasks to queue
[2025-10-03T19:21:17.298+0000] {logging_mixin.py:188} INFO - [2025-10-03T19:21:17.298+0000] {dagbag.py:545} INFO - Filling up the DagBag from /home/airflow/.local/lib/python3.12/site-packages/airflow/example_dags/example_short_circuit_decorator.py
[2025-10-03T19:21:17.308+0000] {processor.py:840} INFO - DAG(s) 'example_short_circuit_decorator' retrieved from /home/airflow/.local/lib/python3.12/site-packages/airflow/example_dags/example_short_circuit_decorator.py
[2025-10-03T19:21:17.335+0000] {logging_mixin.py:188} INFO - [2025-10-03T19:21:17.334+0000] {dag.py:3096} INFO - Sync 1 DAGs
[2025-10-03T19:21:17.361+0000] {logging_mixin.py:188} INFO - [2025-10-03T19:21:17.360+0000] {dag.py:3954} INFO - Setting next_dagrun for example_short_circuit_decorator to 2025-10-02 00:00:00+00:00, run_after=2025-10-03 00:00:00+00:00
[2025-10-03T19:21:17.385+0000] {processor.py:183} INFO - Processing /home/airflow/.local/lib/python3.12/site-packages/airflow/example_dags/example_short_circuit_decorator.py took 0.096 seconds
[2025-10-03T19:21:47.631+0000] {processor.py:161} INFO - Started process (PID=826) to work on /home/airflow/.local/lib/python3.12/site-packages/airflow/example_dags/example_short_circuit_decorator.py
[2025-10-03T19:21:47.633+0000] {processor.py:830} INFO - Processing file /home/airflow/.local/lib/python3.12/site-packages/airflow/example_dags/example_short_circuit_decorator.py for tasks to queue
[2025-10-03T19:21:47.635+0000] {logging_mixin.py:188} INFO - [2025-10-03T19:21:47.634+0000] {dagbag.py:545} INFO - Filling up the DagBag from /home/airflow/.local/lib/python3.12/site-packages/airflow/example_dags/example_short_circuit_decorator.py
[2025-10-03T19:21:47.644+0000] {processor.py:840} INFO - DAG(s) 'example_short_circuit_decorator' retrieved from /home/airflow/.local/lib/python3.12/site-packages/airflow/example_dags/example_short_circuit_decorator.py
[2025-10-03T19:21:47.671+0000] {logging_mixin.py:188} INFO - [2025-10-03T19:21:47.670+0000] {dag.py:3096} INFO - Sync 1 DAGs
[2025-10-03T19:21:47.696+0000] {logging_mixin.py:188} INFO - [2025-10-03T19:21:47.696+0000] {dag.py:3954} INFO - Setting next_dagrun for example_short_circuit_decorator to 2025-10-02 00:00:00+00:00, run_after=2025-10-03 00:00:00+00:00
[2025-10-03T19:21:47.718+0000] {processor.py:183} INFO - Processing /home/airflow/.local/lib/python3.12/site-packages/airflow/example_dags/example_short_circuit_decorator.py took 0.094 seconds
[2025-10-03T19:22:17.903+0000] {processor.py:161} INFO - Started process (PID=883) to work on /home/airflow/.local/lib/python3.12/site-packages/airflow/example_dags/example_short_circuit_decorator.py
[2025-10-03T19:22:17.905+0000] {processor.py:830} INFO - Processing file /home/airflow/.local/lib/python3.12/site-packages/airflow/example_dags/example_short_circuit_decorator.py for tasks to queue
[2025-10-03T19:22:17.907+0000] {logging_mixin.py:188} INFO - [2025-10-03T19:22:17.906+0000] {dagbag.py:545} INFO - Filling up the DagBag from /home/airflow/.local/lib/python3.12/site-packages/airflow/example_dags/example_short_circuit_decorator.py
[2025-10-03T19:22:17.916+0000] {processor.py:840} INFO - DAG(s) 'example_short_circuit_decorator' retrieved from /home/airflow/.local/lib/python3.12/site-packages/airflow/example_dags/example_short_circuit_decorator.py
[2025-10-03T19:22:17.942+0000] {logging_mixin.py:188} INFO - [2025-10-03T19:22:17.942+0000] {dag.py:3096} INFO - Sync 1 DAGs
[2025-10-03T19:22:17.966+0000] {logging_mixin.py:188} INFO - [2025-10-03T19:22:17.966+0000] {dag.py:3954} INFO - Setting next_dagrun for example_short_circuit_decorator to 2025-10-02 00:00:00+00:00, run_after=2025-10-03 00:00:00+00:00
[2025-10-03T19:22:17.994+0000] {processor.py:183} INFO - Processing /home/airflow/.local/lib/python3.12/site-packages/airflow/example_dags/example_short_circuit_decorator.py took 0.097 seconds
[2025-10-03T19:22:48.428+0000] {processor.py:161} INFO - Started process (PID=936) to work on /home/airflow/.local/lib/python3.12/site-packages/airflow/example_dags/example_short_circuit_decorator.py
[2025-10-03T19:22:48.429+0000] {processor.py:830} INFO - Processing file /home/airflow/.local/lib/python3.12/site-packages/airflow/example_dags/example_short_circuit_decorator.py for tasks to queue
[2025-10-03T19:22:48.433+0000] {logging_mixin.py:188} INFO - [2025-10-03T19:22:48.432+0000] {dagbag.py:545} INFO - Filling up the DagBag from /home/airflow/.local/lib/python3.12/site-packages/airflow/example_dags/example_short_circuit_decorator.py
[2025-10-03T19:22:48.450+0000] {processor.py:840} INFO - DAG(s) 'example_short_circuit_decorator' retrieved from /home/airflow/.local/lib/python3.12/site-packages/airflow/example_dags/example_short_circuit_decorator.py
[2025-10-03T19:22:48.485+0000] {logging_mixin.py:188} INFO - [2025-10-03T19:22:48.485+0000] {dag.py:3096} INFO - Sync 1 DAGs
[2025-10-03T19:22:48.515+0000] {logging_mixin.py:188} INFO - [2025-10-03T19:22:48.515+0000] {dag.py:3954} INFO - Setting next_dagrun for example_short_circuit_decorator to 2025-10-02 00:00:00+00:00, run_after=2025-10-03 00:00:00+00:00
[2025-10-03T19:22:48.544+0000] {processor.py:183} INFO - Processing /home/airflow/.local/lib/python3.12/site-packages/airflow/example_dags/example_short_circuit_decorator.py took 0.125 seconds
[2025-10-03T19:23:19.057+0000] {processor.py:161} INFO - Started process (PID=993) to work on /home/airflow/.local/lib/python3.12/site-packages/airflow/example_dags/example_short_circuit_decorator.py
[2025-10-03T19:23:19.058+0000] {processor.py:830} INFO - Processing file /home/airflow/.local/lib/python3.12/site-packages/airflow/example_dags/example_short_circuit_decorator.py for tasks to queue
[2025-10-03T19:23:19.061+0000] {logging_mixin.py:188} INFO - [2025-10-03T19:23:19.060+0000] {dagbag.py:545} INFO - Filling up the DagBag from /home/airflow/.local/lib/python3.12/site-packages/airflow/example_dags/example_short_circuit_decorator.py
[2025-10-03T19:23:19.072+0000] {processor.py:840} INFO - DAG(s) 'example_short_circuit_decorator' retrieved from /home/airflow/.local/lib/python3.12/site-packages/airflow/example_dags/example_short_circuit_decorator.py
[2025-10-03T19:23:19.102+0000] {logging_mixin.py:188} INFO - [2025-10-03T19:23:19.102+0000] {dag.py:3096} INFO - Sync 1 DAGs
[2025-10-03T19:23:19.133+0000] {logging_mixin.py:188} INFO - [2025-10-03T19:23:19.133+0000] {dag.py:3954} INFO - Setting next_dagrun for example_short_circuit_decorator to 2025-10-02 00:00:00+00:00, run_after=2025-10-03 00:00:00+00:00
[2025-10-03T19:23:19.166+0000] {processor.py:183} INFO - Processing /home/airflow/.local/lib/python3.12/site-packages/airflow/example_dags/example_short_circuit_decorator.py took 0.117 seconds
[2025-10-03T19:23:49.234+0000] {processor.py:161} INFO - Started process (PID=1046) to work on /home/airflow/.local/lib/python3.12/site-packages/airflow/example_dags/example_short_circuit_decorator.py
[2025-10-03T19:23:49.235+0000] {processor.py:830} INFO - Processing file /home/airflow/.local/lib/python3.12/site-packages/airflow/example_dags/example_short_circuit_decorator.py for tasks to queue
[2025-10-03T19:23:49.237+0000] {logging_mixin.py:188} INFO - [2025-10-03T19:23:49.237+0000] {dagbag.py:545} INFO - Filling up the DagBag from /home/airflow/.local/lib/python3.12/site-packages/airflow/example_dags/example_short_circuit_decorator.py
[2025-10-03T19:23:49.248+0000] {processor.py:840} INFO - DAG(s) 'example_short_circuit_decorator' retrieved from /home/airflow/.local/lib/python3.12/site-packages/airflow/example_dags/example_short_circuit_decorator.py
[2025-10-03T19:23:49.276+0000] {logging_mixin.py:188} INFO - [2025-10-03T19:23:49.275+0000] {dag.py:3096} INFO - Sync 1 DAGs
[2025-10-03T19:23:49.301+0000] {logging_mixin.py:188} INFO - [2025-10-03T19:23:49.301+0000] {dag.py:3954} INFO - Setting next_dagrun for example_short_circuit_decorator to 2025-10-02 00:00:00+00:00, run_after=2025-10-03 00:00:00+00:00
[2025-10-03T19:23:49.330+0000] {processor.py:183} INFO - Processing /home/airflow/.local/lib/python3.12/site-packages/airflow/example_dags/example_short_circuit_decorator.py took 0.104 seconds
[2025-10-03T19:24:19.767+0000] {processor.py:161} INFO - Started process (PID=1103) to work on /home/airflow/.local/lib/python3.12/site-packages/airflow/example_dags/example_short_circuit_decorator.py
[2025-10-03T19:24:19.769+0000] {processor.py:830} INFO - Processing file /home/airflow/.local/lib/python3.12/site-packages/airflow/example_dags/example_short_circuit_decorator.py for tasks to queue
[2025-10-03T19:24:19.771+0000] {logging_mixin.py:188} INFO - [2025-10-03T19:24:19.770+0000] {dagbag.py:545} INFO - Filling up the DagBag from /home/airflow/.local/lib/python3.12/site-packages/airflow/example_dags/example_short_circuit_decorator.py
[2025-10-03T19:24:19.782+0000] {processor.py:840} INFO - DAG(s) 'example_short_circuit_decorator' retrieved from /home/airflow/.local/lib/python3.12/site-packages/airflow/example_dags/example_short_circuit_decorator.py
[2025-10-03T19:24:19.808+0000] {logging_mixin.py:188} INFO - [2025-10-03T19:24:19.808+0000] {dag.py:3096} INFO - Sync 1 DAGs
[2025-10-03T19:24:19.837+0000] {logging_mixin.py:188} INFO - [2025-10-03T19:24:19.836+0000] {dag.py:3954} INFO - Setting next_dagrun for example_short_circuit_decorator to 2025-10-02 00:00:00+00:00, run_after=2025-10-03 00:00:00+00:00
[2025-10-03T19:24:19.869+0000] {processor.py:183} INFO - Processing /home/airflow/.local/lib/python3.12/site-packages/airflow/example_dags/example_short_circuit_decorator.py took 0.108 seconds
[2025-10-03T19:24:50.165+0000] {processor.py:161} INFO - Started process (PID=1156) to work on /home/airflow/.local/lib/python3.12/site-packages/airflow/example_dags/example_short_circuit_decorator.py
[2025-10-03T19:24:50.167+0000] {processor.py:830} INFO - Processing file /home/airflow/.local/lib/python3.12/site-packages/airflow/example_dags/example_short_circuit_decorator.py for tasks to queue
[2025-10-03T19:24:50.169+0000] {logging_mixin.py:188} INFO - [2025-10-03T19:24:50.169+0000] {dagbag.py:545} INFO - Filling up the DagBag from /home/airflow/.local/lib/python3.12/site-packages/airflow/example_dags/example_short_circuit_decorator.py
[2025-10-03T19:24:50.179+0000] {processor.py:840} INFO - DAG(s) 'example_short_circuit_decorator' retrieved from /home/airflow/.local/lib/python3.12/site-packages/airflow/example_dags/example_short_circuit_decorator.py
[2025-10-03T19:24:50.205+0000] {logging_mixin.py:188} INFO - [2025-10-03T19:24:50.204+0000] {dag.py:3096} INFO - Sync 1 DAGs
[2025-10-03T19:24:50.233+0000] {logging_mixin.py:188} INFO - [2025-10-03T19:24:50.233+0000] {dag.py:3954} INFO - Setting next_dagrun for example_short_circuit_decorator to 2025-10-02 00:00:00+00:00, run_after=2025-10-03 00:00:00+00:00
[2025-10-03T19:24:50.262+0000] {processor.py:183} INFO - Processing /home/airflow/.local/lib/python3.12/site-packages/airflow/example_dags/example_short_circuit_decorator.py took 0.104 seconds
[2025-10-03T19:25:20.376+0000] {processor.py:161} INFO - Started process (PID=1213) to work on /home/airflow/.local/lib/python3.12/site-packages/airflow/example_dags/example_short_circuit_decorator.py
[2025-10-03T19:25:20.378+0000] {processor.py:830} INFO - Processing file /home/airflow/.local/lib/python3.12/site-packages/airflow/example_dags/example_short_circuit_decorator.py for tasks to queue
[2025-10-03T19:25:20.380+0000] {logging_mixin.py:188} INFO - [2025-10-03T19:25:20.379+0000] {dagbag.py:545} INFO - Filling up the DagBag from /home/airflow/.local/lib/python3.12/site-packages/airflow/example_dags/example_short_circuit_decorator.py
[2025-10-03T19:25:20.390+0000] {processor.py:840} INFO - DAG(s) 'example_short_circuit_decorator' retrieved from /home/airflow/.local/lib/python3.12/site-packages/airflow/example_dags/example_short_circuit_decorator.py
[2025-10-03T19:25:20.415+0000] {logging_mixin.py:188} INFO - [2025-10-03T19:25:20.414+0000] {dag.py:3096} INFO - Sync 1 DAGs
[2025-10-03T19:25:20.439+0000] {logging_mixin.py:188} INFO - [2025-10-03T19:25:20.439+0000] {dag.py:3954} INFO - Setting next_dagrun for example_short_circuit_decorator to 2025-10-02 00:00:00+00:00, run_after=2025-10-03 00:00:00+00:00
[2025-10-03T19:25:20.467+0000] {processor.py:183} INFO - Processing /home/airflow/.local/lib/python3.12/site-packages/airflow/example_dags/example_short_circuit_decorator.py took 0.097 seconds
[2025-10-03T19:25:50.903+0000] {processor.py:161} INFO - Started process (PID=1266) to work on /home/airflow/.local/lib/python3.12/site-packages/airflow/example_dags/example_short_circuit_decorator.py
[2025-10-03T19:25:50.904+0000] {processor.py:830} INFO - Processing file /home/airflow/.local/lib/python3.12/site-packages/airflow/example_dags/example_short_circuit_decorator.py for tasks to queue
[2025-10-03T19:25:50.907+0000] {logging_mixin.py:188} INFO - [2025-10-03T19:25:50.906+0000] {dagbag.py:545} INFO - Filling up the DagBag from /home/airflow/.local/lib/python3.12/site-packages/airflow/example_dags/example_short_circuit_decorator.py
[2025-10-03T19:25:50.916+0000] {processor.py:840} INFO - DAG(s) 'example_short_circuit_decorator' retrieved from /home/airflow/.local/lib/python3.12/site-packages/airflow/example_dags/example_short_circuit_decorator.py
[2025-10-03T19:25:50.943+0000] {logging_mixin.py:188} INFO - [2025-10-03T19:25:50.942+0000] {dag.py:3096} INFO - Sync 1 DAGs
[2025-10-03T19:25:50.968+0000] {logging_mixin.py:188} INFO - [2025-10-03T19:25:50.967+0000] {dag.py:3954} INFO - Setting next_dagrun for example_short_circuit_decorator to 2025-10-02 00:00:00+00:00, run_after=2025-10-03 00:00:00+00:00
[2025-10-03T19:25:50.998+0000] {processor.py:183} INFO - Processing /home/airflow/.local/lib/python3.12/site-packages/airflow/example_dags/example_short_circuit_decorator.py took 0.101 seconds
