[2025-10-03T19:14:40.006+0000] {processor.py:161} INFO - Started process (PID=49) to work on /home/airflow/.local/lib/python3.12/site-packages/airflow/example_dags/example_external_task_marker_dag.py
[2025-10-03T19:14:40.008+0000] {processor.py:830} INFO - Processing file /home/airflow/.local/lib/python3.12/site-packages/airflow/example_dags/example_external_task_marker_dag.py for tasks to queue
[2025-10-03T19:14:40.012+0000] {logging_mixin.py:188} INFO - [2025-10-03T19:14:40.012+0000] {dagbag.py:545} INFO - Filling up the DagBag from /home/airflow/.local/lib/python3.12/site-packages/airflow/example_dags/example_external_task_marker_dag.py
[2025-10-03T19:14:40.030+0000] {processor.py:840} INFO - DAG(s) 'example_external_task_marker_child', 'example_external_task_marker_parent' retrieved from /home/airflow/.local/lib/python3.12/site-packages/airflow/example_dags/example_external_task_marker_dag.py
[2025-10-03T19:14:40.053+0000] {logging_mixin.py:188} INFO - [2025-10-03T19:14:40.053+0000] {dag.py:3096} INFO - Sync 2 DAGs
[2025-10-03T19:14:40.078+0000] {logging_mixin.py:188} INFO - [2025-10-03T19:14:40.078+0000] {dag.py:3954} INFO - Setting next_dagrun for example_external_task_marker_child to None, run_after=None
[2025-10-03T19:14:40.085+0000] {logging_mixin.py:188} INFO - [2025-10-03T19:14:40.085+0000] {dag.py:3954} INFO - Setting next_dagrun for example_external_task_marker_parent to None, run_after=None
[2025-10-03T19:14:40.118+0000] {processor.py:183} INFO - Processing /home/airflow/.local/lib/python3.12/site-packages/airflow/example_dags/example_external_task_marker_dag.py took 0.126 seconds
[2025-10-03T19:15:11.626+0000] {processor.py:161} INFO - Started process (PID=102) to work on /home/airflow/.local/lib/python3.12/site-packages/airflow/example_dags/example_external_task_marker_dag.py
[2025-10-03T19:15:11.629+0000] {processor.py:830} INFO - Processing file /home/airflow/.local/lib/python3.12/site-packages/airflow/example_dags/example_external_task_marker_dag.py for tasks to queue
[2025-10-03T19:15:11.634+0000] {logging_mixin.py:188} INFO - [2025-10-03T19:15:11.633+0000] {dagbag.py:545} INFO - Filling up the DagBag from /home/airflow/.local/lib/python3.12/site-packages/airflow/example_dags/example_external_task_marker_dag.py
[2025-10-03T19:15:11.647+0000] {processor.py:840} INFO - DAG(s) 'example_external_task_marker_child', 'example_external_task_marker_parent' retrieved from /home/airflow/.local/lib/python3.12/site-packages/airflow/example_dags/example_external_task_marker_dag.py
[2025-10-03T19:15:11.963+0000] {logging_mixin.py:188} INFO - [2025-10-03T19:15:11.962+0000] {dag.py:3096} INFO - Sync 2 DAGs
[2025-10-03T19:15:11.985+0000] {logging_mixin.py:188} INFO - [2025-10-03T19:15:11.985+0000] {dag.py:3954} INFO - Setting next_dagrun for example_external_task_marker_child to None, run_after=None
[2025-10-03T19:15:11.992+0000] {logging_mixin.py:188} INFO - [2025-10-03T19:15:11.991+0000] {dag.py:3954} INFO - Setting next_dagrun for example_external_task_marker_parent to None, run_after=None
[2025-10-03T19:15:12.031+0000] {processor.py:183} INFO - Processing /home/airflow/.local/lib/python3.12/site-packages/airflow/example_dags/example_external_task_marker_dag.py took 0.415 seconds
[2025-10-03T19:15:42.707+0000] {processor.py:161} INFO - Started process (PID=159) to work on /home/airflow/.local/lib/python3.12/site-packages/airflow/example_dags/example_external_task_marker_dag.py
[2025-10-03T19:15:42.708+0000] {processor.py:830} INFO - Processing file /home/airflow/.local/lib/python3.12/site-packages/airflow/example_dags/example_external_task_marker_dag.py for tasks to queue
[2025-10-03T19:15:42.711+0000] {logging_mixin.py:188} INFO - [2025-10-03T19:15:42.711+0000] {dagbag.py:545} INFO - Filling up the DagBag from /home/airflow/.local/lib/python3.12/site-packages/airflow/example_dags/example_external_task_marker_dag.py
[2025-10-03T19:15:42.718+0000] {processor.py:840} INFO - DAG(s) 'example_external_task_marker_child', 'example_external_task_marker_parent' retrieved from /home/airflow/.local/lib/python3.12/site-packages/airflow/example_dags/example_external_task_marker_dag.py
[2025-10-03T19:15:42.745+0000] {logging_mixin.py:188} INFO - [2025-10-03T19:15:42.745+0000] {dag.py:3096} INFO - Sync 2 DAGs
[2025-10-03T19:15:42.765+0000] {logging_mixin.py:188} INFO - [2025-10-03T19:15:42.765+0000] {dag.py:3954} INFO - Setting next_dagrun for example_external_task_marker_child to None, run_after=None
[2025-10-03T19:15:42.771+0000] {logging_mixin.py:188} INFO - [2025-10-03T19:15:42.770+0000] {dag.py:3954} INFO - Setting next_dagrun for example_external_task_marker_parent to None, run_after=None
[2025-10-03T19:15:42.797+0000] {processor.py:183} INFO - Processing /home/airflow/.local/lib/python3.12/site-packages/airflow/example_dags/example_external_task_marker_dag.py took 0.097 seconds
[2025-10-03T19:16:13.001+0000] {processor.py:161} INFO - Started process (PID=215) to work on /home/airflow/.local/lib/python3.12/site-packages/airflow/example_dags/example_external_task_marker_dag.py
[2025-10-03T19:16:13.002+0000] {processor.py:830} INFO - Processing file /home/airflow/.local/lib/python3.12/site-packages/airflow/example_dags/example_external_task_marker_dag.py for tasks to queue
[2025-10-03T19:16:13.005+0000] {logging_mixin.py:188} INFO - [2025-10-03T19:16:13.004+0000] {dagbag.py:545} INFO - Filling up the DagBag from /home/airflow/.local/lib/python3.12/site-packages/airflow/example_dags/example_external_task_marker_dag.py
[2025-10-03T19:16:13.015+0000] {processor.py:840} INFO - DAG(s) 'example_external_task_marker_parent', 'example_external_task_marker_child' retrieved from /home/airflow/.local/lib/python3.12/site-packages/airflow/example_dags/example_external_task_marker_dag.py
[2025-10-03T19:16:13.050+0000] {logging_mixin.py:188} INFO - [2025-10-03T19:16:13.050+0000] {dag.py:3096} INFO - Sync 2 DAGs
[2025-10-03T19:16:13.070+0000] {logging_mixin.py:188} INFO - [2025-10-03T19:16:13.069+0000] {dag.py:3954} INFO - Setting next_dagrun for example_external_task_marker_child to None, run_after=None
[2025-10-03T19:16:13.077+0000] {logging_mixin.py:188} INFO - [2025-10-03T19:16:13.076+0000] {dag.py:3954} INFO - Setting next_dagrun for example_external_task_marker_parent to None, run_after=None
[2025-10-03T19:16:13.104+0000] {processor.py:183} INFO - Processing /home/airflow/.local/lib/python3.12/site-packages/airflow/example_dags/example_external_task_marker_dag.py took 0.113 seconds
[2025-10-03T19:16:43.310+0000] {processor.py:161} INFO - Started process (PID=271) to work on /home/airflow/.local/lib/python3.12/site-packages/airflow/example_dags/example_external_task_marker_dag.py
[2025-10-03T19:16:43.312+0000] {processor.py:830} INFO - Processing file /home/airflow/.local/lib/python3.12/site-packages/airflow/example_dags/example_external_task_marker_dag.py for tasks to queue
[2025-10-03T19:16:43.315+0000] {logging_mixin.py:188} INFO - [2025-10-03T19:16:43.315+0000] {dagbag.py:545} INFO - Filling up the DagBag from /home/airflow/.local/lib/python3.12/site-packages/airflow/example_dags/example_external_task_marker_dag.py
[2025-10-03T19:16:43.325+0000] {processor.py:840} INFO - DAG(s) 'example_external_task_marker_child', 'example_external_task_marker_parent' retrieved from /home/airflow/.local/lib/python3.12/site-packages/airflow/example_dags/example_external_task_marker_dag.py
[2025-10-03T19:16:43.362+0000] {logging_mixin.py:188} INFO - [2025-10-03T19:16:43.362+0000] {dag.py:3096} INFO - Sync 2 DAGs
[2025-10-03T19:16:43.389+0000] {logging_mixin.py:188} INFO - [2025-10-03T19:16:43.388+0000] {dag.py:3954} INFO - Setting next_dagrun for example_external_task_marker_child to None, run_after=None
[2025-10-03T19:16:43.394+0000] {logging_mixin.py:188} INFO - [2025-10-03T19:16:43.394+0000] {dag.py:3954} INFO - Setting next_dagrun for example_external_task_marker_parent to None, run_after=None
[2025-10-03T19:16:43.428+0000] {processor.py:183} INFO - Processing /home/airflow/.local/lib/python3.12/site-packages/airflow/example_dags/example_external_task_marker_dag.py took 0.127 seconds
[2025-10-03T19:17:13.922+0000] {processor.py:161} INFO - Started process (PID=325) to work on /home/airflow/.local/lib/python3.12/site-packages/airflow/example_dags/example_external_task_marker_dag.py
[2025-10-03T19:17:13.925+0000] {processor.py:830} INFO - Processing file /home/airflow/.local/lib/python3.12/site-packages/airflow/example_dags/example_external_task_marker_dag.py for tasks to queue
[2025-10-03T19:17:13.930+0000] {logging_mixin.py:188} INFO - [2025-10-03T19:17:13.929+0000] {dagbag.py:545} INFO - Filling up the DagBag from /home/airflow/.local/lib/python3.12/site-packages/airflow/example_dags/example_external_task_marker_dag.py
[2025-10-03T19:17:13.945+0000] {processor.py:840} INFO - DAG(s) 'example_external_task_marker_child', 'example_external_task_marker_parent' retrieved from /home/airflow/.local/lib/python3.12/site-packages/airflow/example_dags/example_external_task_marker_dag.py
[2025-10-03T19:17:14.007+0000] {logging_mixin.py:188} INFO - [2025-10-03T19:17:14.006+0000] {dag.py:3096} INFO - Sync 2 DAGs
[2025-10-03T19:17:14.040+0000] {logging_mixin.py:188} INFO - [2025-10-03T19:17:14.039+0000] {dag.py:3954} INFO - Setting next_dagrun for example_external_task_marker_child to None, run_after=None
[2025-10-03T19:17:14.049+0000] {logging_mixin.py:188} INFO - [2025-10-03T19:17:14.049+0000] {dag.py:3954} INFO - Setting next_dagrun for example_external_task_marker_parent to None, run_after=None
[2025-10-03T19:17:14.084+0000] {processor.py:183} INFO - Processing /home/airflow/.local/lib/python3.12/site-packages/airflow/example_dags/example_external_task_marker_dag.py took 0.183 seconds
[2025-10-03T19:17:44.877+0000] {processor.py:161} INFO - Started process (PID=384) to work on /home/airflow/.local/lib/python3.12/site-packages/airflow/example_dags/example_external_task_marker_dag.py
[2025-10-03T19:17:44.878+0000] {processor.py:830} INFO - Processing file /home/airflow/.local/lib/python3.12/site-packages/airflow/example_dags/example_external_task_marker_dag.py for tasks to queue
[2025-10-03T19:17:44.881+0000] {logging_mixin.py:188} INFO - [2025-10-03T19:17:44.881+0000] {dagbag.py:545} INFO - Filling up the DagBag from /home/airflow/.local/lib/python3.12/site-packages/airflow/example_dags/example_external_task_marker_dag.py
[2025-10-03T19:17:44.891+0000] {processor.py:840} INFO - DAG(s) 'example_external_task_marker_child', 'example_external_task_marker_parent' retrieved from /home/airflow/.local/lib/python3.12/site-packages/airflow/example_dags/example_external_task_marker_dag.py
[2025-10-03T19:17:44.929+0000] {logging_mixin.py:188} INFO - [2025-10-03T19:17:44.928+0000] {dag.py:3096} INFO - Sync 2 DAGs
[2025-10-03T19:17:44.949+0000] {logging_mixin.py:188} INFO - [2025-10-03T19:17:44.948+0000] {dag.py:3954} INFO - Setting next_dagrun for example_external_task_marker_child to None, run_after=None
[2025-10-03T19:17:44.956+0000] {logging_mixin.py:188} INFO - [2025-10-03T19:17:44.955+0000] {dag.py:3954} INFO - Setting next_dagrun for example_external_task_marker_parent to None, run_after=None
[2025-10-03T19:17:44.991+0000] {processor.py:183} INFO - Processing /home/airflow/.local/lib/python3.12/site-packages/airflow/example_dags/example_external_task_marker_dag.py took 0.124 seconds
[2025-10-03T19:18:15.448+0000] {processor.py:161} INFO - Started process (PID=440) to work on /home/airflow/.local/lib/python3.12/site-packages/airflow/example_dags/example_external_task_marker_dag.py
[2025-10-03T19:18:15.450+0000] {processor.py:830} INFO - Processing file /home/airflow/.local/lib/python3.12/site-packages/airflow/example_dags/example_external_task_marker_dag.py for tasks to queue
[2025-10-03T19:18:15.453+0000] {logging_mixin.py:188} INFO - [2025-10-03T19:18:15.452+0000] {dagbag.py:545} INFO - Filling up the DagBag from /home/airflow/.local/lib/python3.12/site-packages/airflow/example_dags/example_external_task_marker_dag.py
[2025-10-03T19:18:15.463+0000] {processor.py:840} INFO - DAG(s) 'example_external_task_marker_child', 'example_external_task_marker_parent' retrieved from /home/airflow/.local/lib/python3.12/site-packages/airflow/example_dags/example_external_task_marker_dag.py
[2025-10-03T19:18:15.500+0000] {logging_mixin.py:188} INFO - [2025-10-03T19:18:15.500+0000] {dag.py:3096} INFO - Sync 2 DAGs
[2025-10-03T19:18:15.521+0000] {logging_mixin.py:188} INFO - [2025-10-03T19:18:15.521+0000] {dag.py:3954} INFO - Setting next_dagrun for example_external_task_marker_child to None, run_after=None
[2025-10-03T19:18:15.528+0000] {logging_mixin.py:188} INFO - [2025-10-03T19:18:15.528+0000] {dag.py:3954} INFO - Setting next_dagrun for example_external_task_marker_parent to None, run_after=None
[2025-10-03T19:18:15.563+0000] {processor.py:183} INFO - Processing /home/airflow/.local/lib/python3.12/site-packages/airflow/example_dags/example_external_task_marker_dag.py took 0.122 seconds
[2025-10-03T19:18:45.879+0000] {processor.py:161} INFO - Started process (PID=501) to work on /home/airflow/.local/lib/python3.12/site-packages/airflow/example_dags/example_external_task_marker_dag.py
[2025-10-03T19:18:45.881+0000] {processor.py:830} INFO - Processing file /home/airflow/.local/lib/python3.12/site-packages/airflow/example_dags/example_external_task_marker_dag.py for tasks to queue
[2025-10-03T19:18:45.884+0000] {logging_mixin.py:188} INFO - [2025-10-03T19:18:45.883+0000] {dagbag.py:545} INFO - Filling up the DagBag from /home/airflow/.local/lib/python3.12/site-packages/airflow/example_dags/example_external_task_marker_dag.py
[2025-10-03T19:18:45.893+0000] {processor.py:840} INFO - DAG(s) 'example_external_task_marker_child', 'example_external_task_marker_parent' retrieved from /home/airflow/.local/lib/python3.12/site-packages/airflow/example_dags/example_external_task_marker_dag.py
[2025-10-03T19:18:45.931+0000] {logging_mixin.py:188} INFO - [2025-10-03T19:18:45.930+0000] {dag.py:3096} INFO - Sync 2 DAGs
[2025-10-03T19:18:45.951+0000] {logging_mixin.py:188} INFO - [2025-10-03T19:18:45.950+0000] {dag.py:3954} INFO - Setting next_dagrun for example_external_task_marker_child to None, run_after=None
[2025-10-03T19:18:45.958+0000] {logging_mixin.py:188} INFO - [2025-10-03T19:18:45.958+0000] {dag.py:3954} INFO - Setting next_dagrun for example_external_task_marker_parent to None, run_after=None
[2025-10-03T19:18:45.987+0000] {processor.py:183} INFO - Processing /home/airflow/.local/lib/python3.12/site-packages/airflow/example_dags/example_external_task_marker_dag.py took 0.118 seconds
[2025-10-03T19:19:16.093+0000] {processor.py:161} INFO - Started process (PID=558) to work on /home/airflow/.local/lib/python3.12/site-packages/airflow/example_dags/example_external_task_marker_dag.py
[2025-10-03T19:19:16.095+0000] {processor.py:830} INFO - Processing file /home/airflow/.local/lib/python3.12/site-packages/airflow/example_dags/example_external_task_marker_dag.py for tasks to queue
[2025-10-03T19:19:16.098+0000] {logging_mixin.py:188} INFO - [2025-10-03T19:19:16.098+0000] {dagbag.py:545} INFO - Filling up the DagBag from /home/airflow/.local/lib/python3.12/site-packages/airflow/example_dags/example_external_task_marker_dag.py
[2025-10-03T19:19:16.107+0000] {processor.py:840} INFO - DAG(s) 'example_external_task_marker_parent', 'example_external_task_marker_child' retrieved from /home/airflow/.local/lib/python3.12/site-packages/airflow/example_dags/example_external_task_marker_dag.py
[2025-10-03T19:19:16.143+0000] {logging_mixin.py:188} INFO - [2025-10-03T19:19:16.143+0000] {dag.py:3096} INFO - Sync 2 DAGs
[2025-10-03T19:19:16.162+0000] {logging_mixin.py:188} INFO - [2025-10-03T19:19:16.161+0000] {dag.py:3954} INFO - Setting next_dagrun for example_external_task_marker_child to None, run_after=None
[2025-10-03T19:19:16.168+0000] {logging_mixin.py:188} INFO - [2025-10-03T19:19:16.167+0000] {dag.py:3954} INFO - Setting next_dagrun for example_external_task_marker_parent to None, run_after=None
[2025-10-03T19:19:16.198+0000] {processor.py:183} INFO - Processing /home/airflow/.local/lib/python3.12/site-packages/airflow/example_dags/example_external_task_marker_dag.py took 0.112 seconds
[2025-10-03T19:19:46.606+0000] {processor.py:161} INFO - Started process (PID=611) to work on /home/airflow/.local/lib/python3.12/site-packages/airflow/example_dags/example_external_task_marker_dag.py
[2025-10-03T19:19:46.608+0000] {processor.py:830} INFO - Processing file /home/airflow/.local/lib/python3.12/site-packages/airflow/example_dags/example_external_task_marker_dag.py for tasks to queue
[2025-10-03T19:19:46.610+0000] {logging_mixin.py:188} INFO - [2025-10-03T19:19:46.610+0000] {dagbag.py:545} INFO - Filling up the DagBag from /home/airflow/.local/lib/python3.12/site-packages/airflow/example_dags/example_external_task_marker_dag.py
[2025-10-03T19:19:46.619+0000] {processor.py:840} INFO - DAG(s) 'example_external_task_marker_parent', 'example_external_task_marker_child' retrieved from /home/airflow/.local/lib/python3.12/site-packages/airflow/example_dags/example_external_task_marker_dag.py
[2025-10-03T19:19:46.649+0000] {logging_mixin.py:188} INFO - [2025-10-03T19:19:46.649+0000] {dag.py:3096} INFO - Sync 2 DAGs
[2025-10-03T19:19:46.667+0000] {logging_mixin.py:188} INFO - [2025-10-03T19:19:46.667+0000] {dag.py:3954} INFO - Setting next_dagrun for example_external_task_marker_child to None, run_after=None
[2025-10-03T19:19:46.673+0000] {logging_mixin.py:188} INFO - [2025-10-03T19:19:46.672+0000] {dag.py:3954} INFO - Setting next_dagrun for example_external_task_marker_parent to None, run_after=None
[2025-10-03T19:19:46.702+0000] {processor.py:183} INFO - Processing /home/airflow/.local/lib/python3.12/site-packages/airflow/example_dags/example_external_task_marker_dag.py took 0.104 seconds
[2025-10-03T19:20:17.112+0000] {processor.py:161} INFO - Started process (PID=668) to work on /home/airflow/.local/lib/python3.12/site-packages/airflow/example_dags/example_external_task_marker_dag.py
[2025-10-03T19:20:17.114+0000] {processor.py:830} INFO - Processing file /home/airflow/.local/lib/python3.12/site-packages/airflow/example_dags/example_external_task_marker_dag.py for tasks to queue
[2025-10-03T19:20:17.117+0000] {logging_mixin.py:188} INFO - [2025-10-03T19:20:17.116+0000] {dagbag.py:545} INFO - Filling up the DagBag from /home/airflow/.local/lib/python3.12/site-packages/airflow/example_dags/example_external_task_marker_dag.py
[2025-10-03T19:20:17.126+0000] {processor.py:840} INFO - DAG(s) 'example_external_task_marker_child', 'example_external_task_marker_parent' retrieved from /home/airflow/.local/lib/python3.12/site-packages/airflow/example_dags/example_external_task_marker_dag.py
[2025-10-03T19:20:17.159+0000] {logging_mixin.py:188} INFO - [2025-10-03T19:20:17.159+0000] {dag.py:3096} INFO - Sync 2 DAGs
[2025-10-03T19:20:17.177+0000] {logging_mixin.py:188} INFO - [2025-10-03T19:20:17.177+0000] {dag.py:3954} INFO - Setting next_dagrun for example_external_task_marker_child to None, run_after=None
[2025-10-03T19:20:17.183+0000] {logging_mixin.py:188} INFO - [2025-10-03T19:20:17.183+0000] {dag.py:3954} INFO - Setting next_dagrun for example_external_task_marker_parent to None, run_after=None
[2025-10-03T19:20:17.212+0000] {processor.py:183} INFO - Processing /home/airflow/.local/lib/python3.12/site-packages/airflow/example_dags/example_external_task_marker_dag.py took 0.108 seconds
[2025-10-03T19:20:47.657+0000] {processor.py:161} INFO - Started process (PID=721) to work on /home/airflow/.local/lib/python3.12/site-packages/airflow/example_dags/example_external_task_marker_dag.py
[2025-10-03T19:20:47.659+0000] {processor.py:830} INFO - Processing file /home/airflow/.local/lib/python3.12/site-packages/airflow/example_dags/example_external_task_marker_dag.py for tasks to queue
[2025-10-03T19:20:47.661+0000] {logging_mixin.py:188} INFO - [2025-10-03T19:20:47.661+0000] {dagbag.py:545} INFO - Filling up the DagBag from /home/airflow/.local/lib/python3.12/site-packages/airflow/example_dags/example_external_task_marker_dag.py
[2025-10-03T19:20:47.672+0000] {processor.py:840} INFO - DAG(s) 'example_external_task_marker_child', 'example_external_task_marker_parent' retrieved from /home/airflow/.local/lib/python3.12/site-packages/airflow/example_dags/example_external_task_marker_dag.py
[2025-10-03T19:20:47.706+0000] {logging_mixin.py:188} INFO - [2025-10-03T19:20:47.706+0000] {dag.py:3096} INFO - Sync 2 DAGs
[2025-10-03T19:20:47.726+0000] {logging_mixin.py:188} INFO - [2025-10-03T19:20:47.726+0000] {dag.py:3954} INFO - Setting next_dagrun for example_external_task_marker_child to None, run_after=None
[2025-10-03T19:20:47.732+0000] {logging_mixin.py:188} INFO - [2025-10-03T19:20:47.732+0000] {dag.py:3954} INFO - Setting next_dagrun for example_external_task_marker_parent to None, run_after=None
[2025-10-03T19:20:47.766+0000] {processor.py:183} INFO - Processing /home/airflow/.local/lib/python3.12/site-packages/airflow/example_dags/example_external_task_marker_dag.py took 0.118 seconds
[2025-10-03T19:21:18.634+0000] {processor.py:161} INFO - Started process (PID=778) to work on /home/airflow/.local/lib/python3.12/site-packages/airflow/example_dags/example_external_task_marker_dag.py
[2025-10-03T19:21:18.636+0000] {processor.py:830} INFO - Processing file /home/airflow/.local/lib/python3.12/site-packages/airflow/example_dags/example_external_task_marker_dag.py for tasks to queue
[2025-10-03T19:21:18.639+0000] {logging_mixin.py:188} INFO - [2025-10-03T19:21:18.638+0000] {dagbag.py:545} INFO - Filling up the DagBag from /home/airflow/.local/lib/python3.12/site-packages/airflow/example_dags/example_external_task_marker_dag.py
[2025-10-03T19:21:18.648+0000] {processor.py:840} INFO - DAG(s) 'example_external_task_marker_child', 'example_external_task_marker_parent' retrieved from /home/airflow/.local/lib/python3.12/site-packages/airflow/example_dags/example_external_task_marker_dag.py
[2025-10-03T19:21:18.682+0000] {logging_mixin.py:188} INFO - [2025-10-03T19:21:18.682+0000] {dag.py:3096} INFO - Sync 2 DAGs
[2025-10-03T19:21:18.701+0000] {logging_mixin.py:188} INFO - [2025-10-03T19:21:18.701+0000] {dag.py:3954} INFO - Setting next_dagrun for example_external_task_marker_child to None, run_after=None
[2025-10-03T19:21:18.707+0000] {logging_mixin.py:188} INFO - [2025-10-03T19:21:18.706+0000] {dag.py:3954} INFO - Setting next_dagrun for example_external_task_marker_parent to None, run_after=None
[2025-10-03T19:21:18.731+0000] {processor.py:183} INFO - Processing /home/airflow/.local/lib/python3.12/site-packages/airflow/example_dags/example_external_task_marker_dag.py took 0.106 seconds
[2025-10-03T19:21:48.943+0000] {processor.py:161} INFO - Started process (PID=830) to work on /home/airflow/.local/lib/python3.12/site-packages/airflow/example_dags/example_external_task_marker_dag.py
[2025-10-03T19:21:48.945+0000] {processor.py:830} INFO - Processing file /home/airflow/.local/lib/python3.12/site-packages/airflow/example_dags/example_external_task_marker_dag.py for tasks to queue
[2025-10-03T19:21:48.948+0000] {logging_mixin.py:188} INFO - [2025-10-03T19:21:48.948+0000] {dagbag.py:545} INFO - Filling up the DagBag from /home/airflow/.local/lib/python3.12/site-packages/airflow/example_dags/example_external_task_marker_dag.py
[2025-10-03T19:21:48.957+0000] {processor.py:840} INFO - DAG(s) 'example_external_task_marker_parent', 'example_external_task_marker_child' retrieved from /home/airflow/.local/lib/python3.12/site-packages/airflow/example_dags/example_external_task_marker_dag.py
[2025-10-03T19:21:48.990+0000] {logging_mixin.py:188} INFO - [2025-10-03T19:21:48.989+0000] {dag.py:3096} INFO - Sync 2 DAGs
[2025-10-03T19:21:49.005+0000] {logging_mixin.py:188} INFO - [2025-10-03T19:21:49.005+0000] {dag.py:3954} INFO - Setting next_dagrun for example_external_task_marker_child to None, run_after=None
[2025-10-03T19:21:49.010+0000] {logging_mixin.py:188} INFO - [2025-10-03T19:21:49.010+0000] {dag.py:3954} INFO - Setting next_dagrun for example_external_task_marker_parent to None, run_after=None
[2025-10-03T19:21:49.030+0000] {processor.py:183} INFO - Processing /home/airflow/.local/lib/python3.12/site-packages/airflow/example_dags/example_external_task_marker_dag.py took 0.097 seconds
[2025-10-03T19:22:19.079+0000] {processor.py:161} INFO - Started process (PID=887) to work on /home/airflow/.local/lib/python3.12/site-packages/airflow/example_dags/example_external_task_marker_dag.py
[2025-10-03T19:22:19.081+0000] {processor.py:830} INFO - Processing file /home/airflow/.local/lib/python3.12/site-packages/airflow/example_dags/example_external_task_marker_dag.py for tasks to queue
[2025-10-03T19:22:19.083+0000] {logging_mixin.py:188} INFO - [2025-10-03T19:22:19.083+0000] {dagbag.py:545} INFO - Filling up the DagBag from /home/airflow/.local/lib/python3.12/site-packages/airflow/example_dags/example_external_task_marker_dag.py
[2025-10-03T19:22:19.091+0000] {processor.py:840} INFO - DAG(s) 'example_external_task_marker_parent', 'example_external_task_marker_child' retrieved from /home/airflow/.local/lib/python3.12/site-packages/airflow/example_dags/example_external_task_marker_dag.py
[2025-10-03T19:22:19.120+0000] {logging_mixin.py:188} INFO - [2025-10-03T19:22:19.119+0000] {dag.py:3096} INFO - Sync 2 DAGs
[2025-10-03T19:22:19.135+0000] {logging_mixin.py:188} INFO - [2025-10-03T19:22:19.135+0000] {dag.py:3954} INFO - Setting next_dagrun for example_external_task_marker_child to None, run_after=None
[2025-10-03T19:22:19.140+0000] {logging_mixin.py:188} INFO - [2025-10-03T19:22:19.139+0000] {dag.py:3954} INFO - Setting next_dagrun for example_external_task_marker_parent to None, run_after=None
[2025-10-03T19:22:19.160+0000] {processor.py:183} INFO - Processing /home/airflow/.local/lib/python3.12/site-packages/airflow/example_dags/example_external_task_marker_dag.py took 0.088 seconds
[2025-10-03T19:22:49.568+0000] {processor.py:161} INFO - Started process (PID=940) to work on /home/airflow/.local/lib/python3.12/site-packages/airflow/example_dags/example_external_task_marker_dag.py
[2025-10-03T19:22:49.570+0000] {processor.py:830} INFO - Processing file /home/airflow/.local/lib/python3.12/site-packages/airflow/example_dags/example_external_task_marker_dag.py for tasks to queue
[2025-10-03T19:22:49.572+0000] {logging_mixin.py:188} INFO - [2025-10-03T19:22:49.572+0000] {dagbag.py:545} INFO - Filling up the DagBag from /home/airflow/.local/lib/python3.12/site-packages/airflow/example_dags/example_external_task_marker_dag.py
[2025-10-03T19:22:49.579+0000] {processor.py:840} INFO - DAG(s) 'example_external_task_marker_parent', 'example_external_task_marker_child' retrieved from /home/airflow/.local/lib/python3.12/site-packages/airflow/example_dags/example_external_task_marker_dag.py
[2025-10-03T19:22:49.604+0000] {logging_mixin.py:188} INFO - [2025-10-03T19:22:49.604+0000] {dag.py:3096} INFO - Sync 2 DAGs
[2025-10-03T19:22:49.618+0000] {logging_mixin.py:188} INFO - [2025-10-03T19:22:49.617+0000] {dag.py:3954} INFO - Setting next_dagrun for example_external_task_marker_child to None, run_after=None
[2025-10-03T19:22:49.622+0000] {logging_mixin.py:188} INFO - [2025-10-03T19:22:49.621+0000] {dag.py:3954} INFO - Setting next_dagrun for example_external_task_marker_parent to None, run_after=None
[2025-10-03T19:22:49.640+0000] {processor.py:183} INFO - Processing /home/airflow/.local/lib/python3.12/site-packages/airflow/example_dags/example_external_task_marker_dag.py took 0.078 seconds
[2025-10-03T19:23:20.228+0000] {processor.py:161} INFO - Started process (PID=997) to work on /home/airflow/.local/lib/python3.12/site-packages/airflow/example_dags/example_external_task_marker_dag.py
[2025-10-03T19:23:20.229+0000] {processor.py:830} INFO - Processing file /home/airflow/.local/lib/python3.12/site-packages/airflow/example_dags/example_external_task_marker_dag.py for tasks to queue
[2025-10-03T19:23:20.231+0000] {logging_mixin.py:188} INFO - [2025-10-03T19:23:20.231+0000] {dagbag.py:545} INFO - Filling up the DagBag from /home/airflow/.local/lib/python3.12/site-packages/airflow/example_dags/example_external_task_marker_dag.py
[2025-10-03T19:23:20.238+0000] {processor.py:840} INFO - DAG(s) 'example_external_task_marker_child', 'example_external_task_marker_parent' retrieved from /home/airflow/.local/lib/python3.12/site-packages/airflow/example_dags/example_external_task_marker_dag.py
[2025-10-03T19:23:20.263+0000] {logging_mixin.py:188} INFO - [2025-10-03T19:23:20.263+0000] {dag.py:3096} INFO - Sync 2 DAGs
[2025-10-03T19:23:20.277+0000] {logging_mixin.py:188} INFO - [2025-10-03T19:23:20.276+0000] {dag.py:3954} INFO - Setting next_dagrun for example_external_task_marker_child to None, run_after=None
[2025-10-03T19:23:20.280+0000] {logging_mixin.py:188} INFO - [2025-10-03T19:23:20.280+0000] {dag.py:3954} INFO - Setting next_dagrun for example_external_task_marker_parent to None, run_after=None
[2025-10-03T19:23:20.305+0000] {processor.py:183} INFO - Processing /home/airflow/.local/lib/python3.12/site-packages/airflow/example_dags/example_external_task_marker_dag.py took 0.083 seconds
[2025-10-03T19:23:50.398+0000] {processor.py:161} INFO - Started process (PID=1050) to work on /home/airflow/.local/lib/python3.12/site-packages/airflow/example_dags/example_external_task_marker_dag.py
[2025-10-03T19:23:50.399+0000] {processor.py:830} INFO - Processing file /home/airflow/.local/lib/python3.12/site-packages/airflow/example_dags/example_external_task_marker_dag.py for tasks to queue
[2025-10-03T19:23:50.402+0000] {logging_mixin.py:188} INFO - [2025-10-03T19:23:50.401+0000] {dagbag.py:545} INFO - Filling up the DagBag from /home/airflow/.local/lib/python3.12/site-packages/airflow/example_dags/example_external_task_marker_dag.py
[2025-10-03T19:23:50.408+0000] {processor.py:840} INFO - DAG(s) 'example_external_task_marker_child', 'example_external_task_marker_parent' retrieved from /home/airflow/.local/lib/python3.12/site-packages/airflow/example_dags/example_external_task_marker_dag.py
[2025-10-03T19:23:50.434+0000] {logging_mixin.py:188} INFO - [2025-10-03T19:23:50.433+0000] {dag.py:3096} INFO - Sync 2 DAGs
[2025-10-03T19:23:50.448+0000] {logging_mixin.py:188} INFO - [2025-10-03T19:23:50.447+0000] {dag.py:3954} INFO - Setting next_dagrun for example_external_task_marker_child to None, run_after=None
[2025-10-03T19:23:50.452+0000] {logging_mixin.py:188} INFO - [2025-10-03T19:23:50.452+0000] {dag.py:3954} INFO - Setting next_dagrun for example_external_task_marker_parent to None, run_after=None
[2025-10-03T19:23:50.477+0000] {processor.py:183} INFO - Processing /home/airflow/.local/lib/python3.12/site-packages/airflow/example_dags/example_external_task_marker_dag.py took 0.085 seconds
[2025-10-03T19:24:20.914+0000] {processor.py:161} INFO - Started process (PID=1107) to work on /home/airflow/.local/lib/python3.12/site-packages/airflow/example_dags/example_external_task_marker_dag.py
[2025-10-03T19:24:20.915+0000] {processor.py:830} INFO - Processing file /home/airflow/.local/lib/python3.12/site-packages/airflow/example_dags/example_external_task_marker_dag.py for tasks to queue
[2025-10-03T19:24:20.917+0000] {logging_mixin.py:188} INFO - [2025-10-03T19:24:20.917+0000] {dagbag.py:545} INFO - Filling up the DagBag from /home/airflow/.local/lib/python3.12/site-packages/airflow/example_dags/example_external_task_marker_dag.py
[2025-10-03T19:24:20.924+0000] {processor.py:840} INFO - DAG(s) 'example_external_task_marker_parent', 'example_external_task_marker_child' retrieved from /home/airflow/.local/lib/python3.12/site-packages/airflow/example_dags/example_external_task_marker_dag.py
[2025-10-03T19:24:20.950+0000] {logging_mixin.py:188} INFO - [2025-10-03T19:24:20.950+0000] {dag.py:3096} INFO - Sync 2 DAGs
[2025-10-03T19:24:20.964+0000] {logging_mixin.py:188} INFO - [2025-10-03T19:24:20.964+0000] {dag.py:3954} INFO - Setting next_dagrun for example_external_task_marker_child to None, run_after=None
[2025-10-03T19:24:20.968+0000] {logging_mixin.py:188} INFO - [2025-10-03T19:24:20.968+0000] {dag.py:3954} INFO - Setting next_dagrun for example_external_task_marker_parent to None, run_after=None
[2025-10-03T19:24:20.994+0000] {processor.py:183} INFO - Processing /home/airflow/.local/lib/python3.12/site-packages/airflow/example_dags/example_external_task_marker_dag.py took 0.087 seconds
[2025-10-03T19:24:51.346+0000] {processor.py:161} INFO - Started process (PID=1160) to work on /home/airflow/.local/lib/python3.12/site-packages/airflow/example_dags/example_external_task_marker_dag.py
[2025-10-03T19:24:51.347+0000] {processor.py:830} INFO - Processing file /home/airflow/.local/lib/python3.12/site-packages/airflow/example_dags/example_external_task_marker_dag.py for tasks to queue
[2025-10-03T19:24:51.350+0000] {logging_mixin.py:188} INFO - [2025-10-03T19:24:51.349+0000] {dagbag.py:545} INFO - Filling up the DagBag from /home/airflow/.local/lib/python3.12/site-packages/airflow/example_dags/example_external_task_marker_dag.py
[2025-10-03T19:24:51.356+0000] {processor.py:840} INFO - DAG(s) 'example_external_task_marker_child', 'example_external_task_marker_parent' retrieved from /home/airflow/.local/lib/python3.12/site-packages/airflow/example_dags/example_external_task_marker_dag.py
[2025-10-03T19:24:51.383+0000] {logging_mixin.py:188} INFO - [2025-10-03T19:24:51.383+0000] {dag.py:3096} INFO - Sync 2 DAGs
[2025-10-03T19:24:51.399+0000] {logging_mixin.py:188} INFO - [2025-10-03T19:24:51.399+0000] {dag.py:3954} INFO - Setting next_dagrun for example_external_task_marker_child to None, run_after=None
[2025-10-03T19:24:51.403+0000] {logging_mixin.py:188} INFO - [2025-10-03T19:24:51.403+0000] {dag.py:3954} INFO - Setting next_dagrun for example_external_task_marker_parent to None, run_after=None
[2025-10-03T19:24:51.422+0000] {processor.py:183} INFO - Processing /home/airflow/.local/lib/python3.12/site-packages/airflow/example_dags/example_external_task_marker_dag.py took 0.083 seconds
[2025-10-03T19:25:21.681+0000] {processor.py:161} INFO - Started process (PID=1217) to work on /home/airflow/.local/lib/python3.12/site-packages/airflow/example_dags/example_external_task_marker_dag.py
[2025-10-03T19:25:21.682+0000] {processor.py:830} INFO - Processing file /home/airflow/.local/lib/python3.12/site-packages/airflow/example_dags/example_external_task_marker_dag.py for tasks to queue
[2025-10-03T19:25:21.685+0000] {logging_mixin.py:188} INFO - [2025-10-03T19:25:21.684+0000] {dagbag.py:545} INFO - Filling up the DagBag from /home/airflow/.local/lib/python3.12/site-packages/airflow/example_dags/example_external_task_marker_dag.py
[2025-10-03T19:25:21.693+0000] {processor.py:840} INFO - DAG(s) 'example_external_task_marker_parent', 'example_external_task_marker_child' retrieved from /home/airflow/.local/lib/python3.12/site-packages/airflow/example_dags/example_external_task_marker_dag.py
[2025-10-03T19:25:21.721+0000] {logging_mixin.py:188} INFO - [2025-10-03T19:25:21.721+0000] {dag.py:3096} INFO - Sync 2 DAGs
[2025-10-03T19:25:21.737+0000] {logging_mixin.py:188} INFO - [2025-10-03T19:25:21.737+0000] {dag.py:3954} INFO - Setting next_dagrun for example_external_task_marker_child to None, run_after=None
[2025-10-03T19:25:21.742+0000] {logging_mixin.py:188} INFO - [2025-10-03T19:25:21.741+0000] {dag.py:3954} INFO - Setting next_dagrun for example_external_task_marker_parent to None, run_after=None
[2025-10-03T19:25:21.780+0000] {processor.py:183} INFO - Processing /home/airflow/.local/lib/python3.12/site-packages/airflow/example_dags/example_external_task_marker_dag.py took 0.106 seconds
[2025-10-03T19:25:52.099+0000] {processor.py:161} INFO - Started process (PID=1270) to work on /home/airflow/.local/lib/python3.12/site-packages/airflow/example_dags/example_external_task_marker_dag.py
[2025-10-03T19:25:52.101+0000] {processor.py:830} INFO - Processing file /home/airflow/.local/lib/python3.12/site-packages/airflow/example_dags/example_external_task_marker_dag.py for tasks to queue
[2025-10-03T19:25:52.104+0000] {logging_mixin.py:188} INFO - [2025-10-03T19:25:52.104+0000] {dagbag.py:545} INFO - Filling up the DagBag from /home/airflow/.local/lib/python3.12/site-packages/airflow/example_dags/example_external_task_marker_dag.py
[2025-10-03T19:25:52.114+0000] {processor.py:840} INFO - DAG(s) 'example_external_task_marker_child', 'example_external_task_marker_parent' retrieved from /home/airflow/.local/lib/python3.12/site-packages/airflow/example_dags/example_external_task_marker_dag.py
[2025-10-03T19:25:52.142+0000] {logging_mixin.py:188} INFO - [2025-10-03T19:25:52.142+0000] {dag.py:3096} INFO - Sync 2 DAGs
[2025-10-03T19:25:52.157+0000] {logging_mixin.py:188} INFO - [2025-10-03T19:25:52.156+0000] {dag.py:3954} INFO - Setting next_dagrun for example_external_task_marker_child to None, run_after=None
[2025-10-03T19:25:52.161+0000] {logging_mixin.py:188} INFO - [2025-10-03T19:25:52.161+0000] {dag.py:3954} INFO - Setting next_dagrun for example_external_task_marker_parent to None, run_after=None
[2025-10-03T19:25:52.181+0000] {processor.py:183} INFO - Processing /home/airflow/.local/lib/python3.12/site-packages/airflow/example_dags/example_external_task_marker_dag.py took 0.090 seconds
