[2025-10-03T19:14:42.232+0000] {processor.py:161} INFO - Started process (PID=66) to work on /home/airflow/.local/lib/python3.12/site-packages/airflow/example_dags/example_bash_operator.py
[2025-10-03T19:14:42.235+0000] {processor.py:830} INFO - Processing file /home/airflow/.local/lib/python3.12/site-packages/airflow/example_dags/example_bash_operator.py for tasks to queue
[2025-10-03T19:14:42.242+0000] {logging_mixin.py:188} INFO - [2025-10-03T19:14:42.241+0000] {dagbag.py:545} INFO - Filling up the DagBag from /home/airflow/.local/lib/python3.12/site-packages/airflow/example_dags/example_bash_operator.py
[2025-10-03T19:14:42.308+0000] {processor.py:840} INFO - DAG(s) 'example_bash_operator' retrieved from /home/airflow/.local/lib/python3.12/site-packages/airflow/example_dags/example_bash_operator.py
[2025-10-03T19:14:42.352+0000] {logging_mixin.py:188} INFO - [2025-10-03T19:14:42.351+0000] {dag.py:3096} INFO - Sync 1 DAGs
[2025-10-03T19:14:42.431+0000] {logging_mixin.py:188} INFO - [2025-10-03T19:14:42.429+0000] {dag.py:3954} INFO - Setting next_dagrun for example_bash_operator to 2025-10-02 00:00:00+00:00, run_after=2025-10-03 00:00:00+00:00
[2025-10-03T19:14:42.494+0000] {processor.py:183} INFO - Processing /home/airflow/.local/lib/python3.12/site-packages/airflow/example_dags/example_bash_operator.py took 0.283 seconds
[2025-10-03T19:15:15.050+0000] {processor.py:161} INFO - Started process (PID=119) to work on /home/airflow/.local/lib/python3.12/site-packages/airflow/example_dags/example_bash_operator.py
[2025-10-03T19:15:15.052+0000] {processor.py:830} INFO - Processing file /home/airflow/.local/lib/python3.12/site-packages/airflow/example_dags/example_bash_operator.py for tasks to queue
[2025-10-03T19:15:15.054+0000] {logging_mixin.py:188} INFO - [2025-10-03T19:15:15.054+0000] {dagbag.py:545} INFO - Filling up the DagBag from /home/airflow/.local/lib/python3.12/site-packages/airflow/example_dags/example_bash_operator.py
[2025-10-03T19:15:15.070+0000] {processor.py:840} INFO - DAG(s) 'example_bash_operator' retrieved from /home/airflow/.local/lib/python3.12/site-packages/airflow/example_dags/example_bash_operator.py
[2025-10-03T19:15:15.223+0000] {logging_mixin.py:188} INFO - [2025-10-03T19:15:15.223+0000] {dag.py:3096} INFO - Sync 1 DAGs
[2025-10-03T19:15:15.247+0000] {logging_mixin.py:188} INFO - [2025-10-03T19:15:15.247+0000] {dag.py:3954} INFO - Setting next_dagrun for example_bash_operator to 2025-10-02 00:00:00+00:00, run_after=2025-10-03 00:00:00+00:00
[2025-10-03T19:15:15.272+0000] {processor.py:183} INFO - Processing /home/airflow/.local/lib/python3.12/site-packages/airflow/example_dags/example_bash_operator.py took 0.230 seconds
[2025-10-03T19:15:45.528+0000] {processor.py:161} INFO - Started process (PID=176) to work on /home/airflow/.local/lib/python3.12/site-packages/airflow/example_dags/example_bash_operator.py
[2025-10-03T19:15:45.530+0000] {processor.py:830} INFO - Processing file /home/airflow/.local/lib/python3.12/site-packages/airflow/example_dags/example_bash_operator.py for tasks to queue
[2025-10-03T19:15:45.533+0000] {logging_mixin.py:188} INFO - [2025-10-03T19:15:45.532+0000] {dagbag.py:545} INFO - Filling up the DagBag from /home/airflow/.local/lib/python3.12/site-packages/airflow/example_dags/example_bash_operator.py
[2025-10-03T19:15:45.550+0000] {processor.py:840} INFO - DAG(s) 'example_bash_operator' retrieved from /home/airflow/.local/lib/python3.12/site-packages/airflow/example_dags/example_bash_operator.py
[2025-10-03T19:15:45.591+0000] {logging_mixin.py:188} INFO - [2025-10-03T19:15:45.591+0000] {dag.py:3096} INFO - Sync 1 DAGs
[2025-10-03T19:15:45.624+0000] {logging_mixin.py:188} INFO - [2025-10-03T19:15:45.624+0000] {dag.py:3954} INFO - Setting next_dagrun for example_bash_operator to 2025-10-02 00:00:00+00:00, run_after=2025-10-03 00:00:00+00:00
[2025-10-03T19:15:45.652+0000] {processor.py:183} INFO - Processing /home/airflow/.local/lib/python3.12/site-packages/airflow/example_dags/example_bash_operator.py took 0.134 seconds
[2025-10-03T19:16:15.878+0000] {processor.py:161} INFO - Started process (PID=232) to work on /home/airflow/.local/lib/python3.12/site-packages/airflow/example_dags/example_bash_operator.py
[2025-10-03T19:16:15.880+0000] {processor.py:830} INFO - Processing file /home/airflow/.local/lib/python3.12/site-packages/airflow/example_dags/example_bash_operator.py for tasks to queue
[2025-10-03T19:16:15.883+0000] {logging_mixin.py:188} INFO - [2025-10-03T19:16:15.883+0000] {dagbag.py:545} INFO - Filling up the DagBag from /home/airflow/.local/lib/python3.12/site-packages/airflow/example_dags/example_bash_operator.py
[2025-10-03T19:16:15.906+0000] {processor.py:840} INFO - DAG(s) 'example_bash_operator' retrieved from /home/airflow/.local/lib/python3.12/site-packages/airflow/example_dags/example_bash_operator.py
[2025-10-03T19:16:15.953+0000] {logging_mixin.py:188} INFO - [2025-10-03T19:16:15.953+0000] {dag.py:3096} INFO - Sync 1 DAGs
[2025-10-03T19:16:15.986+0000] {logging_mixin.py:188} INFO - [2025-10-03T19:16:15.986+0000] {dag.py:3954} INFO - Setting next_dagrun for example_bash_operator to 2025-10-02 00:00:00+00:00, run_after=2025-10-03 00:00:00+00:00
[2025-10-03T19:16:16.019+0000] {processor.py:183} INFO - Processing /home/airflow/.local/lib/python3.12/site-packages/airflow/example_dags/example_bash_operator.py took 0.149 seconds
[2025-10-03T19:16:47.210+0000] {processor.py:161} INFO - Started process (PID=288) to work on /home/airflow/.local/lib/python3.12/site-packages/airflow/example_dags/example_bash_operator.py
[2025-10-03T19:16:47.212+0000] {processor.py:830} INFO - Processing file /home/airflow/.local/lib/python3.12/site-packages/airflow/example_dags/example_bash_operator.py for tasks to queue
[2025-10-03T19:16:47.217+0000] {logging_mixin.py:188} INFO - [2025-10-03T19:16:47.216+0000] {dagbag.py:545} INFO - Filling up the DagBag from /home/airflow/.local/lib/python3.12/site-packages/airflow/example_dags/example_bash_operator.py
[2025-10-03T19:16:47.240+0000] {processor.py:840} INFO - DAG(s) 'example_bash_operator' retrieved from /home/airflow/.local/lib/python3.12/site-packages/airflow/example_dags/example_bash_operator.py
[2025-10-03T19:16:47.307+0000] {logging_mixin.py:188} INFO - [2025-10-03T19:16:47.307+0000] {dag.py:3096} INFO - Sync 1 DAGs
[2025-10-03T19:16:47.357+0000] {logging_mixin.py:188} INFO - [2025-10-03T19:16:47.357+0000] {dag.py:3954} INFO - Setting next_dagrun for example_bash_operator to 2025-10-02 00:00:00+00:00, run_after=2025-10-03 00:00:00+00:00
[2025-10-03T19:16:47.420+0000] {processor.py:183} INFO - Processing /home/airflow/.local/lib/python3.12/site-packages/airflow/example_dags/example_bash_operator.py took 0.224 seconds
[2025-10-03T19:17:17.847+0000] {processor.py:161} INFO - Started process (PID=343) to work on /home/airflow/.local/lib/python3.12/site-packages/airflow/example_dags/example_bash_operator.py
[2025-10-03T19:17:17.849+0000] {processor.py:830} INFO - Processing file /home/airflow/.local/lib/python3.12/site-packages/airflow/example_dags/example_bash_operator.py for tasks to queue
[2025-10-03T19:17:17.853+0000] {logging_mixin.py:188} INFO - [2025-10-03T19:17:17.852+0000] {dagbag.py:545} INFO - Filling up the DagBag from /home/airflow/.local/lib/python3.12/site-packages/airflow/example_dags/example_bash_operator.py
[2025-10-03T19:17:17.876+0000] {processor.py:840} INFO - DAG(s) 'example_bash_operator' retrieved from /home/airflow/.local/lib/python3.12/site-packages/airflow/example_dags/example_bash_operator.py
[2025-10-03T19:17:17.923+0000] {logging_mixin.py:188} INFO - [2025-10-03T19:17:17.923+0000] {dag.py:3096} INFO - Sync 1 DAGs
[2025-10-03T19:17:17.958+0000] {logging_mixin.py:188} INFO - [2025-10-03T19:17:17.958+0000] {dag.py:3954} INFO - Setting next_dagrun for example_bash_operator to 2025-10-02 00:00:00+00:00, run_after=2025-10-03 00:00:00+00:00
[2025-10-03T19:17:17.988+0000] {processor.py:183} INFO - Processing /home/airflow/.local/lib/python3.12/site-packages/airflow/example_dags/example_bash_operator.py took 0.154 seconds
[2025-10-03T19:17:48.434+0000] {processor.py:161} INFO - Started process (PID=401) to work on /home/airflow/.local/lib/python3.12/site-packages/airflow/example_dags/example_bash_operator.py
[2025-10-03T19:17:48.435+0000] {processor.py:830} INFO - Processing file /home/airflow/.local/lib/python3.12/site-packages/airflow/example_dags/example_bash_operator.py for tasks to queue
[2025-10-03T19:17:48.438+0000] {logging_mixin.py:188} INFO - [2025-10-03T19:17:48.437+0000] {dagbag.py:545} INFO - Filling up the DagBag from /home/airflow/.local/lib/python3.12/site-packages/airflow/example_dags/example_bash_operator.py
[2025-10-03T19:17:48.454+0000] {processor.py:840} INFO - DAG(s) 'example_bash_operator' retrieved from /home/airflow/.local/lib/python3.12/site-packages/airflow/example_dags/example_bash_operator.py
[2025-10-03T19:17:48.494+0000] {logging_mixin.py:188} INFO - [2025-10-03T19:17:48.493+0000] {dag.py:3096} INFO - Sync 1 DAGs
[2025-10-03T19:17:48.524+0000] {logging_mixin.py:188} INFO - [2025-10-03T19:17:48.524+0000] {dag.py:3954} INFO - Setting next_dagrun for example_bash_operator to 2025-10-02 00:00:00+00:00, run_after=2025-10-03 00:00:00+00:00
[2025-10-03T19:17:48.554+0000] {processor.py:183} INFO - Processing /home/airflow/.local/lib/python3.12/site-packages/airflow/example_dags/example_bash_operator.py took 0.131 seconds
[2025-10-03T19:18:19.310+0000] {processor.py:161} INFO - Started process (PID=459) to work on /home/airflow/.local/lib/python3.12/site-packages/airflow/example_dags/example_bash_operator.py
[2025-10-03T19:18:19.312+0000] {processor.py:830} INFO - Processing file /home/airflow/.local/lib/python3.12/site-packages/airflow/example_dags/example_bash_operator.py for tasks to queue
[2025-10-03T19:18:19.315+0000] {logging_mixin.py:188} INFO - [2025-10-03T19:18:19.314+0000] {dagbag.py:545} INFO - Filling up the DagBag from /home/airflow/.local/lib/python3.12/site-packages/airflow/example_dags/example_bash_operator.py
[2025-10-03T19:18:19.331+0000] {processor.py:840} INFO - DAG(s) 'example_bash_operator' retrieved from /home/airflow/.local/lib/python3.12/site-packages/airflow/example_dags/example_bash_operator.py
[2025-10-03T19:18:19.375+0000] {logging_mixin.py:188} INFO - [2025-10-03T19:18:19.375+0000] {dag.py:3096} INFO - Sync 1 DAGs
[2025-10-03T19:18:19.413+0000] {logging_mixin.py:188} INFO - [2025-10-03T19:18:19.413+0000] {dag.py:3954} INFO - Setting next_dagrun for example_bash_operator to 2025-10-02 00:00:00+00:00, run_after=2025-10-03 00:00:00+00:00
[2025-10-03T19:18:19.463+0000] {processor.py:183} INFO - Processing /home/airflow/.local/lib/python3.12/site-packages/airflow/example_dags/example_bash_operator.py took 0.161 seconds
[2025-10-03T19:18:50.246+0000] {processor.py:161} INFO - Started process (PID=518) to work on /home/airflow/.local/lib/python3.12/site-packages/airflow/example_dags/example_bash_operator.py
[2025-10-03T19:18:50.248+0000] {processor.py:830} INFO - Processing file /home/airflow/.local/lib/python3.12/site-packages/airflow/example_dags/example_bash_operator.py for tasks to queue
[2025-10-03T19:18:50.251+0000] {logging_mixin.py:188} INFO - [2025-10-03T19:18:50.250+0000] {dagbag.py:545} INFO - Filling up the DagBag from /home/airflow/.local/lib/python3.12/site-packages/airflow/example_dags/example_bash_operator.py
[2025-10-03T19:18:50.274+0000] {processor.py:840} INFO - DAG(s) 'example_bash_operator' retrieved from /home/airflow/.local/lib/python3.12/site-packages/airflow/example_dags/example_bash_operator.py
[2025-10-03T19:18:50.332+0000] {logging_mixin.py:188} INFO - [2025-10-03T19:18:50.331+0000] {dag.py:3096} INFO - Sync 1 DAGs
[2025-10-03T19:18:50.365+0000] {logging_mixin.py:188} INFO - [2025-10-03T19:18:50.365+0000] {dag.py:3954} INFO - Setting next_dagrun for example_bash_operator to 2025-10-02 00:00:00+00:00, run_after=2025-10-03 00:00:00+00:00
[2025-10-03T19:18:50.393+0000] {processor.py:183} INFO - Processing /home/airflow/.local/lib/python3.12/site-packages/airflow/example_dags/example_bash_operator.py took 0.159 seconds
[2025-10-03T19:19:20.523+0000] {processor.py:161} INFO - Started process (PID=575) to work on /home/airflow/.local/lib/python3.12/site-packages/airflow/example_dags/example_bash_operator.py
[2025-10-03T19:19:20.525+0000] {processor.py:830} INFO - Processing file /home/airflow/.local/lib/python3.12/site-packages/airflow/example_dags/example_bash_operator.py for tasks to queue
[2025-10-03T19:19:20.528+0000] {logging_mixin.py:188} INFO - [2025-10-03T19:19:20.527+0000] {dagbag.py:545} INFO - Filling up the DagBag from /home/airflow/.local/lib/python3.12/site-packages/airflow/example_dags/example_bash_operator.py
[2025-10-03T19:19:20.543+0000] {processor.py:840} INFO - DAG(s) 'example_bash_operator' retrieved from /home/airflow/.local/lib/python3.12/site-packages/airflow/example_dags/example_bash_operator.py
[2025-10-03T19:19:20.580+0000] {logging_mixin.py:188} INFO - [2025-10-03T19:19:20.580+0000] {dag.py:3096} INFO - Sync 1 DAGs
[2025-10-03T19:19:20.610+0000] {logging_mixin.py:188} INFO - [2025-10-03T19:19:20.610+0000] {dag.py:3954} INFO - Setting next_dagrun for example_bash_operator to 2025-10-02 00:00:00+00:00, run_after=2025-10-03 00:00:00+00:00
[2025-10-03T19:19:20.638+0000] {processor.py:183} INFO - Processing /home/airflow/.local/lib/python3.12/site-packages/airflow/example_dags/example_bash_operator.py took 0.123 seconds
[2025-10-03T19:19:51.036+0000] {processor.py:161} INFO - Started process (PID=628) to work on /home/airflow/.local/lib/python3.12/site-packages/airflow/example_dags/example_bash_operator.py
[2025-10-03T19:19:51.037+0000] {processor.py:830} INFO - Processing file /home/airflow/.local/lib/python3.12/site-packages/airflow/example_dags/example_bash_operator.py for tasks to queue
[2025-10-03T19:19:51.040+0000] {logging_mixin.py:188} INFO - [2025-10-03T19:19:51.039+0000] {dagbag.py:545} INFO - Filling up the DagBag from /home/airflow/.local/lib/python3.12/site-packages/airflow/example_dags/example_bash_operator.py
[2025-10-03T19:19:51.056+0000] {processor.py:840} INFO - DAG(s) 'example_bash_operator' retrieved from /home/airflow/.local/lib/python3.12/site-packages/airflow/example_dags/example_bash_operator.py
[2025-10-03T19:19:51.093+0000] {logging_mixin.py:188} INFO - [2025-10-03T19:19:51.093+0000] {dag.py:3096} INFO - Sync 1 DAGs
[2025-10-03T19:19:51.122+0000] {logging_mixin.py:188} INFO - [2025-10-03T19:19:51.122+0000] {dag.py:3954} INFO - Setting next_dagrun for example_bash_operator to 2025-10-02 00:00:00+00:00, run_after=2025-10-03 00:00:00+00:00
[2025-10-03T19:19:51.149+0000] {processor.py:183} INFO - Processing /home/airflow/.local/lib/python3.12/site-packages/airflow/example_dags/example_bash_operator.py took 0.121 seconds
[2025-10-03T19:20:21.955+0000] {processor.py:161} INFO - Started process (PID=686) to work on /home/airflow/.local/lib/python3.12/site-packages/airflow/example_dags/example_bash_operator.py
[2025-10-03T19:20:21.958+0000] {processor.py:830} INFO - Processing file /home/airflow/.local/lib/python3.12/site-packages/airflow/example_dags/example_bash_operator.py for tasks to queue
[2025-10-03T19:20:21.964+0000] {logging_mixin.py:188} INFO - [2025-10-03T19:20:21.962+0000] {dagbag.py:545} INFO - Filling up the DagBag from /home/airflow/.local/lib/python3.12/site-packages/airflow/example_dags/example_bash_operator.py
[2025-10-03T19:20:21.998+0000] {processor.py:840} INFO - DAG(s) 'example_bash_operator' retrieved from /home/airflow/.local/lib/python3.12/site-packages/airflow/example_dags/example_bash_operator.py
[2025-10-03T19:20:22.064+0000] {logging_mixin.py:188} INFO - [2025-10-03T19:20:22.064+0000] {dag.py:3096} INFO - Sync 1 DAGs
[2025-10-03T19:20:22.103+0000] {logging_mixin.py:188} INFO - [2025-10-03T19:20:22.103+0000] {dag.py:3954} INFO - Setting next_dagrun for example_bash_operator to 2025-10-02 00:00:00+00:00, run_after=2025-10-03 00:00:00+00:00
[2025-10-03T19:20:22.136+0000] {processor.py:183} INFO - Processing /home/airflow/.local/lib/python3.12/site-packages/airflow/example_dags/example_bash_operator.py took 0.200 seconds
[2025-10-03T19:20:52.252+0000] {processor.py:161} INFO - Started process (PID=739) to work on /home/airflow/.local/lib/python3.12/site-packages/airflow/example_dags/example_bash_operator.py
[2025-10-03T19:20:52.254+0000] {processor.py:830} INFO - Processing file /home/airflow/.local/lib/python3.12/site-packages/airflow/example_dags/example_bash_operator.py for tasks to queue
[2025-10-03T19:20:52.257+0000] {logging_mixin.py:188} INFO - [2025-10-03T19:20:52.256+0000] {dagbag.py:545} INFO - Filling up the DagBag from /home/airflow/.local/lib/python3.12/site-packages/airflow/example_dags/example_bash_operator.py
[2025-10-03T19:20:52.275+0000] {processor.py:840} INFO - DAG(s) 'example_bash_operator' retrieved from /home/airflow/.local/lib/python3.12/site-packages/airflow/example_dags/example_bash_operator.py
[2025-10-03T19:20:52.321+0000] {logging_mixin.py:188} INFO - [2025-10-03T19:20:52.320+0000] {dag.py:3096} INFO - Sync 1 DAGs
[2025-10-03T19:20:52.353+0000] {logging_mixin.py:188} INFO - [2025-10-03T19:20:52.352+0000] {dag.py:3954} INFO - Setting next_dagrun for example_bash_operator to 2025-10-02 00:00:00+00:00, run_after=2025-10-03 00:00:00+00:00
[2025-10-03T19:20:52.380+0000] {processor.py:183} INFO - Processing /home/airflow/.local/lib/python3.12/site-packages/airflow/example_dags/example_bash_operator.py took 0.138 seconds
[2025-10-03T19:21:22.528+0000] {processor.py:161} INFO - Started process (PID=796) to work on /home/airflow/.local/lib/python3.12/site-packages/airflow/example_dags/example_bash_operator.py
[2025-10-03T19:21:22.529+0000] {processor.py:830} INFO - Processing file /home/airflow/.local/lib/python3.12/site-packages/airflow/example_dags/example_bash_operator.py for tasks to queue
[2025-10-03T19:21:22.532+0000] {logging_mixin.py:188} INFO - [2025-10-03T19:21:22.531+0000] {dagbag.py:545} INFO - Filling up the DagBag from /home/airflow/.local/lib/python3.12/site-packages/airflow/example_dags/example_bash_operator.py
[2025-10-03T19:21:22.545+0000] {processor.py:840} INFO - DAG(s) 'example_bash_operator' retrieved from /home/airflow/.local/lib/python3.12/site-packages/airflow/example_dags/example_bash_operator.py
[2025-10-03T19:21:22.581+0000] {logging_mixin.py:188} INFO - [2025-10-03T19:21:22.580+0000] {dag.py:3096} INFO - Sync 1 DAGs
[2025-10-03T19:21:22.610+0000] {logging_mixin.py:188} INFO - [2025-10-03T19:21:22.610+0000] {dag.py:3954} INFO - Setting next_dagrun for example_bash_operator to 2025-10-02 00:00:00+00:00, run_after=2025-10-03 00:00:00+00:00
[2025-10-03T19:21:22.635+0000] {processor.py:183} INFO - Processing /home/airflow/.local/lib/python3.12/site-packages/airflow/example_dags/example_bash_operator.py took 0.115 seconds
[2025-10-03T19:21:52.780+0000] {processor.py:161} INFO - Started process (PID=849) to work on /home/airflow/.local/lib/python3.12/site-packages/airflow/example_dags/example_bash_operator.py
[2025-10-03T19:21:52.781+0000] {processor.py:830} INFO - Processing file /home/airflow/.local/lib/python3.12/site-packages/airflow/example_dags/example_bash_operator.py for tasks to queue
[2025-10-03T19:21:52.783+0000] {logging_mixin.py:188} INFO - [2025-10-03T19:21:52.783+0000] {dagbag.py:545} INFO - Filling up the DagBag from /home/airflow/.local/lib/python3.12/site-packages/airflow/example_dags/example_bash_operator.py
[2025-10-03T19:21:52.800+0000] {processor.py:840} INFO - DAG(s) 'example_bash_operator' retrieved from /home/airflow/.local/lib/python3.12/site-packages/airflow/example_dags/example_bash_operator.py
[2025-10-03T19:21:52.832+0000] {logging_mixin.py:188} INFO - [2025-10-03T19:21:52.832+0000] {dag.py:3096} INFO - Sync 1 DAGs
[2025-10-03T19:21:52.857+0000] {logging_mixin.py:188} INFO - [2025-10-03T19:21:52.857+0000] {dag.py:3954} INFO - Setting next_dagrun for example_bash_operator to 2025-10-02 00:00:00+00:00, run_after=2025-10-03 00:00:00+00:00
[2025-10-03T19:21:52.887+0000] {processor.py:183} INFO - Processing /home/airflow/.local/lib/python3.12/site-packages/airflow/example_dags/example_bash_operator.py took 0.114 seconds
[2025-10-03T19:22:24.462+0000] {processor.py:161} INFO - Started process (PID=906) to work on /home/airflow/.local/lib/python3.12/site-packages/airflow/example_dags/example_bash_operator.py
[2025-10-03T19:22:24.464+0000] {processor.py:830} INFO - Processing file /home/airflow/.local/lib/python3.12/site-packages/airflow/example_dags/example_bash_operator.py for tasks to queue
[2025-10-03T19:22:24.469+0000] {logging_mixin.py:188} INFO - [2025-10-03T19:22:24.468+0000] {dagbag.py:545} INFO - Filling up the DagBag from /home/airflow/.local/lib/python3.12/site-packages/airflow/example_dags/example_bash_operator.py
[2025-10-03T19:22:24.498+0000] {processor.py:840} INFO - DAG(s) 'example_bash_operator' retrieved from /home/airflow/.local/lib/python3.12/site-packages/airflow/example_dags/example_bash_operator.py
[2025-10-03T19:22:24.546+0000] {logging_mixin.py:188} INFO - [2025-10-03T19:22:24.545+0000] {dag.py:3096} INFO - Sync 1 DAGs
[2025-10-03T19:22:24.580+0000] {logging_mixin.py:188} INFO - [2025-10-03T19:22:24.580+0000] {dag.py:3954} INFO - Setting next_dagrun for example_bash_operator to 2025-10-02 00:00:00+00:00, run_after=2025-10-03 00:00:00+00:00
[2025-10-03T19:22:24.618+0000] {processor.py:183} INFO - Processing /home/airflow/.local/lib/python3.12/site-packages/airflow/example_dags/example_bash_operator.py took 0.165 seconds
[2025-10-03T19:22:54.981+0000] {processor.py:161} INFO - Started process (PID=959) to work on /home/airflow/.local/lib/python3.12/site-packages/airflow/example_dags/example_bash_operator.py
[2025-10-03T19:22:54.983+0000] {processor.py:830} INFO - Processing file /home/airflow/.local/lib/python3.12/site-packages/airflow/example_dags/example_bash_operator.py for tasks to queue
[2025-10-03T19:22:54.985+0000] {logging_mixin.py:188} INFO - [2025-10-03T19:22:54.985+0000] {dagbag.py:545} INFO - Filling up the DagBag from /home/airflow/.local/lib/python3.12/site-packages/airflow/example_dags/example_bash_operator.py
[2025-10-03T19:22:54.997+0000] {processor.py:840} INFO - DAG(s) 'example_bash_operator' retrieved from /home/airflow/.local/lib/python3.12/site-packages/airflow/example_dags/example_bash_operator.py
[2025-10-03T19:22:55.032+0000] {logging_mixin.py:188} INFO - [2025-10-03T19:22:55.032+0000] {dag.py:3096} INFO - Sync 1 DAGs
[2025-10-03T19:22:55.069+0000] {logging_mixin.py:188} INFO - [2025-10-03T19:22:55.068+0000] {dag.py:3954} INFO - Setting next_dagrun for example_bash_operator to 2025-10-02 00:00:00+00:00, run_after=2025-10-03 00:00:00+00:00
[2025-10-03T19:22:55.117+0000] {processor.py:183} INFO - Processing /home/airflow/.local/lib/python3.12/site-packages/airflow/example_dags/example_bash_operator.py took 0.142 seconds
[2025-10-03T19:23:25.644+0000] {processor.py:161} INFO - Started process (PID=1016) to work on /home/airflow/.local/lib/python3.12/site-packages/airflow/example_dags/example_bash_operator.py
[2025-10-03T19:23:25.645+0000] {processor.py:830} INFO - Processing file /home/airflow/.local/lib/python3.12/site-packages/airflow/example_dags/example_bash_operator.py for tasks to queue
[2025-10-03T19:23:25.647+0000] {logging_mixin.py:188} INFO - [2025-10-03T19:23:25.647+0000] {dagbag.py:545} INFO - Filling up the DagBag from /home/airflow/.local/lib/python3.12/site-packages/airflow/example_dags/example_bash_operator.py
[2025-10-03T19:23:25.659+0000] {processor.py:840} INFO - DAG(s) 'example_bash_operator' retrieved from /home/airflow/.local/lib/python3.12/site-packages/airflow/example_dags/example_bash_operator.py
[2025-10-03T19:23:25.689+0000] {logging_mixin.py:188} INFO - [2025-10-03T19:23:25.689+0000] {dag.py:3096} INFO - Sync 1 DAGs
[2025-10-03T19:23:25.712+0000] {logging_mixin.py:188} INFO - [2025-10-03T19:23:25.712+0000] {dag.py:3954} INFO - Setting next_dagrun for example_bash_operator to 2025-10-02 00:00:00+00:00, run_after=2025-10-03 00:00:00+00:00
[2025-10-03T19:23:25.739+0000] {processor.py:183} INFO - Processing /home/airflow/.local/lib/python3.12/site-packages/airflow/example_dags/example_bash_operator.py took 0.102 seconds
[2025-10-03T19:23:56.674+0000] {processor.py:161} INFO - Started process (PID=1069) to work on /home/airflow/.local/lib/python3.12/site-packages/airflow/example_dags/example_bash_operator.py
[2025-10-03T19:23:56.675+0000] {processor.py:830} INFO - Processing file /home/airflow/.local/lib/python3.12/site-packages/airflow/example_dags/example_bash_operator.py for tasks to queue
[2025-10-03T19:23:56.677+0000] {logging_mixin.py:188} INFO - [2025-10-03T19:23:56.677+0000] {dagbag.py:545} INFO - Filling up the DagBag from /home/airflow/.local/lib/python3.12/site-packages/airflow/example_dags/example_bash_operator.py
[2025-10-03T19:23:56.691+0000] {processor.py:840} INFO - DAG(s) 'example_bash_operator' retrieved from /home/airflow/.local/lib/python3.12/site-packages/airflow/example_dags/example_bash_operator.py
[2025-10-03T19:23:56.722+0000] {logging_mixin.py:188} INFO - [2025-10-03T19:23:56.722+0000] {dag.py:3096} INFO - Sync 1 DAGs
[2025-10-03T19:23:56.746+0000] {logging_mixin.py:188} INFO - [2025-10-03T19:23:56.746+0000] {dag.py:3954} INFO - Setting next_dagrun for example_bash_operator to 2025-10-02 00:00:00+00:00, run_after=2025-10-03 00:00:00+00:00
[2025-10-03T19:23:56.772+0000] {processor.py:183} INFO - Processing /home/airflow/.local/lib/python3.12/site-packages/airflow/example_dags/example_bash_operator.py took 0.104 seconds
[2025-10-03T19:24:27.305+0000] {processor.py:161} INFO - Started process (PID=1126) to work on /home/airflow/.local/lib/python3.12/site-packages/airflow/example_dags/example_bash_operator.py
[2025-10-03T19:24:27.306+0000] {processor.py:830} INFO - Processing file /home/airflow/.local/lib/python3.12/site-packages/airflow/example_dags/example_bash_operator.py for tasks to queue
[2025-10-03T19:24:27.309+0000] {logging_mixin.py:188} INFO - [2025-10-03T19:24:27.308+0000] {dagbag.py:545} INFO - Filling up the DagBag from /home/airflow/.local/lib/python3.12/site-packages/airflow/example_dags/example_bash_operator.py
[2025-10-03T19:24:27.321+0000] {processor.py:840} INFO - DAG(s) 'example_bash_operator' retrieved from /home/airflow/.local/lib/python3.12/site-packages/airflow/example_dags/example_bash_operator.py
[2025-10-03T19:24:27.354+0000] {logging_mixin.py:188} INFO - [2025-10-03T19:24:27.354+0000] {dag.py:3096} INFO - Sync 1 DAGs
[2025-10-03T19:24:27.380+0000] {logging_mixin.py:188} INFO - [2025-10-03T19:24:27.380+0000] {dag.py:3954} INFO - Setting next_dagrun for example_bash_operator to 2025-10-02 00:00:00+00:00, run_after=2025-10-03 00:00:00+00:00
[2025-10-03T19:24:27.402+0000] {processor.py:183} INFO - Processing /home/airflow/.local/lib/python3.12/site-packages/airflow/example_dags/example_bash_operator.py took 0.104 seconds
[2025-10-03T19:24:57.738+0000] {processor.py:161} INFO - Started process (PID=1179) to work on /home/airflow/.local/lib/python3.12/site-packages/airflow/example_dags/example_bash_operator.py
[2025-10-03T19:24:57.739+0000] {processor.py:830} INFO - Processing file /home/airflow/.local/lib/python3.12/site-packages/airflow/example_dags/example_bash_operator.py for tasks to queue
[2025-10-03T19:24:57.742+0000] {logging_mixin.py:188} INFO - [2025-10-03T19:24:57.741+0000] {dagbag.py:545} INFO - Filling up the DagBag from /home/airflow/.local/lib/python3.12/site-packages/airflow/example_dags/example_bash_operator.py
[2025-10-03T19:24:57.755+0000] {processor.py:840} INFO - DAG(s) 'example_bash_operator' retrieved from /home/airflow/.local/lib/python3.12/site-packages/airflow/example_dags/example_bash_operator.py
[2025-10-03T19:24:57.788+0000] {logging_mixin.py:188} INFO - [2025-10-03T19:24:57.788+0000] {dag.py:3096} INFO - Sync 1 DAGs
[2025-10-03T19:24:57.815+0000] {logging_mixin.py:188} INFO - [2025-10-03T19:24:57.815+0000] {dag.py:3954} INFO - Setting next_dagrun for example_bash_operator to 2025-10-02 00:00:00+00:00, run_after=2025-10-03 00:00:00+00:00
[2025-10-03T19:24:57.838+0000] {processor.py:183} INFO - Processing /home/airflow/.local/lib/python3.12/site-packages/airflow/example_dags/example_bash_operator.py took 0.107 seconds
[2025-10-03T19:25:28.095+0000] {processor.py:161} INFO - Started process (PID=1236) to work on /home/airflow/.local/lib/python3.12/site-packages/airflow/example_dags/example_bash_operator.py
[2025-10-03T19:25:28.096+0000] {processor.py:830} INFO - Processing file /home/airflow/.local/lib/python3.12/site-packages/airflow/example_dags/example_bash_operator.py for tasks to queue
[2025-10-03T19:25:28.098+0000] {logging_mixin.py:188} INFO - [2025-10-03T19:25:28.098+0000] {dagbag.py:545} INFO - Filling up the DagBag from /home/airflow/.local/lib/python3.12/site-packages/airflow/example_dags/example_bash_operator.py
[2025-10-03T19:25:28.110+0000] {processor.py:840} INFO - DAG(s) 'example_bash_operator' retrieved from /home/airflow/.local/lib/python3.12/site-packages/airflow/example_dags/example_bash_operator.py
[2025-10-03T19:25:28.142+0000] {logging_mixin.py:188} INFO - [2025-10-03T19:25:28.141+0000] {dag.py:3096} INFO - Sync 1 DAGs
[2025-10-03T19:25:28.166+0000] {logging_mixin.py:188} INFO - [2025-10-03T19:25:28.166+0000] {dag.py:3954} INFO - Setting next_dagrun for example_bash_operator to 2025-10-02 00:00:00+00:00, run_after=2025-10-03 00:00:00+00:00
[2025-10-03T19:25:28.205+0000] {processor.py:183} INFO - Processing /home/airflow/.local/lib/python3.12/site-packages/airflow/example_dags/example_bash_operator.py took 0.117 seconds
[2025-10-03T19:25:58.364+0000] {processor.py:161} INFO - Started process (PID=1289) to work on /home/airflow/.local/lib/python3.12/site-packages/airflow/example_dags/example_bash_operator.py
[2025-10-03T19:25:58.365+0000] {processor.py:830} INFO - Processing file /home/airflow/.local/lib/python3.12/site-packages/airflow/example_dags/example_bash_operator.py for tasks to queue
[2025-10-03T19:25:58.367+0000] {logging_mixin.py:188} INFO - [2025-10-03T19:25:58.367+0000] {dagbag.py:545} INFO - Filling up the DagBag from /home/airflow/.local/lib/python3.12/site-packages/airflow/example_dags/example_bash_operator.py
[2025-10-03T19:25:58.378+0000] {processor.py:840} INFO - DAG(s) 'example_bash_operator' retrieved from /home/airflow/.local/lib/python3.12/site-packages/airflow/example_dags/example_bash_operator.py
[2025-10-03T19:25:58.409+0000] {logging_mixin.py:188} INFO - [2025-10-03T19:25:58.408+0000] {dag.py:3096} INFO - Sync 1 DAGs
[2025-10-03T19:25:58.431+0000] {logging_mixin.py:188} INFO - [2025-10-03T19:25:58.430+0000] {dag.py:3954} INFO - Setting next_dagrun for example_bash_operator to 2025-10-02 00:00:00+00:00, run_after=2025-10-03 00:00:00+00:00
[2025-10-03T19:25:58.450+0000] {processor.py:183} INFO - Processing /home/airflow/.local/lib/python3.12/site-packages/airflow/example_dags/example_bash_operator.py took 0.093 seconds
