[2025-10-03T19:14:38.371+0000] {processor.py:161} INFO - Started process (PID=39) to work on /home/airflow/.local/lib/python3.12/site-packages/airflow/example_dags/example_task_group.py
[2025-10-03T19:14:38.374+0000] {processor.py:830} INFO - Processing file /home/airflow/.local/lib/python3.12/site-packages/airflow/example_dags/example_task_group.py for tasks to queue
[2025-10-03T19:14:38.380+0000] {logging_mixin.py:188} INFO - [2025-10-03T19:14:38.378+0000] {dagbag.py:545} INFO - Filling up the DagBag from /home/airflow/.local/lib/python3.12/site-packages/airflow/example_dags/example_task_group.py
[2025-10-03T19:14:38.420+0000] {processor.py:840} INFO - DAG(s) 'example_task_group' retrieved from /home/airflow/.local/lib/python3.12/site-packages/airflow/example_dags/example_task_group.py
[2025-10-03T19:14:38.453+0000] {logging_mixin.py:188} INFO - [2025-10-03T19:14:38.453+0000] {dag.py:3096} INFO - Sync 1 DAGs
[2025-10-03T19:14:38.529+0000] {logging_mixin.py:188} INFO - [2025-10-03T19:14:38.529+0000] {dag.py:3954} INFO - Setting next_dagrun for example_task_group to 2025-10-02 00:00:00+00:00, run_after=2025-10-03 00:00:00+00:00
[2025-10-03T19:14:38.578+0000] {processor.py:183} INFO - Processing /home/airflow/.local/lib/python3.12/site-packages/airflow/example_dags/example_task_group.py took 0.229 seconds
[2025-10-03T19:15:08.941+0000] {processor.py:161} INFO - Started process (PID=92) to work on /home/airflow/.local/lib/python3.12/site-packages/airflow/example_dags/example_task_group.py
[2025-10-03T19:15:08.943+0000] {processor.py:830} INFO - Processing file /home/airflow/.local/lib/python3.12/site-packages/airflow/example_dags/example_task_group.py for tasks to queue
[2025-10-03T19:15:08.947+0000] {logging_mixin.py:188} INFO - [2025-10-03T19:15:08.946+0000] {dagbag.py:545} INFO - Filling up the DagBag from /home/airflow/.local/lib/python3.12/site-packages/airflow/example_dags/example_task_group.py
[2025-10-03T19:15:08.960+0000] {processor.py:840} INFO - DAG(s) 'example_task_group' retrieved from /home/airflow/.local/lib/python3.12/site-packages/airflow/example_dags/example_task_group.py
[2025-10-03T19:15:09.151+0000] {logging_mixin.py:188} INFO - [2025-10-03T19:15:09.151+0000] {dag.py:3096} INFO - Sync 1 DAGs
[2025-10-03T19:15:09.177+0000] {logging_mixin.py:188} INFO - [2025-10-03T19:15:09.177+0000] {dag.py:3954} INFO - Setting next_dagrun for example_task_group to 2025-10-02 00:00:00+00:00, run_after=2025-10-03 00:00:00+00:00
[2025-10-03T19:15:09.210+0000] {processor.py:183} INFO - Processing /home/airflow/.local/lib/python3.12/site-packages/airflow/example_dags/example_task_group.py took 0.280 seconds
[2025-10-03T19:15:39.394+0000] {processor.py:161} INFO - Started process (PID=149) to work on /home/airflow/.local/lib/python3.12/site-packages/airflow/example_dags/example_task_group.py
[2025-10-03T19:15:39.395+0000] {processor.py:830} INFO - Processing file /home/airflow/.local/lib/python3.12/site-packages/airflow/example_dags/example_task_group.py for tasks to queue
[2025-10-03T19:15:39.398+0000] {logging_mixin.py:188} INFO - [2025-10-03T19:15:39.398+0000] {dagbag.py:545} INFO - Filling up the DagBag from /home/airflow/.local/lib/python3.12/site-packages/airflow/example_dags/example_task_group.py
[2025-10-03T19:15:39.416+0000] {processor.py:840} INFO - DAG(s) 'example_task_group' retrieved from /home/airflow/.local/lib/python3.12/site-packages/airflow/example_dags/example_task_group.py
[2025-10-03T19:15:39.450+0000] {logging_mixin.py:188} INFO - [2025-10-03T19:15:39.449+0000] {dag.py:3096} INFO - Sync 1 DAGs
[2025-10-03T19:15:39.479+0000] {logging_mixin.py:188} INFO - [2025-10-03T19:15:39.479+0000] {dag.py:3954} INFO - Setting next_dagrun for example_task_group to 2025-10-02 00:00:00+00:00, run_after=2025-10-03 00:00:00+00:00
[2025-10-03T19:15:39.510+0000] {processor.py:183} INFO - Processing /home/airflow/.local/lib/python3.12/site-packages/airflow/example_dags/example_task_group.py took 0.128 seconds
[2025-10-03T19:16:09.803+0000] {processor.py:161} INFO - Started process (PID=204) to work on /home/airflow/.local/lib/python3.12/site-packages/airflow/example_dags/example_task_group.py
[2025-10-03T19:16:09.804+0000] {processor.py:830} INFO - Processing file /home/airflow/.local/lib/python3.12/site-packages/airflow/example_dags/example_task_group.py for tasks to queue
[2025-10-03T19:16:09.807+0000] {logging_mixin.py:188} INFO - [2025-10-03T19:16:09.806+0000] {dagbag.py:545} INFO - Filling up the DagBag from /home/airflow/.local/lib/python3.12/site-packages/airflow/example_dags/example_task_group.py
[2025-10-03T19:16:09.819+0000] {processor.py:840} INFO - DAG(s) 'example_task_group' retrieved from /home/airflow/.local/lib/python3.12/site-packages/airflow/example_dags/example_task_group.py
[2025-10-03T19:16:09.854+0000] {logging_mixin.py:188} INFO - [2025-10-03T19:16:09.853+0000] {dag.py:3096} INFO - Sync 1 DAGs
[2025-10-03T19:16:09.884+0000] {logging_mixin.py:188} INFO - [2025-10-03T19:16:09.883+0000] {dag.py:3954} INFO - Setting next_dagrun for example_task_group to 2025-10-02 00:00:00+00:00, run_after=2025-10-03 00:00:00+00:00
[2025-10-03T19:16:09.918+0000] {processor.py:183} INFO - Processing /home/airflow/.local/lib/python3.12/site-packages/airflow/example_dags/example_task_group.py took 0.123 seconds
[2025-10-03T19:16:40.291+0000] {processor.py:161} INFO - Started process (PID=260) to work on /home/airflow/.local/lib/python3.12/site-packages/airflow/example_dags/example_task_group.py
[2025-10-03T19:16:40.293+0000] {processor.py:830} INFO - Processing file /home/airflow/.local/lib/python3.12/site-packages/airflow/example_dags/example_task_group.py for tasks to queue
[2025-10-03T19:16:40.296+0000] {logging_mixin.py:188} INFO - [2025-10-03T19:16:40.295+0000] {dagbag.py:545} INFO - Filling up the DagBag from /home/airflow/.local/lib/python3.12/site-packages/airflow/example_dags/example_task_group.py
[2025-10-03T19:16:40.308+0000] {processor.py:840} INFO - DAG(s) 'example_task_group' retrieved from /home/airflow/.local/lib/python3.12/site-packages/airflow/example_dags/example_task_group.py
[2025-10-03T19:16:40.341+0000] {logging_mixin.py:188} INFO - [2025-10-03T19:16:40.340+0000] {dag.py:3096} INFO - Sync 1 DAGs
[2025-10-03T19:16:40.369+0000] {logging_mixin.py:188} INFO - [2025-10-03T19:16:40.368+0000] {dag.py:3954} INFO - Setting next_dagrun for example_task_group to 2025-10-02 00:00:00+00:00, run_after=2025-10-03 00:00:00+00:00
[2025-10-03T19:16:40.395+0000] {processor.py:183} INFO - Processing /home/airflow/.local/lib/python3.12/site-packages/airflow/example_dags/example_task_group.py took 0.113 seconds
[2025-10-03T19:17:10.710+0000] {processor.py:161} INFO - Started process (PID=315) to work on /home/airflow/.local/lib/python3.12/site-packages/airflow/example_dags/example_task_group.py
[2025-10-03T19:17:10.713+0000] {processor.py:830} INFO - Processing file /home/airflow/.local/lib/python3.12/site-packages/airflow/example_dags/example_task_group.py for tasks to queue
[2025-10-03T19:17:10.715+0000] {logging_mixin.py:188} INFO - [2025-10-03T19:17:10.715+0000] {dagbag.py:545} INFO - Filling up the DagBag from /home/airflow/.local/lib/python3.12/site-packages/airflow/example_dags/example_task_group.py
[2025-10-03T19:17:10.726+0000] {processor.py:840} INFO - DAG(s) 'example_task_group' retrieved from /home/airflow/.local/lib/python3.12/site-packages/airflow/example_dags/example_task_group.py
[2025-10-03T19:17:10.758+0000] {logging_mixin.py:188} INFO - [2025-10-03T19:17:10.757+0000] {dag.py:3096} INFO - Sync 1 DAGs
[2025-10-03T19:17:10.787+0000] {logging_mixin.py:188} INFO - [2025-10-03T19:17:10.787+0000] {dag.py:3954} INFO - Setting next_dagrun for example_task_group to 2025-10-02 00:00:00+00:00, run_after=2025-10-03 00:00:00+00:00
[2025-10-03T19:17:10.814+0000] {processor.py:183} INFO - Processing /home/airflow/.local/lib/python3.12/site-packages/airflow/example_dags/example_task_group.py took 0.113 seconds
[2025-10-03T19:17:41.228+0000] {processor.py:161} INFO - Started process (PID=372) to work on /home/airflow/.local/lib/python3.12/site-packages/airflow/example_dags/example_task_group.py
[2025-10-03T19:17:41.229+0000] {processor.py:830} INFO - Processing file /home/airflow/.local/lib/python3.12/site-packages/airflow/example_dags/example_task_group.py for tasks to queue
[2025-10-03T19:17:41.232+0000] {logging_mixin.py:188} INFO - [2025-10-03T19:17:41.232+0000] {dagbag.py:545} INFO - Filling up the DagBag from /home/airflow/.local/lib/python3.12/site-packages/airflow/example_dags/example_task_group.py
[2025-10-03T19:17:41.246+0000] {processor.py:840} INFO - DAG(s) 'example_task_group' retrieved from /home/airflow/.local/lib/python3.12/site-packages/airflow/example_dags/example_task_group.py
[2025-10-03T19:17:41.282+0000] {logging_mixin.py:188} INFO - [2025-10-03T19:17:41.282+0000] {dag.py:3096} INFO - Sync 1 DAGs
[2025-10-03T19:17:41.320+0000] {logging_mixin.py:188} INFO - [2025-10-03T19:17:41.320+0000] {dag.py:3954} INFO - Setting next_dagrun for example_task_group to 2025-10-02 00:00:00+00:00, run_after=2025-10-03 00:00:00+00:00
[2025-10-03T19:17:41.349+0000] {processor.py:183} INFO - Processing /home/airflow/.local/lib/python3.12/site-packages/airflow/example_dags/example_task_group.py took 0.130 seconds
[2025-10-03T19:18:12.130+0000] {processor.py:161} INFO - Started process (PID=429) to work on /home/airflow/.local/lib/python3.12/site-packages/airflow/example_dags/example_task_group.py
[2025-10-03T19:18:12.132+0000] {processor.py:830} INFO - Processing file /home/airflow/.local/lib/python3.12/site-packages/airflow/example_dags/example_task_group.py for tasks to queue
[2025-10-03T19:18:12.135+0000] {logging_mixin.py:188} INFO - [2025-10-03T19:18:12.135+0000] {dagbag.py:545} INFO - Filling up the DagBag from /home/airflow/.local/lib/python3.12/site-packages/airflow/example_dags/example_task_group.py
[2025-10-03T19:18:12.146+0000] {processor.py:840} INFO - DAG(s) 'example_task_group' retrieved from /home/airflow/.local/lib/python3.12/site-packages/airflow/example_dags/example_task_group.py
[2025-10-03T19:18:12.177+0000] {logging_mixin.py:188} INFO - [2025-10-03T19:18:12.177+0000] {dag.py:3096} INFO - Sync 1 DAGs
[2025-10-03T19:18:12.205+0000] {logging_mixin.py:188} INFO - [2025-10-03T19:18:12.205+0000] {dag.py:3954} INFO - Setting next_dagrun for example_task_group to 2025-10-02 00:00:00+00:00, run_after=2025-10-03 00:00:00+00:00
[2025-10-03T19:18:12.232+0000] {processor.py:183} INFO - Processing /home/airflow/.local/lib/python3.12/site-packages/airflow/example_dags/example_task_group.py took 0.111 seconds
[2025-10-03T19:18:42.590+0000] {processor.py:161} INFO - Started process (PID=491) to work on /home/airflow/.local/lib/python3.12/site-packages/airflow/example_dags/example_task_group.py
[2025-10-03T19:18:42.592+0000] {processor.py:830} INFO - Processing file /home/airflow/.local/lib/python3.12/site-packages/airflow/example_dags/example_task_group.py for tasks to queue
[2025-10-03T19:18:42.596+0000] {logging_mixin.py:188} INFO - [2025-10-03T19:18:42.595+0000] {dagbag.py:545} INFO - Filling up the DagBag from /home/airflow/.local/lib/python3.12/site-packages/airflow/example_dags/example_task_group.py
[2025-10-03T19:18:42.611+0000] {processor.py:840} INFO - DAG(s) 'example_task_group' retrieved from /home/airflow/.local/lib/python3.12/site-packages/airflow/example_dags/example_task_group.py
[2025-10-03T19:18:42.653+0000] {logging_mixin.py:188} INFO - [2025-10-03T19:18:42.653+0000] {dag.py:3096} INFO - Sync 1 DAGs
[2025-10-03T19:18:42.694+0000] {logging_mixin.py:188} INFO - [2025-10-03T19:18:42.694+0000] {dag.py:3954} INFO - Setting next_dagrun for example_task_group to 2025-10-02 00:00:00+00:00, run_after=2025-10-03 00:00:00+00:00
[2025-10-03T19:18:42.731+0000] {processor.py:183} INFO - Processing /home/airflow/.local/lib/python3.12/site-packages/airflow/example_dags/example_task_group.py took 0.153 seconds
[2025-10-03T19:19:13.222+0000] {processor.py:161} INFO - Started process (PID=548) to work on /home/airflow/.local/lib/python3.12/site-packages/airflow/example_dags/example_task_group.py
[2025-10-03T19:19:13.223+0000] {processor.py:830} INFO - Processing file /home/airflow/.local/lib/python3.12/site-packages/airflow/example_dags/example_task_group.py for tasks to queue
[2025-10-03T19:19:13.225+0000] {logging_mixin.py:188} INFO - [2025-10-03T19:19:13.225+0000] {dagbag.py:545} INFO - Filling up the DagBag from /home/airflow/.local/lib/python3.12/site-packages/airflow/example_dags/example_task_group.py
[2025-10-03T19:19:13.235+0000] {processor.py:840} INFO - DAG(s) 'example_task_group' retrieved from /home/airflow/.local/lib/python3.12/site-packages/airflow/example_dags/example_task_group.py
[2025-10-03T19:19:13.264+0000] {logging_mixin.py:188} INFO - [2025-10-03T19:19:13.263+0000] {dag.py:3096} INFO - Sync 1 DAGs
[2025-10-03T19:19:13.290+0000] {logging_mixin.py:188} INFO - [2025-10-03T19:19:13.290+0000] {dag.py:3954} INFO - Setting next_dagrun for example_task_group to 2025-10-02 00:00:00+00:00, run_after=2025-10-03 00:00:00+00:00
[2025-10-03T19:19:13.314+0000] {processor.py:183} INFO - Processing /home/airflow/.local/lib/python3.12/site-packages/airflow/example_dags/example_task_group.py took 0.101 seconds
[2025-10-03T19:19:43.408+0000] {processor.py:161} INFO - Started process (PID=601) to work on /home/airflow/.local/lib/python3.12/site-packages/airflow/example_dags/example_task_group.py
[2025-10-03T19:19:43.411+0000] {processor.py:830} INFO - Processing file /home/airflow/.local/lib/python3.12/site-packages/airflow/example_dags/example_task_group.py for tasks to queue
[2025-10-03T19:19:43.414+0000] {logging_mixin.py:188} INFO - [2025-10-03T19:19:43.413+0000] {dagbag.py:545} INFO - Filling up the DagBag from /home/airflow/.local/lib/python3.12/site-packages/airflow/example_dags/example_task_group.py
[2025-10-03T19:19:43.424+0000] {processor.py:840} INFO - DAG(s) 'example_task_group' retrieved from /home/airflow/.local/lib/python3.12/site-packages/airflow/example_dags/example_task_group.py
[2025-10-03T19:19:43.456+0000] {logging_mixin.py:188} INFO - [2025-10-03T19:19:43.455+0000] {dag.py:3096} INFO - Sync 1 DAGs
[2025-10-03T19:19:43.485+0000] {logging_mixin.py:188} INFO - [2025-10-03T19:19:43.484+0000] {dag.py:3954} INFO - Setting next_dagrun for example_task_group to 2025-10-02 00:00:00+00:00, run_after=2025-10-03 00:00:00+00:00
[2025-10-03T19:19:43.512+0000] {processor.py:183} INFO - Processing /home/airflow/.local/lib/python3.12/site-packages/airflow/example_dags/example_task_group.py took 0.113 seconds
[2025-10-03T19:20:14.188+0000] {processor.py:161} INFO - Started process (PID=658) to work on /home/airflow/.local/lib/python3.12/site-packages/airflow/example_dags/example_task_group.py
[2025-10-03T19:20:14.189+0000] {processor.py:830} INFO - Processing file /home/airflow/.local/lib/python3.12/site-packages/airflow/example_dags/example_task_group.py for tasks to queue
[2025-10-03T19:20:14.192+0000] {logging_mixin.py:188} INFO - [2025-10-03T19:20:14.192+0000] {dagbag.py:545} INFO - Filling up the DagBag from /home/airflow/.local/lib/python3.12/site-packages/airflow/example_dags/example_task_group.py
[2025-10-03T19:20:14.202+0000] {processor.py:840} INFO - DAG(s) 'example_task_group' retrieved from /home/airflow/.local/lib/python3.12/site-packages/airflow/example_dags/example_task_group.py
[2025-10-03T19:20:14.232+0000] {logging_mixin.py:188} INFO - [2025-10-03T19:20:14.232+0000] {dag.py:3096} INFO - Sync 1 DAGs
[2025-10-03T19:20:14.261+0000] {logging_mixin.py:188} INFO - [2025-10-03T19:20:14.261+0000] {dag.py:3954} INFO - Setting next_dagrun for example_task_group to 2025-10-02 00:00:00+00:00, run_after=2025-10-03 00:00:00+00:00
[2025-10-03T19:20:14.290+0000] {processor.py:183} INFO - Processing /home/airflow/.local/lib/python3.12/site-packages/airflow/example_dags/example_task_group.py took 0.109 seconds
[2025-10-03T19:20:44.504+0000] {processor.py:161} INFO - Started process (PID=711) to work on /home/airflow/.local/lib/python3.12/site-packages/airflow/example_dags/example_task_group.py
[2025-10-03T19:20:44.506+0000] {processor.py:830} INFO - Processing file /home/airflow/.local/lib/python3.12/site-packages/airflow/example_dags/example_task_group.py for tasks to queue
[2025-10-03T19:20:44.508+0000] {logging_mixin.py:188} INFO - [2025-10-03T19:20:44.508+0000] {dagbag.py:545} INFO - Filling up the DagBag from /home/airflow/.local/lib/python3.12/site-packages/airflow/example_dags/example_task_group.py
[2025-10-03T19:20:44.519+0000] {processor.py:840} INFO - DAG(s) 'example_task_group' retrieved from /home/airflow/.local/lib/python3.12/site-packages/airflow/example_dags/example_task_group.py
[2025-10-03T19:20:44.548+0000] {logging_mixin.py:188} INFO - [2025-10-03T19:20:44.548+0000] {dag.py:3096} INFO - Sync 1 DAGs
[2025-10-03T19:20:44.578+0000] {logging_mixin.py:188} INFO - [2025-10-03T19:20:44.578+0000] {dag.py:3954} INFO - Setting next_dagrun for example_task_group to 2025-10-02 00:00:00+00:00, run_after=2025-10-03 00:00:00+00:00
[2025-10-03T19:20:44.613+0000] {processor.py:183} INFO - Processing /home/airflow/.local/lib/python3.12/site-packages/airflow/example_dags/example_task_group.py took 0.118 seconds
[2025-10-03T19:21:14.902+0000] {processor.py:161} INFO - Started process (PID=768) to work on /home/airflow/.local/lib/python3.12/site-packages/airflow/example_dags/example_task_group.py
[2025-10-03T19:21:14.904+0000] {processor.py:830} INFO - Processing file /home/airflow/.local/lib/python3.12/site-packages/airflow/example_dags/example_task_group.py for tasks to queue
[2025-10-03T19:21:14.909+0000] {logging_mixin.py:188} INFO - [2025-10-03T19:21:14.909+0000] {dagbag.py:545} INFO - Filling up the DagBag from /home/airflow/.local/lib/python3.12/site-packages/airflow/example_dags/example_task_group.py
[2025-10-03T19:21:14.920+0000] {processor.py:840} INFO - DAG(s) 'example_task_group' retrieved from /home/airflow/.local/lib/python3.12/site-packages/airflow/example_dags/example_task_group.py
[2025-10-03T19:21:14.954+0000] {logging_mixin.py:188} INFO - [2025-10-03T19:21:14.954+0000] {dag.py:3096} INFO - Sync 1 DAGs
[2025-10-03T19:21:14.983+0000] {logging_mixin.py:188} INFO - [2025-10-03T19:21:14.982+0000] {dag.py:3954} INFO - Setting next_dagrun for example_task_group to 2025-10-02 00:00:00+00:00, run_after=2025-10-03 00:00:00+00:00
[2025-10-03T19:21:15.006+0000] {processor.py:183} INFO - Processing /home/airflow/.local/lib/python3.12/site-packages/airflow/example_dags/example_task_group.py took 0.118 seconds
[2025-10-03T19:21:45.231+0000] {processor.py:161} INFO - Started process (PID=821) to work on /home/airflow/.local/lib/python3.12/site-packages/airflow/example_dags/example_task_group.py
[2025-10-03T19:21:45.233+0000] {processor.py:830} INFO - Processing file /home/airflow/.local/lib/python3.12/site-packages/airflow/example_dags/example_task_group.py for tasks to queue
[2025-10-03T19:21:45.235+0000] {logging_mixin.py:188} INFO - [2025-10-03T19:21:45.235+0000] {dagbag.py:545} INFO - Filling up the DagBag from /home/airflow/.local/lib/python3.12/site-packages/airflow/example_dags/example_task_group.py
[2025-10-03T19:21:45.243+0000] {processor.py:840} INFO - DAG(s) 'example_task_group' retrieved from /home/airflow/.local/lib/python3.12/site-packages/airflow/example_dags/example_task_group.py
[2025-10-03T19:21:45.269+0000] {logging_mixin.py:188} INFO - [2025-10-03T19:21:45.269+0000] {dag.py:3096} INFO - Sync 1 DAGs
[2025-10-03T19:21:45.293+0000] {logging_mixin.py:188} INFO - [2025-10-03T19:21:45.293+0000] {dag.py:3954} INFO - Setting next_dagrun for example_task_group to 2025-10-02 00:00:00+00:00, run_after=2025-10-03 00:00:00+00:00
[2025-10-03T19:21:45.316+0000] {processor.py:183} INFO - Processing /home/airflow/.local/lib/python3.12/site-packages/airflow/example_dags/example_task_group.py took 0.092 seconds
[2025-10-03T19:22:15.498+0000] {processor.py:161} INFO - Started process (PID=878) to work on /home/airflow/.local/lib/python3.12/site-packages/airflow/example_dags/example_task_group.py
[2025-10-03T19:22:15.500+0000] {processor.py:830} INFO - Processing file /home/airflow/.local/lib/python3.12/site-packages/airflow/example_dags/example_task_group.py for tasks to queue
[2025-10-03T19:22:15.502+0000] {logging_mixin.py:188} INFO - [2025-10-03T19:22:15.502+0000] {dagbag.py:545} INFO - Filling up the DagBag from /home/airflow/.local/lib/python3.12/site-packages/airflow/example_dags/example_task_group.py
[2025-10-03T19:22:15.510+0000] {processor.py:840} INFO - DAG(s) 'example_task_group' retrieved from /home/airflow/.local/lib/python3.12/site-packages/airflow/example_dags/example_task_group.py
[2025-10-03T19:22:15.536+0000] {logging_mixin.py:188} INFO - [2025-10-03T19:22:15.536+0000] {dag.py:3096} INFO - Sync 1 DAGs
[2025-10-03T19:22:15.562+0000] {logging_mixin.py:188} INFO - [2025-10-03T19:22:15.562+0000] {dag.py:3954} INFO - Setting next_dagrun for example_task_group to 2025-10-02 00:00:00+00:00, run_after=2025-10-03 00:00:00+00:00
[2025-10-03T19:22:15.591+0000] {processor.py:183} INFO - Processing /home/airflow/.local/lib/python3.12/site-packages/airflow/example_dags/example_task_group.py took 0.100 seconds
[2025-10-03T19:22:46.027+0000] {processor.py:161} INFO - Started process (PID=931) to work on /home/airflow/.local/lib/python3.12/site-packages/airflow/example_dags/example_task_group.py
[2025-10-03T19:22:46.028+0000] {processor.py:830} INFO - Processing file /home/airflow/.local/lib/python3.12/site-packages/airflow/example_dags/example_task_group.py for tasks to queue
[2025-10-03T19:22:46.031+0000] {logging_mixin.py:188} INFO - [2025-10-03T19:22:46.030+0000] {dagbag.py:545} INFO - Filling up the DagBag from /home/airflow/.local/lib/python3.12/site-packages/airflow/example_dags/example_task_group.py
[2025-10-03T19:22:46.039+0000] {processor.py:840} INFO - DAG(s) 'example_task_group' retrieved from /home/airflow/.local/lib/python3.12/site-packages/airflow/example_dags/example_task_group.py
[2025-10-03T19:22:46.063+0000] {logging_mixin.py:188} INFO - [2025-10-03T19:22:46.063+0000] {dag.py:3096} INFO - Sync 1 DAGs
[2025-10-03T19:22:46.087+0000] {logging_mixin.py:188} INFO - [2025-10-03T19:22:46.087+0000] {dag.py:3954} INFO - Setting next_dagrun for example_task_group to 2025-10-02 00:00:00+00:00, run_after=2025-10-03 00:00:00+00:00
[2025-10-03T19:22:46.113+0000] {processor.py:183} INFO - Processing /home/airflow/.local/lib/python3.12/site-packages/airflow/example_dags/example_task_group.py took 0.092 seconds
[2025-10-03T19:23:16.674+0000] {processor.py:161} INFO - Started process (PID=988) to work on /home/airflow/.local/lib/python3.12/site-packages/airflow/example_dags/example_task_group.py
[2025-10-03T19:23:16.675+0000] {processor.py:830} INFO - Processing file /home/airflow/.local/lib/python3.12/site-packages/airflow/example_dags/example_task_group.py for tasks to queue
[2025-10-03T19:23:16.677+0000] {logging_mixin.py:188} INFO - [2025-10-03T19:23:16.677+0000] {dagbag.py:545} INFO - Filling up the DagBag from /home/airflow/.local/lib/python3.12/site-packages/airflow/example_dags/example_task_group.py
[2025-10-03T19:23:16.686+0000] {processor.py:840} INFO - DAG(s) 'example_task_group' retrieved from /home/airflow/.local/lib/python3.12/site-packages/airflow/example_dags/example_task_group.py
[2025-10-03T19:23:16.710+0000] {logging_mixin.py:188} INFO - [2025-10-03T19:23:16.710+0000] {dag.py:3096} INFO - Sync 1 DAGs
[2025-10-03T19:23:16.734+0000] {logging_mixin.py:188} INFO - [2025-10-03T19:23:16.734+0000] {dag.py:3954} INFO - Setting next_dagrun for example_task_group to 2025-10-02 00:00:00+00:00, run_after=2025-10-03 00:00:00+00:00
[2025-10-03T19:23:16.764+0000] {processor.py:183} INFO - Processing /home/airflow/.local/lib/python3.12/site-packages/airflow/example_dags/example_task_group.py took 0.097 seconds
[2025-10-03T19:23:46.857+0000] {processor.py:161} INFO - Started process (PID=1041) to work on /home/airflow/.local/lib/python3.12/site-packages/airflow/example_dags/example_task_group.py
[2025-10-03T19:23:46.859+0000] {processor.py:830} INFO - Processing file /home/airflow/.local/lib/python3.12/site-packages/airflow/example_dags/example_task_group.py for tasks to queue
[2025-10-03T19:23:46.861+0000] {logging_mixin.py:188} INFO - [2025-10-03T19:23:46.860+0000] {dagbag.py:545} INFO - Filling up the DagBag from /home/airflow/.local/lib/python3.12/site-packages/airflow/example_dags/example_task_group.py
[2025-10-03T19:23:46.868+0000] {processor.py:840} INFO - DAG(s) 'example_task_group' retrieved from /home/airflow/.local/lib/python3.12/site-packages/airflow/example_dags/example_task_group.py
[2025-10-03T19:23:46.892+0000] {logging_mixin.py:188} INFO - [2025-10-03T19:23:46.891+0000] {dag.py:3096} INFO - Sync 1 DAGs
[2025-10-03T19:23:46.912+0000] {logging_mixin.py:188} INFO - [2025-10-03T19:23:46.912+0000] {dag.py:3954} INFO - Setting next_dagrun for example_task_group to 2025-10-02 00:00:00+00:00, run_after=2025-10-03 00:00:00+00:00
[2025-10-03T19:23:46.942+0000] {processor.py:183} INFO - Processing /home/airflow/.local/lib/python3.12/site-packages/airflow/example_dags/example_task_group.py took 0.091 seconds
[2025-10-03T19:24:17.391+0000] {processor.py:161} INFO - Started process (PID=1098) to work on /home/airflow/.local/lib/python3.12/site-packages/airflow/example_dags/example_task_group.py
[2025-10-03T19:24:17.393+0000] {processor.py:830} INFO - Processing file /home/airflow/.local/lib/python3.12/site-packages/airflow/example_dags/example_task_group.py for tasks to queue
[2025-10-03T19:24:17.395+0000] {logging_mixin.py:188} INFO - [2025-10-03T19:24:17.395+0000] {dagbag.py:545} INFO - Filling up the DagBag from /home/airflow/.local/lib/python3.12/site-packages/airflow/example_dags/example_task_group.py
[2025-10-03T19:24:17.403+0000] {processor.py:840} INFO - DAG(s) 'example_task_group' retrieved from /home/airflow/.local/lib/python3.12/site-packages/airflow/example_dags/example_task_group.py
[2025-10-03T19:24:17.427+0000] {logging_mixin.py:188} INFO - [2025-10-03T19:24:17.426+0000] {dag.py:3096} INFO - Sync 1 DAGs
[2025-10-03T19:24:17.450+0000] {logging_mixin.py:188} INFO - [2025-10-03T19:24:17.449+0000] {dag.py:3954} INFO - Setting next_dagrun for example_task_group to 2025-10-02 00:00:00+00:00, run_after=2025-10-03 00:00:00+00:00
[2025-10-03T19:24:17.471+0000] {processor.py:183} INFO - Processing /home/airflow/.local/lib/python3.12/site-packages/airflow/example_dags/example_task_group.py took 0.086 seconds
[2025-10-03T19:24:47.780+0000] {processor.py:161} INFO - Started process (PID=1151) to work on /home/airflow/.local/lib/python3.12/site-packages/airflow/example_dags/example_task_group.py
[2025-10-03T19:24:47.781+0000] {processor.py:830} INFO - Processing file /home/airflow/.local/lib/python3.12/site-packages/airflow/example_dags/example_task_group.py for tasks to queue
[2025-10-03T19:24:47.784+0000] {logging_mixin.py:188} INFO - [2025-10-03T19:24:47.784+0000] {dagbag.py:545} INFO - Filling up the DagBag from /home/airflow/.local/lib/python3.12/site-packages/airflow/example_dags/example_task_group.py
[2025-10-03T19:24:47.794+0000] {processor.py:840} INFO - DAG(s) 'example_task_group' retrieved from /home/airflow/.local/lib/python3.12/site-packages/airflow/example_dags/example_task_group.py
[2025-10-03T19:24:47.823+0000] {logging_mixin.py:188} INFO - [2025-10-03T19:24:47.823+0000] {dag.py:3096} INFO - Sync 1 DAGs
[2025-10-03T19:24:47.851+0000] {logging_mixin.py:188} INFO - [2025-10-03T19:24:47.851+0000] {dag.py:3954} INFO - Setting next_dagrun for example_task_group to 2025-10-02 00:00:00+00:00, run_after=2025-10-03 00:00:00+00:00
[2025-10-03T19:24:47.874+0000] {processor.py:183} INFO - Processing /home/airflow/.local/lib/python3.12/site-packages/airflow/example_dags/example_task_group.py took 0.101 seconds
[2025-10-03T19:25:17.961+0000] {processor.py:161} INFO - Started process (PID=1208) to work on /home/airflow/.local/lib/python3.12/site-packages/airflow/example_dags/example_task_group.py
[2025-10-03T19:25:17.962+0000] {processor.py:830} INFO - Processing file /home/airflow/.local/lib/python3.12/site-packages/airflow/example_dags/example_task_group.py for tasks to queue
[2025-10-03T19:25:17.964+0000] {logging_mixin.py:188} INFO - [2025-10-03T19:25:17.964+0000] {dagbag.py:545} INFO - Filling up the DagBag from /home/airflow/.local/lib/python3.12/site-packages/airflow/example_dags/example_task_group.py
[2025-10-03T19:25:17.972+0000] {processor.py:840} INFO - DAG(s) 'example_task_group' retrieved from /home/airflow/.local/lib/python3.12/site-packages/airflow/example_dags/example_task_group.py
[2025-10-03T19:25:17.997+0000] {logging_mixin.py:188} INFO - [2025-10-03T19:25:17.997+0000] {dag.py:3096} INFO - Sync 1 DAGs
[2025-10-03T19:25:18.021+0000] {logging_mixin.py:188} INFO - [2025-10-03T19:25:18.020+0000] {dag.py:3954} INFO - Setting next_dagrun for example_task_group to 2025-10-02 00:00:00+00:00, run_after=2025-10-03 00:00:00+00:00
[2025-10-03T19:25:18.043+0000] {processor.py:183} INFO - Processing /home/airflow/.local/lib/python3.12/site-packages/airflow/example_dags/example_task_group.py took 0.091 seconds
[2025-10-03T19:25:48.480+0000] {processor.py:161} INFO - Started process (PID=1261) to work on /home/airflow/.local/lib/python3.12/site-packages/airflow/example_dags/example_task_group.py
[2025-10-03T19:25:48.482+0000] {processor.py:830} INFO - Processing file /home/airflow/.local/lib/python3.12/site-packages/airflow/example_dags/example_task_group.py for tasks to queue
[2025-10-03T19:25:48.487+0000] {logging_mixin.py:188} INFO - [2025-10-03T19:25:48.486+0000] {dagbag.py:545} INFO - Filling up the DagBag from /home/airflow/.local/lib/python3.12/site-packages/airflow/example_dags/example_task_group.py
[2025-10-03T19:25:48.501+0000] {processor.py:840} INFO - DAG(s) 'example_task_group' retrieved from /home/airflow/.local/lib/python3.12/site-packages/airflow/example_dags/example_task_group.py
[2025-10-03T19:25:48.544+0000] {logging_mixin.py:188} INFO - [2025-10-03T19:25:48.543+0000] {dag.py:3096} INFO - Sync 1 DAGs
[2025-10-03T19:25:48.573+0000] {logging_mixin.py:188} INFO - [2025-10-03T19:25:48.572+0000] {dag.py:3954} INFO - Setting next_dagrun for example_task_group to 2025-10-02 00:00:00+00:00, run_after=2025-10-03 00:00:00+00:00
[2025-10-03T19:25:48.597+0000] {processor.py:183} INFO - Processing /home/airflow/.local/lib/python3.12/site-packages/airflow/example_dags/example_task_group.py took 0.130 seconds
