[2025-10-03T19:14:44.005+0000] {processor.py:161} INFO - Started process (PID=79) to work on /home/airflow/.local/lib/python3.12/site-packages/airflow/example_dags/example_datasets.py
[2025-10-03T19:14:44.009+0000] {processor.py:830} INFO - Processing file /home/airflow/.local/lib/python3.12/site-packages/airflow/example_dags/example_datasets.py for tasks to queue
[2025-10-03T19:14:44.014+0000] {logging_mixin.py:188} INFO - [2025-10-03T19:14:44.013+0000] {dagbag.py:545} INFO - Filling up the DagBag from /home/airflow/.local/lib/python3.12/site-packages/airflow/example_dags/example_datasets.py
[2025-10-03T19:14:44.058+0000] {processor.py:840} INFO - DAG(s) 'dataset_consumes_1_and_2', 'consume_1_and_2_with_dataset_expressions', 'consume_1_or_2_with_dataset_expressions', 'consume_1_or_both_2_and_3_with_dataset_expressions', 'dataset_consumes_1_never_scheduled', 'dataset_consumes_unknown_never_scheduled', 'dataset_produces_1', 'conditional_dataset_and_time_based_timetable', 'dataset_produces_2', 'dataset_consumes_1' retrieved from /home/airflow/.local/lib/python3.12/site-packages/airflow/example_dags/example_datasets.py
[2025-10-03T19:14:44.094+0000] {logging_mixin.py:188} INFO - [2025-10-03T19:14:44.094+0000] {dag.py:3096} INFO - Sync 10 DAGs
[2025-10-03T19:14:44.148+0000] {logging_mixin.py:188} INFO - [2025-10-03T19:14:44.147+0000] {dag.py:3954} INFO - Setting next_dagrun for conditional_dataset_and_time_based_timetable to 2025-10-01 01:00:00+00:00, run_after=2025-10-01 01:00:00+00:00
[2025-10-03T19:14:44.156+0000] {logging_mixin.py:188} INFO - [2025-10-03T19:14:44.155+0000] {dag.py:3954} INFO - Setting next_dagrun for consume_1_and_2_with_dataset_expressions to None, run_after=None
[2025-10-03T19:14:44.159+0000] {logging_mixin.py:188} INFO - [2025-10-03T19:14:44.159+0000] {dag.py:3954} INFO - Setting next_dagrun for consume_1_or_2_with_dataset_expressions to None, run_after=None
[2025-10-03T19:14:44.162+0000] {logging_mixin.py:188} INFO - [2025-10-03T19:14:44.162+0000] {dag.py:3954} INFO - Setting next_dagrun for consume_1_or_both_2_and_3_with_dataset_expressions to None, run_after=None
[2025-10-03T19:14:44.165+0000] {logging_mixin.py:188} INFO - [2025-10-03T19:14:44.165+0000] {dag.py:3954} INFO - Setting next_dagrun for dataset_consumes_1 to None, run_after=None
[2025-10-03T19:14:44.168+0000] {logging_mixin.py:188} INFO - [2025-10-03T19:14:44.168+0000] {dag.py:3954} INFO - Setting next_dagrun for dataset_consumes_1_and_2 to None, run_after=None
[2025-10-03T19:14:44.172+0000] {logging_mixin.py:188} INFO - [2025-10-03T19:14:44.172+0000] {dag.py:3954} INFO - Setting next_dagrun for dataset_consumes_1_never_scheduled to None, run_after=None
[2025-10-03T19:14:44.175+0000] {logging_mixin.py:188} INFO - [2025-10-03T19:14:44.175+0000] {dag.py:3954} INFO - Setting next_dagrun for dataset_consumes_unknown_never_scheduled to None, run_after=None
[2025-10-03T19:14:44.180+0000] {logging_mixin.py:188} INFO - [2025-10-03T19:14:44.180+0000] {dag.py:3954} INFO - Setting next_dagrun for dataset_produces_1 to 2025-10-02 00:00:00+00:00, run_after=2025-10-03 00:00:00+00:00
[2025-10-03T19:14:44.183+0000] {logging_mixin.py:188} INFO - [2025-10-03T19:14:44.183+0000] {dag.py:3954} INFO - Setting next_dagrun for dataset_produces_2 to None, run_after=None
[2025-10-03T19:14:44.252+0000] {processor.py:183} INFO - Processing /home/airflow/.local/lib/python3.12/site-packages/airflow/example_dags/example_datasets.py took 0.262 seconds
[2025-10-03T19:15:16.969+0000] {processor.py:161} INFO - Started process (PID=132) to work on /home/airflow/.local/lib/python3.12/site-packages/airflow/example_dags/example_datasets.py
[2025-10-03T19:15:16.971+0000] {processor.py:830} INFO - Processing file /home/airflow/.local/lib/python3.12/site-packages/airflow/example_dags/example_datasets.py for tasks to queue
[2025-10-03T19:15:16.973+0000] {logging_mixin.py:188} INFO - [2025-10-03T19:15:16.973+0000] {dagbag.py:545} INFO - Filling up the DagBag from /home/airflow/.local/lib/python3.12/site-packages/airflow/example_dags/example_datasets.py
[2025-10-03T19:15:16.991+0000] {processor.py:840} INFO - DAG(s) 'dataset_consumes_1', 'dataset_produces_1', 'conditional_dataset_and_time_based_timetable', 'consume_1_and_2_with_dataset_expressions', 'dataset_consumes_unknown_never_scheduled', 'dataset_produces_2', 'dataset_consumes_1_never_scheduled', 'consume_1_or_2_with_dataset_expressions', 'dataset_consumes_1_and_2', 'consume_1_or_both_2_and_3_with_dataset_expressions' retrieved from /home/airflow/.local/lib/python3.12/site-packages/airflow/example_dags/example_datasets.py
[2025-10-03T19:15:17.252+0000] {logging_mixin.py:188} INFO - [2025-10-03T19:15:17.252+0000] {dag.py:3096} INFO - Sync 10 DAGs
[2025-10-03T19:15:17.279+0000] {logging_mixin.py:188} INFO - [2025-10-03T19:15:17.279+0000] {dag.py:3954} INFO - Setting next_dagrun for conditional_dataset_and_time_based_timetable to 2025-10-01 01:00:00+00:00, run_after=2025-10-01 01:00:00+00:00
[2025-10-03T19:15:17.284+0000] {logging_mixin.py:188} INFO - [2025-10-03T19:15:17.283+0000] {dag.py:3954} INFO - Setting next_dagrun for consume_1_and_2_with_dataset_expressions to None, run_after=None
[2025-10-03T19:15:17.286+0000] {logging_mixin.py:188} INFO - [2025-10-03T19:15:17.285+0000] {dag.py:3954} INFO - Setting next_dagrun for consume_1_or_2_with_dataset_expressions to None, run_after=None
[2025-10-03T19:15:17.288+0000] {logging_mixin.py:188} INFO - [2025-10-03T19:15:17.287+0000] {dag.py:3954} INFO - Setting next_dagrun for consume_1_or_both_2_and_3_with_dataset_expressions to None, run_after=None
[2025-10-03T19:15:17.289+0000] {logging_mixin.py:188} INFO - [2025-10-03T19:15:17.289+0000] {dag.py:3954} INFO - Setting next_dagrun for dataset_consumes_1 to None, run_after=None
[2025-10-03T19:15:17.291+0000] {logging_mixin.py:188} INFO - [2025-10-03T19:15:17.291+0000] {dag.py:3954} INFO - Setting next_dagrun for dataset_consumes_1_and_2 to None, run_after=None
[2025-10-03T19:15:17.293+0000] {logging_mixin.py:188} INFO - [2025-10-03T19:15:17.293+0000] {dag.py:3954} INFO - Setting next_dagrun for dataset_consumes_1_never_scheduled to None, run_after=None
[2025-10-03T19:15:17.295+0000] {logging_mixin.py:188} INFO - [2025-10-03T19:15:17.295+0000] {dag.py:3954} INFO - Setting next_dagrun for dataset_consumes_unknown_never_scheduled to None, run_after=None
[2025-10-03T19:15:17.299+0000] {logging_mixin.py:188} INFO - [2025-10-03T19:15:17.299+0000] {dag.py:3954} INFO - Setting next_dagrun for dataset_produces_1 to 2025-10-02 00:00:00+00:00, run_after=2025-10-03 00:00:00+00:00
[2025-10-03T19:15:17.301+0000] {logging_mixin.py:188} INFO - [2025-10-03T19:15:17.301+0000] {dag.py:3954} INFO - Setting next_dagrun for dataset_produces_2 to None, run_after=None
[2025-10-03T19:15:17.357+0000] {processor.py:183} INFO - Processing /home/airflow/.local/lib/python3.12/site-packages/airflow/example_dags/example_datasets.py took 0.396 seconds
[2025-10-03T19:15:47.444+0000] {processor.py:161} INFO - Started process (PID=189) to work on /home/airflow/.local/lib/python3.12/site-packages/airflow/example_dags/example_datasets.py
[2025-10-03T19:15:47.445+0000] {processor.py:830} INFO - Processing file /home/airflow/.local/lib/python3.12/site-packages/airflow/example_dags/example_datasets.py for tasks to queue
[2025-10-03T19:15:47.447+0000] {logging_mixin.py:188} INFO - [2025-10-03T19:15:47.447+0000] {dagbag.py:545} INFO - Filling up the DagBag from /home/airflow/.local/lib/python3.12/site-packages/airflow/example_dags/example_datasets.py
[2025-10-03T19:15:47.464+0000] {processor.py:840} INFO - DAG(s) 'dataset_produces_1', 'dataset_consumes_unknown_never_scheduled', 'dataset_produces_2', 'consume_1_or_2_with_dataset_expressions', 'dataset_consumes_1', 'conditional_dataset_and_time_based_timetable', 'consume_1_and_2_with_dataset_expressions', 'dataset_consumes_1_and_2', 'dataset_consumes_1_never_scheduled', 'consume_1_or_both_2_and_3_with_dataset_expressions' retrieved from /home/airflow/.local/lib/python3.12/site-packages/airflow/example_dags/example_datasets.py
[2025-10-03T19:15:47.523+0000] {logging_mixin.py:188} INFO - [2025-10-03T19:15:47.523+0000] {dag.py:3096} INFO - Sync 10 DAGs
[2025-10-03T19:15:47.555+0000] {logging_mixin.py:188} INFO - [2025-10-03T19:15:47.554+0000] {dag.py:3954} INFO - Setting next_dagrun for conditional_dataset_and_time_based_timetable to 2025-10-01 01:00:00+00:00, run_after=2025-10-01 01:00:00+00:00
[2025-10-03T19:15:47.560+0000] {logging_mixin.py:188} INFO - [2025-10-03T19:15:47.560+0000] {dag.py:3954} INFO - Setting next_dagrun for consume_1_and_2_with_dataset_expressions to None, run_after=None
[2025-10-03T19:15:47.563+0000] {logging_mixin.py:188} INFO - [2025-10-03T19:15:47.562+0000] {dag.py:3954} INFO - Setting next_dagrun for consume_1_or_2_with_dataset_expressions to None, run_after=None
[2025-10-03T19:15:47.565+0000] {logging_mixin.py:188} INFO - [2025-10-03T19:15:47.565+0000] {dag.py:3954} INFO - Setting next_dagrun for consume_1_or_both_2_and_3_with_dataset_expressions to None, run_after=None
[2025-10-03T19:15:47.568+0000] {logging_mixin.py:188} INFO - [2025-10-03T19:15:47.568+0000] {dag.py:3954} INFO - Setting next_dagrun for dataset_consumes_1 to None, run_after=None
[2025-10-03T19:15:47.571+0000] {logging_mixin.py:188} INFO - [2025-10-03T19:15:47.570+0000] {dag.py:3954} INFO - Setting next_dagrun for dataset_consumes_1_and_2 to None, run_after=None
[2025-10-03T19:15:47.573+0000] {logging_mixin.py:188} INFO - [2025-10-03T19:15:47.572+0000] {dag.py:3954} INFO - Setting next_dagrun for dataset_consumes_1_never_scheduled to None, run_after=None
[2025-10-03T19:15:47.575+0000] {logging_mixin.py:188} INFO - [2025-10-03T19:15:47.574+0000] {dag.py:3954} INFO - Setting next_dagrun for dataset_consumes_unknown_never_scheduled to None, run_after=None
[2025-10-03T19:15:47.578+0000] {logging_mixin.py:188} INFO - [2025-10-03T19:15:47.578+0000] {dag.py:3954} INFO - Setting next_dagrun for dataset_produces_1 to 2025-10-02 00:00:00+00:00, run_after=2025-10-03 00:00:00+00:00
[2025-10-03T19:15:47.581+0000] {logging_mixin.py:188} INFO - [2025-10-03T19:15:47.581+0000] {dag.py:3954} INFO - Setting next_dagrun for dataset_produces_2 to None, run_after=None
[2025-10-03T19:15:47.628+0000] {processor.py:183} INFO - Processing /home/airflow/.local/lib/python3.12/site-packages/airflow/example_dags/example_datasets.py took 0.191 seconds
[2025-10-03T19:16:18.209+0000] {processor.py:161} INFO - Started process (PID=245) to work on /home/airflow/.local/lib/python3.12/site-packages/airflow/example_dags/example_datasets.py
[2025-10-03T19:16:18.211+0000] {processor.py:830} INFO - Processing file /home/airflow/.local/lib/python3.12/site-packages/airflow/example_dags/example_datasets.py for tasks to queue
[2025-10-03T19:16:18.214+0000] {logging_mixin.py:188} INFO - [2025-10-03T19:16:18.213+0000] {dagbag.py:545} INFO - Filling up the DagBag from /home/airflow/.local/lib/python3.12/site-packages/airflow/example_dags/example_datasets.py
[2025-10-03T19:16:18.235+0000] {processor.py:840} INFO - DAG(s) 'consume_1_or_both_2_and_3_with_dataset_expressions', 'consume_1_and_2_with_dataset_expressions', 'conditional_dataset_and_time_based_timetable', 'dataset_consumes_1_and_2', 'dataset_produces_2', 'dataset_produces_1', 'consume_1_or_2_with_dataset_expressions', 'dataset_consumes_1', 'dataset_consumes_1_never_scheduled', 'dataset_consumes_unknown_never_scheduled' retrieved from /home/airflow/.local/lib/python3.12/site-packages/airflow/example_dags/example_datasets.py
[2025-10-03T19:16:18.313+0000] {logging_mixin.py:188} INFO - [2025-10-03T19:16:18.312+0000] {dag.py:3096} INFO - Sync 10 DAGs
[2025-10-03T19:16:18.351+0000] {logging_mixin.py:188} INFO - [2025-10-03T19:16:18.350+0000] {dag.py:3954} INFO - Setting next_dagrun for conditional_dataset_and_time_based_timetable to 2025-10-01 01:00:00+00:00, run_after=2025-10-01 01:00:00+00:00
[2025-10-03T19:16:18.356+0000] {logging_mixin.py:188} INFO - [2025-10-03T19:16:18.355+0000] {dag.py:3954} INFO - Setting next_dagrun for consume_1_and_2_with_dataset_expressions to None, run_after=None
[2025-10-03T19:16:18.359+0000] {logging_mixin.py:188} INFO - [2025-10-03T19:16:18.359+0000] {dag.py:3954} INFO - Setting next_dagrun for consume_1_or_2_with_dataset_expressions to None, run_after=None
[2025-10-03T19:16:18.362+0000] {logging_mixin.py:188} INFO - [2025-10-03T19:16:18.361+0000] {dag.py:3954} INFO - Setting next_dagrun for consume_1_or_both_2_and_3_with_dataset_expressions to None, run_after=None
[2025-10-03T19:16:18.365+0000] {logging_mixin.py:188} INFO - [2025-10-03T19:16:18.365+0000] {dag.py:3954} INFO - Setting next_dagrun for dataset_consumes_1 to None, run_after=None
[2025-10-03T19:16:18.368+0000] {logging_mixin.py:188} INFO - [2025-10-03T19:16:18.368+0000] {dag.py:3954} INFO - Setting next_dagrun for dataset_consumes_1_and_2 to None, run_after=None
[2025-10-03T19:16:18.370+0000] {logging_mixin.py:188} INFO - [2025-10-03T19:16:18.370+0000] {dag.py:3954} INFO - Setting next_dagrun for dataset_consumes_1_never_scheduled to None, run_after=None
[2025-10-03T19:16:18.374+0000] {logging_mixin.py:188} INFO - [2025-10-03T19:16:18.373+0000] {dag.py:3954} INFO - Setting next_dagrun for dataset_consumes_unknown_never_scheduled to None, run_after=None
[2025-10-03T19:16:18.378+0000] {logging_mixin.py:188} INFO - [2025-10-03T19:16:18.377+0000] {dag.py:3954} INFO - Setting next_dagrun for dataset_produces_1 to 2025-10-02 00:00:00+00:00, run_after=2025-10-03 00:00:00+00:00
[2025-10-03T19:16:18.382+0000] {logging_mixin.py:188} INFO - [2025-10-03T19:16:18.381+0000] {dag.py:3954} INFO - Setting next_dagrun for dataset_produces_2 to None, run_after=None
[2025-10-03T19:16:18.439+0000] {processor.py:183} INFO - Processing /home/airflow/.local/lib/python3.12/site-packages/airflow/example_dags/example_datasets.py took 0.244 seconds
[2025-10-03T19:16:48.719+0000] {processor.py:161} INFO - Started process (PID=301) to work on /home/airflow/.local/lib/python3.12/site-packages/airflow/example_dags/example_datasets.py
[2025-10-03T19:16:48.721+0000] {processor.py:830} INFO - Processing file /home/airflow/.local/lib/python3.12/site-packages/airflow/example_dags/example_datasets.py for tasks to queue
[2025-10-03T19:16:48.723+0000] {logging_mixin.py:188} INFO - [2025-10-03T19:16:48.723+0000] {dagbag.py:545} INFO - Filling up the DagBag from /home/airflow/.local/lib/python3.12/site-packages/airflow/example_dags/example_datasets.py
[2025-10-03T19:16:48.743+0000] {processor.py:840} INFO - DAG(s) 'dataset_produces_1', 'dataset_produces_2', 'consume_1_or_both_2_and_3_with_dataset_expressions', 'conditional_dataset_and_time_based_timetable', 'consume_1_or_2_with_dataset_expressions', 'dataset_consumes_1_and_2', 'dataset_consumes_1_never_scheduled', 'consume_1_and_2_with_dataset_expressions', 'dataset_consumes_unknown_never_scheduled', 'dataset_consumes_1' retrieved from /home/airflow/.local/lib/python3.12/site-packages/airflow/example_dags/example_datasets.py
[2025-10-03T19:16:48.815+0000] {logging_mixin.py:188} INFO - [2025-10-03T19:16:48.814+0000] {dag.py:3096} INFO - Sync 10 DAGs
[2025-10-03T19:16:48.848+0000] {logging_mixin.py:188} INFO - [2025-10-03T19:16:48.847+0000] {dag.py:3954} INFO - Setting next_dagrun for conditional_dataset_and_time_based_timetable to 2025-10-01 01:00:00+00:00, run_after=2025-10-01 01:00:00+00:00
[2025-10-03T19:16:48.853+0000] {logging_mixin.py:188} INFO - [2025-10-03T19:16:48.853+0000] {dag.py:3954} INFO - Setting next_dagrun for consume_1_and_2_with_dataset_expressions to None, run_after=None
[2025-10-03T19:16:48.856+0000] {logging_mixin.py:188} INFO - [2025-10-03T19:16:48.855+0000] {dag.py:3954} INFO - Setting next_dagrun for consume_1_or_2_with_dataset_expressions to None, run_after=None
[2025-10-03T19:16:48.858+0000] {logging_mixin.py:188} INFO - [2025-10-03T19:16:48.857+0000] {dag.py:3954} INFO - Setting next_dagrun for consume_1_or_both_2_and_3_with_dataset_expressions to None, run_after=None
[2025-10-03T19:16:48.860+0000] {logging_mixin.py:188} INFO - [2025-10-03T19:16:48.859+0000] {dag.py:3954} INFO - Setting next_dagrun for dataset_consumes_1 to None, run_after=None
[2025-10-03T19:16:48.861+0000] {logging_mixin.py:188} INFO - [2025-10-03T19:16:48.861+0000] {dag.py:3954} INFO - Setting next_dagrun for dataset_consumes_1_and_2 to None, run_after=None
[2025-10-03T19:16:48.864+0000] {logging_mixin.py:188} INFO - [2025-10-03T19:16:48.864+0000] {dag.py:3954} INFO - Setting next_dagrun for dataset_consumes_1_never_scheduled to None, run_after=None
[2025-10-03T19:16:48.866+0000] {logging_mixin.py:188} INFO - [2025-10-03T19:16:48.866+0000] {dag.py:3954} INFO - Setting next_dagrun for dataset_consumes_unknown_never_scheduled to None, run_after=None
[2025-10-03T19:16:48.869+0000] {logging_mixin.py:188} INFO - [2025-10-03T19:16:48.869+0000] {dag.py:3954} INFO - Setting next_dagrun for dataset_produces_1 to 2025-10-02 00:00:00+00:00, run_after=2025-10-03 00:00:00+00:00
[2025-10-03T19:16:48.872+0000] {logging_mixin.py:188} INFO - [2025-10-03T19:16:48.872+0000] {dag.py:3954} INFO - Setting next_dagrun for dataset_produces_2 to None, run_after=None
[2025-10-03T19:16:48.918+0000] {processor.py:183} INFO - Processing /home/airflow/.local/lib/python3.12/site-packages/airflow/example_dags/example_datasets.py took 0.208 seconds
[2025-10-03T19:17:19.290+0000] {processor.py:161} INFO - Started process (PID=355) to work on /home/airflow/.local/lib/python3.12/site-packages/airflow/example_dags/example_datasets.py
[2025-10-03T19:17:19.291+0000] {processor.py:830} INFO - Processing file /home/airflow/.local/lib/python3.12/site-packages/airflow/example_dags/example_datasets.py for tasks to queue
[2025-10-03T19:17:19.295+0000] {logging_mixin.py:188} INFO - [2025-10-03T19:17:19.295+0000] {dagbag.py:545} INFO - Filling up the DagBag from /home/airflow/.local/lib/python3.12/site-packages/airflow/example_dags/example_datasets.py
[2025-10-03T19:17:19.317+0000] {processor.py:840} INFO - DAG(s) 'consume_1_and_2_with_dataset_expressions', 'consume_1_or_both_2_and_3_with_dataset_expressions', 'conditional_dataset_and_time_based_timetable', 'dataset_consumes_1', 'dataset_produces_2', 'consume_1_or_2_with_dataset_expressions', 'dataset_consumes_1_never_scheduled', 'dataset_consumes_unknown_never_scheduled', 'dataset_consumes_1_and_2', 'dataset_produces_1' retrieved from /home/airflow/.local/lib/python3.12/site-packages/airflow/example_dags/example_datasets.py
[2025-10-03T19:17:19.390+0000] {logging_mixin.py:188} INFO - [2025-10-03T19:17:19.389+0000] {dag.py:3096} INFO - Sync 10 DAGs
[2025-10-03T19:17:19.425+0000] {logging_mixin.py:188} INFO - [2025-10-03T19:17:19.424+0000] {dag.py:3954} INFO - Setting next_dagrun for conditional_dataset_and_time_based_timetable to 2025-10-01 01:00:00+00:00, run_after=2025-10-01 01:00:00+00:00
[2025-10-03T19:17:19.430+0000] {logging_mixin.py:188} INFO - [2025-10-03T19:17:19.430+0000] {dag.py:3954} INFO - Setting next_dagrun for consume_1_and_2_with_dataset_expressions to None, run_after=None
[2025-10-03T19:17:19.432+0000] {logging_mixin.py:188} INFO - [2025-10-03T19:17:19.432+0000] {dag.py:3954} INFO - Setting next_dagrun for consume_1_or_2_with_dataset_expressions to None, run_after=None
[2025-10-03T19:17:19.434+0000] {logging_mixin.py:188} INFO - [2025-10-03T19:17:19.434+0000] {dag.py:3954} INFO - Setting next_dagrun for consume_1_or_both_2_and_3_with_dataset_expressions to None, run_after=None
[2025-10-03T19:17:19.436+0000] {logging_mixin.py:188} INFO - [2025-10-03T19:17:19.436+0000] {dag.py:3954} INFO - Setting next_dagrun for dataset_consumes_1 to None, run_after=None
[2025-10-03T19:17:19.438+0000] {logging_mixin.py:188} INFO - [2025-10-03T19:17:19.438+0000] {dag.py:3954} INFO - Setting next_dagrun for dataset_consumes_1_and_2 to None, run_after=None
[2025-10-03T19:17:19.440+0000] {logging_mixin.py:188} INFO - [2025-10-03T19:17:19.440+0000] {dag.py:3954} INFO - Setting next_dagrun for dataset_consumes_1_never_scheduled to None, run_after=None
[2025-10-03T19:17:19.442+0000] {logging_mixin.py:188} INFO - [2025-10-03T19:17:19.442+0000] {dag.py:3954} INFO - Setting next_dagrun for dataset_consumes_unknown_never_scheduled to None, run_after=None
[2025-10-03T19:17:19.446+0000] {logging_mixin.py:188} INFO - [2025-10-03T19:17:19.446+0000] {dag.py:3954} INFO - Setting next_dagrun for dataset_produces_1 to 2025-10-02 00:00:00+00:00, run_after=2025-10-03 00:00:00+00:00
[2025-10-03T19:17:19.448+0000] {logging_mixin.py:188} INFO - [2025-10-03T19:17:19.447+0000] {dag.py:3954} INFO - Setting next_dagrun for dataset_produces_2 to None, run_after=None
[2025-10-03T19:17:19.505+0000] {processor.py:183} INFO - Processing /home/airflow/.local/lib/python3.12/site-packages/airflow/example_dags/example_datasets.py took 0.226 seconds
[2025-10-03T19:17:49.832+0000] {processor.py:161} INFO - Started process (PID=414) to work on /home/airflow/.local/lib/python3.12/site-packages/airflow/example_dags/example_datasets.py
[2025-10-03T19:17:49.835+0000] {processor.py:830} INFO - Processing file /home/airflow/.local/lib/python3.12/site-packages/airflow/example_dags/example_datasets.py for tasks to queue
[2025-10-03T19:17:49.839+0000] {logging_mixin.py:188} INFO - [2025-10-03T19:17:49.838+0000] {dagbag.py:545} INFO - Filling up the DagBag from /home/airflow/.local/lib/python3.12/site-packages/airflow/example_dags/example_datasets.py
[2025-10-03T19:17:49.868+0000] {processor.py:840} INFO - DAG(s) 'dataset_consumes_1_and_2', 'dataset_consumes_1_never_scheduled', 'dataset_produces_1', 'conditional_dataset_and_time_based_timetable', 'dataset_consumes_unknown_never_scheduled', 'dataset_consumes_1', 'dataset_produces_2', 'consume_1_or_both_2_and_3_with_dataset_expressions', 'consume_1_or_2_with_dataset_expressions', 'consume_1_and_2_with_dataset_expressions' retrieved from /home/airflow/.local/lib/python3.12/site-packages/airflow/example_dags/example_datasets.py
[2025-10-03T19:17:49.974+0000] {logging_mixin.py:188} INFO - [2025-10-03T19:17:49.973+0000] {dag.py:3096} INFO - Sync 10 DAGs
[2025-10-03T19:17:50.024+0000] {logging_mixin.py:188} INFO - [2025-10-03T19:17:50.023+0000] {dag.py:3954} INFO - Setting next_dagrun for conditional_dataset_and_time_based_timetable to 2025-10-01 01:00:00+00:00, run_after=2025-10-01 01:00:00+00:00
[2025-10-03T19:17:50.033+0000] {logging_mixin.py:188} INFO - [2025-10-03T19:17:50.033+0000] {dag.py:3954} INFO - Setting next_dagrun for consume_1_and_2_with_dataset_expressions to None, run_after=None
[2025-10-03T19:17:50.036+0000] {logging_mixin.py:188} INFO - [2025-10-03T19:17:50.036+0000] {dag.py:3954} INFO - Setting next_dagrun for consume_1_or_2_with_dataset_expressions to None, run_after=None
[2025-10-03T19:17:50.038+0000] {logging_mixin.py:188} INFO - [2025-10-03T19:17:50.038+0000] {dag.py:3954} INFO - Setting next_dagrun for consume_1_or_both_2_and_3_with_dataset_expressions to None, run_after=None
[2025-10-03T19:17:50.041+0000] {logging_mixin.py:188} INFO - [2025-10-03T19:17:50.041+0000] {dag.py:3954} INFO - Setting next_dagrun for dataset_consumes_1 to None, run_after=None
[2025-10-03T19:17:50.044+0000] {logging_mixin.py:188} INFO - [2025-10-03T19:17:50.044+0000] {dag.py:3954} INFO - Setting next_dagrun for dataset_consumes_1_and_2 to None, run_after=None
[2025-10-03T19:17:50.046+0000] {logging_mixin.py:188} INFO - [2025-10-03T19:17:50.046+0000] {dag.py:3954} INFO - Setting next_dagrun for dataset_consumes_1_never_scheduled to None, run_after=None
[2025-10-03T19:17:50.050+0000] {logging_mixin.py:188} INFO - [2025-10-03T19:17:50.049+0000] {dag.py:3954} INFO - Setting next_dagrun for dataset_consumes_unknown_never_scheduled to None, run_after=None
[2025-10-03T19:17:50.055+0000] {logging_mixin.py:188} INFO - [2025-10-03T19:17:50.054+0000] {dag.py:3954} INFO - Setting next_dagrun for dataset_produces_1 to 2025-10-02 00:00:00+00:00, run_after=2025-10-03 00:00:00+00:00
[2025-10-03T19:17:50.057+0000] {logging_mixin.py:188} INFO - [2025-10-03T19:17:50.057+0000] {dag.py:3954} INFO - Setting next_dagrun for dataset_produces_2 to None, run_after=None
[2025-10-03T19:17:50.122+0000] {processor.py:183} INFO - Processing /home/airflow/.local/lib/python3.12/site-packages/airflow/example_dags/example_datasets.py took 0.302 seconds
[2025-10-03T19:18:20.630+0000] {processor.py:161} INFO - Started process (PID=473) to work on /home/airflow/.local/lib/python3.12/site-packages/airflow/example_dags/example_datasets.py
[2025-10-03T19:18:20.633+0000] {processor.py:830} INFO - Processing file /home/airflow/.local/lib/python3.12/site-packages/airflow/example_dags/example_datasets.py for tasks to queue
[2025-10-03T19:18:20.636+0000] {logging_mixin.py:188} INFO - [2025-10-03T19:18:20.636+0000] {dagbag.py:545} INFO - Filling up the DagBag from /home/airflow/.local/lib/python3.12/site-packages/airflow/example_dags/example_datasets.py
[2025-10-03T19:18:20.671+0000] {processor.py:840} INFO - DAG(s) 'dataset_produces_2', 'dataset_consumes_1', 'dataset_produces_1', 'dataset_consumes_1_and_2', 'conditional_dataset_and_time_based_timetable', 'dataset_consumes_unknown_never_scheduled', 'consume_1_and_2_with_dataset_expressions', 'dataset_consumes_1_never_scheduled', 'consume_1_or_both_2_and_3_with_dataset_expressions', 'consume_1_or_2_with_dataset_expressions' retrieved from /home/airflow/.local/lib/python3.12/site-packages/airflow/example_dags/example_datasets.py
[2025-10-03T19:18:20.793+0000] {logging_mixin.py:188} INFO - [2025-10-03T19:18:20.792+0000] {dag.py:3096} INFO - Sync 10 DAGs
[2025-10-03T19:18:20.882+0000] {logging_mixin.py:188} INFO - [2025-10-03T19:18:20.881+0000] {dag.py:3954} INFO - Setting next_dagrun for conditional_dataset_and_time_based_timetable to 2025-10-01 01:00:00+00:00, run_after=2025-10-01 01:00:00+00:00
[2025-10-03T19:18:20.899+0000] {logging_mixin.py:188} INFO - [2025-10-03T19:18:20.898+0000] {dag.py:3954} INFO - Setting next_dagrun for consume_1_and_2_with_dataset_expressions to None, run_after=None
[2025-10-03T19:18:20.904+0000] {logging_mixin.py:188} INFO - [2025-10-03T19:18:20.904+0000] {dag.py:3954} INFO - Setting next_dagrun for consume_1_or_2_with_dataset_expressions to None, run_after=None
[2025-10-03T19:18:20.907+0000] {logging_mixin.py:188} INFO - [2025-10-03T19:18:20.907+0000] {dag.py:3954} INFO - Setting next_dagrun for consume_1_or_both_2_and_3_with_dataset_expressions to None, run_after=None
[2025-10-03T19:18:20.911+0000] {logging_mixin.py:188} INFO - [2025-10-03T19:18:20.911+0000] {dag.py:3954} INFO - Setting next_dagrun for dataset_consumes_1 to None, run_after=None
[2025-10-03T19:18:20.914+0000] {logging_mixin.py:188} INFO - [2025-10-03T19:18:20.914+0000] {dag.py:3954} INFO - Setting next_dagrun for dataset_consumes_1_and_2 to None, run_after=None
[2025-10-03T19:18:20.920+0000] {logging_mixin.py:188} INFO - [2025-10-03T19:18:20.919+0000] {dag.py:3954} INFO - Setting next_dagrun for dataset_consumes_1_never_scheduled to None, run_after=None
[2025-10-03T19:18:20.923+0000] {logging_mixin.py:188} INFO - [2025-10-03T19:18:20.923+0000] {dag.py:3954} INFO - Setting next_dagrun for dataset_consumes_unknown_never_scheduled to None, run_after=None
[2025-10-03T19:18:20.929+0000] {logging_mixin.py:188} INFO - [2025-10-03T19:18:20.929+0000] {dag.py:3954} INFO - Setting next_dagrun for dataset_produces_1 to 2025-10-02 00:00:00+00:00, run_after=2025-10-03 00:00:00+00:00
[2025-10-03T19:18:20.933+0000] {logging_mixin.py:188} INFO - [2025-10-03T19:18:20.932+0000] {dag.py:3954} INFO - Setting next_dagrun for dataset_produces_2 to None, run_after=None
[2025-10-03T19:18:21.000+0000] {processor.py:183} INFO - Processing /home/airflow/.local/lib/python3.12/site-packages/airflow/example_dags/example_datasets.py took 0.380 seconds
[2025-10-03T19:18:52.037+0000] {processor.py:161} INFO - Started process (PID=532) to work on /home/airflow/.local/lib/python3.12/site-packages/airflow/example_dags/example_datasets.py
[2025-10-03T19:18:52.040+0000] {processor.py:830} INFO - Processing file /home/airflow/.local/lib/python3.12/site-packages/airflow/example_dags/example_datasets.py for tasks to queue
[2025-10-03T19:18:52.046+0000] {logging_mixin.py:188} INFO - [2025-10-03T19:18:52.045+0000] {dagbag.py:545} INFO - Filling up the DagBag from /home/airflow/.local/lib/python3.12/site-packages/airflow/example_dags/example_datasets.py
[2025-10-03T19:18:52.075+0000] {processor.py:840} INFO - DAG(s) 'dataset_consumes_1_and_2', 'dataset_consumes_unknown_never_scheduled', 'dataset_produces_2', 'dataset_produces_1', 'consume_1_or_2_with_dataset_expressions', 'dataset_consumes_1', 'consume_1_and_2_with_dataset_expressions', 'conditional_dataset_and_time_based_timetable', 'consume_1_or_both_2_and_3_with_dataset_expressions', 'dataset_consumes_1_never_scheduled' retrieved from /home/airflow/.local/lib/python3.12/site-packages/airflow/example_dags/example_datasets.py
[2025-10-03T19:18:52.160+0000] {logging_mixin.py:188} INFO - [2025-10-03T19:18:52.159+0000] {dag.py:3096} INFO - Sync 10 DAGs
[2025-10-03T19:18:52.200+0000] {logging_mixin.py:188} INFO - [2025-10-03T19:18:52.200+0000] {dag.py:3954} INFO - Setting next_dagrun for conditional_dataset_and_time_based_timetable to 2025-10-01 01:00:00+00:00, run_after=2025-10-01 01:00:00+00:00
[2025-10-03T19:18:52.208+0000] {logging_mixin.py:188} INFO - [2025-10-03T19:18:52.208+0000] {dag.py:3954} INFO - Setting next_dagrun for consume_1_and_2_with_dataset_expressions to None, run_after=None
[2025-10-03T19:18:52.211+0000] {logging_mixin.py:188} INFO - [2025-10-03T19:18:52.211+0000] {dag.py:3954} INFO - Setting next_dagrun for consume_1_or_2_with_dataset_expressions to None, run_after=None
[2025-10-03T19:18:52.214+0000] {logging_mixin.py:188} INFO - [2025-10-03T19:18:52.214+0000] {dag.py:3954} INFO - Setting next_dagrun for consume_1_or_both_2_and_3_with_dataset_expressions to None, run_after=None
[2025-10-03T19:18:52.217+0000] {logging_mixin.py:188} INFO - [2025-10-03T19:18:52.216+0000] {dag.py:3954} INFO - Setting next_dagrun for dataset_consumes_1 to None, run_after=None
[2025-10-03T19:18:52.219+0000] {logging_mixin.py:188} INFO - [2025-10-03T19:18:52.219+0000] {dag.py:3954} INFO - Setting next_dagrun for dataset_consumes_1_and_2 to None, run_after=None
[2025-10-03T19:18:52.222+0000] {logging_mixin.py:188} INFO - [2025-10-03T19:18:52.222+0000] {dag.py:3954} INFO - Setting next_dagrun for dataset_consumes_1_never_scheduled to None, run_after=None
[2025-10-03T19:18:52.225+0000] {logging_mixin.py:188} INFO - [2025-10-03T19:18:52.225+0000] {dag.py:3954} INFO - Setting next_dagrun for dataset_consumes_unknown_never_scheduled to None, run_after=None
[2025-10-03T19:18:52.230+0000] {logging_mixin.py:188} INFO - [2025-10-03T19:18:52.230+0000] {dag.py:3954} INFO - Setting next_dagrun for dataset_produces_1 to 2025-10-02 00:00:00+00:00, run_after=2025-10-03 00:00:00+00:00
[2025-10-03T19:18:52.232+0000] {logging_mixin.py:188} INFO - [2025-10-03T19:18:52.232+0000] {dag.py:3954} INFO - Setting next_dagrun for dataset_produces_2 to None, run_after=None
[2025-10-03T19:18:52.292+0000] {processor.py:183} INFO - Processing /home/airflow/.local/lib/python3.12/site-packages/airflow/example_dags/example_datasets.py took 0.272 seconds
[2025-10-03T19:19:22.880+0000] {processor.py:161} INFO - Started process (PID=589) to work on /home/airflow/.local/lib/python3.12/site-packages/airflow/example_dags/example_datasets.py
[2025-10-03T19:19:22.882+0000] {processor.py:830} INFO - Processing file /home/airflow/.local/lib/python3.12/site-packages/airflow/example_dags/example_datasets.py for tasks to queue
[2025-10-03T19:19:22.885+0000] {logging_mixin.py:188} INFO - [2025-10-03T19:19:22.885+0000] {dagbag.py:545} INFO - Filling up the DagBag from /home/airflow/.local/lib/python3.12/site-packages/airflow/example_dags/example_datasets.py
[2025-10-03T19:19:22.905+0000] {processor.py:840} INFO - DAG(s) 'dataset_consumes_1', 'conditional_dataset_and_time_based_timetable', 'dataset_consumes_1_never_scheduled', 'consume_1_or_2_with_dataset_expressions', 'consume_1_and_2_with_dataset_expressions', 'dataset_produces_1', 'dataset_consumes_unknown_never_scheduled', 'dataset_produces_2', 'dataset_consumes_1_and_2', 'consume_1_or_both_2_and_3_with_dataset_expressions' retrieved from /home/airflow/.local/lib/python3.12/site-packages/airflow/example_dags/example_datasets.py
[2025-10-03T19:19:22.979+0000] {logging_mixin.py:188} INFO - [2025-10-03T19:19:22.979+0000] {dag.py:3096} INFO - Sync 10 DAGs
[2025-10-03T19:19:23.018+0000] {logging_mixin.py:188} INFO - [2025-10-03T19:19:23.018+0000] {dag.py:3954} INFO - Setting next_dagrun for conditional_dataset_and_time_based_timetable to 2025-10-01 01:00:00+00:00, run_after=2025-10-01 01:00:00+00:00
[2025-10-03T19:19:23.024+0000] {logging_mixin.py:188} INFO - [2025-10-03T19:19:23.024+0000] {dag.py:3954} INFO - Setting next_dagrun for consume_1_and_2_with_dataset_expressions to None, run_after=None
[2025-10-03T19:19:23.026+0000] {logging_mixin.py:188} INFO - [2025-10-03T19:19:23.026+0000] {dag.py:3954} INFO - Setting next_dagrun for consume_1_or_2_with_dataset_expressions to None, run_after=None
[2025-10-03T19:19:23.029+0000] {logging_mixin.py:188} INFO - [2025-10-03T19:19:23.028+0000] {dag.py:3954} INFO - Setting next_dagrun for consume_1_or_both_2_and_3_with_dataset_expressions to None, run_after=None
[2025-10-03T19:19:23.031+0000] {logging_mixin.py:188} INFO - [2025-10-03T19:19:23.030+0000] {dag.py:3954} INFO - Setting next_dagrun for dataset_consumes_1 to None, run_after=None
[2025-10-03T19:19:23.034+0000] {logging_mixin.py:188} INFO - [2025-10-03T19:19:23.034+0000] {dag.py:3954} INFO - Setting next_dagrun for dataset_consumes_1_and_2 to None, run_after=None
[2025-10-03T19:19:23.038+0000] {logging_mixin.py:188} INFO - [2025-10-03T19:19:23.038+0000] {dag.py:3954} INFO - Setting next_dagrun for dataset_consumes_1_never_scheduled to None, run_after=None
[2025-10-03T19:19:23.041+0000] {logging_mixin.py:188} INFO - [2025-10-03T19:19:23.040+0000] {dag.py:3954} INFO - Setting next_dagrun for dataset_consumes_unknown_never_scheduled to None, run_after=None
[2025-10-03T19:19:23.044+0000] {logging_mixin.py:188} INFO - [2025-10-03T19:19:23.044+0000] {dag.py:3954} INFO - Setting next_dagrun for dataset_produces_1 to 2025-10-02 00:00:00+00:00, run_after=2025-10-03 00:00:00+00:00
[2025-10-03T19:19:23.046+0000] {logging_mixin.py:188} INFO - [2025-10-03T19:19:23.046+0000] {dag.py:3954} INFO - Setting next_dagrun for dataset_produces_2 to None, run_after=None
[2025-10-03T19:19:23.094+0000] {processor.py:183} INFO - Processing /home/airflow/.local/lib/python3.12/site-packages/airflow/example_dags/example_datasets.py took 0.223 seconds
[2025-10-03T19:19:53.442+0000] {processor.py:161} INFO - Started process (PID=642) to work on /home/airflow/.local/lib/python3.12/site-packages/airflow/example_dags/example_datasets.py
[2025-10-03T19:19:53.445+0000] {processor.py:830} INFO - Processing file /home/airflow/.local/lib/python3.12/site-packages/airflow/example_dags/example_datasets.py for tasks to queue
[2025-10-03T19:19:53.448+0000] {logging_mixin.py:188} INFO - [2025-10-03T19:19:53.447+0000] {dagbag.py:545} INFO - Filling up the DagBag from /home/airflow/.local/lib/python3.12/site-packages/airflow/example_dags/example_datasets.py
[2025-10-03T19:19:53.471+0000] {processor.py:840} INFO - DAG(s) 'consume_1_or_2_with_dataset_expressions', 'consume_1_or_both_2_and_3_with_dataset_expressions', 'conditional_dataset_and_time_based_timetable', 'consume_1_and_2_with_dataset_expressions', 'dataset_produces_2', 'dataset_consumes_unknown_never_scheduled', 'dataset_consumes_1_never_scheduled', 'dataset_produces_1', 'dataset_consumes_1', 'dataset_consumes_1_and_2' retrieved from /home/airflow/.local/lib/python3.12/site-packages/airflow/example_dags/example_datasets.py
[2025-10-03T19:19:53.550+0000] {logging_mixin.py:188} INFO - [2025-10-03T19:19:53.549+0000] {dag.py:3096} INFO - Sync 10 DAGs
[2025-10-03T19:19:53.592+0000] {logging_mixin.py:188} INFO - [2025-10-03T19:19:53.591+0000] {dag.py:3954} INFO - Setting next_dagrun for conditional_dataset_and_time_based_timetable to 2025-10-01 01:00:00+00:00, run_after=2025-10-01 01:00:00+00:00
[2025-10-03T19:19:53.598+0000] {logging_mixin.py:188} INFO - [2025-10-03T19:19:53.598+0000] {dag.py:3954} INFO - Setting next_dagrun for consume_1_and_2_with_dataset_expressions to None, run_after=None
[2025-10-03T19:19:53.601+0000] {logging_mixin.py:188} INFO - [2025-10-03T19:19:53.601+0000] {dag.py:3954} INFO - Setting next_dagrun for consume_1_or_2_with_dataset_expressions to None, run_after=None
[2025-10-03T19:19:53.604+0000] {logging_mixin.py:188} INFO - [2025-10-03T19:19:53.604+0000] {dag.py:3954} INFO - Setting next_dagrun for consume_1_or_both_2_and_3_with_dataset_expressions to None, run_after=None
[2025-10-03T19:19:53.607+0000] {logging_mixin.py:188} INFO - [2025-10-03T19:19:53.606+0000] {dag.py:3954} INFO - Setting next_dagrun for dataset_consumes_1 to None, run_after=None
[2025-10-03T19:19:53.610+0000] {logging_mixin.py:188} INFO - [2025-10-03T19:19:53.610+0000] {dag.py:3954} INFO - Setting next_dagrun for dataset_consumes_1_and_2 to None, run_after=None
[2025-10-03T19:19:53.612+0000] {logging_mixin.py:188} INFO - [2025-10-03T19:19:53.612+0000] {dag.py:3954} INFO - Setting next_dagrun for dataset_consumes_1_never_scheduled to None, run_after=None
[2025-10-03T19:19:53.614+0000] {logging_mixin.py:188} INFO - [2025-10-03T19:19:53.614+0000] {dag.py:3954} INFO - Setting next_dagrun for dataset_consumes_unknown_never_scheduled to None, run_after=None
[2025-10-03T19:19:53.618+0000] {logging_mixin.py:188} INFO - [2025-10-03T19:19:53.618+0000] {dag.py:3954} INFO - Setting next_dagrun for dataset_produces_1 to 2025-10-02 00:00:00+00:00, run_after=2025-10-03 00:00:00+00:00
[2025-10-03T19:19:53.621+0000] {logging_mixin.py:188} INFO - [2025-10-03T19:19:53.621+0000] {dag.py:3954} INFO - Setting next_dagrun for dataset_produces_2 to None, run_after=None
[2025-10-03T19:19:53.685+0000] {processor.py:183} INFO - Processing /home/airflow/.local/lib/python3.12/site-packages/airflow/example_dags/example_datasets.py took 0.256 seconds
[2025-10-03T19:20:24.363+0000] {processor.py:161} INFO - Started process (PID=699) to work on /home/airflow/.local/lib/python3.12/site-packages/airflow/example_dags/example_datasets.py
[2025-10-03T19:20:24.366+0000] {processor.py:830} INFO - Processing file /home/airflow/.local/lib/python3.12/site-packages/airflow/example_dags/example_datasets.py for tasks to queue
[2025-10-03T19:20:24.370+0000] {logging_mixin.py:188} INFO - [2025-10-03T19:20:24.369+0000] {dagbag.py:545} INFO - Filling up the DagBag from /home/airflow/.local/lib/python3.12/site-packages/airflow/example_dags/example_datasets.py
[2025-10-03T19:20:24.398+0000] {processor.py:840} INFO - DAG(s) 'dataset_produces_1', 'conditional_dataset_and_time_based_timetable', 'dataset_consumes_1_never_scheduled', 'dataset_consumes_1', 'dataset_consumes_1_and_2', 'consume_1_and_2_with_dataset_expressions', 'dataset_produces_2', 'consume_1_or_both_2_and_3_with_dataset_expressions', 'consume_1_or_2_with_dataset_expressions', 'dataset_consumes_unknown_never_scheduled' retrieved from /home/airflow/.local/lib/python3.12/site-packages/airflow/example_dags/example_datasets.py
[2025-10-03T19:20:24.468+0000] {logging_mixin.py:188} INFO - [2025-10-03T19:20:24.468+0000] {dag.py:3096} INFO - Sync 10 DAGs
[2025-10-03T19:20:24.506+0000] {logging_mixin.py:188} INFO - [2025-10-03T19:20:24.505+0000] {dag.py:3954} INFO - Setting next_dagrun for conditional_dataset_and_time_based_timetable to 2025-10-01 01:00:00+00:00, run_after=2025-10-01 01:00:00+00:00
[2025-10-03T19:20:24.514+0000] {logging_mixin.py:188} INFO - [2025-10-03T19:20:24.513+0000] {dag.py:3954} INFO - Setting next_dagrun for consume_1_and_2_with_dataset_expressions to None, run_after=None
[2025-10-03T19:20:24.516+0000] {logging_mixin.py:188} INFO - [2025-10-03T19:20:24.515+0000] {dag.py:3954} INFO - Setting next_dagrun for consume_1_or_2_with_dataset_expressions to None, run_after=None
[2025-10-03T19:20:24.517+0000] {logging_mixin.py:188} INFO - [2025-10-03T19:20:24.517+0000] {dag.py:3954} INFO - Setting next_dagrun for consume_1_or_both_2_and_3_with_dataset_expressions to None, run_after=None
[2025-10-03T19:20:24.519+0000] {logging_mixin.py:188} INFO - [2025-10-03T19:20:24.519+0000] {dag.py:3954} INFO - Setting next_dagrun for dataset_consumes_1 to None, run_after=None
[2025-10-03T19:20:24.521+0000] {logging_mixin.py:188} INFO - [2025-10-03T19:20:24.521+0000] {dag.py:3954} INFO - Setting next_dagrun for dataset_consumes_1_and_2 to None, run_after=None
[2025-10-03T19:20:24.524+0000] {logging_mixin.py:188} INFO - [2025-10-03T19:20:24.524+0000] {dag.py:3954} INFO - Setting next_dagrun for dataset_consumes_1_never_scheduled to None, run_after=None
[2025-10-03T19:20:24.526+0000] {logging_mixin.py:188} INFO - [2025-10-03T19:20:24.526+0000] {dag.py:3954} INFO - Setting next_dagrun for dataset_consumes_unknown_never_scheduled to None, run_after=None
[2025-10-03T19:20:24.530+0000] {logging_mixin.py:188} INFO - [2025-10-03T19:20:24.529+0000] {dag.py:3954} INFO - Setting next_dagrun for dataset_produces_1 to 2025-10-02 00:00:00+00:00, run_after=2025-10-03 00:00:00+00:00
[2025-10-03T19:20:24.532+0000] {logging_mixin.py:188} INFO - [2025-10-03T19:20:24.532+0000] {dag.py:3954} INFO - Setting next_dagrun for dataset_produces_2 to None, run_after=None
[2025-10-03T19:20:24.583+0000] {processor.py:183} INFO - Processing /home/airflow/.local/lib/python3.12/site-packages/airflow/example_dags/example_datasets.py took 0.233 seconds
[2025-10-03T19:20:54.893+0000] {processor.py:161} INFO - Started process (PID=752) to work on /home/airflow/.local/lib/python3.12/site-packages/airflow/example_dags/example_datasets.py
[2025-10-03T19:20:54.895+0000] {processor.py:830} INFO - Processing file /home/airflow/.local/lib/python3.12/site-packages/airflow/example_dags/example_datasets.py for tasks to queue
[2025-10-03T19:20:54.898+0000] {logging_mixin.py:188} INFO - [2025-10-03T19:20:54.897+0000] {dagbag.py:545} INFO - Filling up the DagBag from /home/airflow/.local/lib/python3.12/site-packages/airflow/example_dags/example_datasets.py
[2025-10-03T19:20:54.921+0000] {processor.py:840} INFO - DAG(s) 'dataset_consumes_unknown_never_scheduled', 'consume_1_or_both_2_and_3_with_dataset_expressions', 'conditional_dataset_and_time_based_timetable', 'dataset_produces_2', 'dataset_consumes_1_never_scheduled', 'dataset_consumes_1_and_2', 'consume_1_and_2_with_dataset_expressions', 'dataset_consumes_1', 'dataset_produces_1', 'consume_1_or_2_with_dataset_expressions' retrieved from /home/airflow/.local/lib/python3.12/site-packages/airflow/example_dags/example_datasets.py
[2025-10-03T19:20:55.016+0000] {logging_mixin.py:188} INFO - [2025-10-03T19:20:55.016+0000] {dag.py:3096} INFO - Sync 10 DAGs
[2025-10-03T19:20:55.059+0000] {logging_mixin.py:188} INFO - [2025-10-03T19:20:55.059+0000] {dag.py:3954} INFO - Setting next_dagrun for conditional_dataset_and_time_based_timetable to 2025-10-01 01:00:00+00:00, run_after=2025-10-01 01:00:00+00:00
[2025-10-03T19:20:55.068+0000] {logging_mixin.py:188} INFO - [2025-10-03T19:20:55.068+0000] {dag.py:3954} INFO - Setting next_dagrun for consume_1_and_2_with_dataset_expressions to None, run_after=None
[2025-10-03T19:20:55.071+0000] {logging_mixin.py:188} INFO - [2025-10-03T19:20:55.071+0000] {dag.py:3954} INFO - Setting next_dagrun for consume_1_or_2_with_dataset_expressions to None, run_after=None
[2025-10-03T19:20:55.074+0000] {logging_mixin.py:188} INFO - [2025-10-03T19:20:55.073+0000] {dag.py:3954} INFO - Setting next_dagrun for consume_1_or_both_2_and_3_with_dataset_expressions to None, run_after=None
[2025-10-03T19:20:55.076+0000] {logging_mixin.py:188} INFO - [2025-10-03T19:20:55.076+0000] {dag.py:3954} INFO - Setting next_dagrun for dataset_consumes_1 to None, run_after=None
[2025-10-03T19:20:55.079+0000] {logging_mixin.py:188} INFO - [2025-10-03T19:20:55.079+0000] {dag.py:3954} INFO - Setting next_dagrun for dataset_consumes_1_and_2 to None, run_after=None
[2025-10-03T19:20:55.081+0000] {logging_mixin.py:188} INFO - [2025-10-03T19:20:55.081+0000] {dag.py:3954} INFO - Setting next_dagrun for dataset_consumes_1_never_scheduled to None, run_after=None
[2025-10-03T19:20:55.084+0000] {logging_mixin.py:188} INFO - [2025-10-03T19:20:55.084+0000] {dag.py:3954} INFO - Setting next_dagrun for dataset_consumes_unknown_never_scheduled to None, run_after=None
[2025-10-03T19:20:55.088+0000] {logging_mixin.py:188} INFO - [2025-10-03T19:20:55.088+0000] {dag.py:3954} INFO - Setting next_dagrun for dataset_produces_1 to 2025-10-02 00:00:00+00:00, run_after=2025-10-03 00:00:00+00:00
[2025-10-03T19:20:55.090+0000] {logging_mixin.py:188} INFO - [2025-10-03T19:20:55.090+0000] {dag.py:3954} INFO - Setting next_dagrun for dataset_produces_2 to None, run_after=None
[2025-10-03T19:20:55.159+0000] {processor.py:183} INFO - Processing /home/airflow/.local/lib/python3.12/site-packages/airflow/example_dags/example_datasets.py took 0.277 seconds
[2025-10-03T19:21:25.467+0000] {processor.py:161} INFO - Started process (PID=810) to work on /home/airflow/.local/lib/python3.12/site-packages/airflow/example_dags/example_datasets.py
[2025-10-03T19:21:25.468+0000] {processor.py:830} INFO - Processing file /home/airflow/.local/lib/python3.12/site-packages/airflow/example_dags/example_datasets.py for tasks to queue
[2025-10-03T19:21:25.470+0000] {logging_mixin.py:188} INFO - [2025-10-03T19:21:25.470+0000] {dagbag.py:545} INFO - Filling up the DagBag from /home/airflow/.local/lib/python3.12/site-packages/airflow/example_dags/example_datasets.py
[2025-10-03T19:21:25.487+0000] {processor.py:840} INFO - DAG(s) 'dataset_produces_2', 'consume_1_or_2_with_dataset_expressions', 'consume_1_and_2_with_dataset_expressions', 'conditional_dataset_and_time_based_timetable', 'dataset_produces_1', 'consume_1_or_both_2_and_3_with_dataset_expressions', 'dataset_consumes_unknown_never_scheduled', 'dataset_consumes_1_and_2', 'dataset_consumes_1', 'dataset_consumes_1_never_scheduled' retrieved from /home/airflow/.local/lib/python3.12/site-packages/airflow/example_dags/example_datasets.py
[2025-10-03T19:21:25.540+0000] {logging_mixin.py:188} INFO - [2025-10-03T19:21:25.539+0000] {dag.py:3096} INFO - Sync 10 DAGs
[2025-10-03T19:21:25.568+0000] {logging_mixin.py:188} INFO - [2025-10-03T19:21:25.568+0000] {dag.py:3954} INFO - Setting next_dagrun for conditional_dataset_and_time_based_timetable to 2025-10-01 01:00:00+00:00, run_after=2025-10-01 01:00:00+00:00
[2025-10-03T19:21:25.574+0000] {logging_mixin.py:188} INFO - [2025-10-03T19:21:25.573+0000] {dag.py:3954} INFO - Setting next_dagrun for consume_1_and_2_with_dataset_expressions to None, run_after=None
[2025-10-03T19:21:25.575+0000] {logging_mixin.py:188} INFO - [2025-10-03T19:21:25.575+0000] {dag.py:3954} INFO - Setting next_dagrun for consume_1_or_2_with_dataset_expressions to None, run_after=None
[2025-10-03T19:21:25.577+0000] {logging_mixin.py:188} INFO - [2025-10-03T19:21:25.576+0000] {dag.py:3954} INFO - Setting next_dagrun for consume_1_or_both_2_and_3_with_dataset_expressions to None, run_after=None
[2025-10-03T19:21:25.578+0000] {logging_mixin.py:188} INFO - [2025-10-03T19:21:25.578+0000] {dag.py:3954} INFO - Setting next_dagrun for dataset_consumes_1 to None, run_after=None
[2025-10-03T19:21:25.580+0000] {logging_mixin.py:188} INFO - [2025-10-03T19:21:25.579+0000] {dag.py:3954} INFO - Setting next_dagrun for dataset_consumes_1_and_2 to None, run_after=None
[2025-10-03T19:21:25.581+0000] {logging_mixin.py:188} INFO - [2025-10-03T19:21:25.581+0000] {dag.py:3954} INFO - Setting next_dagrun for dataset_consumes_1_never_scheduled to None, run_after=None
[2025-10-03T19:21:25.583+0000] {logging_mixin.py:188} INFO - [2025-10-03T19:21:25.582+0000] {dag.py:3954} INFO - Setting next_dagrun for dataset_consumes_unknown_never_scheduled to None, run_after=None
[2025-10-03T19:21:25.585+0000] {logging_mixin.py:188} INFO - [2025-10-03T19:21:25.585+0000] {dag.py:3954} INFO - Setting next_dagrun for dataset_produces_1 to 2025-10-02 00:00:00+00:00, run_after=2025-10-03 00:00:00+00:00
[2025-10-03T19:21:25.587+0000] {logging_mixin.py:188} INFO - [2025-10-03T19:21:25.587+0000] {dag.py:3954} INFO - Setting next_dagrun for dataset_produces_2 to None, run_after=None
[2025-10-03T19:21:25.631+0000] {processor.py:183} INFO - Processing /home/airflow/.local/lib/python3.12/site-packages/airflow/example_dags/example_datasets.py took 0.171 seconds
[2025-10-03T19:21:55.912+0000] {processor.py:161} INFO - Started process (PID=862) to work on /home/airflow/.local/lib/python3.12/site-packages/airflow/example_dags/example_datasets.py
[2025-10-03T19:21:55.914+0000] {processor.py:830} INFO - Processing file /home/airflow/.local/lib/python3.12/site-packages/airflow/example_dags/example_datasets.py for tasks to queue
[2025-10-03T19:21:55.916+0000] {logging_mixin.py:188} INFO - [2025-10-03T19:21:55.916+0000] {dagbag.py:545} INFO - Filling up the DagBag from /home/airflow/.local/lib/python3.12/site-packages/airflow/example_dags/example_datasets.py
[2025-10-03T19:21:55.934+0000] {processor.py:840} INFO - DAG(s) 'dataset_produces_2', 'conditional_dataset_and_time_based_timetable', 'consume_1_or_2_with_dataset_expressions', 'dataset_consumes_1_and_2', 'dataset_consumes_1', 'dataset_consumes_unknown_never_scheduled', 'consume_1_or_both_2_and_3_with_dataset_expressions', 'dataset_produces_1', 'consume_1_and_2_with_dataset_expressions', 'dataset_consumes_1_never_scheduled' retrieved from /home/airflow/.local/lib/python3.12/site-packages/airflow/example_dags/example_datasets.py
[2025-10-03T19:21:55.991+0000] {logging_mixin.py:188} INFO - [2025-10-03T19:21:55.990+0000] {dag.py:3096} INFO - Sync 10 DAGs
[2025-10-03T19:21:56.020+0000] {logging_mixin.py:188} INFO - [2025-10-03T19:21:56.020+0000] {dag.py:3954} INFO - Setting next_dagrun for conditional_dataset_and_time_based_timetable to 2025-10-01 01:00:00+00:00, run_after=2025-10-01 01:00:00+00:00
[2025-10-03T19:21:56.025+0000] {logging_mixin.py:188} INFO - [2025-10-03T19:21:56.024+0000] {dag.py:3954} INFO - Setting next_dagrun for consume_1_and_2_with_dataset_expressions to None, run_after=None
[2025-10-03T19:21:56.026+0000] {logging_mixin.py:188} INFO - [2025-10-03T19:21:56.026+0000] {dag.py:3954} INFO - Setting next_dagrun for consume_1_or_2_with_dataset_expressions to None, run_after=None
[2025-10-03T19:21:56.028+0000] {logging_mixin.py:188} INFO - [2025-10-03T19:21:56.028+0000] {dag.py:3954} INFO - Setting next_dagrun for consume_1_or_both_2_and_3_with_dataset_expressions to None, run_after=None
[2025-10-03T19:21:56.030+0000] {logging_mixin.py:188} INFO - [2025-10-03T19:21:56.029+0000] {dag.py:3954} INFO - Setting next_dagrun for dataset_consumes_1 to None, run_after=None
[2025-10-03T19:21:56.031+0000] {logging_mixin.py:188} INFO - [2025-10-03T19:21:56.031+0000] {dag.py:3954} INFO - Setting next_dagrun for dataset_consumes_1_and_2 to None, run_after=None
[2025-10-03T19:21:56.033+0000] {logging_mixin.py:188} INFO - [2025-10-03T19:21:56.033+0000] {dag.py:3954} INFO - Setting next_dagrun for dataset_consumes_1_never_scheduled to None, run_after=None
[2025-10-03T19:21:56.034+0000] {logging_mixin.py:188} INFO - [2025-10-03T19:21:56.034+0000] {dag.py:3954} INFO - Setting next_dagrun for dataset_consumes_unknown_never_scheduled to None, run_after=None
[2025-10-03T19:21:56.037+0000] {logging_mixin.py:188} INFO - [2025-10-03T19:21:56.037+0000] {dag.py:3954} INFO - Setting next_dagrun for dataset_produces_1 to 2025-10-02 00:00:00+00:00, run_after=2025-10-03 00:00:00+00:00
[2025-10-03T19:21:56.039+0000] {logging_mixin.py:188} INFO - [2025-10-03T19:21:56.039+0000] {dag.py:3954} INFO - Setting next_dagrun for dataset_produces_2 to None, run_after=None
[2025-10-03T19:21:56.077+0000] {processor.py:183} INFO - Processing /home/airflow/.local/lib/python3.12/site-packages/airflow/example_dags/example_datasets.py took 0.173 seconds
[2025-10-03T19:22:26.583+0000] {processor.py:161} INFO - Started process (PID=919) to work on /home/airflow/.local/lib/python3.12/site-packages/airflow/example_dags/example_datasets.py
[2025-10-03T19:22:26.584+0000] {processor.py:830} INFO - Processing file /home/airflow/.local/lib/python3.12/site-packages/airflow/example_dags/example_datasets.py for tasks to queue
[2025-10-03T19:22:26.587+0000] {logging_mixin.py:188} INFO - [2025-10-03T19:22:26.586+0000] {dagbag.py:545} INFO - Filling up the DagBag from /home/airflow/.local/lib/python3.12/site-packages/airflow/example_dags/example_datasets.py
[2025-10-03T19:22:26.603+0000] {processor.py:840} INFO - DAG(s) 'dataset_produces_2', 'conditional_dataset_and_time_based_timetable', 'dataset_consumes_1_never_scheduled', 'consume_1_and_2_with_dataset_expressions', 'consume_1_or_2_with_dataset_expressions', 'consume_1_or_both_2_and_3_with_dataset_expressions', 'dataset_produces_1', 'dataset_consumes_1', 'dataset_consumes_unknown_never_scheduled', 'dataset_consumes_1_and_2' retrieved from /home/airflow/.local/lib/python3.12/site-packages/airflow/example_dags/example_datasets.py
[2025-10-03T19:22:26.657+0000] {logging_mixin.py:188} INFO - [2025-10-03T19:22:26.657+0000] {dag.py:3096} INFO - Sync 10 DAGs
[2025-10-03T19:22:26.687+0000] {logging_mixin.py:188} INFO - [2025-10-03T19:22:26.686+0000] {dag.py:3954} INFO - Setting next_dagrun for conditional_dataset_and_time_based_timetable to 2025-10-01 01:00:00+00:00, run_after=2025-10-01 01:00:00+00:00
[2025-10-03T19:22:26.692+0000] {logging_mixin.py:188} INFO - [2025-10-03T19:22:26.692+0000] {dag.py:3954} INFO - Setting next_dagrun for consume_1_and_2_with_dataset_expressions to None, run_after=None
[2025-10-03T19:22:26.694+0000] {logging_mixin.py:188} INFO - [2025-10-03T19:22:26.693+0000] {dag.py:3954} INFO - Setting next_dagrun for consume_1_or_2_with_dataset_expressions to None, run_after=None
[2025-10-03T19:22:26.695+0000] {logging_mixin.py:188} INFO - [2025-10-03T19:22:26.695+0000] {dag.py:3954} INFO - Setting next_dagrun for consume_1_or_both_2_and_3_with_dataset_expressions to None, run_after=None
[2025-10-03T19:22:26.697+0000] {logging_mixin.py:188} INFO - [2025-10-03T19:22:26.697+0000] {dag.py:3954} INFO - Setting next_dagrun for dataset_consumes_1 to None, run_after=None
[2025-10-03T19:22:26.699+0000] {logging_mixin.py:188} INFO - [2025-10-03T19:22:26.698+0000] {dag.py:3954} INFO - Setting next_dagrun for dataset_consumes_1_and_2 to None, run_after=None
[2025-10-03T19:22:26.700+0000] {logging_mixin.py:188} INFO - [2025-10-03T19:22:26.700+0000] {dag.py:3954} INFO - Setting next_dagrun for dataset_consumes_1_never_scheduled to None, run_after=None
[2025-10-03T19:22:26.702+0000] {logging_mixin.py:188} INFO - [2025-10-03T19:22:26.701+0000] {dag.py:3954} INFO - Setting next_dagrun for dataset_consumes_unknown_never_scheduled to None, run_after=None
[2025-10-03T19:22:26.704+0000] {logging_mixin.py:188} INFO - [2025-10-03T19:22:26.704+0000] {dag.py:3954} INFO - Setting next_dagrun for dataset_produces_1 to 2025-10-02 00:00:00+00:00, run_after=2025-10-03 00:00:00+00:00
[2025-10-03T19:22:26.706+0000] {logging_mixin.py:188} INFO - [2025-10-03T19:22:26.706+0000] {dag.py:3954} INFO - Setting next_dagrun for dataset_produces_2 to None, run_after=None
[2025-10-03T19:22:26.750+0000] {processor.py:183} INFO - Processing /home/airflow/.local/lib/python3.12/site-packages/airflow/example_dags/example_datasets.py took 0.175 seconds
[2025-10-03T19:22:57.185+0000] {processor.py:161} INFO - Started process (PID=972) to work on /home/airflow/.local/lib/python3.12/site-packages/airflow/example_dags/example_datasets.py
[2025-10-03T19:22:57.186+0000] {processor.py:830} INFO - Processing file /home/airflow/.local/lib/python3.12/site-packages/airflow/example_dags/example_datasets.py for tasks to queue
[2025-10-03T19:22:57.189+0000] {logging_mixin.py:188} INFO - [2025-10-03T19:22:57.188+0000] {dagbag.py:545} INFO - Filling up the DagBag from /home/airflow/.local/lib/python3.12/site-packages/airflow/example_dags/example_datasets.py
[2025-10-03T19:22:57.205+0000] {processor.py:840} INFO - DAG(s) 'dataset_consumes_1_never_scheduled', 'dataset_consumes_1_and_2', 'consume_1_and_2_with_dataset_expressions', 'dataset_produces_1', 'consume_1_or_both_2_and_3_with_dataset_expressions', 'dataset_consumes_1', 'dataset_consumes_unknown_never_scheduled', 'consume_1_or_2_with_dataset_expressions', 'conditional_dataset_and_time_based_timetable', 'dataset_produces_2' retrieved from /home/airflow/.local/lib/python3.12/site-packages/airflow/example_dags/example_datasets.py
[2025-10-03T19:22:57.259+0000] {logging_mixin.py:188} INFO - [2025-10-03T19:22:57.258+0000] {dag.py:3096} INFO - Sync 10 DAGs
[2025-10-03T19:22:57.291+0000] {logging_mixin.py:188} INFO - [2025-10-03T19:22:57.291+0000] {dag.py:3954} INFO - Setting next_dagrun for conditional_dataset_and_time_based_timetable to 2025-10-01 01:00:00+00:00, run_after=2025-10-01 01:00:00+00:00
[2025-10-03T19:22:57.296+0000] {logging_mixin.py:188} INFO - [2025-10-03T19:22:57.296+0000] {dag.py:3954} INFO - Setting next_dagrun for consume_1_and_2_with_dataset_expressions to None, run_after=None
[2025-10-03T19:22:57.298+0000] {logging_mixin.py:188} INFO - [2025-10-03T19:22:57.298+0000] {dag.py:3954} INFO - Setting next_dagrun for consume_1_or_2_with_dataset_expressions to None, run_after=None
[2025-10-03T19:22:57.300+0000] {logging_mixin.py:188} INFO - [2025-10-03T19:22:57.300+0000] {dag.py:3954} INFO - Setting next_dagrun for consume_1_or_both_2_and_3_with_dataset_expressions to None, run_after=None
[2025-10-03T19:22:57.302+0000] {logging_mixin.py:188} INFO - [2025-10-03T19:22:57.302+0000] {dag.py:3954} INFO - Setting next_dagrun for dataset_consumes_1 to None, run_after=None
[2025-10-03T19:22:57.303+0000] {logging_mixin.py:188} INFO - [2025-10-03T19:22:57.303+0000] {dag.py:3954} INFO - Setting next_dagrun for dataset_consumes_1_and_2 to None, run_after=None
[2025-10-03T19:22:57.305+0000] {logging_mixin.py:188} INFO - [2025-10-03T19:22:57.305+0000] {dag.py:3954} INFO - Setting next_dagrun for dataset_consumes_1_never_scheduled to None, run_after=None
[2025-10-03T19:22:57.306+0000] {logging_mixin.py:188} INFO - [2025-10-03T19:22:57.306+0000] {dag.py:3954} INFO - Setting next_dagrun for dataset_consumes_unknown_never_scheduled to None, run_after=None
[2025-10-03T19:22:57.309+0000] {logging_mixin.py:188} INFO - [2025-10-03T19:22:57.309+0000] {dag.py:3954} INFO - Setting next_dagrun for dataset_produces_1 to 2025-10-02 00:00:00+00:00, run_after=2025-10-03 00:00:00+00:00
[2025-10-03T19:22:57.311+0000] {logging_mixin.py:188} INFO - [2025-10-03T19:22:57.311+0000] {dag.py:3954} INFO - Setting next_dagrun for dataset_produces_2 to None, run_after=None
[2025-10-03T19:22:57.350+0000] {processor.py:183} INFO - Processing /home/airflow/.local/lib/python3.12/site-packages/airflow/example_dags/example_datasets.py took 0.172 seconds
[2025-10-03T19:23:27.539+0000] {processor.py:161} INFO - Started process (PID=1029) to work on /home/airflow/.local/lib/python3.12/site-packages/airflow/example_dags/example_datasets.py
[2025-10-03T19:23:27.540+0000] {processor.py:830} INFO - Processing file /home/airflow/.local/lib/python3.12/site-packages/airflow/example_dags/example_datasets.py for tasks to queue
[2025-10-03T19:23:27.542+0000] {logging_mixin.py:188} INFO - [2025-10-03T19:23:27.542+0000] {dagbag.py:545} INFO - Filling up the DagBag from /home/airflow/.local/lib/python3.12/site-packages/airflow/example_dags/example_datasets.py
[2025-10-03T19:23:27.557+0000] {processor.py:840} INFO - DAG(s) 'dataset_consumes_1_and_2', 'consume_1_and_2_with_dataset_expressions', 'dataset_produces_1', 'dataset_consumes_1_never_scheduled', 'dataset_consumes_unknown_never_scheduled', 'dataset_produces_2', 'conditional_dataset_and_time_based_timetable', 'dataset_consumes_1', 'consume_1_or_both_2_and_3_with_dataset_expressions', 'consume_1_or_2_with_dataset_expressions' retrieved from /home/airflow/.local/lib/python3.12/site-packages/airflow/example_dags/example_datasets.py
[2025-10-03T19:23:27.610+0000] {logging_mixin.py:188} INFO - [2025-10-03T19:23:27.609+0000] {dag.py:3096} INFO - Sync 10 DAGs
[2025-10-03T19:23:27.638+0000] {logging_mixin.py:188} INFO - [2025-10-03T19:23:27.638+0000] {dag.py:3954} INFO - Setting next_dagrun for conditional_dataset_and_time_based_timetable to 2025-10-01 01:00:00+00:00, run_after=2025-10-01 01:00:00+00:00
[2025-10-03T19:23:27.643+0000] {logging_mixin.py:188} INFO - [2025-10-03T19:23:27.643+0000] {dag.py:3954} INFO - Setting next_dagrun for consume_1_and_2_with_dataset_expressions to None, run_after=None
[2025-10-03T19:23:27.645+0000] {logging_mixin.py:188} INFO - [2025-10-03T19:23:27.645+0000] {dag.py:3954} INFO - Setting next_dagrun for consume_1_or_2_with_dataset_expressions to None, run_after=None
[2025-10-03T19:23:27.646+0000] {logging_mixin.py:188} INFO - [2025-10-03T19:23:27.646+0000] {dag.py:3954} INFO - Setting next_dagrun for consume_1_or_both_2_and_3_with_dataset_expressions to None, run_after=None
[2025-10-03T19:23:27.648+0000] {logging_mixin.py:188} INFO - [2025-10-03T19:23:27.648+0000] {dag.py:3954} INFO - Setting next_dagrun for dataset_consumes_1 to None, run_after=None
[2025-10-03T19:23:27.649+0000] {logging_mixin.py:188} INFO - [2025-10-03T19:23:27.649+0000] {dag.py:3954} INFO - Setting next_dagrun for dataset_consumes_1_and_2 to None, run_after=None
[2025-10-03T19:23:27.651+0000] {logging_mixin.py:188} INFO - [2025-10-03T19:23:27.651+0000] {dag.py:3954} INFO - Setting next_dagrun for dataset_consumes_1_never_scheduled to None, run_after=None
[2025-10-03T19:23:27.652+0000] {logging_mixin.py:188} INFO - [2025-10-03T19:23:27.652+0000] {dag.py:3954} INFO - Setting next_dagrun for dataset_consumes_unknown_never_scheduled to None, run_after=None
[2025-10-03T19:23:27.655+0000] {logging_mixin.py:188} INFO - [2025-10-03T19:23:27.655+0000] {dag.py:3954} INFO - Setting next_dagrun for dataset_produces_1 to 2025-10-02 00:00:00+00:00, run_after=2025-10-03 00:00:00+00:00
[2025-10-03T19:23:27.657+0000] {logging_mixin.py:188} INFO - [2025-10-03T19:23:27.656+0000] {dag.py:3954} INFO - Setting next_dagrun for dataset_produces_2 to None, run_after=None
[2025-10-03T19:23:27.699+0000] {processor.py:183} INFO - Processing /home/airflow/.local/lib/python3.12/site-packages/airflow/example_dags/example_datasets.py took 0.167 seconds
[2025-10-03T19:23:58.548+0000] {processor.py:161} INFO - Started process (PID=1082) to work on /home/airflow/.local/lib/python3.12/site-packages/airflow/example_dags/example_datasets.py
[2025-10-03T19:23:58.550+0000] {processor.py:830} INFO - Processing file /home/airflow/.local/lib/python3.12/site-packages/airflow/example_dags/example_datasets.py for tasks to queue
[2025-10-03T19:23:58.552+0000] {logging_mixin.py:188} INFO - [2025-10-03T19:23:58.552+0000] {dagbag.py:545} INFO - Filling up the DagBag from /home/airflow/.local/lib/python3.12/site-packages/airflow/example_dags/example_datasets.py
[2025-10-03T19:23:58.567+0000] {processor.py:840} INFO - DAG(s) 'dataset_produces_2', 'dataset_consumes_1_never_scheduled', 'consume_1_or_both_2_and_3_with_dataset_expressions', 'dataset_consumes_1_and_2', 'consume_1_or_2_with_dataset_expressions', 'conditional_dataset_and_time_based_timetable', 'dataset_consumes_1', 'dataset_produces_1', 'dataset_consumes_unknown_never_scheduled', 'consume_1_and_2_with_dataset_expressions' retrieved from /home/airflow/.local/lib/python3.12/site-packages/airflow/example_dags/example_datasets.py
[2025-10-03T19:23:58.620+0000] {logging_mixin.py:188} INFO - [2025-10-03T19:23:58.620+0000] {dag.py:3096} INFO - Sync 10 DAGs
[2025-10-03T19:23:58.648+0000] {logging_mixin.py:188} INFO - [2025-10-03T19:23:58.648+0000] {dag.py:3954} INFO - Setting next_dagrun for conditional_dataset_and_time_based_timetable to 2025-10-01 01:00:00+00:00, run_after=2025-10-01 01:00:00+00:00
[2025-10-03T19:23:58.652+0000] {logging_mixin.py:188} INFO - [2025-10-03T19:23:58.652+0000] {dag.py:3954} INFO - Setting next_dagrun for consume_1_and_2_with_dataset_expressions to None, run_after=None
[2025-10-03T19:23:58.654+0000] {logging_mixin.py:188} INFO - [2025-10-03T19:23:58.654+0000] {dag.py:3954} INFO - Setting next_dagrun for consume_1_or_2_with_dataset_expressions to None, run_after=None
[2025-10-03T19:23:58.656+0000] {logging_mixin.py:188} INFO - [2025-10-03T19:23:58.655+0000] {dag.py:3954} INFO - Setting next_dagrun for consume_1_or_both_2_and_3_with_dataset_expressions to None, run_after=None
[2025-10-03T19:23:58.657+0000] {logging_mixin.py:188} INFO - [2025-10-03T19:23:58.657+0000] {dag.py:3954} INFO - Setting next_dagrun for dataset_consumes_1 to None, run_after=None
[2025-10-03T19:23:58.659+0000] {logging_mixin.py:188} INFO - [2025-10-03T19:23:58.659+0000] {dag.py:3954} INFO - Setting next_dagrun for dataset_consumes_1_and_2 to None, run_after=None
[2025-10-03T19:23:58.661+0000] {logging_mixin.py:188} INFO - [2025-10-03T19:23:58.660+0000] {dag.py:3954} INFO - Setting next_dagrun for dataset_consumes_1_never_scheduled to None, run_after=None
[2025-10-03T19:23:58.662+0000] {logging_mixin.py:188} INFO - [2025-10-03T19:23:58.662+0000] {dag.py:3954} INFO - Setting next_dagrun for dataset_consumes_unknown_never_scheduled to None, run_after=None
[2025-10-03T19:23:58.665+0000] {logging_mixin.py:188} INFO - [2025-10-03T19:23:58.664+0000] {dag.py:3954} INFO - Setting next_dagrun for dataset_produces_1 to 2025-10-02 00:00:00+00:00, run_after=2025-10-03 00:00:00+00:00
[2025-10-03T19:23:58.666+0000] {logging_mixin.py:188} INFO - [2025-10-03T19:23:58.666+0000] {dag.py:3954} INFO - Setting next_dagrun for dataset_produces_2 to None, run_after=None
[2025-10-03T19:23:58.702+0000] {processor.py:183} INFO - Processing /home/airflow/.local/lib/python3.12/site-packages/airflow/example_dags/example_datasets.py took 0.161 seconds
[2025-10-03T19:24:29.326+0000] {processor.py:161} INFO - Started process (PID=1139) to work on /home/airflow/.local/lib/python3.12/site-packages/airflow/example_dags/example_datasets.py
[2025-10-03T19:24:29.327+0000] {processor.py:830} INFO - Processing file /home/airflow/.local/lib/python3.12/site-packages/airflow/example_dags/example_datasets.py for tasks to queue
[2025-10-03T19:24:29.330+0000] {logging_mixin.py:188} INFO - [2025-10-03T19:24:29.329+0000] {dagbag.py:545} INFO - Filling up the DagBag from /home/airflow/.local/lib/python3.12/site-packages/airflow/example_dags/example_datasets.py
[2025-10-03T19:24:29.347+0000] {processor.py:840} INFO - DAG(s) 'consume_1_or_2_with_dataset_expressions', 'consume_1_or_both_2_and_3_with_dataset_expressions', 'conditional_dataset_and_time_based_timetable', 'dataset_consumes_1', 'dataset_consumes_1_never_scheduled', 'consume_1_and_2_with_dataset_expressions', 'dataset_consumes_1_and_2', 'dataset_produces_2', 'dataset_produces_1', 'dataset_consumes_unknown_never_scheduled' retrieved from /home/airflow/.local/lib/python3.12/site-packages/airflow/example_dags/example_datasets.py
[2025-10-03T19:24:29.403+0000] {logging_mixin.py:188} INFO - [2025-10-03T19:24:29.403+0000] {dag.py:3096} INFO - Sync 10 DAGs
[2025-10-03T19:24:29.432+0000] {logging_mixin.py:188} INFO - [2025-10-03T19:24:29.432+0000] {dag.py:3954} INFO - Setting next_dagrun for conditional_dataset_and_time_based_timetable to 2025-10-01 01:00:00+00:00, run_after=2025-10-01 01:00:00+00:00
[2025-10-03T19:24:29.438+0000] {logging_mixin.py:188} INFO - [2025-10-03T19:24:29.438+0000] {dag.py:3954} INFO - Setting next_dagrun for consume_1_and_2_with_dataset_expressions to None, run_after=None
[2025-10-03T19:24:29.440+0000] {logging_mixin.py:188} INFO - [2025-10-03T19:24:29.439+0000] {dag.py:3954} INFO - Setting next_dagrun for consume_1_or_2_with_dataset_expressions to None, run_after=None
[2025-10-03T19:24:29.441+0000] {logging_mixin.py:188} INFO - [2025-10-03T19:24:29.441+0000] {dag.py:3954} INFO - Setting next_dagrun for consume_1_or_both_2_and_3_with_dataset_expressions to None, run_after=None
[2025-10-03T19:24:29.443+0000] {logging_mixin.py:188} INFO - [2025-10-03T19:24:29.443+0000] {dag.py:3954} INFO - Setting next_dagrun for dataset_consumes_1 to None, run_after=None
[2025-10-03T19:24:29.444+0000] {logging_mixin.py:188} INFO - [2025-10-03T19:24:29.444+0000] {dag.py:3954} INFO - Setting next_dagrun for dataset_consumes_1_and_2 to None, run_after=None
[2025-10-03T19:24:29.446+0000] {logging_mixin.py:188} INFO - [2025-10-03T19:24:29.446+0000] {dag.py:3954} INFO - Setting next_dagrun for dataset_consumes_1_never_scheduled to None, run_after=None
[2025-10-03T19:24:29.449+0000] {logging_mixin.py:188} INFO - [2025-10-03T19:24:29.449+0000] {dag.py:3954} INFO - Setting next_dagrun for dataset_consumes_unknown_never_scheduled to None, run_after=None
[2025-10-03T19:24:29.452+0000] {logging_mixin.py:188} INFO - [2025-10-03T19:24:29.452+0000] {dag.py:3954} INFO - Setting next_dagrun for dataset_produces_1 to 2025-10-02 00:00:00+00:00, run_after=2025-10-03 00:00:00+00:00
[2025-10-03T19:24:29.454+0000] {logging_mixin.py:188} INFO - [2025-10-03T19:24:29.453+0000] {dag.py:3954} INFO - Setting next_dagrun for dataset_produces_2 to None, run_after=None
[2025-10-03T19:24:29.496+0000] {processor.py:183} INFO - Processing /home/airflow/.local/lib/python3.12/site-packages/airflow/example_dags/example_datasets.py took 0.178 seconds
[2025-10-03T19:24:59.660+0000] {processor.py:161} INFO - Started process (PID=1192) to work on /home/airflow/.local/lib/python3.12/site-packages/airflow/example_dags/example_datasets.py
[2025-10-03T19:24:59.661+0000] {processor.py:830} INFO - Processing file /home/airflow/.local/lib/python3.12/site-packages/airflow/example_dags/example_datasets.py for tasks to queue
[2025-10-03T19:24:59.664+0000] {logging_mixin.py:188} INFO - [2025-10-03T19:24:59.664+0000] {dagbag.py:545} INFO - Filling up the DagBag from /home/airflow/.local/lib/python3.12/site-packages/airflow/example_dags/example_datasets.py
[2025-10-03T19:24:59.680+0000] {processor.py:840} INFO - DAG(s) 'conditional_dataset_and_time_based_timetable', 'consume_1_and_2_with_dataset_expressions', 'dataset_consumes_1_never_scheduled', 'dataset_consumes_1', 'dataset_produces_1', 'consume_1_or_both_2_and_3_with_dataset_expressions', 'dataset_produces_2', 'dataset_consumes_unknown_never_scheduled', 'dataset_consumes_1_and_2', 'consume_1_or_2_with_dataset_expressions' retrieved from /home/airflow/.local/lib/python3.12/site-packages/airflow/example_dags/example_datasets.py
[2025-10-03T19:24:59.737+0000] {logging_mixin.py:188} INFO - [2025-10-03T19:24:59.737+0000] {dag.py:3096} INFO - Sync 10 DAGs
[2025-10-03T19:24:59.767+0000] {logging_mixin.py:188} INFO - [2025-10-03T19:24:59.766+0000] {dag.py:3954} INFO - Setting next_dagrun for conditional_dataset_and_time_based_timetable to 2025-10-01 01:00:00+00:00, run_after=2025-10-01 01:00:00+00:00
[2025-10-03T19:24:59.771+0000] {logging_mixin.py:188} INFO - [2025-10-03T19:24:59.771+0000] {dag.py:3954} INFO - Setting next_dagrun for consume_1_and_2_with_dataset_expressions to None, run_after=None
[2025-10-03T19:24:59.773+0000] {logging_mixin.py:188} INFO - [2025-10-03T19:24:59.773+0000] {dag.py:3954} INFO - Setting next_dagrun for consume_1_or_2_with_dataset_expressions to None, run_after=None
[2025-10-03T19:24:59.775+0000] {logging_mixin.py:188} INFO - [2025-10-03T19:24:59.775+0000] {dag.py:3954} INFO - Setting next_dagrun for consume_1_or_both_2_and_3_with_dataset_expressions to None, run_after=None
[2025-10-03T19:24:59.777+0000] {logging_mixin.py:188} INFO - [2025-10-03T19:24:59.777+0000] {dag.py:3954} INFO - Setting next_dagrun for dataset_consumes_1 to None, run_after=None
[2025-10-03T19:24:59.779+0000] {logging_mixin.py:188} INFO - [2025-10-03T19:24:59.779+0000] {dag.py:3954} INFO - Setting next_dagrun for dataset_consumes_1_and_2 to None, run_after=None
[2025-10-03T19:24:59.781+0000] {logging_mixin.py:188} INFO - [2025-10-03T19:24:59.781+0000] {dag.py:3954} INFO - Setting next_dagrun for dataset_consumes_1_never_scheduled to None, run_after=None
[2025-10-03T19:24:59.783+0000] {logging_mixin.py:188} INFO - [2025-10-03T19:24:59.783+0000] {dag.py:3954} INFO - Setting next_dagrun for dataset_consumes_unknown_never_scheduled to None, run_after=None
[2025-10-03T19:24:59.786+0000] {logging_mixin.py:188} INFO - [2025-10-03T19:24:59.786+0000] {dag.py:3954} INFO - Setting next_dagrun for dataset_produces_1 to 2025-10-02 00:00:00+00:00, run_after=2025-10-03 00:00:00+00:00
[2025-10-03T19:24:59.788+0000] {logging_mixin.py:188} INFO - [2025-10-03T19:24:59.788+0000] {dag.py:3954} INFO - Setting next_dagrun for dataset_produces_2 to None, run_after=None
[2025-10-03T19:24:59.833+0000] {processor.py:183} INFO - Processing /home/airflow/.local/lib/python3.12/site-packages/airflow/example_dags/example_datasets.py took 0.181 seconds
[2025-10-03T19:25:29.963+0000] {processor.py:161} INFO - Started process (PID=1249) to work on /home/airflow/.local/lib/python3.12/site-packages/airflow/example_dags/example_datasets.py
[2025-10-03T19:25:29.965+0000] {processor.py:830} INFO - Processing file /home/airflow/.local/lib/python3.12/site-packages/airflow/example_dags/example_datasets.py for tasks to queue
[2025-10-03T19:25:29.967+0000] {logging_mixin.py:188} INFO - [2025-10-03T19:25:29.967+0000] {dagbag.py:545} INFO - Filling up the DagBag from /home/airflow/.local/lib/python3.12/site-packages/airflow/example_dags/example_datasets.py
[2025-10-03T19:25:29.983+0000] {processor.py:840} INFO - DAG(s) 'dataset_consumes_1', 'dataset_consumes_1_and_2', 'dataset_produces_2', 'dataset_consumes_unknown_never_scheduled', 'conditional_dataset_and_time_based_timetable', 'consume_1_or_both_2_and_3_with_dataset_expressions', 'consume_1_or_2_with_dataset_expressions', 'consume_1_and_2_with_dataset_expressions', 'dataset_consumes_1_never_scheduled', 'dataset_produces_1' retrieved from /home/airflow/.local/lib/python3.12/site-packages/airflow/example_dags/example_datasets.py
[2025-10-03T19:25:30.035+0000] {logging_mixin.py:188} INFO - [2025-10-03T19:25:30.035+0000] {dag.py:3096} INFO - Sync 10 DAGs
[2025-10-03T19:25:30.062+0000] {logging_mixin.py:188} INFO - [2025-10-03T19:25:30.061+0000] {dag.py:3954} INFO - Setting next_dagrun for conditional_dataset_and_time_based_timetable to 2025-10-01 01:00:00+00:00, run_after=2025-10-01 01:00:00+00:00
[2025-10-03T19:25:30.066+0000] {logging_mixin.py:188} INFO - [2025-10-03T19:25:30.066+0000] {dag.py:3954} INFO - Setting next_dagrun for consume_1_and_2_with_dataset_expressions to None, run_after=None
[2025-10-03T19:25:30.068+0000] {logging_mixin.py:188} INFO - [2025-10-03T19:25:30.068+0000] {dag.py:3954} INFO - Setting next_dagrun for consume_1_or_2_with_dataset_expressions to None, run_after=None
[2025-10-03T19:25:30.070+0000] {logging_mixin.py:188} INFO - [2025-10-03T19:25:30.069+0000] {dag.py:3954} INFO - Setting next_dagrun for consume_1_or_both_2_and_3_with_dataset_expressions to None, run_after=None
[2025-10-03T19:25:30.071+0000] {logging_mixin.py:188} INFO - [2025-10-03T19:25:30.071+0000] {dag.py:3954} INFO - Setting next_dagrun for dataset_consumes_1 to None, run_after=None
[2025-10-03T19:25:30.073+0000] {logging_mixin.py:188} INFO - [2025-10-03T19:25:30.072+0000] {dag.py:3954} INFO - Setting next_dagrun for dataset_consumes_1_and_2 to None, run_after=None
[2025-10-03T19:25:30.074+0000] {logging_mixin.py:188} INFO - [2025-10-03T19:25:30.074+0000] {dag.py:3954} INFO - Setting next_dagrun for dataset_consumes_1_never_scheduled to None, run_after=None
[2025-10-03T19:25:30.076+0000] {logging_mixin.py:188} INFO - [2025-10-03T19:25:30.075+0000] {dag.py:3954} INFO - Setting next_dagrun for dataset_consumes_unknown_never_scheduled to None, run_after=None
[2025-10-03T19:25:30.078+0000] {logging_mixin.py:188} INFO - [2025-10-03T19:25:30.078+0000] {dag.py:3954} INFO - Setting next_dagrun for dataset_produces_1 to 2025-10-02 00:00:00+00:00, run_after=2025-10-03 00:00:00+00:00
[2025-10-03T19:25:30.079+0000] {logging_mixin.py:188} INFO - [2025-10-03T19:25:30.079+0000] {dag.py:3954} INFO - Setting next_dagrun for dataset_produces_2 to None, run_after=None
[2025-10-03T19:25:30.116+0000] {processor.py:183} INFO - Processing /home/airflow/.local/lib/python3.12/site-packages/airflow/example_dags/example_datasets.py took 0.160 seconds
