[2025-10-03T19:14:43.412+0000] {processor.py:161} INFO - Started process (PID=74) to work on /home/airflow/.local/lib/python3.12/site-packages/airflow/example_dags/example_setup_teardown.py
[2025-10-03T19:14:43.414+0000] {processor.py:830} INFO - Processing file /home/airflow/.local/lib/python3.12/site-packages/airflow/example_dags/example_setup_teardown.py for tasks to queue
[2025-10-03T19:14:43.418+0000] {logging_mixin.py:188} INFO - [2025-10-03T19:14:43.417+0000] {dagbag.py:545} INFO - Filling up the DagBag from /home/airflow/.local/lib/python3.12/site-packages/airflow/example_dags/example_setup_teardown.py
[2025-10-03T19:14:43.433+0000] {processor.py:840} INFO - DAG(s) 'example_setup_teardown' retrieved from /home/airflow/.local/lib/python3.12/site-packages/airflow/example_dags/example_setup_teardown.py
[2025-10-03T19:14:43.463+0000] {logging_mixin.py:188} INFO - [2025-10-03T19:14:43.463+0000] {dag.py:3096} INFO - Sync 1 DAGs
[2025-10-03T19:14:43.516+0000] {logging_mixin.py:188} INFO - [2025-10-03T19:14:43.516+0000] {dag.py:3954} INFO - Setting next_dagrun for example_setup_teardown to 2025-10-02 00:00:00+00:00, run_after=2025-10-03 00:00:00+00:00
[2025-10-03T19:14:43.559+0000] {processor.py:183} INFO - Processing /home/airflow/.local/lib/python3.12/site-packages/airflow/example_dags/example_setup_teardown.py took 0.164 seconds
[2025-10-03T19:15:16.173+0000] {processor.py:161} INFO - Started process (PID=127) to work on /home/airflow/.local/lib/python3.12/site-packages/airflow/example_dags/example_setup_teardown.py
[2025-10-03T19:15:16.174+0000] {processor.py:830} INFO - Processing file /home/airflow/.local/lib/python3.12/site-packages/airflow/example_dags/example_setup_teardown.py for tasks to queue
[2025-10-03T19:15:16.176+0000] {logging_mixin.py:188} INFO - [2025-10-03T19:15:16.176+0000] {dagbag.py:545} INFO - Filling up the DagBag from /home/airflow/.local/lib/python3.12/site-packages/airflow/example_dags/example_setup_teardown.py
[2025-10-03T19:15:16.185+0000] {processor.py:840} INFO - DAG(s) 'example_setup_teardown' retrieved from /home/airflow/.local/lib/python3.12/site-packages/airflow/example_dags/example_setup_teardown.py
[2025-10-03T19:15:16.345+0000] {logging_mixin.py:188} INFO - [2025-10-03T19:15:16.344+0000] {dag.py:3096} INFO - Sync 1 DAGs
[2025-10-03T19:15:16.371+0000] {logging_mixin.py:188} INFO - [2025-10-03T19:15:16.370+0000] {dag.py:3954} INFO - Setting next_dagrun for example_setup_teardown to 2025-10-02 00:00:00+00:00, run_after=2025-10-03 00:00:00+00:00
[2025-10-03T19:15:16.404+0000] {processor.py:183} INFO - Processing /home/airflow/.local/lib/python3.12/site-packages/airflow/example_dags/example_setup_teardown.py took 0.239 seconds
[2025-10-03T19:15:47.006+0000] {processor.py:161} INFO - Started process (PID=184) to work on /home/airflow/.local/lib/python3.12/site-packages/airflow/example_dags/example_setup_teardown.py
[2025-10-03T19:15:47.007+0000] {processor.py:830} INFO - Processing file /home/airflow/.local/lib/python3.12/site-packages/airflow/example_dags/example_setup_teardown.py for tasks to queue
[2025-10-03T19:15:47.010+0000] {logging_mixin.py:188} INFO - [2025-10-03T19:15:47.010+0000] {dagbag.py:545} INFO - Filling up the DagBag from /home/airflow/.local/lib/python3.12/site-packages/airflow/example_dags/example_setup_teardown.py
[2025-10-03T19:15:47.018+0000] {processor.py:840} INFO - DAG(s) 'example_setup_teardown' retrieved from /home/airflow/.local/lib/python3.12/site-packages/airflow/example_dags/example_setup_teardown.py
[2025-10-03T19:15:47.043+0000] {logging_mixin.py:188} INFO - [2025-10-03T19:15:47.043+0000] {dag.py:3096} INFO - Sync 1 DAGs
[2025-10-03T19:15:47.071+0000] {logging_mixin.py:188} INFO - [2025-10-03T19:15:47.071+0000] {dag.py:3954} INFO - Setting next_dagrun for example_setup_teardown to 2025-10-02 00:00:00+00:00, run_after=2025-10-03 00:00:00+00:00
[2025-10-03T19:15:47.095+0000] {processor.py:183} INFO - Processing /home/airflow/.local/lib/python3.12/site-packages/airflow/example_dags/example_setup_teardown.py took 0.095 seconds
[2025-10-03T19:16:17.689+0000] {processor.py:161} INFO - Started process (PID=240) to work on /home/airflow/.local/lib/python3.12/site-packages/airflow/example_dags/example_setup_teardown.py
[2025-10-03T19:16:17.691+0000] {processor.py:830} INFO - Processing file /home/airflow/.local/lib/python3.12/site-packages/airflow/example_dags/example_setup_teardown.py for tasks to queue
[2025-10-03T19:16:17.695+0000] {logging_mixin.py:188} INFO - [2025-10-03T19:16:17.694+0000] {dagbag.py:545} INFO - Filling up the DagBag from /home/airflow/.local/lib/python3.12/site-packages/airflow/example_dags/example_setup_teardown.py
[2025-10-03T19:16:17.705+0000] {processor.py:840} INFO - DAG(s) 'example_setup_teardown' retrieved from /home/airflow/.local/lib/python3.12/site-packages/airflow/example_dags/example_setup_teardown.py
[2025-10-03T19:16:17.733+0000] {logging_mixin.py:188} INFO - [2025-10-03T19:16:17.733+0000] {dag.py:3096} INFO - Sync 1 DAGs
[2025-10-03T19:16:17.762+0000] {logging_mixin.py:188} INFO - [2025-10-03T19:16:17.761+0000] {dag.py:3954} INFO - Setting next_dagrun for example_setup_teardown to 2025-10-02 00:00:00+00:00, run_after=2025-10-03 00:00:00+00:00
[2025-10-03T19:16:17.787+0000] {processor.py:183} INFO - Processing /home/airflow/.local/lib/python3.12/site-packages/airflow/example_dags/example_setup_teardown.py took 0.108 seconds
[2025-10-03T19:16:48.085+0000] {processor.py:161} INFO - Started process (PID=296) to work on /home/airflow/.local/lib/python3.12/site-packages/airflow/example_dags/example_setup_teardown.py
[2025-10-03T19:16:48.088+0000] {processor.py:830} INFO - Processing file /home/airflow/.local/lib/python3.12/site-packages/airflow/example_dags/example_setup_teardown.py for tasks to queue
[2025-10-03T19:16:48.093+0000] {logging_mixin.py:188} INFO - [2025-10-03T19:16:48.092+0000] {dagbag.py:545} INFO - Filling up the DagBag from /home/airflow/.local/lib/python3.12/site-packages/airflow/example_dags/example_setup_teardown.py
[2025-10-03T19:16:48.113+0000] {processor.py:840} INFO - DAG(s) 'example_setup_teardown' retrieved from /home/airflow/.local/lib/python3.12/site-packages/airflow/example_dags/example_setup_teardown.py
[2025-10-03T19:16:48.159+0000] {logging_mixin.py:188} INFO - [2025-10-03T19:16:48.159+0000] {dag.py:3096} INFO - Sync 1 DAGs
[2025-10-03T19:16:48.208+0000] {logging_mixin.py:188} INFO - [2025-10-03T19:16:48.208+0000] {dag.py:3954} INFO - Setting next_dagrun for example_setup_teardown to 2025-10-02 00:00:00+00:00, run_after=2025-10-03 00:00:00+00:00
[2025-10-03T19:16:48.252+0000] {processor.py:183} INFO - Processing /home/airflow/.local/lib/python3.12/site-packages/airflow/example_dags/example_setup_teardown.py took 0.184 seconds
[2025-10-03T19:17:18.714+0000] {processor.py:161} INFO - Started process (PID=350) to work on /home/airflow/.local/lib/python3.12/site-packages/airflow/example_dags/example_setup_teardown.py
[2025-10-03T19:17:18.716+0000] {processor.py:830} INFO - Processing file /home/airflow/.local/lib/python3.12/site-packages/airflow/example_dags/example_setup_teardown.py for tasks to queue
[2025-10-03T19:17:18.720+0000] {logging_mixin.py:188} INFO - [2025-10-03T19:17:18.719+0000] {dagbag.py:545} INFO - Filling up the DagBag from /home/airflow/.local/lib/python3.12/site-packages/airflow/example_dags/example_setup_teardown.py
[2025-10-03T19:17:18.733+0000] {processor.py:840} INFO - DAG(s) 'example_setup_teardown' retrieved from /home/airflow/.local/lib/python3.12/site-packages/airflow/example_dags/example_setup_teardown.py
[2025-10-03T19:17:18.767+0000] {logging_mixin.py:188} INFO - [2025-10-03T19:17:18.767+0000] {dag.py:3096} INFO - Sync 1 DAGs
[2025-10-03T19:17:18.801+0000] {logging_mixin.py:188} INFO - [2025-10-03T19:17:18.801+0000] {dag.py:3954} INFO - Setting next_dagrun for example_setup_teardown to 2025-10-02 00:00:00+00:00, run_after=2025-10-03 00:00:00+00:00
[2025-10-03T19:17:18.831+0000] {processor.py:183} INFO - Processing /home/airflow/.local/lib/python3.12/site-packages/airflow/example_dags/example_setup_teardown.py took 0.130 seconds
[2025-10-03T19:17:49.313+0000] {processor.py:161} INFO - Started process (PID=409) to work on /home/airflow/.local/lib/python3.12/site-packages/airflow/example_dags/example_setup_teardown.py
[2025-10-03T19:17:49.316+0000] {processor.py:830} INFO - Processing file /home/airflow/.local/lib/python3.12/site-packages/airflow/example_dags/example_setup_teardown.py for tasks to queue
[2025-10-03T19:17:49.320+0000] {logging_mixin.py:188} INFO - [2025-10-03T19:17:49.320+0000] {dagbag.py:545} INFO - Filling up the DagBag from /home/airflow/.local/lib/python3.12/site-packages/airflow/example_dags/example_setup_teardown.py
[2025-10-03T19:17:49.334+0000] {processor.py:840} INFO - DAG(s) 'example_setup_teardown' retrieved from /home/airflow/.local/lib/python3.12/site-packages/airflow/example_dags/example_setup_teardown.py
[2025-10-03T19:17:49.380+0000] {logging_mixin.py:188} INFO - [2025-10-03T19:17:49.380+0000] {dag.py:3096} INFO - Sync 1 DAGs
[2025-10-03T19:17:49.423+0000] {logging_mixin.py:188} INFO - [2025-10-03T19:17:49.423+0000] {dag.py:3954} INFO - Setting next_dagrun for example_setup_teardown to 2025-10-02 00:00:00+00:00, run_after=2025-10-03 00:00:00+00:00
[2025-10-03T19:17:49.463+0000] {processor.py:183} INFO - Processing /home/airflow/.local/lib/python3.12/site-packages/airflow/example_dags/example_setup_teardown.py took 0.163 seconds
[2025-10-03T19:18:20.030+0000] {processor.py:161} INFO - Started process (PID=467) to work on /home/airflow/.local/lib/python3.12/site-packages/airflow/example_dags/example_setup_teardown.py
[2025-10-03T19:18:20.031+0000] {processor.py:830} INFO - Processing file /home/airflow/.local/lib/python3.12/site-packages/airflow/example_dags/example_setup_teardown.py for tasks to queue
[2025-10-03T19:18:20.036+0000] {logging_mixin.py:188} INFO - [2025-10-03T19:18:20.035+0000] {dagbag.py:545} INFO - Filling up the DagBag from /home/airflow/.local/lib/python3.12/site-packages/airflow/example_dags/example_setup_teardown.py
[2025-10-03T19:18:20.046+0000] {processor.py:840} INFO - DAG(s) 'example_setup_teardown' retrieved from /home/airflow/.local/lib/python3.12/site-packages/airflow/example_dags/example_setup_teardown.py
[2025-10-03T19:18:20.078+0000] {logging_mixin.py:188} INFO - [2025-10-03T19:18:20.078+0000] {dag.py:3096} INFO - Sync 1 DAGs
[2025-10-03T19:18:20.109+0000] {logging_mixin.py:188} INFO - [2025-10-03T19:18:20.108+0000] {dag.py:3954} INFO - Setting next_dagrun for example_setup_teardown to 2025-10-02 00:00:00+00:00, run_after=2025-10-03 00:00:00+00:00
[2025-10-03T19:18:20.140+0000] {processor.py:183} INFO - Processing /home/airflow/.local/lib/python3.12/site-packages/airflow/example_dags/example_setup_teardown.py took 0.121 seconds
[2025-10-03T19:18:51.197+0000] {processor.py:161} INFO - Started process (PID=527) to work on /home/airflow/.local/lib/python3.12/site-packages/airflow/example_dags/example_setup_teardown.py
[2025-10-03T19:18:51.199+0000] {processor.py:830} INFO - Processing file /home/airflow/.local/lib/python3.12/site-packages/airflow/example_dags/example_setup_teardown.py for tasks to queue
[2025-10-03T19:18:51.202+0000] {logging_mixin.py:188} INFO - [2025-10-03T19:18:51.202+0000] {dagbag.py:545} INFO - Filling up the DagBag from /home/airflow/.local/lib/python3.12/site-packages/airflow/example_dags/example_setup_teardown.py
[2025-10-03T19:18:51.213+0000] {processor.py:840} INFO - DAG(s) 'example_setup_teardown' retrieved from /home/airflow/.local/lib/python3.12/site-packages/airflow/example_dags/example_setup_teardown.py
[2025-10-03T19:18:51.252+0000] {logging_mixin.py:188} INFO - [2025-10-03T19:18:51.251+0000] {dag.py:3096} INFO - Sync 1 DAGs
[2025-10-03T19:18:51.289+0000] {logging_mixin.py:188} INFO - [2025-10-03T19:18:51.289+0000] {dag.py:3954} INFO - Setting next_dagrun for example_setup_teardown to 2025-10-02 00:00:00+00:00, run_after=2025-10-03 00:00:00+00:00
[2025-10-03T19:18:51.326+0000] {processor.py:183} INFO - Processing /home/airflow/.local/lib/python3.12/site-packages/airflow/example_dags/example_setup_teardown.py took 0.139 seconds
[2025-10-03T19:19:21.441+0000] {processor.py:161} INFO - Started process (PID=584) to work on /home/airflow/.local/lib/python3.12/site-packages/airflow/example_dags/example_setup_teardown.py
[2025-10-03T19:19:21.442+0000] {processor.py:830} INFO - Processing file /home/airflow/.local/lib/python3.12/site-packages/airflow/example_dags/example_setup_teardown.py for tasks to queue
[2025-10-03T19:19:21.445+0000] {logging_mixin.py:188} INFO - [2025-10-03T19:19:21.445+0000] {dagbag.py:545} INFO - Filling up the DagBag from /home/airflow/.local/lib/python3.12/site-packages/airflow/example_dags/example_setup_teardown.py
[2025-10-03T19:19:21.454+0000] {processor.py:840} INFO - DAG(s) 'example_setup_teardown' retrieved from /home/airflow/.local/lib/python3.12/site-packages/airflow/example_dags/example_setup_teardown.py
[2025-10-03T19:19:21.483+0000] {logging_mixin.py:188} INFO - [2025-10-03T19:19:21.482+0000] {dag.py:3096} INFO - Sync 1 DAGs
[2025-10-03T19:19:21.516+0000] {logging_mixin.py:188} INFO - [2025-10-03T19:19:21.515+0000] {dag.py:3954} INFO - Setting next_dagrun for example_setup_teardown to 2025-10-02 00:00:00+00:00, run_after=2025-10-03 00:00:00+00:00
[2025-10-03T19:19:21.575+0000] {processor.py:183} INFO - Processing /home/airflow/.local/lib/python3.12/site-packages/airflow/example_dags/example_setup_teardown.py took 0.141 seconds
[2025-10-03T19:19:52.056+0000] {processor.py:161} INFO - Started process (PID=637) to work on /home/airflow/.local/lib/python3.12/site-packages/airflow/example_dags/example_setup_teardown.py
[2025-10-03T19:19:52.058+0000] {processor.py:830} INFO - Processing file /home/airflow/.local/lib/python3.12/site-packages/airflow/example_dags/example_setup_teardown.py for tasks to queue
[2025-10-03T19:19:52.061+0000] {logging_mixin.py:188} INFO - [2025-10-03T19:19:52.061+0000] {dagbag.py:545} INFO - Filling up the DagBag from /home/airflow/.local/lib/python3.12/site-packages/airflow/example_dags/example_setup_teardown.py
[2025-10-03T19:19:52.071+0000] {processor.py:840} INFO - DAG(s) 'example_setup_teardown' retrieved from /home/airflow/.local/lib/python3.12/site-packages/airflow/example_dags/example_setup_teardown.py
[2025-10-03T19:19:52.102+0000] {logging_mixin.py:188} INFO - [2025-10-03T19:19:52.102+0000] {dag.py:3096} INFO - Sync 1 DAGs
[2025-10-03T19:19:52.131+0000] {logging_mixin.py:188} INFO - [2025-10-03T19:19:52.131+0000] {dag.py:3954} INFO - Setting next_dagrun for example_setup_teardown to 2025-10-02 00:00:00+00:00, run_after=2025-10-03 00:00:00+00:00
[2025-10-03T19:19:52.159+0000] {processor.py:183} INFO - Processing /home/airflow/.local/lib/python3.12/site-packages/airflow/example_dags/example_setup_teardown.py took 0.113 seconds
[2025-10-03T19:20:22.823+0000] {processor.py:161} INFO - Started process (PID=694) to work on /home/airflow/.local/lib/python3.12/site-packages/airflow/example_dags/example_setup_teardown.py
[2025-10-03T19:20:22.824+0000] {processor.py:830} INFO - Processing file /home/airflow/.local/lib/python3.12/site-packages/airflow/example_dags/example_setup_teardown.py for tasks to queue
[2025-10-03T19:20:22.827+0000] {logging_mixin.py:188} INFO - [2025-10-03T19:20:22.827+0000] {dagbag.py:545} INFO - Filling up the DagBag from /home/airflow/.local/lib/python3.12/site-packages/airflow/example_dags/example_setup_teardown.py
[2025-10-03T19:20:22.836+0000] {processor.py:840} INFO - DAG(s) 'example_setup_teardown' retrieved from /home/airflow/.local/lib/python3.12/site-packages/airflow/example_dags/example_setup_teardown.py
[2025-10-03T19:20:22.865+0000] {logging_mixin.py:188} INFO - [2025-10-03T19:20:22.864+0000] {dag.py:3096} INFO - Sync 1 DAGs
[2025-10-03T19:20:22.892+0000] {logging_mixin.py:188} INFO - [2025-10-03T19:20:22.892+0000] {dag.py:3954} INFO - Setting next_dagrun for example_setup_teardown to 2025-10-02 00:00:00+00:00, run_after=2025-10-03 00:00:00+00:00
[2025-10-03T19:20:22.923+0000] {processor.py:183} INFO - Processing /home/airflow/.local/lib/python3.12/site-packages/airflow/example_dags/example_setup_teardown.py took 0.108 seconds
[2025-10-03T19:20:53.139+0000] {processor.py:161} INFO - Started process (PID=747) to work on /home/airflow/.local/lib/python3.12/site-packages/airflow/example_dags/example_setup_teardown.py
[2025-10-03T19:20:53.141+0000] {processor.py:830} INFO - Processing file /home/airflow/.local/lib/python3.12/site-packages/airflow/example_dags/example_setup_teardown.py for tasks to queue
[2025-10-03T19:20:53.144+0000] {logging_mixin.py:188} INFO - [2025-10-03T19:20:53.143+0000] {dagbag.py:545} INFO - Filling up the DagBag from /home/airflow/.local/lib/python3.12/site-packages/airflow/example_dags/example_setup_teardown.py
[2025-10-03T19:20:53.154+0000] {processor.py:840} INFO - DAG(s) 'example_setup_teardown' retrieved from /home/airflow/.local/lib/python3.12/site-packages/airflow/example_dags/example_setup_teardown.py
[2025-10-03T19:20:53.187+0000] {logging_mixin.py:188} INFO - [2025-10-03T19:20:53.187+0000] {dag.py:3096} INFO - Sync 1 DAGs
[2025-10-03T19:20:53.224+0000] {logging_mixin.py:188} INFO - [2025-10-03T19:20:53.223+0000] {dag.py:3954} INFO - Setting next_dagrun for example_setup_teardown to 2025-10-02 00:00:00+00:00, run_after=2025-10-03 00:00:00+00:00
[2025-10-03T19:20:53.265+0000] {processor.py:183} INFO - Processing /home/airflow/.local/lib/python3.12/site-packages/airflow/example_dags/example_setup_teardown.py took 0.134 seconds
[2025-10-03T19:21:23.987+0000] {processor.py:161} INFO - Started process (PID=804) to work on /home/airflow/.local/lib/python3.12/site-packages/airflow/example_dags/example_setup_teardown.py
[2025-10-03T19:21:23.989+0000] {processor.py:830} INFO - Processing file /home/airflow/.local/lib/python3.12/site-packages/airflow/example_dags/example_setup_teardown.py for tasks to queue
[2025-10-03T19:21:23.991+0000] {logging_mixin.py:188} INFO - [2025-10-03T19:21:23.991+0000] {dagbag.py:545} INFO - Filling up the DagBag from /home/airflow/.local/lib/python3.12/site-packages/airflow/example_dags/example_setup_teardown.py
[2025-10-03T19:21:23.999+0000] {processor.py:840} INFO - DAG(s) 'example_setup_teardown' retrieved from /home/airflow/.local/lib/python3.12/site-packages/airflow/example_dags/example_setup_teardown.py
[2025-10-03T19:21:24.032+0000] {logging_mixin.py:188} INFO - [2025-10-03T19:21:24.032+0000] {dag.py:3096} INFO - Sync 1 DAGs
[2025-10-03T19:21:24.068+0000] {logging_mixin.py:188} INFO - [2025-10-03T19:21:24.067+0000] {dag.py:3954} INFO - Setting next_dagrun for example_setup_teardown to 2025-10-02 00:00:00+00:00, run_after=2025-10-03 00:00:00+00:00
[2025-10-03T19:21:24.099+0000] {processor.py:183} INFO - Processing /home/airflow/.local/lib/python3.12/site-packages/airflow/example_dags/example_setup_teardown.py took 0.119 seconds
[2025-10-03T19:21:54.570+0000] {processor.py:161} INFO - Started process (PID=857) to work on /home/airflow/.local/lib/python3.12/site-packages/airflow/example_dags/example_setup_teardown.py
[2025-10-03T19:21:54.571+0000] {processor.py:830} INFO - Processing file /home/airflow/.local/lib/python3.12/site-packages/airflow/example_dags/example_setup_teardown.py for tasks to queue
[2025-10-03T19:21:54.574+0000] {logging_mixin.py:188} INFO - [2025-10-03T19:21:54.573+0000] {dagbag.py:545} INFO - Filling up the DagBag from /home/airflow/.local/lib/python3.12/site-packages/airflow/example_dags/example_setup_teardown.py
[2025-10-03T19:21:54.586+0000] {processor.py:840} INFO - DAG(s) 'example_setup_teardown' retrieved from /home/airflow/.local/lib/python3.12/site-packages/airflow/example_dags/example_setup_teardown.py
[2025-10-03T19:21:54.620+0000] {logging_mixin.py:188} INFO - [2025-10-03T19:21:54.619+0000] {dag.py:3096} INFO - Sync 1 DAGs
[2025-10-03T19:21:54.659+0000] {logging_mixin.py:188} INFO - [2025-10-03T19:21:54.658+0000] {dag.py:3954} INFO - Setting next_dagrun for example_setup_teardown to 2025-10-02 00:00:00+00:00, run_after=2025-10-03 00:00:00+00:00
[2025-10-03T19:21:54.691+0000] {processor.py:183} INFO - Processing /home/airflow/.local/lib/python3.12/site-packages/airflow/example_dags/example_setup_teardown.py took 0.131 seconds
[2025-10-03T19:22:25.250+0000] {processor.py:161} INFO - Started process (PID=914) to work on /home/airflow/.local/lib/python3.12/site-packages/airflow/example_dags/example_setup_teardown.py
[2025-10-03T19:22:25.251+0000] {processor.py:830} INFO - Processing file /home/airflow/.local/lib/python3.12/site-packages/airflow/example_dags/example_setup_teardown.py for tasks to queue
[2025-10-03T19:22:25.254+0000] {logging_mixin.py:188} INFO - [2025-10-03T19:22:25.254+0000] {dagbag.py:545} INFO - Filling up the DagBag from /home/airflow/.local/lib/python3.12/site-packages/airflow/example_dags/example_setup_teardown.py
[2025-10-03T19:22:25.265+0000] {processor.py:840} INFO - DAG(s) 'example_setup_teardown' retrieved from /home/airflow/.local/lib/python3.12/site-packages/airflow/example_dags/example_setup_teardown.py
[2025-10-03T19:22:25.295+0000] {logging_mixin.py:188} INFO - [2025-10-03T19:22:25.294+0000] {dag.py:3096} INFO - Sync 1 DAGs
[2025-10-03T19:22:25.332+0000] {logging_mixin.py:188} INFO - [2025-10-03T19:22:25.331+0000] {dag.py:3954} INFO - Setting next_dagrun for example_setup_teardown to 2025-10-02 00:00:00+00:00, run_after=2025-10-03 00:00:00+00:00
[2025-10-03T19:22:25.373+0000] {processor.py:183} INFO - Processing /home/airflow/.local/lib/python3.12/site-packages/airflow/example_dags/example_setup_teardown.py took 0.133 seconds
[2025-10-03T19:22:55.882+0000] {processor.py:161} INFO - Started process (PID=967) to work on /home/airflow/.local/lib/python3.12/site-packages/airflow/example_dags/example_setup_teardown.py
[2025-10-03T19:22:55.883+0000] {processor.py:830} INFO - Processing file /home/airflow/.local/lib/python3.12/site-packages/airflow/example_dags/example_setup_teardown.py for tasks to queue
[2025-10-03T19:22:55.886+0000] {logging_mixin.py:188} INFO - [2025-10-03T19:22:55.885+0000] {dagbag.py:545} INFO - Filling up the DagBag from /home/airflow/.local/lib/python3.12/site-packages/airflow/example_dags/example_setup_teardown.py
[2025-10-03T19:22:55.897+0000] {processor.py:840} INFO - DAG(s) 'example_setup_teardown' retrieved from /home/airflow/.local/lib/python3.12/site-packages/airflow/example_dags/example_setup_teardown.py
[2025-10-03T19:22:55.927+0000] {logging_mixin.py:188} INFO - [2025-10-03T19:22:55.927+0000] {dag.py:3096} INFO - Sync 1 DAGs
[2025-10-03T19:22:55.955+0000] {logging_mixin.py:188} INFO - [2025-10-03T19:22:55.955+0000] {dag.py:3954} INFO - Setting next_dagrun for example_setup_teardown to 2025-10-02 00:00:00+00:00, run_after=2025-10-03 00:00:00+00:00
[2025-10-03T19:22:55.980+0000] {processor.py:183} INFO - Processing /home/airflow/.local/lib/python3.12/site-packages/airflow/example_dags/example_setup_teardown.py took 0.108 seconds
[2025-10-03T19:23:26.253+0000] {processor.py:161} INFO - Started process (PID=1024) to work on /home/airflow/.local/lib/python3.12/site-packages/airflow/example_dags/example_setup_teardown.py
[2025-10-03T19:23:26.254+0000] {processor.py:830} INFO - Processing file /home/airflow/.local/lib/python3.12/site-packages/airflow/example_dags/example_setup_teardown.py for tasks to queue
[2025-10-03T19:23:26.256+0000] {logging_mixin.py:188} INFO - [2025-10-03T19:23:26.256+0000] {dagbag.py:545} INFO - Filling up the DagBag from /home/airflow/.local/lib/python3.12/site-packages/airflow/example_dags/example_setup_teardown.py
[2025-10-03T19:23:26.264+0000] {processor.py:840} INFO - DAG(s) 'example_setup_teardown' retrieved from /home/airflow/.local/lib/python3.12/site-packages/airflow/example_dags/example_setup_teardown.py
[2025-10-03T19:23:26.286+0000] {logging_mixin.py:188} INFO - [2025-10-03T19:23:26.286+0000] {dag.py:3096} INFO - Sync 1 DAGs
[2025-10-03T19:23:26.311+0000] {logging_mixin.py:188} INFO - [2025-10-03T19:23:26.311+0000] {dag.py:3954} INFO - Setting next_dagrun for example_setup_teardown to 2025-10-02 00:00:00+00:00, run_after=2025-10-03 00:00:00+00:00
[2025-10-03T19:23:26.336+0000] {processor.py:183} INFO - Processing /home/airflow/.local/lib/python3.12/site-packages/airflow/example_dags/example_setup_teardown.py took 0.090 seconds
[2025-10-03T19:23:57.271+0000] {processor.py:161} INFO - Started process (PID=1077) to work on /home/airflow/.local/lib/python3.12/site-packages/airflow/example_dags/example_setup_teardown.py
[2025-10-03T19:23:57.272+0000] {processor.py:830} INFO - Processing file /home/airflow/.local/lib/python3.12/site-packages/airflow/example_dags/example_setup_teardown.py for tasks to queue
[2025-10-03T19:23:57.275+0000] {logging_mixin.py:188} INFO - [2025-10-03T19:23:57.274+0000] {dagbag.py:545} INFO - Filling up the DagBag from /home/airflow/.local/lib/python3.12/site-packages/airflow/example_dags/example_setup_teardown.py
[2025-10-03T19:23:57.282+0000] {processor.py:840} INFO - DAG(s) 'example_setup_teardown' retrieved from /home/airflow/.local/lib/python3.12/site-packages/airflow/example_dags/example_setup_teardown.py
[2025-10-03T19:23:57.305+0000] {logging_mixin.py:188} INFO - [2025-10-03T19:23:57.305+0000] {dag.py:3096} INFO - Sync 1 DAGs
[2025-10-03T19:23:57.330+0000] {logging_mixin.py:188} INFO - [2025-10-03T19:23:57.330+0000] {dag.py:3954} INFO - Setting next_dagrun for example_setup_teardown to 2025-10-02 00:00:00+00:00, run_after=2025-10-03 00:00:00+00:00
[2025-10-03T19:23:57.354+0000] {processor.py:183} INFO - Processing /home/airflow/.local/lib/python3.12/site-packages/airflow/example_dags/example_setup_teardown.py took 0.090 seconds
[2025-10-03T19:24:27.961+0000] {processor.py:161} INFO - Started process (PID=1134) to work on /home/airflow/.local/lib/python3.12/site-packages/airflow/example_dags/example_setup_teardown.py
[2025-10-03T19:24:27.962+0000] {processor.py:830} INFO - Processing file /home/airflow/.local/lib/python3.12/site-packages/airflow/example_dags/example_setup_teardown.py for tasks to queue
[2025-10-03T19:24:27.965+0000] {logging_mixin.py:188} INFO - [2025-10-03T19:24:27.965+0000] {dagbag.py:545} INFO - Filling up the DagBag from /home/airflow/.local/lib/python3.12/site-packages/airflow/example_dags/example_setup_teardown.py
[2025-10-03T19:24:27.973+0000] {processor.py:840} INFO - DAG(s) 'example_setup_teardown' retrieved from /home/airflow/.local/lib/python3.12/site-packages/airflow/example_dags/example_setup_teardown.py
[2025-10-03T19:24:27.996+0000] {logging_mixin.py:188} INFO - [2025-10-03T19:24:27.996+0000] {dag.py:3096} INFO - Sync 1 DAGs
[2025-10-03T19:24:28.021+0000] {logging_mixin.py:188} INFO - [2025-10-03T19:24:28.021+0000] {dag.py:3954} INFO - Setting next_dagrun for example_setup_teardown to 2025-10-02 00:00:00+00:00, run_after=2025-10-03 00:00:00+00:00
[2025-10-03T19:24:28.049+0000] {processor.py:183} INFO - Processing /home/airflow/.local/lib/python3.12/site-packages/airflow/example_dags/example_setup_teardown.py took 0.095 seconds
[2025-10-03T19:24:58.364+0000] {processor.py:161} INFO - Started process (PID=1187) to work on /home/airflow/.local/lib/python3.12/site-packages/airflow/example_dags/example_setup_teardown.py
[2025-10-03T19:24:58.366+0000] {processor.py:830} INFO - Processing file /home/airflow/.local/lib/python3.12/site-packages/airflow/example_dags/example_setup_teardown.py for tasks to queue
[2025-10-03T19:24:58.368+0000] {logging_mixin.py:188} INFO - [2025-10-03T19:24:58.368+0000] {dagbag.py:545} INFO - Filling up the DagBag from /home/airflow/.local/lib/python3.12/site-packages/airflow/example_dags/example_setup_teardown.py
[2025-10-03T19:24:58.377+0000] {processor.py:840} INFO - DAG(s) 'example_setup_teardown' retrieved from /home/airflow/.local/lib/python3.12/site-packages/airflow/example_dags/example_setup_teardown.py
[2025-10-03T19:24:58.403+0000] {logging_mixin.py:188} INFO - [2025-10-03T19:24:58.403+0000] {dag.py:3096} INFO - Sync 1 DAGs
[2025-10-03T19:24:58.427+0000] {logging_mixin.py:188} INFO - [2025-10-03T19:24:58.427+0000] {dag.py:3954} INFO - Setting next_dagrun for example_setup_teardown to 2025-10-02 00:00:00+00:00, run_after=2025-10-03 00:00:00+00:00
[2025-10-03T19:24:58.456+0000] {processor.py:183} INFO - Processing /home/airflow/.local/lib/python3.12/site-packages/airflow/example_dags/example_setup_teardown.py took 0.099 seconds
[2025-10-03T19:25:28.655+0000] {processor.py:161} INFO - Started process (PID=1244) to work on /home/airflow/.local/lib/python3.12/site-packages/airflow/example_dags/example_setup_teardown.py
[2025-10-03T19:25:28.656+0000] {processor.py:830} INFO - Processing file /home/airflow/.local/lib/python3.12/site-packages/airflow/example_dags/example_setup_teardown.py for tasks to queue
[2025-10-03T19:25:28.659+0000] {logging_mixin.py:188} INFO - [2025-10-03T19:25:28.659+0000] {dagbag.py:545} INFO - Filling up the DagBag from /home/airflow/.local/lib/python3.12/site-packages/airflow/example_dags/example_setup_teardown.py
[2025-10-03T19:25:28.668+0000] {processor.py:840} INFO - DAG(s) 'example_setup_teardown' retrieved from /home/airflow/.local/lib/python3.12/site-packages/airflow/example_dags/example_setup_teardown.py
[2025-10-03T19:25:28.692+0000] {logging_mixin.py:188} INFO - [2025-10-03T19:25:28.692+0000] {dag.py:3096} INFO - Sync 1 DAGs
[2025-10-03T19:25:28.717+0000] {logging_mixin.py:188} INFO - [2025-10-03T19:25:28.717+0000] {dag.py:3954} INFO - Setting next_dagrun for example_setup_teardown to 2025-10-02 00:00:00+00:00, run_after=2025-10-03 00:00:00+00:00
[2025-10-03T19:25:28.739+0000] {processor.py:183} INFO - Processing /home/airflow/.local/lib/python3.12/site-packages/airflow/example_dags/example_setup_teardown.py took 0.092 seconds
