[2025-10-03T19:14:43.831+0000] {processor.py:161} INFO - Started process (PID=78) to work on /home/airflow/.local/lib/python3.12/site-packages/airflow/example_dags/example_branch_operator.py
[2025-10-03T19:14:43.835+0000] {processor.py:830} INFO - Processing file /home/airflow/.local/lib/python3.12/site-packages/airflow/example_dags/example_branch_operator.py for tasks to queue
[2025-10-03T19:14:43.841+0000] {logging_mixin.py:188} INFO - [2025-10-03T19:14:43.840+0000] {dagbag.py:545} INFO - Filling up the DagBag from /home/airflow/.local/lib/python3.12/site-packages/airflow/example_dags/example_branch_operator.py
[2025-10-03T19:14:43.922+0000] {processor.py:840} INFO - DAG(s) 'example_branch_operator' retrieved from /home/airflow/.local/lib/python3.12/site-packages/airflow/example_dags/example_branch_operator.py
[2025-10-03T19:14:43.964+0000] {logging_mixin.py:188} INFO - [2025-10-03T19:14:43.964+0000] {dag.py:3096} INFO - Sync 1 DAGs
[2025-10-03T19:14:44.027+0000] {logging_mixin.py:188} INFO - [2025-10-03T19:14:44.026+0000] {dag.py:3954} INFO - Setting next_dagrun for example_branch_operator to 2025-10-02 00:00:00+00:00, run_after=2025-10-03 00:00:00+00:00
[2025-10-03T19:14:44.070+0000] {processor.py:183} INFO - Processing /home/airflow/.local/lib/python3.12/site-packages/airflow/example_dags/example_branch_operator.py took 0.261 seconds
[2025-10-03T19:15:16.938+0000] {processor.py:161} INFO - Started process (PID=131) to work on /home/airflow/.local/lib/python3.12/site-packages/airflow/example_dags/example_branch_operator.py
[2025-10-03T19:15:16.939+0000] {processor.py:830} INFO - Processing file /home/airflow/.local/lib/python3.12/site-packages/airflow/example_dags/example_branch_operator.py for tasks to queue
[2025-10-03T19:15:16.942+0000] {logging_mixin.py:188} INFO - [2025-10-03T19:15:16.941+0000] {dagbag.py:545} INFO - Filling up the DagBag from /home/airflow/.local/lib/python3.12/site-packages/airflow/example_dags/example_branch_operator.py
[2025-10-03T19:15:16.964+0000] {processor.py:840} INFO - DAG(s) 'example_branch_operator' retrieved from /home/airflow/.local/lib/python3.12/site-packages/airflow/example_dags/example_branch_operator.py
[2025-10-03T19:15:17.121+0000] {logging_mixin.py:188} INFO - [2025-10-03T19:15:17.120+0000] {dag.py:3096} INFO - Sync 1 DAGs
[2025-10-03T19:15:17.147+0000] {logging_mixin.py:188} INFO - [2025-10-03T19:15:17.146+0000] {dag.py:3954} INFO - Setting next_dagrun for example_branch_operator to 2025-10-02 00:00:00+00:00, run_after=2025-10-03 00:00:00+00:00
[2025-10-03T19:15:17.180+0000] {processor.py:183} INFO - Processing /home/airflow/.local/lib/python3.12/site-packages/airflow/example_dags/example_branch_operator.py took 0.250 seconds
[2025-10-03T19:15:47.442+0000] {processor.py:161} INFO - Started process (PID=188) to work on /home/airflow/.local/lib/python3.12/site-packages/airflow/example_dags/example_branch_operator.py
[2025-10-03T19:15:47.444+0000] {processor.py:830} INFO - Processing file /home/airflow/.local/lib/python3.12/site-packages/airflow/example_dags/example_branch_operator.py for tasks to queue
[2025-10-03T19:15:47.446+0000] {logging_mixin.py:188} INFO - [2025-10-03T19:15:47.446+0000] {dagbag.py:545} INFO - Filling up the DagBag from /home/airflow/.local/lib/python3.12/site-packages/airflow/example_dags/example_branch_operator.py
[2025-10-03T19:15:47.466+0000] {processor.py:840} INFO - DAG(s) 'example_branch_operator' retrieved from /home/airflow/.local/lib/python3.12/site-packages/airflow/example_dags/example_branch_operator.py
[2025-10-03T19:15:47.502+0000] {logging_mixin.py:188} INFO - [2025-10-03T19:15:47.502+0000] {dag.py:3096} INFO - Sync 1 DAGs
[2025-10-03T19:15:47.529+0000] {logging_mixin.py:188} INFO - [2025-10-03T19:15:47.529+0000] {dag.py:3954} INFO - Setting next_dagrun for example_branch_operator to 2025-10-02 00:00:00+00:00, run_after=2025-10-03 00:00:00+00:00
[2025-10-03T19:15:47.561+0000] {processor.py:183} INFO - Processing /home/airflow/.local/lib/python3.12/site-packages/airflow/example_dags/example_branch_operator.py took 0.126 seconds
[2025-10-03T19:16:18.208+0000] {processor.py:161} INFO - Started process (PID=244) to work on /home/airflow/.local/lib/python3.12/site-packages/airflow/example_dags/example_branch_operator.py
[2025-10-03T19:16:18.211+0000] {processor.py:830} INFO - Processing file /home/airflow/.local/lib/python3.12/site-packages/airflow/example_dags/example_branch_operator.py for tasks to queue
[2025-10-03T19:16:18.214+0000] {logging_mixin.py:188} INFO - [2025-10-03T19:16:18.213+0000] {dagbag.py:545} INFO - Filling up the DagBag from /home/airflow/.local/lib/python3.12/site-packages/airflow/example_dags/example_branch_operator.py
[2025-10-03T19:16:18.238+0000] {processor.py:840} INFO - DAG(s) 'example_branch_operator' retrieved from /home/airflow/.local/lib/python3.12/site-packages/airflow/example_dags/example_branch_operator.py
[2025-10-03T19:16:18.280+0000] {logging_mixin.py:188} INFO - [2025-10-03T19:16:18.280+0000] {dag.py:3096} INFO - Sync 1 DAGs
[2025-10-03T19:16:18.322+0000] {logging_mixin.py:188} INFO - [2025-10-03T19:16:18.321+0000] {dag.py:3954} INFO - Setting next_dagrun for example_branch_operator to 2025-10-02 00:00:00+00:00, run_after=2025-10-03 00:00:00+00:00
[2025-10-03T19:16:18.355+0000] {processor.py:183} INFO - Processing /home/airflow/.local/lib/python3.12/site-packages/airflow/example_dags/example_branch_operator.py took 0.160 seconds
[2025-10-03T19:16:48.718+0000] {processor.py:161} INFO - Started process (PID=300) to work on /home/airflow/.local/lib/python3.12/site-packages/airflow/example_dags/example_branch_operator.py
[2025-10-03T19:16:48.720+0000] {processor.py:830} INFO - Processing file /home/airflow/.local/lib/python3.12/site-packages/airflow/example_dags/example_branch_operator.py for tasks to queue
[2025-10-03T19:16:48.723+0000] {logging_mixin.py:188} INFO - [2025-10-03T19:16:48.723+0000] {dagbag.py:545} INFO - Filling up the DagBag from /home/airflow/.local/lib/python3.12/site-packages/airflow/example_dags/example_branch_operator.py
[2025-10-03T19:16:48.746+0000] {processor.py:840} INFO - DAG(s) 'example_branch_operator' retrieved from /home/airflow/.local/lib/python3.12/site-packages/airflow/example_dags/example_branch_operator.py
[2025-10-03T19:16:48.790+0000] {logging_mixin.py:188} INFO - [2025-10-03T19:16:48.790+0000] {dag.py:3096} INFO - Sync 1 DAGs
[2025-10-03T19:16:48.822+0000] {logging_mixin.py:188} INFO - [2025-10-03T19:16:48.821+0000] {dag.py:3954} INFO - Setting next_dagrun for example_branch_operator to 2025-10-02 00:00:00+00:00, run_after=2025-10-03 00:00:00+00:00
[2025-10-03T19:16:48.855+0000] {processor.py:183} INFO - Processing /home/airflow/.local/lib/python3.12/site-packages/airflow/example_dags/example_branch_operator.py took 0.145 seconds
[2025-10-03T19:17:19.054+0000] {processor.py:161} INFO - Started process (PID=354) to work on /home/airflow/.local/lib/python3.12/site-packages/airflow/example_dags/example_branch_operator.py
[2025-10-03T19:17:19.056+0000] {processor.py:830} INFO - Processing file /home/airflow/.local/lib/python3.12/site-packages/airflow/example_dags/example_branch_operator.py for tasks to queue
[2025-10-03T19:17:19.059+0000] {logging_mixin.py:188} INFO - [2025-10-03T19:17:19.058+0000] {dagbag.py:545} INFO - Filling up the DagBag from /home/airflow/.local/lib/python3.12/site-packages/airflow/example_dags/example_branch_operator.py
[2025-10-03T19:17:19.088+0000] {processor.py:840} INFO - DAG(s) 'example_branch_operator' retrieved from /home/airflow/.local/lib/python3.12/site-packages/airflow/example_dags/example_branch_operator.py
[2025-10-03T19:17:19.150+0000] {logging_mixin.py:188} INFO - [2025-10-03T19:17:19.149+0000] {dag.py:3096} INFO - Sync 1 DAGs
[2025-10-03T19:17:19.188+0000] {logging_mixin.py:188} INFO - [2025-10-03T19:17:19.188+0000] {dag.py:3954} INFO - Setting next_dagrun for example_branch_operator to 2025-10-02 00:00:00+00:00, run_after=2025-10-03 00:00:00+00:00
[2025-10-03T19:17:19.228+0000] {processor.py:183} INFO - Processing /home/airflow/.local/lib/python3.12/site-packages/airflow/example_dags/example_branch_operator.py took 0.183 seconds
[2025-10-03T19:17:49.702+0000] {processor.py:161} INFO - Started process (PID=413) to work on /home/airflow/.local/lib/python3.12/site-packages/airflow/example_dags/example_branch_operator.py
[2025-10-03T19:17:49.704+0000] {processor.py:830} INFO - Processing file /home/airflow/.local/lib/python3.12/site-packages/airflow/example_dags/example_branch_operator.py for tasks to queue
[2025-10-03T19:17:49.707+0000] {logging_mixin.py:188} INFO - [2025-10-03T19:17:49.707+0000] {dagbag.py:545} INFO - Filling up the DagBag from /home/airflow/.local/lib/python3.12/site-packages/airflow/example_dags/example_branch_operator.py
[2025-10-03T19:17:49.735+0000] {processor.py:840} INFO - DAG(s) 'example_branch_operator' retrieved from /home/airflow/.local/lib/python3.12/site-packages/airflow/example_dags/example_branch_operator.py
[2025-10-03T19:17:49.783+0000] {logging_mixin.py:188} INFO - [2025-10-03T19:17:49.782+0000] {dag.py:3096} INFO - Sync 1 DAGs
[2025-10-03T19:17:49.833+0000] {logging_mixin.py:188} INFO - [2025-10-03T19:17:49.833+0000] {dag.py:3954} INFO - Setting next_dagrun for example_branch_operator to 2025-10-02 00:00:00+00:00, run_after=2025-10-03 00:00:00+00:00
[2025-10-03T19:17:49.882+0000] {processor.py:183} INFO - Processing /home/airflow/.local/lib/python3.12/site-packages/airflow/example_dags/example_branch_operator.py took 0.190 seconds
[2025-10-03T19:18:20.538+0000] {processor.py:161} INFO - Started process (PID=472) to work on /home/airflow/.local/lib/python3.12/site-packages/airflow/example_dags/example_branch_operator.py
[2025-10-03T19:18:20.540+0000] {processor.py:830} INFO - Processing file /home/airflow/.local/lib/python3.12/site-packages/airflow/example_dags/example_branch_operator.py for tasks to queue
[2025-10-03T19:18:20.543+0000] {logging_mixin.py:188} INFO - [2025-10-03T19:18:20.543+0000] {dagbag.py:545} INFO - Filling up the DagBag from /home/airflow/.local/lib/python3.12/site-packages/airflow/example_dags/example_branch_operator.py
[2025-10-03T19:18:20.571+0000] {processor.py:840} INFO - DAG(s) 'example_branch_operator' retrieved from /home/airflow/.local/lib/python3.12/site-packages/airflow/example_dags/example_branch_operator.py
[2025-10-03T19:18:20.621+0000] {logging_mixin.py:188} INFO - [2025-10-03T19:18:20.620+0000] {dag.py:3096} INFO - Sync 1 DAGs
[2025-10-03T19:18:20.673+0000] {logging_mixin.py:188} INFO - [2025-10-03T19:18:20.672+0000] {dag.py:3954} INFO - Setting next_dagrun for example_branch_operator to 2025-10-02 00:00:00+00:00, run_after=2025-10-03 00:00:00+00:00
[2025-10-03T19:18:20.729+0000] {processor.py:183} INFO - Processing /home/airflow/.local/lib/python3.12/site-packages/airflow/example_dags/example_branch_operator.py took 0.201 seconds
[2025-10-03T19:18:51.973+0000] {processor.py:161} INFO - Started process (PID=531) to work on /home/airflow/.local/lib/python3.12/site-packages/airflow/example_dags/example_branch_operator.py
[2025-10-03T19:18:51.976+0000] {processor.py:830} INFO - Processing file /home/airflow/.local/lib/python3.12/site-packages/airflow/example_dags/example_branch_operator.py for tasks to queue
[2025-10-03T19:18:51.982+0000] {logging_mixin.py:188} INFO - [2025-10-03T19:18:51.981+0000] {dagbag.py:545} INFO - Filling up the DagBag from /home/airflow/.local/lib/python3.12/site-packages/airflow/example_dags/example_branch_operator.py
[2025-10-03T19:18:52.033+0000] {processor.py:840} INFO - DAG(s) 'example_branch_operator' retrieved from /home/airflow/.local/lib/python3.12/site-packages/airflow/example_dags/example_branch_operator.py
[2025-10-03T19:18:52.093+0000] {logging_mixin.py:188} INFO - [2025-10-03T19:18:52.093+0000] {dag.py:3096} INFO - Sync 1 DAGs
[2025-10-03T19:18:52.138+0000] {logging_mixin.py:188} INFO - [2025-10-03T19:18:52.137+0000] {dag.py:3954} INFO - Setting next_dagrun for example_branch_operator to 2025-10-02 00:00:00+00:00, run_after=2025-10-03 00:00:00+00:00
[2025-10-03T19:18:52.192+0000] {processor.py:183} INFO - Processing /home/airflow/.local/lib/python3.12/site-packages/airflow/example_dags/example_branch_operator.py took 0.237 seconds
[2025-10-03T19:19:22.844+0000] {processor.py:161} INFO - Started process (PID=588) to work on /home/airflow/.local/lib/python3.12/site-packages/airflow/example_dags/example_branch_operator.py
[2025-10-03T19:19:22.846+0000] {processor.py:830} INFO - Processing file /home/airflow/.local/lib/python3.12/site-packages/airflow/example_dags/example_branch_operator.py for tasks to queue
[2025-10-03T19:19:22.848+0000] {logging_mixin.py:188} INFO - [2025-10-03T19:19:22.848+0000] {dagbag.py:545} INFO - Filling up the DagBag from /home/airflow/.local/lib/python3.12/site-packages/airflow/example_dags/example_branch_operator.py
[2025-10-03T19:19:22.872+0000] {processor.py:840} INFO - DAG(s) 'example_branch_operator' retrieved from /home/airflow/.local/lib/python3.12/site-packages/airflow/example_dags/example_branch_operator.py
[2025-10-03T19:19:22.911+0000] {logging_mixin.py:188} INFO - [2025-10-03T19:19:22.911+0000] {dag.py:3096} INFO - Sync 1 DAGs
[2025-10-03T19:19:22.941+0000] {logging_mixin.py:188} INFO - [2025-10-03T19:19:22.941+0000] {dag.py:3954} INFO - Setting next_dagrun for example_branch_operator to 2025-10-02 00:00:00+00:00, run_after=2025-10-03 00:00:00+00:00
[2025-10-03T19:19:22.971+0000] {processor.py:183} INFO - Processing /home/airflow/.local/lib/python3.12/site-packages/airflow/example_dags/example_branch_operator.py took 0.135 seconds
[2025-10-03T19:19:53.405+0000] {processor.py:161} INFO - Started process (PID=641) to work on /home/airflow/.local/lib/python3.12/site-packages/airflow/example_dags/example_branch_operator.py
[2025-10-03T19:19:53.407+0000] {processor.py:830} INFO - Processing file /home/airflow/.local/lib/python3.12/site-packages/airflow/example_dags/example_branch_operator.py for tasks to queue
[2025-10-03T19:19:53.415+0000] {logging_mixin.py:188} INFO - [2025-10-03T19:19:53.414+0000] {dagbag.py:545} INFO - Filling up the DagBag from /home/airflow/.local/lib/python3.12/site-packages/airflow/example_dags/example_branch_operator.py
[2025-10-03T19:19:53.445+0000] {processor.py:840} INFO - DAG(s) 'example_branch_operator' retrieved from /home/airflow/.local/lib/python3.12/site-packages/airflow/example_dags/example_branch_operator.py
[2025-10-03T19:19:53.489+0000] {logging_mixin.py:188} INFO - [2025-10-03T19:19:53.489+0000] {dag.py:3096} INFO - Sync 1 DAGs
[2025-10-03T19:19:53.526+0000] {logging_mixin.py:188} INFO - [2025-10-03T19:19:53.526+0000] {dag.py:3954} INFO - Setting next_dagrun for example_branch_operator to 2025-10-02 00:00:00+00:00, run_after=2025-10-03 00:00:00+00:00
[2025-10-03T19:19:53.559+0000] {processor.py:183} INFO - Processing /home/airflow/.local/lib/python3.12/site-packages/airflow/example_dags/example_branch_operator.py took 0.164 seconds
[2025-10-03T19:20:24.288+0000] {processor.py:161} INFO - Started process (PID=698) to work on /home/airflow/.local/lib/python3.12/site-packages/airflow/example_dags/example_branch_operator.py
[2025-10-03T19:20:24.290+0000] {processor.py:830} INFO - Processing file /home/airflow/.local/lib/python3.12/site-packages/airflow/example_dags/example_branch_operator.py for tasks to queue
[2025-10-03T19:20:24.295+0000] {logging_mixin.py:188} INFO - [2025-10-03T19:20:24.294+0000] {dagbag.py:545} INFO - Filling up the DagBag from /home/airflow/.local/lib/python3.12/site-packages/airflow/example_dags/example_branch_operator.py
[2025-10-03T19:20:24.347+0000] {processor.py:840} INFO - DAG(s) 'example_branch_operator' retrieved from /home/airflow/.local/lib/python3.12/site-packages/airflow/example_dags/example_branch_operator.py
[2025-10-03T19:20:24.402+0000] {logging_mixin.py:188} INFO - [2025-10-03T19:20:24.401+0000] {dag.py:3096} INFO - Sync 1 DAGs
[2025-10-03T19:20:24.435+0000] {logging_mixin.py:188} INFO - [2025-10-03T19:20:24.435+0000] {dag.py:3954} INFO - Setting next_dagrun for example_branch_operator to 2025-10-02 00:00:00+00:00, run_after=2025-10-03 00:00:00+00:00
[2025-10-03T19:20:24.462+0000] {processor.py:183} INFO - Processing /home/airflow/.local/lib/python3.12/site-packages/airflow/example_dags/example_branch_operator.py took 0.192 seconds
[2025-10-03T19:20:54.658+0000] {processor.py:161} INFO - Started process (PID=751) to work on /home/airflow/.local/lib/python3.12/site-packages/airflow/example_dags/example_branch_operator.py
[2025-10-03T19:20:54.660+0000] {processor.py:830} INFO - Processing file /home/airflow/.local/lib/python3.12/site-packages/airflow/example_dags/example_branch_operator.py for tasks to queue
[2025-10-03T19:20:54.664+0000] {logging_mixin.py:188} INFO - [2025-10-03T19:20:54.663+0000] {dagbag.py:545} INFO - Filling up the DagBag from /home/airflow/.local/lib/python3.12/site-packages/airflow/example_dags/example_branch_operator.py
[2025-10-03T19:20:54.692+0000] {processor.py:840} INFO - DAG(s) 'example_branch_operator' retrieved from /home/airflow/.local/lib/python3.12/site-packages/airflow/example_dags/example_branch_operator.py
[2025-10-03T19:20:54.748+0000] {logging_mixin.py:188} INFO - [2025-10-03T19:20:54.748+0000] {dag.py:3096} INFO - Sync 1 DAGs
[2025-10-03T19:20:54.786+0000] {logging_mixin.py:188} INFO - [2025-10-03T19:20:54.785+0000] {dag.py:3954} INFO - Setting next_dagrun for example_branch_operator to 2025-10-02 00:00:00+00:00, run_after=2025-10-03 00:00:00+00:00
[2025-10-03T19:20:54.827+0000] {processor.py:183} INFO - Processing /home/airflow/.local/lib/python3.12/site-packages/airflow/example_dags/example_branch_operator.py took 0.180 seconds
[2025-10-03T19:21:25.295+0000] {processor.py:161} INFO - Started process (PID=808) to work on /home/airflow/.local/lib/python3.12/site-packages/airflow/example_dags/example_branch_operator.py
[2025-10-03T19:21:25.297+0000] {processor.py:830} INFO - Processing file /home/airflow/.local/lib/python3.12/site-packages/airflow/example_dags/example_branch_operator.py for tasks to queue
[2025-10-03T19:21:25.300+0000] {logging_mixin.py:188} INFO - [2025-10-03T19:21:25.299+0000] {dagbag.py:545} INFO - Filling up the DagBag from /home/airflow/.local/lib/python3.12/site-packages/airflow/example_dags/example_branch_operator.py
[2025-10-03T19:21:25.321+0000] {processor.py:840} INFO - DAG(s) 'example_branch_operator' retrieved from /home/airflow/.local/lib/python3.12/site-packages/airflow/example_dags/example_branch_operator.py
[2025-10-03T19:21:25.360+0000] {logging_mixin.py:188} INFO - [2025-10-03T19:21:25.360+0000] {dag.py:3096} INFO - Sync 1 DAGs
[2025-10-03T19:21:25.389+0000] {logging_mixin.py:188} INFO - [2025-10-03T19:21:25.389+0000] {dag.py:3954} INFO - Setting next_dagrun for example_branch_operator to 2025-10-02 00:00:00+00:00, run_after=2025-10-03 00:00:00+00:00
[2025-10-03T19:21:25.419+0000] {processor.py:183} INFO - Processing /home/airflow/.local/lib/python3.12/site-packages/airflow/example_dags/example_branch_operator.py took 0.131 seconds
[2025-10-03T19:21:55.884+0000] {processor.py:161} INFO - Started process (PID=861) to work on /home/airflow/.local/lib/python3.12/site-packages/airflow/example_dags/example_branch_operator.py
[2025-10-03T19:21:55.886+0000] {processor.py:830} INFO - Processing file /home/airflow/.local/lib/python3.12/site-packages/airflow/example_dags/example_branch_operator.py for tasks to queue
[2025-10-03T19:21:55.888+0000] {logging_mixin.py:188} INFO - [2025-10-03T19:21:55.888+0000] {dagbag.py:545} INFO - Filling up the DagBag from /home/airflow/.local/lib/python3.12/site-packages/airflow/example_dags/example_branch_operator.py
[2025-10-03T19:21:55.907+0000] {processor.py:840} INFO - DAG(s) 'example_branch_operator' retrieved from /home/airflow/.local/lib/python3.12/site-packages/airflow/example_dags/example_branch_operator.py
[2025-10-03T19:21:55.941+0000] {logging_mixin.py:188} INFO - [2025-10-03T19:21:55.941+0000] {dag.py:3096} INFO - Sync 1 DAGs
[2025-10-03T19:21:55.968+0000] {logging_mixin.py:188} INFO - [2025-10-03T19:21:55.967+0000] {dag.py:3954} INFO - Setting next_dagrun for example_branch_operator to 2025-10-02 00:00:00+00:00, run_after=2025-10-03 00:00:00+00:00
[2025-10-03T19:21:55.990+0000] {processor.py:183} INFO - Processing /home/airflow/.local/lib/python3.12/site-packages/airflow/example_dags/example_branch_operator.py took 0.114 seconds
[2025-10-03T19:22:26.555+0000] {processor.py:161} INFO - Started process (PID=918) to work on /home/airflow/.local/lib/python3.12/site-packages/airflow/example_dags/example_branch_operator.py
[2025-10-03T19:22:26.557+0000] {processor.py:830} INFO - Processing file /home/airflow/.local/lib/python3.12/site-packages/airflow/example_dags/example_branch_operator.py for tasks to queue
[2025-10-03T19:22:26.559+0000] {logging_mixin.py:188} INFO - [2025-10-03T19:22:26.558+0000] {dagbag.py:545} INFO - Filling up the DagBag from /home/airflow/.local/lib/python3.12/site-packages/airflow/example_dags/example_branch_operator.py
[2025-10-03T19:22:26.578+0000] {processor.py:840} INFO - DAG(s) 'example_branch_operator' retrieved from /home/airflow/.local/lib/python3.12/site-packages/airflow/example_dags/example_branch_operator.py
[2025-10-03T19:22:26.611+0000] {logging_mixin.py:188} INFO - [2025-10-03T19:22:26.611+0000] {dag.py:3096} INFO - Sync 1 DAGs
[2025-10-03T19:22:26.636+0000] {logging_mixin.py:188} INFO - [2025-10-03T19:22:26.636+0000] {dag.py:3954} INFO - Setting next_dagrun for example_branch_operator to 2025-10-02 00:00:00+00:00, run_after=2025-10-03 00:00:00+00:00
[2025-10-03T19:22:26.658+0000] {processor.py:183} INFO - Processing /home/airflow/.local/lib/python3.12/site-packages/airflow/example_dags/example_branch_operator.py took 0.110 seconds
[2025-10-03T19:22:57.164+0000] {processor.py:161} INFO - Started process (PID=971) to work on /home/airflow/.local/lib/python3.12/site-packages/airflow/example_dags/example_branch_operator.py
[2025-10-03T19:22:57.166+0000] {processor.py:830} INFO - Processing file /home/airflow/.local/lib/python3.12/site-packages/airflow/example_dags/example_branch_operator.py for tasks to queue
[2025-10-03T19:22:57.168+0000] {logging_mixin.py:188} INFO - [2025-10-03T19:22:57.168+0000] {dagbag.py:545} INFO - Filling up the DagBag from /home/airflow/.local/lib/python3.12/site-packages/airflow/example_dags/example_branch_operator.py
[2025-10-03T19:22:57.187+0000] {processor.py:840} INFO - DAG(s) 'example_branch_operator' retrieved from /home/airflow/.local/lib/python3.12/site-packages/airflow/example_dags/example_branch_operator.py
[2025-10-03T19:22:57.220+0000] {logging_mixin.py:188} INFO - [2025-10-03T19:22:57.219+0000] {dag.py:3096} INFO - Sync 1 DAGs
[2025-10-03T19:22:57.244+0000] {logging_mixin.py:188} INFO - [2025-10-03T19:22:57.244+0000] {dag.py:3954} INFO - Setting next_dagrun for example_branch_operator to 2025-10-02 00:00:00+00:00, run_after=2025-10-03 00:00:00+00:00
[2025-10-03T19:22:57.273+0000] {processor.py:183} INFO - Processing /home/airflow/.local/lib/python3.12/site-packages/airflow/example_dags/example_branch_operator.py took 0.115 seconds
[2025-10-03T19:23:27.509+0000] {processor.py:161} INFO - Started process (PID=1028) to work on /home/airflow/.local/lib/python3.12/site-packages/airflow/example_dags/example_branch_operator.py
[2025-10-03T19:23:27.511+0000] {processor.py:830} INFO - Processing file /home/airflow/.local/lib/python3.12/site-packages/airflow/example_dags/example_branch_operator.py for tasks to queue
[2025-10-03T19:23:27.513+0000] {logging_mixin.py:188} INFO - [2025-10-03T19:23:27.513+0000] {dagbag.py:545} INFO - Filling up the DagBag from /home/airflow/.local/lib/python3.12/site-packages/airflow/example_dags/example_branch_operator.py
[2025-10-03T19:23:27.532+0000] {processor.py:840} INFO - DAG(s) 'example_branch_operator' retrieved from /home/airflow/.local/lib/python3.12/site-packages/airflow/example_dags/example_branch_operator.py
[2025-10-03T19:23:27.564+0000] {logging_mixin.py:188} INFO - [2025-10-03T19:23:27.563+0000] {dag.py:3096} INFO - Sync 1 DAGs
[2025-10-03T19:23:27.588+0000] {logging_mixin.py:188} INFO - [2025-10-03T19:23:27.588+0000] {dag.py:3954} INFO - Setting next_dagrun for example_branch_operator to 2025-10-02 00:00:00+00:00, run_after=2025-10-03 00:00:00+00:00
[2025-10-03T19:23:27.617+0000] {processor.py:183} INFO - Processing /home/airflow/.local/lib/python3.12/site-packages/airflow/example_dags/example_branch_operator.py took 0.116 seconds
[2025-10-03T19:23:58.529+0000] {processor.py:161} INFO - Started process (PID=1081) to work on /home/airflow/.local/lib/python3.12/site-packages/airflow/example_dags/example_branch_operator.py
[2025-10-03T19:23:58.530+0000] {processor.py:830} INFO - Processing file /home/airflow/.local/lib/python3.12/site-packages/airflow/example_dags/example_branch_operator.py for tasks to queue
[2025-10-03T19:23:58.533+0000] {logging_mixin.py:188} INFO - [2025-10-03T19:23:58.533+0000] {dagbag.py:545} INFO - Filling up the DagBag from /home/airflow/.local/lib/python3.12/site-packages/airflow/example_dags/example_branch_operator.py
[2025-10-03T19:23:58.554+0000] {processor.py:840} INFO - DAG(s) 'example_branch_operator' retrieved from /home/airflow/.local/lib/python3.12/site-packages/airflow/example_dags/example_branch_operator.py
[2025-10-03T19:23:58.586+0000] {logging_mixin.py:188} INFO - [2025-10-03T19:23:58.586+0000] {dag.py:3096} INFO - Sync 1 DAGs
[2025-10-03T19:23:58.612+0000] {logging_mixin.py:188} INFO - [2025-10-03T19:23:58.611+0000] {dag.py:3954} INFO - Setting next_dagrun for example_branch_operator to 2025-10-02 00:00:00+00:00, run_after=2025-10-03 00:00:00+00:00
[2025-10-03T19:23:58.639+0000] {processor.py:183} INFO - Processing /home/airflow/.local/lib/python3.12/site-packages/airflow/example_dags/example_branch_operator.py took 0.119 seconds
[2025-10-03T19:24:29.290+0000] {processor.py:161} INFO - Started process (PID=1138) to work on /home/airflow/.local/lib/python3.12/site-packages/airflow/example_dags/example_branch_operator.py
[2025-10-03T19:24:29.292+0000] {processor.py:830} INFO - Processing file /home/airflow/.local/lib/python3.12/site-packages/airflow/example_dags/example_branch_operator.py for tasks to queue
[2025-10-03T19:24:29.296+0000] {logging_mixin.py:188} INFO - [2025-10-03T19:24:29.296+0000] {dagbag.py:545} INFO - Filling up the DagBag from /home/airflow/.local/lib/python3.12/site-packages/airflow/example_dags/example_branch_operator.py
[2025-10-03T19:24:29.319+0000] {processor.py:840} INFO - DAG(s) 'example_branch_operator' retrieved from /home/airflow/.local/lib/python3.12/site-packages/airflow/example_dags/example_branch_operator.py
[2025-10-03T19:24:29.353+0000] {logging_mixin.py:188} INFO - [2025-10-03T19:24:29.353+0000] {dag.py:3096} INFO - Sync 1 DAGs
[2025-10-03T19:24:29.379+0000] {logging_mixin.py:188} INFO - [2025-10-03T19:24:29.379+0000] {dag.py:3954} INFO - Setting next_dagrun for example_branch_operator to 2025-10-02 00:00:00+00:00, run_after=2025-10-03 00:00:00+00:00
[2025-10-03T19:24:29.401+0000] {processor.py:183} INFO - Processing /home/airflow/.local/lib/python3.12/site-packages/airflow/example_dags/example_branch_operator.py took 0.119 seconds
[2025-10-03T19:24:59.640+0000] {processor.py:161} INFO - Started process (PID=1191) to work on /home/airflow/.local/lib/python3.12/site-packages/airflow/example_dags/example_branch_operator.py
[2025-10-03T19:24:59.641+0000] {processor.py:830} INFO - Processing file /home/airflow/.local/lib/python3.12/site-packages/airflow/example_dags/example_branch_operator.py for tasks to queue
[2025-10-03T19:24:59.644+0000] {logging_mixin.py:188} INFO - [2025-10-03T19:24:59.643+0000] {dagbag.py:545} INFO - Filling up the DagBag from /home/airflow/.local/lib/python3.12/site-packages/airflow/example_dags/example_branch_operator.py
[2025-10-03T19:24:59.662+0000] {processor.py:840} INFO - DAG(s) 'example_branch_operator' retrieved from /home/airflow/.local/lib/python3.12/site-packages/airflow/example_dags/example_branch_operator.py
[2025-10-03T19:24:59.694+0000] {logging_mixin.py:188} INFO - [2025-10-03T19:24:59.694+0000] {dag.py:3096} INFO - Sync 1 DAGs
[2025-10-03T19:24:59.720+0000] {logging_mixin.py:188} INFO - [2025-10-03T19:24:59.720+0000] {dag.py:3954} INFO - Setting next_dagrun for example_branch_operator to 2025-10-02 00:00:00+00:00, run_after=2025-10-03 00:00:00+00:00
[2025-10-03T19:24:59.743+0000] {processor.py:183} INFO - Processing /home/airflow/.local/lib/python3.12/site-packages/airflow/example_dags/example_branch_operator.py took 0.110 seconds
[2025-10-03T19:25:29.938+0000] {processor.py:161} INFO - Started process (PID=1248) to work on /home/airflow/.local/lib/python3.12/site-packages/airflow/example_dags/example_branch_operator.py
[2025-10-03T19:25:29.939+0000] {processor.py:830} INFO - Processing file /home/airflow/.local/lib/python3.12/site-packages/airflow/example_dags/example_branch_operator.py for tasks to queue
[2025-10-03T19:25:29.942+0000] {logging_mixin.py:188} INFO - [2025-10-03T19:25:29.941+0000] {dagbag.py:545} INFO - Filling up the DagBag from /home/airflow/.local/lib/python3.12/site-packages/airflow/example_dags/example_branch_operator.py
[2025-10-03T19:25:29.962+0000] {processor.py:840} INFO - DAG(s) 'example_branch_operator' retrieved from /home/airflow/.local/lib/python3.12/site-packages/airflow/example_dags/example_branch_operator.py
[2025-10-03T19:25:29.994+0000] {logging_mixin.py:188} INFO - [2025-10-03T19:25:29.994+0000] {dag.py:3096} INFO - Sync 1 DAGs
[2025-10-03T19:25:30.017+0000] {logging_mixin.py:188} INFO - [2025-10-03T19:25:30.017+0000] {dag.py:3954} INFO - Setting next_dagrun for example_branch_operator to 2025-10-02 00:00:00+00:00, run_after=2025-10-03 00:00:00+00:00
[2025-10-03T19:25:30.048+0000] {processor.py:183} INFO - Processing /home/airflow/.local/lib/python3.12/site-packages/airflow/example_dags/example_branch_operator.py took 0.117 seconds
