[2025-10-03T19:14:40.466+0000] {processor.py:161} INFO - Started process (PID=54) to work on /home/airflow/.local/lib/python3.12/site-packages/airflow/example_dags/example_latest_only_with_trigger.py
[2025-10-03T19:14:40.468+0000] {processor.py:830} INFO - Processing file /home/airflow/.local/lib/python3.12/site-packages/airflow/example_dags/example_latest_only_with_trigger.py for tasks to queue
[2025-10-03T19:14:40.473+0000] {logging_mixin.py:188} INFO - [2025-10-03T19:14:40.473+0000] {dagbag.py:545} INFO - Filling up the DagBag from /home/airflow/.local/lib/python3.12/site-packages/airflow/example_dags/example_latest_only_with_trigger.py
[2025-10-03T19:14:40.498+0000] {processor.py:840} INFO - DAG(s) 'latest_only_with_trigger' retrieved from /home/airflow/.local/lib/python3.12/site-packages/airflow/example_dags/example_latest_only_with_trigger.py
[2025-10-03T19:14:40.524+0000] {logging_mixin.py:188} INFO - [2025-10-03T19:14:40.523+0000] {dag.py:3096} INFO - Sync 1 DAGs
[2025-10-03T19:14:40.571+0000] {logging_mixin.py:188} INFO - [2025-10-03T19:14:40.571+0000] {dag.py:3954} INFO - Setting next_dagrun for latest_only_with_trigger to 2025-10-03 12:00:00+00:00, run_after=2025-10-03 16:00:00+00:00
[2025-10-03T19:14:40.614+0000] {processor.py:183} INFO - Processing /home/airflow/.local/lib/python3.12/site-packages/airflow/example_dags/example_latest_only_with_trigger.py took 0.160 seconds
[2025-10-03T19:15:12.675+0000] {processor.py:161} INFO - Started process (PID=107) to work on /home/airflow/.local/lib/python3.12/site-packages/airflow/example_dags/example_latest_only_with_trigger.py
[2025-10-03T19:15:12.677+0000] {processor.py:830} INFO - Processing file /home/airflow/.local/lib/python3.12/site-packages/airflow/example_dags/example_latest_only_with_trigger.py for tasks to queue
[2025-10-03T19:15:12.681+0000] {logging_mixin.py:188} INFO - [2025-10-03T19:15:12.680+0000] {dagbag.py:545} INFO - Filling up the DagBag from /home/airflow/.local/lib/python3.12/site-packages/airflow/example_dags/example_latest_only_with_trigger.py
[2025-10-03T19:15:12.691+0000] {processor.py:840} INFO - DAG(s) 'latest_only_with_trigger' retrieved from /home/airflow/.local/lib/python3.12/site-packages/airflow/example_dags/example_latest_only_with_trigger.py
[2025-10-03T19:15:12.893+0000] {logging_mixin.py:188} INFO - [2025-10-03T19:15:12.893+0000] {dag.py:3096} INFO - Sync 1 DAGs
[2025-10-03T19:15:12.941+0000] {logging_mixin.py:188} INFO - [2025-10-03T19:15:12.940+0000] {dag.py:3954} INFO - Setting next_dagrun for latest_only_with_trigger to 2025-10-03 12:00:00+00:00, run_after=2025-10-03 16:00:00+00:00
[2025-10-03T19:15:13.019+0000] {processor.py:183} INFO - Processing /home/airflow/.local/lib/python3.12/site-packages/airflow/example_dags/example_latest_only_with_trigger.py took 0.354 seconds
[2025-10-03T19:15:43.262+0000] {processor.py:161} INFO - Started process (PID=164) to work on /home/airflow/.local/lib/python3.12/site-packages/airflow/example_dags/example_latest_only_with_trigger.py
[2025-10-03T19:15:43.264+0000] {processor.py:830} INFO - Processing file /home/airflow/.local/lib/python3.12/site-packages/airflow/example_dags/example_latest_only_with_trigger.py for tasks to queue
[2025-10-03T19:15:43.266+0000] {logging_mixin.py:188} INFO - [2025-10-03T19:15:43.266+0000] {dagbag.py:545} INFO - Filling up the DagBag from /home/airflow/.local/lib/python3.12/site-packages/airflow/example_dags/example_latest_only_with_trigger.py
[2025-10-03T19:15:43.274+0000] {processor.py:840} INFO - DAG(s) 'latest_only_with_trigger' retrieved from /home/airflow/.local/lib/python3.12/site-packages/airflow/example_dags/example_latest_only_with_trigger.py
[2025-10-03T19:15:43.298+0000] {logging_mixin.py:188} INFO - [2025-10-03T19:15:43.298+0000] {dag.py:3096} INFO - Sync 1 DAGs
[2025-10-03T19:15:43.323+0000] {logging_mixin.py:188} INFO - [2025-10-03T19:15:43.323+0000] {dag.py:3954} INFO - Setting next_dagrun for latest_only_with_trigger to 2025-10-03 12:00:00+00:00, run_after=2025-10-03 16:00:00+00:00
[2025-10-03T19:15:43.353+0000] {processor.py:183} INFO - Processing /home/airflow/.local/lib/python3.12/site-packages/airflow/example_dags/example_latest_only_with_trigger.py took 0.098 seconds
[2025-10-03T19:16:13.488+0000] {processor.py:161} INFO - Started process (PID=220) to work on /home/airflow/.local/lib/python3.12/site-packages/airflow/example_dags/example_latest_only_with_trigger.py
[2025-10-03T19:16:13.490+0000] {processor.py:830} INFO - Processing file /home/airflow/.local/lib/python3.12/site-packages/airflow/example_dags/example_latest_only_with_trigger.py for tasks to queue
[2025-10-03T19:16:13.493+0000] {logging_mixin.py:188} INFO - [2025-10-03T19:16:13.493+0000] {dagbag.py:545} INFO - Filling up the DagBag from /home/airflow/.local/lib/python3.12/site-packages/airflow/example_dags/example_latest_only_with_trigger.py
[2025-10-03T19:16:13.502+0000] {processor.py:840} INFO - DAG(s) 'latest_only_with_trigger' retrieved from /home/airflow/.local/lib/python3.12/site-packages/airflow/example_dags/example_latest_only_with_trigger.py
[2025-10-03T19:16:13.536+0000] {logging_mixin.py:188} INFO - [2025-10-03T19:16:13.536+0000] {dag.py:3096} INFO - Sync 1 DAGs
[2025-10-03T19:16:13.566+0000] {logging_mixin.py:188} INFO - [2025-10-03T19:16:13.566+0000] {dag.py:3954} INFO - Setting next_dagrun for latest_only_with_trigger to 2025-10-03 12:00:00+00:00, run_after=2025-10-03 16:00:00+00:00
[2025-10-03T19:16:13.598+0000] {processor.py:183} INFO - Processing /home/airflow/.local/lib/python3.12/site-packages/airflow/example_dags/example_latest_only_with_trigger.py took 0.119 seconds
[2025-10-03T19:16:43.738+0000] {processor.py:161} INFO - Started process (PID=276) to work on /home/airflow/.local/lib/python3.12/site-packages/airflow/example_dags/example_latest_only_with_trigger.py
[2025-10-03T19:16:43.739+0000] {processor.py:830} INFO - Processing file /home/airflow/.local/lib/python3.12/site-packages/airflow/example_dags/example_latest_only_with_trigger.py for tasks to queue
[2025-10-03T19:16:43.742+0000] {logging_mixin.py:188} INFO - [2025-10-03T19:16:43.742+0000] {dagbag.py:545} INFO - Filling up the DagBag from /home/airflow/.local/lib/python3.12/site-packages/airflow/example_dags/example_latest_only_with_trigger.py
[2025-10-03T19:16:43.751+0000] {processor.py:840} INFO - DAG(s) 'latest_only_with_trigger' retrieved from /home/airflow/.local/lib/python3.12/site-packages/airflow/example_dags/example_latest_only_with_trigger.py
[2025-10-03T19:16:43.786+0000] {logging_mixin.py:188} INFO - [2025-10-03T19:16:43.785+0000] {dag.py:3096} INFO - Sync 1 DAGs
[2025-10-03T19:16:43.822+0000] {logging_mixin.py:188} INFO - [2025-10-03T19:16:43.822+0000] {dag.py:3954} INFO - Setting next_dagrun for latest_only_with_trigger to 2025-10-03 12:00:00+00:00, run_after=2025-10-03 16:00:00+00:00
[2025-10-03T19:16:43.856+0000] {processor.py:183} INFO - Processing /home/airflow/.local/lib/python3.12/site-packages/airflow/example_dags/example_latest_only_with_trigger.py took 0.128 seconds
[2025-10-03T19:17:14.458+0000] {processor.py:161} INFO - Started process (PID=330) to work on /home/airflow/.local/lib/python3.12/site-packages/airflow/example_dags/example_latest_only_with_trigger.py
[2025-10-03T19:17:14.460+0000] {processor.py:830} INFO - Processing file /home/airflow/.local/lib/python3.12/site-packages/airflow/example_dags/example_latest_only_with_trigger.py for tasks to queue
[2025-10-03T19:17:14.464+0000] {logging_mixin.py:188} INFO - [2025-10-03T19:17:14.463+0000] {dagbag.py:545} INFO - Filling up the DagBag from /home/airflow/.local/lib/python3.12/site-packages/airflow/example_dags/example_latest_only_with_trigger.py
[2025-10-03T19:17:14.474+0000] {processor.py:840} INFO - DAG(s) 'latest_only_with_trigger' retrieved from /home/airflow/.local/lib/python3.12/site-packages/airflow/example_dags/example_latest_only_with_trigger.py
[2025-10-03T19:17:14.507+0000] {logging_mixin.py:188} INFO - [2025-10-03T19:17:14.507+0000] {dag.py:3096} INFO - Sync 1 DAGs
[2025-10-03T19:17:14.546+0000] {logging_mixin.py:188} INFO - [2025-10-03T19:17:14.546+0000] {dag.py:3954} INFO - Setting next_dagrun for latest_only_with_trigger to 2025-10-03 12:00:00+00:00, run_after=2025-10-03 16:00:00+00:00
[2025-10-03T19:17:14.606+0000] {processor.py:183} INFO - Processing /home/airflow/.local/lib/python3.12/site-packages/airflow/example_dags/example_latest_only_with_trigger.py took 0.159 seconds
[2025-10-03T19:17:45.280+0000] {processor.py:161} INFO - Started process (PID=389) to work on /home/airflow/.local/lib/python3.12/site-packages/airflow/example_dags/example_latest_only_with_trigger.py
[2025-10-03T19:17:45.283+0000] {processor.py:830} INFO - Processing file /home/airflow/.local/lib/python3.12/site-packages/airflow/example_dags/example_latest_only_with_trigger.py for tasks to queue
[2025-10-03T19:17:45.291+0000] {logging_mixin.py:188} INFO - [2025-10-03T19:17:45.290+0000] {dagbag.py:545} INFO - Filling up the DagBag from /home/airflow/.local/lib/python3.12/site-packages/airflow/example_dags/example_latest_only_with_trigger.py
[2025-10-03T19:17:45.307+0000] {processor.py:840} INFO - DAG(s) 'latest_only_with_trigger' retrieved from /home/airflow/.local/lib/python3.12/site-packages/airflow/example_dags/example_latest_only_with_trigger.py
[2025-10-03T19:17:45.351+0000] {logging_mixin.py:188} INFO - [2025-10-03T19:17:45.350+0000] {dag.py:3096} INFO - Sync 1 DAGs
[2025-10-03T19:17:45.389+0000] {logging_mixin.py:188} INFO - [2025-10-03T19:17:45.389+0000] {dag.py:3954} INFO - Setting next_dagrun for latest_only_with_trigger to 2025-10-03 12:00:00+00:00, run_after=2025-10-03 16:00:00+00:00
[2025-10-03T19:17:45.421+0000] {processor.py:183} INFO - Processing /home/airflow/.local/lib/python3.12/site-packages/airflow/example_dags/example_latest_only_with_trigger.py took 0.164 seconds
[2025-10-03T19:18:15.974+0000] {processor.py:161} INFO - Started process (PID=446) to work on /home/airflow/.local/lib/python3.12/site-packages/airflow/example_dags/example_latest_only_with_trigger.py
[2025-10-03T19:18:15.976+0000] {processor.py:830} INFO - Processing file /home/airflow/.local/lib/python3.12/site-packages/airflow/example_dags/example_latest_only_with_trigger.py for tasks to queue
[2025-10-03T19:18:15.979+0000] {logging_mixin.py:188} INFO - [2025-10-03T19:18:15.978+0000] {dagbag.py:545} INFO - Filling up the DagBag from /home/airflow/.local/lib/python3.12/site-packages/airflow/example_dags/example_latest_only_with_trigger.py
[2025-10-03T19:18:15.988+0000] {processor.py:840} INFO - DAG(s) 'latest_only_with_trigger' retrieved from /home/airflow/.local/lib/python3.12/site-packages/airflow/example_dags/example_latest_only_with_trigger.py
[2025-10-03T19:18:16.020+0000] {logging_mixin.py:188} INFO - [2025-10-03T19:18:16.019+0000] {dag.py:3096} INFO - Sync 1 DAGs
[2025-10-03T19:18:16.052+0000] {logging_mixin.py:188} INFO - [2025-10-03T19:18:16.052+0000] {dag.py:3954} INFO - Setting next_dagrun for latest_only_with_trigger to 2025-10-03 12:00:00+00:00, run_after=2025-10-03 16:00:00+00:00
[2025-10-03T19:18:16.091+0000] {processor.py:183} INFO - Processing /home/airflow/.local/lib/python3.12/site-packages/airflow/example_dags/example_latest_only_with_trigger.py took 0.126 seconds
[2025-10-03T19:18:46.248+0000] {processor.py:161} INFO - Started process (PID=506) to work on /home/airflow/.local/lib/python3.12/site-packages/airflow/example_dags/example_latest_only_with_trigger.py
[2025-10-03T19:18:46.250+0000] {processor.py:830} INFO - Processing file /home/airflow/.local/lib/python3.12/site-packages/airflow/example_dags/example_latest_only_with_trigger.py for tasks to queue
[2025-10-03T19:18:46.254+0000] {logging_mixin.py:188} INFO - [2025-10-03T19:18:46.253+0000] {dagbag.py:545} INFO - Filling up the DagBag from /home/airflow/.local/lib/python3.12/site-packages/airflow/example_dags/example_latest_only_with_trigger.py
[2025-10-03T19:18:46.268+0000] {processor.py:840} INFO - DAG(s) 'latest_only_with_trigger' retrieved from /home/airflow/.local/lib/python3.12/site-packages/airflow/example_dags/example_latest_only_with_trigger.py
[2025-10-03T19:18:46.310+0000] {logging_mixin.py:188} INFO - [2025-10-03T19:18:46.310+0000] {dag.py:3096} INFO - Sync 1 DAGs
[2025-10-03T19:18:46.346+0000] {logging_mixin.py:188} INFO - [2025-10-03T19:18:46.346+0000] {dag.py:3954} INFO - Setting next_dagrun for latest_only_with_trigger to 2025-10-03 12:00:00+00:00, run_after=2025-10-03 16:00:00+00:00
[2025-10-03T19:18:46.375+0000] {processor.py:183} INFO - Processing /home/airflow/.local/lib/python3.12/site-packages/airflow/example_dags/example_latest_only_with_trigger.py took 0.143 seconds
[2025-10-03T19:19:16.542+0000] {processor.py:161} INFO - Started process (PID=563) to work on /home/airflow/.local/lib/python3.12/site-packages/airflow/example_dags/example_latest_only_with_trigger.py
[2025-10-03T19:19:16.543+0000] {processor.py:830} INFO - Processing file /home/airflow/.local/lib/python3.12/site-packages/airflow/example_dags/example_latest_only_with_trigger.py for tasks to queue
[2025-10-03T19:19:16.546+0000] {logging_mixin.py:188} INFO - [2025-10-03T19:19:16.546+0000] {dagbag.py:545} INFO - Filling up the DagBag from /home/airflow/.local/lib/python3.12/site-packages/airflow/example_dags/example_latest_only_with_trigger.py
[2025-10-03T19:19:16.554+0000] {processor.py:840} INFO - DAG(s) 'latest_only_with_trigger' retrieved from /home/airflow/.local/lib/python3.12/site-packages/airflow/example_dags/example_latest_only_with_trigger.py
[2025-10-03T19:19:16.589+0000] {logging_mixin.py:188} INFO - [2025-10-03T19:19:16.588+0000] {dag.py:3096} INFO - Sync 1 DAGs
[2025-10-03T19:19:16.622+0000] {logging_mixin.py:188} INFO - [2025-10-03T19:19:16.622+0000] {dag.py:3954} INFO - Setting next_dagrun for latest_only_with_trigger to 2025-10-03 12:00:00+00:00, run_after=2025-10-03 16:00:00+00:00
[2025-10-03T19:19:16.654+0000] {processor.py:183} INFO - Processing /home/airflow/.local/lib/python3.12/site-packages/airflow/example_dags/example_latest_only_with_trigger.py took 0.121 seconds
[2025-10-03T19:19:47.206+0000] {processor.py:161} INFO - Started process (PID=616) to work on /home/airflow/.local/lib/python3.12/site-packages/airflow/example_dags/example_latest_only_with_trigger.py
[2025-10-03T19:19:47.208+0000] {processor.py:830} INFO - Processing file /home/airflow/.local/lib/python3.12/site-packages/airflow/example_dags/example_latest_only_with_trigger.py for tasks to queue
[2025-10-03T19:19:47.211+0000] {logging_mixin.py:188} INFO - [2025-10-03T19:19:47.210+0000] {dagbag.py:545} INFO - Filling up the DagBag from /home/airflow/.local/lib/python3.12/site-packages/airflow/example_dags/example_latest_only_with_trigger.py
[2025-10-03T19:19:47.219+0000] {processor.py:840} INFO - DAG(s) 'latest_only_with_trigger' retrieved from /home/airflow/.local/lib/python3.12/site-packages/airflow/example_dags/example_latest_only_with_trigger.py
[2025-10-03T19:19:47.247+0000] {logging_mixin.py:188} INFO - [2025-10-03T19:19:47.247+0000] {dag.py:3096} INFO - Sync 1 DAGs
[2025-10-03T19:19:47.274+0000] {logging_mixin.py:188} INFO - [2025-10-03T19:19:47.274+0000] {dag.py:3954} INFO - Setting next_dagrun for latest_only_with_trigger to 2025-10-03 12:00:00+00:00, run_after=2025-10-03 16:00:00+00:00
[2025-10-03T19:19:47.302+0000] {processor.py:183} INFO - Processing /home/airflow/.local/lib/python3.12/site-packages/airflow/example_dags/example_latest_only_with_trigger.py took 0.103 seconds
[2025-10-03T19:20:17.481+0000] {processor.py:161} INFO - Started process (PID=673) to work on /home/airflow/.local/lib/python3.12/site-packages/airflow/example_dags/example_latest_only_with_trigger.py
[2025-10-03T19:20:17.483+0000] {processor.py:830} INFO - Processing file /home/airflow/.local/lib/python3.12/site-packages/airflow/example_dags/example_latest_only_with_trigger.py for tasks to queue
[2025-10-03T19:20:17.486+0000] {logging_mixin.py:188} INFO - [2025-10-03T19:20:17.485+0000] {dagbag.py:545} INFO - Filling up the DagBag from /home/airflow/.local/lib/python3.12/site-packages/airflow/example_dags/example_latest_only_with_trigger.py
[2025-10-03T19:20:17.495+0000] {processor.py:840} INFO - DAG(s) 'latest_only_with_trigger' retrieved from /home/airflow/.local/lib/python3.12/site-packages/airflow/example_dags/example_latest_only_with_trigger.py
[2025-10-03T19:20:17.527+0000] {logging_mixin.py:188} INFO - [2025-10-03T19:20:17.527+0000] {dag.py:3096} INFO - Sync 1 DAGs
[2025-10-03T19:20:17.557+0000] {logging_mixin.py:188} INFO - [2025-10-03T19:20:17.557+0000] {dag.py:3954} INFO - Setting next_dagrun for latest_only_with_trigger to 2025-10-03 12:00:00+00:00, run_after=2025-10-03 16:00:00+00:00
[2025-10-03T19:20:17.591+0000] {processor.py:183} INFO - Processing /home/airflow/.local/lib/python3.12/site-packages/airflow/example_dags/example_latest_only_with_trigger.py took 0.119 seconds
[2025-10-03T19:20:48.154+0000] {processor.py:161} INFO - Started process (PID=726) to work on /home/airflow/.local/lib/python3.12/site-packages/airflow/example_dags/example_latest_only_with_trigger.py
[2025-10-03T19:20:48.155+0000] {processor.py:830} INFO - Processing file /home/airflow/.local/lib/python3.12/site-packages/airflow/example_dags/example_latest_only_with_trigger.py for tasks to queue
[2025-10-03T19:20:48.159+0000] {logging_mixin.py:188} INFO - [2025-10-03T19:20:48.159+0000] {dagbag.py:545} INFO - Filling up the DagBag from /home/airflow/.local/lib/python3.12/site-packages/airflow/example_dags/example_latest_only_with_trigger.py
[2025-10-03T19:20:48.168+0000] {processor.py:840} INFO - DAG(s) 'latest_only_with_trigger' retrieved from /home/airflow/.local/lib/python3.12/site-packages/airflow/example_dags/example_latest_only_with_trigger.py
[2025-10-03T19:20:48.201+0000] {logging_mixin.py:188} INFO - [2025-10-03T19:20:48.201+0000] {dag.py:3096} INFO - Sync 1 DAGs
[2025-10-03T19:20:48.238+0000] {logging_mixin.py:188} INFO - [2025-10-03T19:20:48.237+0000] {dag.py:3954} INFO - Setting next_dagrun for latest_only_with_trigger to 2025-10-03 12:00:00+00:00, run_after=2025-10-03 16:00:00+00:00
[2025-10-03T19:20:48.275+0000] {processor.py:183} INFO - Processing /home/airflow/.local/lib/python3.12/site-packages/airflow/example_dags/example_latest_only_with_trigger.py took 0.131 seconds
[2025-10-03T19:21:19.204+0000] {processor.py:161} INFO - Started process (PID=783) to work on /home/airflow/.local/lib/python3.12/site-packages/airflow/example_dags/example_latest_only_with_trigger.py
[2025-10-03T19:21:19.207+0000] {processor.py:830} INFO - Processing file /home/airflow/.local/lib/python3.12/site-packages/airflow/example_dags/example_latest_only_with_trigger.py for tasks to queue
[2025-10-03T19:21:19.211+0000] {logging_mixin.py:188} INFO - [2025-10-03T19:21:19.211+0000] {dagbag.py:545} INFO - Filling up the DagBag from /home/airflow/.local/lib/python3.12/site-packages/airflow/example_dags/example_latest_only_with_trigger.py
[2025-10-03T19:21:19.219+0000] {processor.py:840} INFO - DAG(s) 'latest_only_with_trigger' retrieved from /home/airflow/.local/lib/python3.12/site-packages/airflow/example_dags/example_latest_only_with_trigger.py
[2025-10-03T19:21:19.246+0000] {logging_mixin.py:188} INFO - [2025-10-03T19:21:19.246+0000] {dag.py:3096} INFO - Sync 1 DAGs
[2025-10-03T19:21:19.276+0000] {logging_mixin.py:188} INFO - [2025-10-03T19:21:19.276+0000] {dag.py:3954} INFO - Setting next_dagrun for latest_only_with_trigger to 2025-10-03 12:00:00+00:00, run_after=2025-10-03 16:00:00+00:00
[2025-10-03T19:21:19.301+0000] {processor.py:183} INFO - Processing /home/airflow/.local/lib/python3.12/site-packages/airflow/example_dags/example_latest_only_with_trigger.py took 0.108 seconds
[2025-10-03T19:21:49.504+0000] {processor.py:161} INFO - Started process (PID=836) to work on /home/airflow/.local/lib/python3.12/site-packages/airflow/example_dags/example_latest_only_with_trigger.py
[2025-10-03T19:21:49.506+0000] {processor.py:830} INFO - Processing file /home/airflow/.local/lib/python3.12/site-packages/airflow/example_dags/example_latest_only_with_trigger.py for tasks to queue
[2025-10-03T19:21:49.510+0000] {logging_mixin.py:188} INFO - [2025-10-03T19:21:49.509+0000] {dagbag.py:545} INFO - Filling up the DagBag from /home/airflow/.local/lib/python3.12/site-packages/airflow/example_dags/example_latest_only_with_trigger.py
[2025-10-03T19:21:49.519+0000] {processor.py:840} INFO - DAG(s) 'latest_only_with_trigger' retrieved from /home/airflow/.local/lib/python3.12/site-packages/airflow/example_dags/example_latest_only_with_trigger.py
[2025-10-03T19:21:49.553+0000] {logging_mixin.py:188} INFO - [2025-10-03T19:21:49.553+0000] {dag.py:3096} INFO - Sync 1 DAGs
[2025-10-03T19:21:49.589+0000] {logging_mixin.py:188} INFO - [2025-10-03T19:21:49.588+0000] {dag.py:3954} INFO - Setting next_dagrun for latest_only_with_trigger to 2025-10-03 12:00:00+00:00, run_after=2025-10-03 16:00:00+00:00
[2025-10-03T19:21:49.620+0000] {processor.py:183} INFO - Processing /home/airflow/.local/lib/python3.12/site-packages/airflow/example_dags/example_latest_only_with_trigger.py took 0.125 seconds
[2025-10-03T19:22:20.624+0000] {processor.py:161} INFO - Started process (PID=893) to work on /home/airflow/.local/lib/python3.12/site-packages/airflow/example_dags/example_latest_only_with_trigger.py
[2025-10-03T19:22:20.626+0000] {processor.py:830} INFO - Processing file /home/airflow/.local/lib/python3.12/site-packages/airflow/example_dags/example_latest_only_with_trigger.py for tasks to queue
[2025-10-03T19:22:20.628+0000] {logging_mixin.py:188} INFO - [2025-10-03T19:22:20.628+0000] {dagbag.py:545} INFO - Filling up the DagBag from /home/airflow/.local/lib/python3.12/site-packages/airflow/example_dags/example_latest_only_with_trigger.py
[2025-10-03T19:22:20.636+0000] {processor.py:840} INFO - DAG(s) 'latest_only_with_trigger' retrieved from /home/airflow/.local/lib/python3.12/site-packages/airflow/example_dags/example_latest_only_with_trigger.py
[2025-10-03T19:22:20.661+0000] {logging_mixin.py:188} INFO - [2025-10-03T19:22:20.661+0000] {dag.py:3096} INFO - Sync 1 DAGs
[2025-10-03T19:22:20.688+0000] {logging_mixin.py:188} INFO - [2025-10-03T19:22:20.687+0000] {dag.py:3954} INFO - Setting next_dagrun for latest_only_with_trigger to 2025-10-03 12:00:00+00:00, run_after=2025-10-03 16:00:00+00:00
[2025-10-03T19:22:20.710+0000] {processor.py:183} INFO - Processing /home/airflow/.local/lib/python3.12/site-packages/airflow/example_dags/example_latest_only_with_trigger.py took 0.093 seconds
[2025-10-03T19:22:51.084+0000] {processor.py:161} INFO - Started process (PID=946) to work on /home/airflow/.local/lib/python3.12/site-packages/airflow/example_dags/example_latest_only_with_trigger.py
[2025-10-03T19:22:51.087+0000] {processor.py:830} INFO - Processing file /home/airflow/.local/lib/python3.12/site-packages/airflow/example_dags/example_latest_only_with_trigger.py for tasks to queue
[2025-10-03T19:22:51.090+0000] {logging_mixin.py:188} INFO - [2025-10-03T19:22:51.090+0000] {dagbag.py:545} INFO - Filling up the DagBag from /home/airflow/.local/lib/python3.12/site-packages/airflow/example_dags/example_latest_only_with_trigger.py
[2025-10-03T19:22:51.101+0000] {processor.py:840} INFO - DAG(s) 'latest_only_with_trigger' retrieved from /home/airflow/.local/lib/python3.12/site-packages/airflow/example_dags/example_latest_only_with_trigger.py
[2025-10-03T19:22:51.134+0000] {logging_mixin.py:188} INFO - [2025-10-03T19:22:51.134+0000] {dag.py:3096} INFO - Sync 1 DAGs
[2025-10-03T19:22:51.166+0000] {logging_mixin.py:188} INFO - [2025-10-03T19:22:51.166+0000] {dag.py:3954} INFO - Setting next_dagrun for latest_only_with_trigger to 2025-10-03 12:00:00+00:00, run_after=2025-10-03 16:00:00+00:00
[2025-10-03T19:22:51.196+0000] {processor.py:183} INFO - Processing /home/airflow/.local/lib/python3.12/site-packages/airflow/example_dags/example_latest_only_with_trigger.py took 0.122 seconds
[2025-10-03T19:23:21.802+0000] {processor.py:161} INFO - Started process (PID=1003) to work on /home/airflow/.local/lib/python3.12/site-packages/airflow/example_dags/example_latest_only_with_trigger.py
[2025-10-03T19:23:21.804+0000] {processor.py:830} INFO - Processing file /home/airflow/.local/lib/python3.12/site-packages/airflow/example_dags/example_latest_only_with_trigger.py for tasks to queue
[2025-10-03T19:23:21.807+0000] {logging_mixin.py:188} INFO - [2025-10-03T19:23:21.806+0000] {dagbag.py:545} INFO - Filling up the DagBag from /home/airflow/.local/lib/python3.12/site-packages/airflow/example_dags/example_latest_only_with_trigger.py
[2025-10-03T19:23:21.816+0000] {processor.py:840} INFO - DAG(s) 'latest_only_with_trigger' retrieved from /home/airflow/.local/lib/python3.12/site-packages/airflow/example_dags/example_latest_only_with_trigger.py
[2025-10-03T19:23:21.845+0000] {logging_mixin.py:188} INFO - [2025-10-03T19:23:21.845+0000] {dag.py:3096} INFO - Sync 1 DAGs
[2025-10-03T19:23:21.874+0000] {logging_mixin.py:188} INFO - [2025-10-03T19:23:21.874+0000] {dag.py:3954} INFO - Setting next_dagrun for latest_only_with_trigger to 2025-10-03 12:00:00+00:00, run_after=2025-10-03 16:00:00+00:00
[2025-10-03T19:23:21.908+0000] {processor.py:183} INFO - Processing /home/airflow/.local/lib/python3.12/site-packages/airflow/example_dags/example_latest_only_with_trigger.py took 0.114 seconds
[2025-10-03T19:23:52.853+0000] {processor.py:161} INFO - Started process (PID=1056) to work on /home/airflow/.local/lib/python3.12/site-packages/airflow/example_dags/example_latest_only_with_trigger.py
[2025-10-03T19:23:52.855+0000] {processor.py:830} INFO - Processing file /home/airflow/.local/lib/python3.12/site-packages/airflow/example_dags/example_latest_only_with_trigger.py for tasks to queue
[2025-10-03T19:23:52.857+0000] {logging_mixin.py:188} INFO - [2025-10-03T19:23:52.857+0000] {dagbag.py:545} INFO - Filling up the DagBag from /home/airflow/.local/lib/python3.12/site-packages/airflow/example_dags/example_latest_only_with_trigger.py
[2025-10-03T19:23:52.864+0000] {processor.py:840} INFO - DAG(s) 'latest_only_with_trigger' retrieved from /home/airflow/.local/lib/python3.12/site-packages/airflow/example_dags/example_latest_only_with_trigger.py
[2025-10-03T19:23:52.888+0000] {logging_mixin.py:188} INFO - [2025-10-03T19:23:52.888+0000] {dag.py:3096} INFO - Sync 1 DAGs
[2025-10-03T19:23:52.912+0000] {logging_mixin.py:188} INFO - [2025-10-03T19:23:52.911+0000] {dag.py:3954} INFO - Setting next_dagrun for latest_only_with_trigger to 2025-10-03 12:00:00+00:00, run_after=2025-10-03 16:00:00+00:00
[2025-10-03T19:23:52.932+0000] {processor.py:183} INFO - Processing /home/airflow/.local/lib/python3.12/site-packages/airflow/example_dags/example_latest_only_with_trigger.py took 0.086 seconds
[2025-10-03T19:24:23.366+0000] {processor.py:161} INFO - Started process (PID=1113) to work on /home/airflow/.local/lib/python3.12/site-packages/airflow/example_dags/example_latest_only_with_trigger.py
[2025-10-03T19:24:23.367+0000] {processor.py:830} INFO - Processing file /home/airflow/.local/lib/python3.12/site-packages/airflow/example_dags/example_latest_only_with_trigger.py for tasks to queue
[2025-10-03T19:24:23.370+0000] {logging_mixin.py:188} INFO - [2025-10-03T19:24:23.369+0000] {dagbag.py:545} INFO - Filling up the DagBag from /home/airflow/.local/lib/python3.12/site-packages/airflow/example_dags/example_latest_only_with_trigger.py
[2025-10-03T19:24:23.377+0000] {processor.py:840} INFO - DAG(s) 'latest_only_with_trigger' retrieved from /home/airflow/.local/lib/python3.12/site-packages/airflow/example_dags/example_latest_only_with_trigger.py
[2025-10-03T19:24:23.401+0000] {logging_mixin.py:188} INFO - [2025-10-03T19:24:23.401+0000] {dag.py:3096} INFO - Sync 1 DAGs
[2025-10-03T19:24:23.425+0000] {logging_mixin.py:188} INFO - [2025-10-03T19:24:23.425+0000] {dag.py:3954} INFO - Setting next_dagrun for latest_only_with_trigger to 2025-10-03 12:00:00+00:00, run_after=2025-10-03 16:00:00+00:00
[2025-10-03T19:24:23.460+0000] {processor.py:183} INFO - Processing /home/airflow/.local/lib/python3.12/site-packages/airflow/example_dags/example_latest_only_with_trigger.py took 0.101 seconds
[2025-10-03T19:24:53.784+0000] {processor.py:161} INFO - Started process (PID=1166) to work on /home/airflow/.local/lib/python3.12/site-packages/airflow/example_dags/example_latest_only_with_trigger.py
[2025-10-03T19:24:53.786+0000] {processor.py:830} INFO - Processing file /home/airflow/.local/lib/python3.12/site-packages/airflow/example_dags/example_latest_only_with_trigger.py for tasks to queue
[2025-10-03T19:24:53.788+0000] {logging_mixin.py:188} INFO - [2025-10-03T19:24:53.788+0000] {dagbag.py:545} INFO - Filling up the DagBag from /home/airflow/.local/lib/python3.12/site-packages/airflow/example_dags/example_latest_only_with_trigger.py
[2025-10-03T19:24:53.796+0000] {processor.py:840} INFO - DAG(s) 'latest_only_with_trigger' retrieved from /home/airflow/.local/lib/python3.12/site-packages/airflow/example_dags/example_latest_only_with_trigger.py
[2025-10-03T19:24:53.825+0000] {logging_mixin.py:188} INFO - [2025-10-03T19:24:53.825+0000] {dag.py:3096} INFO - Sync 1 DAGs
[2025-10-03T19:24:53.853+0000] {logging_mixin.py:188} INFO - [2025-10-03T19:24:53.853+0000] {dag.py:3954} INFO - Setting next_dagrun for latest_only_with_trigger to 2025-10-03 12:00:00+00:00, run_after=2025-10-03 16:00:00+00:00
[2025-10-03T19:24:53.881+0000] {processor.py:183} INFO - Processing /home/airflow/.local/lib/python3.12/site-packages/airflow/example_dags/example_latest_only_with_trigger.py took 0.104 seconds
[2025-10-03T19:25:23.983+0000] {processor.py:161} INFO - Started process (PID=1222) to work on /home/airflow/.local/lib/python3.12/site-packages/airflow/example_dags/example_latest_only_with_trigger.py
[2025-10-03T19:25:23.985+0000] {processor.py:830} INFO - Processing file /home/airflow/.local/lib/python3.12/site-packages/airflow/example_dags/example_latest_only_with_trigger.py for tasks to queue
[2025-10-03T19:25:23.987+0000] {logging_mixin.py:188} INFO - [2025-10-03T19:25:23.987+0000] {dagbag.py:545} INFO - Filling up the DagBag from /home/airflow/.local/lib/python3.12/site-packages/airflow/example_dags/example_latest_only_with_trigger.py
[2025-10-03T19:25:23.993+0000] {processor.py:840} INFO - DAG(s) 'latest_only_with_trigger' retrieved from /home/airflow/.local/lib/python3.12/site-packages/airflow/example_dags/example_latest_only_with_trigger.py
[2025-10-03T19:25:24.016+0000] {logging_mixin.py:188} INFO - [2025-10-03T19:25:24.016+0000] {dag.py:3096} INFO - Sync 1 DAGs
[2025-10-03T19:25:24.041+0000] {logging_mixin.py:188} INFO - [2025-10-03T19:25:24.041+0000] {dag.py:3954} INFO - Setting next_dagrun for latest_only_with_trigger to 2025-10-03 12:00:00+00:00, run_after=2025-10-03 16:00:00+00:00
[2025-10-03T19:25:24.063+0000] {processor.py:183} INFO - Processing /home/airflow/.local/lib/python3.12/site-packages/airflow/example_dags/example_latest_only_with_trigger.py took 0.087 seconds
[2025-10-03T19:25:54.412+0000] {processor.py:161} INFO - Started process (PID=1275) to work on /home/airflow/.local/lib/python3.12/site-packages/airflow/example_dags/example_latest_only_with_trigger.py
[2025-10-03T19:25:54.414+0000] {processor.py:830} INFO - Processing file /home/airflow/.local/lib/python3.12/site-packages/airflow/example_dags/example_latest_only_with_trigger.py for tasks to queue
[2025-10-03T19:25:54.416+0000] {logging_mixin.py:188} INFO - [2025-10-03T19:25:54.416+0000] {dagbag.py:545} INFO - Filling up the DagBag from /home/airflow/.local/lib/python3.12/site-packages/airflow/example_dags/example_latest_only_with_trigger.py
[2025-10-03T19:25:54.422+0000] {processor.py:840} INFO - DAG(s) 'latest_only_with_trigger' retrieved from /home/airflow/.local/lib/python3.12/site-packages/airflow/example_dags/example_latest_only_with_trigger.py
[2025-10-03T19:25:54.446+0000] {logging_mixin.py:188} INFO - [2025-10-03T19:25:54.446+0000] {dag.py:3096} INFO - Sync 1 DAGs
[2025-10-03T19:25:54.468+0000] {logging_mixin.py:188} INFO - [2025-10-03T19:25:54.468+0000] {dag.py:3954} INFO - Setting next_dagrun for latest_only_with_trigger to 2025-10-03 12:00:00+00:00, run_after=2025-10-03 16:00:00+00:00
[2025-10-03T19:25:54.488+0000] {processor.py:183} INFO - Processing /home/airflow/.local/lib/python3.12/site-packages/airflow/example_dags/example_latest_only_with_trigger.py took 0.082 seconds
