[2025-10-03T19:14:39.871+0000] {processor.py:161} INFO - Started process (PID=48) to work on /home/airflow/.local/lib/python3.12/site-packages/airflow/example_dags/tutorial.py
[2025-10-03T19:14:39.873+0000] {processor.py:830} INFO - Processing file /home/airflow/.local/lib/python3.12/site-packages/airflow/example_dags/tutorial.py for tasks to queue
[2025-10-03T19:14:39.878+0000] {logging_mixin.py:188} INFO - [2025-10-03T19:14:39.877+0000] {dagbag.py:545} INFO - Filling up the DagBag from /home/airflow/.local/lib/python3.12/site-packages/airflow/example_dags/tutorial.py
[2025-10-03T19:14:39.902+0000] {processor.py:840} INFO - DAG(s) 'tutorial' retrieved from /home/airflow/.local/lib/python3.12/site-packages/airflow/example_dags/tutorial.py
[2025-10-03T19:14:39.924+0000] {logging_mixin.py:188} INFO - [2025-10-03T19:14:39.924+0000] {dag.py:3096} INFO - Sync 1 DAGs
[2025-10-03T19:14:39.962+0000] {logging_mixin.py:188} INFO - [2025-10-03T19:14:39.962+0000] {dag.py:3954} INFO - Setting next_dagrun for tutorial to 2025-10-02 00:00:00+00:00, run_after=2025-10-03 00:00:00+00:00
[2025-10-03T19:14:40.003+0000] {processor.py:183} INFO - Processing /home/airflow/.local/lib/python3.12/site-packages/airflow/example_dags/tutorial.py took 0.141 seconds
[2025-10-03T19:15:11.415+0000] {processor.py:161} INFO - Started process (PID=101) to work on /home/airflow/.local/lib/python3.12/site-packages/airflow/example_dags/tutorial.py
[2025-10-03T19:15:11.421+0000] {processor.py:830} INFO - Processing file /home/airflow/.local/lib/python3.12/site-packages/airflow/example_dags/tutorial.py for tasks to queue
[2025-10-03T19:15:11.436+0000] {logging_mixin.py:188} INFO - [2025-10-03T19:15:11.433+0000] {dagbag.py:545} INFO - Filling up the DagBag from /home/airflow/.local/lib/python3.12/site-packages/airflow/example_dags/tutorial.py
[2025-10-03T19:15:11.475+0000] {processor.py:840} INFO - DAG(s) 'tutorial' retrieved from /home/airflow/.local/lib/python3.12/site-packages/airflow/example_dags/tutorial.py
[2025-10-03T19:15:11.758+0000] {logging_mixin.py:188} INFO - [2025-10-03T19:15:11.757+0000] {dag.py:3096} INFO - Sync 1 DAGs
[2025-10-03T19:15:11.831+0000] {logging_mixin.py:188} INFO - [2025-10-03T19:15:11.830+0000] {dag.py:3954} INFO - Setting next_dagrun for tutorial to 2025-10-02 00:00:00+00:00, run_after=2025-10-03 00:00:00+00:00
[2025-10-03T19:15:11.870+0000] {processor.py:183} INFO - Processing /home/airflow/.local/lib/python3.12/site-packages/airflow/example_dags/tutorial.py took 0.495 seconds
[2025-10-03T19:15:42.707+0000] {processor.py:161} INFO - Started process (PID=158) to work on /home/airflow/.local/lib/python3.12/site-packages/airflow/example_dags/tutorial.py
[2025-10-03T19:15:42.708+0000] {processor.py:830} INFO - Processing file /home/airflow/.local/lib/python3.12/site-packages/airflow/example_dags/tutorial.py for tasks to queue
[2025-10-03T19:15:42.711+0000] {logging_mixin.py:188} INFO - [2025-10-03T19:15:42.711+0000] {dagbag.py:545} INFO - Filling up the DagBag from /home/airflow/.local/lib/python3.12/site-packages/airflow/example_dags/tutorial.py
[2025-10-03T19:15:42.718+0000] {processor.py:840} INFO - DAG(s) 'tutorial' retrieved from /home/airflow/.local/lib/python3.12/site-packages/airflow/example_dags/tutorial.py
[2025-10-03T19:15:42.742+0000] {logging_mixin.py:188} INFO - [2025-10-03T19:15:42.741+0000] {dag.py:3096} INFO - Sync 1 DAGs
[2025-10-03T19:15:42.774+0000] {logging_mixin.py:188} INFO - [2025-10-03T19:15:42.774+0000] {dag.py:3954} INFO - Setting next_dagrun for tutorial to 2025-10-02 00:00:00+00:00, run_after=2025-10-03 00:00:00+00:00
[2025-10-03T19:15:42.799+0000] {processor.py:183} INFO - Processing /home/airflow/.local/lib/python3.12/site-packages/airflow/example_dags/tutorial.py took 0.098 seconds
[2025-10-03T19:16:12.964+0000] {processor.py:161} INFO - Started process (PID=214) to work on /home/airflow/.local/lib/python3.12/site-packages/airflow/example_dags/tutorial.py
[2025-10-03T19:16:12.966+0000] {processor.py:830} INFO - Processing file /home/airflow/.local/lib/python3.12/site-packages/airflow/example_dags/tutorial.py for tasks to queue
[2025-10-03T19:16:12.969+0000] {logging_mixin.py:188} INFO - [2025-10-03T19:16:12.968+0000] {dagbag.py:545} INFO - Filling up the DagBag from /home/airflow/.local/lib/python3.12/site-packages/airflow/example_dags/tutorial.py
[2025-10-03T19:16:12.979+0000] {processor.py:840} INFO - DAG(s) 'tutorial' retrieved from /home/airflow/.local/lib/python3.12/site-packages/airflow/example_dags/tutorial.py
[2025-10-03T19:16:13.011+0000] {logging_mixin.py:188} INFO - [2025-10-03T19:16:13.010+0000] {dag.py:3096} INFO - Sync 1 DAGs
[2025-10-03T19:16:13.044+0000] {logging_mixin.py:188} INFO - [2025-10-03T19:16:13.044+0000] {dag.py:3954} INFO - Setting next_dagrun for tutorial to 2025-10-02 00:00:00+00:00, run_after=2025-10-03 00:00:00+00:00
[2025-10-03T19:16:13.072+0000] {processor.py:183} INFO - Processing /home/airflow/.local/lib/python3.12/site-packages/airflow/example_dags/tutorial.py took 0.118 seconds
[2025-10-03T19:16:43.218+0000] {processor.py:161} INFO - Started process (PID=270) to work on /home/airflow/.local/lib/python3.12/site-packages/airflow/example_dags/tutorial.py
[2025-10-03T19:16:43.220+0000] {processor.py:830} INFO - Processing file /home/airflow/.local/lib/python3.12/site-packages/airflow/example_dags/tutorial.py for tasks to queue
[2025-10-03T19:16:43.223+0000] {logging_mixin.py:188} INFO - [2025-10-03T19:16:43.223+0000] {dagbag.py:545} INFO - Filling up the DagBag from /home/airflow/.local/lib/python3.12/site-packages/airflow/example_dags/tutorial.py
[2025-10-03T19:16:43.232+0000] {processor.py:840} INFO - DAG(s) 'tutorial' retrieved from /home/airflow/.local/lib/python3.12/site-packages/airflow/example_dags/tutorial.py
[2025-10-03T19:16:43.260+0000] {logging_mixin.py:188} INFO - [2025-10-03T19:16:43.260+0000] {dag.py:3096} INFO - Sync 1 DAGs
[2025-10-03T19:16:43.292+0000] {logging_mixin.py:188} INFO - [2025-10-03T19:16:43.292+0000] {dag.py:3954} INFO - Setting next_dagrun for tutorial to 2025-10-02 00:00:00+00:00, run_after=2025-10-03 00:00:00+00:00
[2025-10-03T19:16:43.323+0000] {processor.py:183} INFO - Processing /home/airflow/.local/lib/python3.12/site-packages/airflow/example_dags/tutorial.py took 0.113 seconds
[2025-10-03T19:17:13.786+0000] {processor.py:161} INFO - Started process (PID=324) to work on /home/airflow/.local/lib/python3.12/site-packages/airflow/example_dags/tutorial.py
[2025-10-03T19:17:13.789+0000] {processor.py:830} INFO - Processing file /home/airflow/.local/lib/python3.12/site-packages/airflow/example_dags/tutorial.py for tasks to queue
[2025-10-03T19:17:13.794+0000] {logging_mixin.py:188} INFO - [2025-10-03T19:17:13.793+0000] {dagbag.py:545} INFO - Filling up the DagBag from /home/airflow/.local/lib/python3.12/site-packages/airflow/example_dags/tutorial.py
[2025-10-03T19:17:13.812+0000] {processor.py:840} INFO - DAG(s) 'tutorial' retrieved from /home/airflow/.local/lib/python3.12/site-packages/airflow/example_dags/tutorial.py
[2025-10-03T19:17:13.871+0000] {logging_mixin.py:188} INFO - [2025-10-03T19:17:13.870+0000] {dag.py:3096} INFO - Sync 1 DAGs
[2025-10-03T19:17:13.935+0000] {logging_mixin.py:188} INFO - [2025-10-03T19:17:13.934+0000] {dag.py:3954} INFO - Setting next_dagrun for tutorial to 2025-10-02 00:00:00+00:00, run_after=2025-10-03 00:00:00+00:00
[2025-10-03T19:17:13.985+0000] {processor.py:183} INFO - Processing /home/airflow/.local/lib/python3.12/site-packages/airflow/example_dags/tutorial.py took 0.220 seconds
[2025-10-03T19:17:44.717+0000] {processor.py:161} INFO - Started process (PID=383) to work on /home/airflow/.local/lib/python3.12/site-packages/airflow/example_dags/tutorial.py
[2025-10-03T19:17:44.719+0000] {processor.py:830} INFO - Processing file /home/airflow/.local/lib/python3.12/site-packages/airflow/example_dags/tutorial.py for tasks to queue
[2025-10-03T19:17:44.722+0000] {logging_mixin.py:188} INFO - [2025-10-03T19:17:44.721+0000] {dagbag.py:545} INFO - Filling up the DagBag from /home/airflow/.local/lib/python3.12/site-packages/airflow/example_dags/tutorial.py
[2025-10-03T19:17:44.731+0000] {processor.py:840} INFO - DAG(s) 'tutorial' retrieved from /home/airflow/.local/lib/python3.12/site-packages/airflow/example_dags/tutorial.py
[2025-10-03T19:17:44.762+0000] {logging_mixin.py:188} INFO - [2025-10-03T19:17:44.762+0000] {dag.py:3096} INFO - Sync 1 DAGs
[2025-10-03T19:17:44.797+0000] {logging_mixin.py:188} INFO - [2025-10-03T19:17:44.797+0000] {dag.py:3954} INFO - Setting next_dagrun for tutorial to 2025-10-02 00:00:00+00:00, run_after=2025-10-03 00:00:00+00:00
[2025-10-03T19:17:44.825+0000] {processor.py:183} INFO - Processing /home/airflow/.local/lib/python3.12/site-packages/airflow/example_dags/tutorial.py took 0.118 seconds
[2025-10-03T19:18:15.324+0000] {processor.py:161} INFO - Started process (PID=439) to work on /home/airflow/.local/lib/python3.12/site-packages/airflow/example_dags/tutorial.py
[2025-10-03T19:18:15.326+0000] {processor.py:830} INFO - Processing file /home/airflow/.local/lib/python3.12/site-packages/airflow/example_dags/tutorial.py for tasks to queue
[2025-10-03T19:18:15.329+0000] {logging_mixin.py:188} INFO - [2025-10-03T19:18:15.329+0000] {dagbag.py:545} INFO - Filling up the DagBag from /home/airflow/.local/lib/python3.12/site-packages/airflow/example_dags/tutorial.py
[2025-10-03T19:18:15.338+0000] {processor.py:840} INFO - DAG(s) 'tutorial' retrieved from /home/airflow/.local/lib/python3.12/site-packages/airflow/example_dags/tutorial.py
[2025-10-03T19:18:15.368+0000] {logging_mixin.py:188} INFO - [2025-10-03T19:18:15.368+0000] {dag.py:3096} INFO - Sync 1 DAGs
[2025-10-03T19:18:15.398+0000] {logging_mixin.py:188} INFO - [2025-10-03T19:18:15.398+0000] {dag.py:3954} INFO - Setting next_dagrun for tutorial to 2025-10-02 00:00:00+00:00, run_after=2025-10-03 00:00:00+00:00
[2025-10-03T19:18:15.426+0000] {processor.py:183} INFO - Processing /home/airflow/.local/lib/python3.12/site-packages/airflow/example_dags/tutorial.py took 0.113 seconds
[2025-10-03T19:18:45.730+0000] {processor.py:161} INFO - Started process (PID=500) to work on /home/airflow/.local/lib/python3.12/site-packages/airflow/example_dags/tutorial.py
[2025-10-03T19:18:45.732+0000] {processor.py:830} INFO - Processing file /home/airflow/.local/lib/python3.12/site-packages/airflow/example_dags/tutorial.py for tasks to queue
[2025-10-03T19:18:45.734+0000] {logging_mixin.py:188} INFO - [2025-10-03T19:18:45.734+0000] {dagbag.py:545} INFO - Filling up the DagBag from /home/airflow/.local/lib/python3.12/site-packages/airflow/example_dags/tutorial.py
[2025-10-03T19:18:45.742+0000] {processor.py:840} INFO - DAG(s) 'tutorial' retrieved from /home/airflow/.local/lib/python3.12/site-packages/airflow/example_dags/tutorial.py
[2025-10-03T19:18:45.770+0000] {logging_mixin.py:188} INFO - [2025-10-03T19:18:45.769+0000] {dag.py:3096} INFO - Sync 1 DAGs
[2025-10-03T19:18:45.800+0000] {logging_mixin.py:188} INFO - [2025-10-03T19:18:45.800+0000] {dag.py:3954} INFO - Setting next_dagrun for tutorial to 2025-10-02 00:00:00+00:00, run_after=2025-10-03 00:00:00+00:00
[2025-10-03T19:18:45.826+0000] {processor.py:183} INFO - Processing /home/airflow/.local/lib/python3.12/site-packages/airflow/example_dags/tutorial.py took 0.104 seconds
[2025-10-03T19:19:15.943+0000] {processor.py:161} INFO - Started process (PID=557) to work on /home/airflow/.local/lib/python3.12/site-packages/airflow/example_dags/tutorial.py
[2025-10-03T19:19:15.944+0000] {processor.py:830} INFO - Processing file /home/airflow/.local/lib/python3.12/site-packages/airflow/example_dags/tutorial.py for tasks to queue
[2025-10-03T19:19:15.948+0000] {logging_mixin.py:188} INFO - [2025-10-03T19:19:15.947+0000] {dagbag.py:545} INFO - Filling up the DagBag from /home/airflow/.local/lib/python3.12/site-packages/airflow/example_dags/tutorial.py
[2025-10-03T19:19:15.957+0000] {processor.py:840} INFO - DAG(s) 'tutorial' retrieved from /home/airflow/.local/lib/python3.12/site-packages/airflow/example_dags/tutorial.py
[2025-10-03T19:19:15.983+0000] {logging_mixin.py:188} INFO - [2025-10-03T19:19:15.983+0000] {dag.py:3096} INFO - Sync 1 DAGs
[2025-10-03T19:19:16.016+0000] {logging_mixin.py:188} INFO - [2025-10-03T19:19:16.016+0000] {dag.py:3954} INFO - Setting next_dagrun for tutorial to 2025-10-02 00:00:00+00:00, run_after=2025-10-03 00:00:00+00:00
[2025-10-03T19:19:16.042+0000] {processor.py:183} INFO - Processing /home/airflow/.local/lib/python3.12/site-packages/airflow/example_dags/tutorial.py took 0.107 seconds
[2025-10-03T19:19:46.606+0000] {processor.py:161} INFO - Started process (PID=610) to work on /home/airflow/.local/lib/python3.12/site-packages/airflow/example_dags/tutorial.py
[2025-10-03T19:19:46.607+0000] {processor.py:830} INFO - Processing file /home/airflow/.local/lib/python3.12/site-packages/airflow/example_dags/tutorial.py for tasks to queue
[2025-10-03T19:19:46.610+0000] {logging_mixin.py:188} INFO - [2025-10-03T19:19:46.610+0000] {dagbag.py:545} INFO - Filling up the DagBag from /home/airflow/.local/lib/python3.12/site-packages/airflow/example_dags/tutorial.py
[2025-10-03T19:19:46.618+0000] {processor.py:840} INFO - DAG(s) 'tutorial' retrieved from /home/airflow/.local/lib/python3.12/site-packages/airflow/example_dags/tutorial.py
[2025-10-03T19:19:46.645+0000] {logging_mixin.py:188} INFO - [2025-10-03T19:19:46.644+0000] {dag.py:3096} INFO - Sync 1 DAGs
[2025-10-03T19:19:46.674+0000] {logging_mixin.py:188} INFO - [2025-10-03T19:19:46.673+0000] {dag.py:3954} INFO - Setting next_dagrun for tutorial to 2025-10-02 00:00:00+00:00, run_after=2025-10-03 00:00:00+00:00
[2025-10-03T19:19:46.703+0000] {processor.py:183} INFO - Processing /home/airflow/.local/lib/python3.12/site-packages/airflow/example_dags/tutorial.py took 0.105 seconds
[2025-10-03T19:20:17.037+0000] {processor.py:161} INFO - Started process (PID=667) to work on /home/airflow/.local/lib/python3.12/site-packages/airflow/example_dags/tutorial.py
[2025-10-03T19:20:17.038+0000] {processor.py:830} INFO - Processing file /home/airflow/.local/lib/python3.12/site-packages/airflow/example_dags/tutorial.py for tasks to queue
[2025-10-03T19:20:17.042+0000] {logging_mixin.py:188} INFO - [2025-10-03T19:20:17.041+0000] {dagbag.py:545} INFO - Filling up the DagBag from /home/airflow/.local/lib/python3.12/site-packages/airflow/example_dags/tutorial.py
[2025-10-03T19:20:17.050+0000] {processor.py:840} INFO - DAG(s) 'tutorial' retrieved from /home/airflow/.local/lib/python3.12/site-packages/airflow/example_dags/tutorial.py
[2025-10-03T19:20:17.077+0000] {logging_mixin.py:188} INFO - [2025-10-03T19:20:17.077+0000] {dag.py:3096} INFO - Sync 1 DAGs
[2025-10-03T19:20:17.107+0000] {logging_mixin.py:188} INFO - [2025-10-03T19:20:17.106+0000] {dag.py:3954} INFO - Setting next_dagrun for tutorial to 2025-10-02 00:00:00+00:00, run_after=2025-10-03 00:00:00+00:00
[2025-10-03T19:20:17.133+0000] {processor.py:183} INFO - Processing /home/airflow/.local/lib/python3.12/site-packages/airflow/example_dags/tutorial.py took 0.105 seconds
[2025-10-03T19:20:47.477+0000] {processor.py:161} INFO - Started process (PID=720) to work on /home/airflow/.local/lib/python3.12/site-packages/airflow/example_dags/tutorial.py
[2025-10-03T19:20:47.479+0000] {processor.py:830} INFO - Processing file /home/airflow/.local/lib/python3.12/site-packages/airflow/example_dags/tutorial.py for tasks to queue
[2025-10-03T19:20:47.483+0000] {logging_mixin.py:188} INFO - [2025-10-03T19:20:47.482+0000] {dagbag.py:545} INFO - Filling up the DagBag from /home/airflow/.local/lib/python3.12/site-packages/airflow/example_dags/tutorial.py
[2025-10-03T19:20:47.494+0000] {processor.py:840} INFO - DAG(s) 'tutorial' retrieved from /home/airflow/.local/lib/python3.12/site-packages/airflow/example_dags/tutorial.py
[2025-10-03T19:20:47.528+0000] {logging_mixin.py:188} INFO - [2025-10-03T19:20:47.528+0000] {dag.py:3096} INFO - Sync 1 DAGs
[2025-10-03T19:20:47.568+0000] {logging_mixin.py:188} INFO - [2025-10-03T19:20:47.567+0000] {dag.py:3954} INFO - Setting next_dagrun for tutorial to 2025-10-02 00:00:00+00:00, run_after=2025-10-03 00:00:00+00:00
[2025-10-03T19:20:47.602+0000] {processor.py:183} INFO - Processing /home/airflow/.local/lib/python3.12/site-packages/airflow/example_dags/tutorial.py took 0.134 seconds
[2025-10-03T19:21:18.489+0000] {processor.py:161} INFO - Started process (PID=777) to work on /home/airflow/.local/lib/python3.12/site-packages/airflow/example_dags/tutorial.py
[2025-10-03T19:21:18.491+0000] {processor.py:830} INFO - Processing file /home/airflow/.local/lib/python3.12/site-packages/airflow/example_dags/tutorial.py for tasks to queue
[2025-10-03T19:21:18.494+0000] {logging_mixin.py:188} INFO - [2025-10-03T19:21:18.494+0000] {dagbag.py:545} INFO - Filling up the DagBag from /home/airflow/.local/lib/python3.12/site-packages/airflow/example_dags/tutorial.py
[2025-10-03T19:21:18.502+0000] {processor.py:840} INFO - DAG(s) 'tutorial' retrieved from /home/airflow/.local/lib/python3.12/site-packages/airflow/example_dags/tutorial.py
[2025-10-03T19:21:18.529+0000] {logging_mixin.py:188} INFO - [2025-10-03T19:21:18.529+0000] {dag.py:3096} INFO - Sync 1 DAGs
[2025-10-03T19:21:18.562+0000] {logging_mixin.py:188} INFO - [2025-10-03T19:21:18.561+0000] {dag.py:3954} INFO - Setting next_dagrun for tutorial to 2025-10-02 00:00:00+00:00, run_after=2025-10-03 00:00:00+00:00
[2025-10-03T19:21:18.593+0000] {processor.py:183} INFO - Processing /home/airflow/.local/lib/python3.12/site-packages/airflow/example_dags/tutorial.py took 0.112 seconds
[2025-10-03T19:21:48.771+0000] {processor.py:161} INFO - Started process (PID=829) to work on /home/airflow/.local/lib/python3.12/site-packages/airflow/example_dags/tutorial.py
[2025-10-03T19:21:48.773+0000] {processor.py:830} INFO - Processing file /home/airflow/.local/lib/python3.12/site-packages/airflow/example_dags/tutorial.py for tasks to queue
[2025-10-03T19:21:48.776+0000] {logging_mixin.py:188} INFO - [2025-10-03T19:21:48.775+0000] {dagbag.py:545} INFO - Filling up the DagBag from /home/airflow/.local/lib/python3.12/site-packages/airflow/example_dags/tutorial.py
[2025-10-03T19:21:48.787+0000] {processor.py:840} INFO - DAG(s) 'tutorial' retrieved from /home/airflow/.local/lib/python3.12/site-packages/airflow/example_dags/tutorial.py
[2025-10-03T19:21:48.819+0000] {logging_mixin.py:188} INFO - [2025-10-03T19:21:48.819+0000] {dag.py:3096} INFO - Sync 1 DAGs
[2025-10-03T19:21:48.855+0000] {logging_mixin.py:188} INFO - [2025-10-03T19:21:48.855+0000] {dag.py:3954} INFO - Setting next_dagrun for tutorial to 2025-10-02 00:00:00+00:00, run_after=2025-10-03 00:00:00+00:00
[2025-10-03T19:21:48.889+0000] {processor.py:183} INFO - Processing /home/airflow/.local/lib/python3.12/site-packages/airflow/example_dags/tutorial.py took 0.126 seconds
[2025-10-03T19:22:18.936+0000] {processor.py:161} INFO - Started process (PID=886) to work on /home/airflow/.local/lib/python3.12/site-packages/airflow/example_dags/tutorial.py
[2025-10-03T19:22:18.937+0000] {processor.py:830} INFO - Processing file /home/airflow/.local/lib/python3.12/site-packages/airflow/example_dags/tutorial.py for tasks to queue
[2025-10-03T19:22:18.940+0000] {logging_mixin.py:188} INFO - [2025-10-03T19:22:18.939+0000] {dagbag.py:545} INFO - Filling up the DagBag from /home/airflow/.local/lib/python3.12/site-packages/airflow/example_dags/tutorial.py
[2025-10-03T19:22:18.947+0000] {processor.py:840} INFO - DAG(s) 'tutorial' retrieved from /home/airflow/.local/lib/python3.12/site-packages/airflow/example_dags/tutorial.py
[2025-10-03T19:22:18.975+0000] {logging_mixin.py:188} INFO - [2025-10-03T19:22:18.974+0000] {dag.py:3096} INFO - Sync 1 DAGs
[2025-10-03T19:22:19.002+0000] {logging_mixin.py:188} INFO - [2025-10-03T19:22:19.002+0000] {dag.py:3954} INFO - Setting next_dagrun for tutorial to 2025-10-02 00:00:00+00:00, run_after=2025-10-03 00:00:00+00:00
[2025-10-03T19:22:19.033+0000] {processor.py:183} INFO - Processing /home/airflow/.local/lib/python3.12/site-packages/airflow/example_dags/tutorial.py took 0.104 seconds
[2025-10-03T19:22:49.452+0000] {processor.py:161} INFO - Started process (PID=939) to work on /home/airflow/.local/lib/python3.12/site-packages/airflow/example_dags/tutorial.py
[2025-10-03T19:22:49.453+0000] {processor.py:830} INFO - Processing file /home/airflow/.local/lib/python3.12/site-packages/airflow/example_dags/tutorial.py for tasks to queue
[2025-10-03T19:22:49.456+0000] {logging_mixin.py:188} INFO - [2025-10-03T19:22:49.455+0000] {dagbag.py:545} INFO - Filling up the DagBag from /home/airflow/.local/lib/python3.12/site-packages/airflow/example_dags/tutorial.py
[2025-10-03T19:22:49.462+0000] {processor.py:840} INFO - DAG(s) 'tutorial' retrieved from /home/airflow/.local/lib/python3.12/site-packages/airflow/example_dags/tutorial.py
[2025-10-03T19:22:49.485+0000] {logging_mixin.py:188} INFO - [2025-10-03T19:22:49.485+0000] {dag.py:3096} INFO - Sync 1 DAGs
[2025-10-03T19:22:49.507+0000] {logging_mixin.py:188} INFO - [2025-10-03T19:22:49.507+0000] {dag.py:3954} INFO - Setting next_dagrun for tutorial to 2025-10-02 00:00:00+00:00, run_after=2025-10-03 00:00:00+00:00
[2025-10-03T19:22:49.529+0000] {processor.py:183} INFO - Processing /home/airflow/.local/lib/python3.12/site-packages/airflow/example_dags/tutorial.py took 0.084 seconds
[2025-10-03T19:23:20.105+0000] {processor.py:161} INFO - Started process (PID=996) to work on /home/airflow/.local/lib/python3.12/site-packages/airflow/example_dags/tutorial.py
[2025-10-03T19:23:20.106+0000] {processor.py:830} INFO - Processing file /home/airflow/.local/lib/python3.12/site-packages/airflow/example_dags/tutorial.py for tasks to queue
[2025-10-03T19:23:20.109+0000] {logging_mixin.py:188} INFO - [2025-10-03T19:23:20.108+0000] {dagbag.py:545} INFO - Filling up the DagBag from /home/airflow/.local/lib/python3.12/site-packages/airflow/example_dags/tutorial.py
[2025-10-03T19:23:20.117+0000] {processor.py:840} INFO - DAG(s) 'tutorial' retrieved from /home/airflow/.local/lib/python3.12/site-packages/airflow/example_dags/tutorial.py
[2025-10-03T19:23:20.141+0000] {logging_mixin.py:188} INFO - [2025-10-03T19:23:20.141+0000] {dag.py:3096} INFO - Sync 1 DAGs
[2025-10-03T19:23:20.164+0000] {logging_mixin.py:188} INFO - [2025-10-03T19:23:20.163+0000] {dag.py:3954} INFO - Setting next_dagrun for tutorial to 2025-10-02 00:00:00+00:00, run_after=2025-10-03 00:00:00+00:00
[2025-10-03T19:23:20.191+0000] {processor.py:183} INFO - Processing /home/airflow/.local/lib/python3.12/site-packages/airflow/example_dags/tutorial.py took 0.092 seconds
[2025-10-03T19:23:50.280+0000] {processor.py:161} INFO - Started process (PID=1049) to work on /home/airflow/.local/lib/python3.12/site-packages/airflow/example_dags/tutorial.py
[2025-10-03T19:23:50.281+0000] {processor.py:830} INFO - Processing file /home/airflow/.local/lib/python3.12/site-packages/airflow/example_dags/tutorial.py for tasks to queue
[2025-10-03T19:23:50.284+0000] {logging_mixin.py:188} INFO - [2025-10-03T19:23:50.283+0000] {dagbag.py:545} INFO - Filling up the DagBag from /home/airflow/.local/lib/python3.12/site-packages/airflow/example_dags/tutorial.py
[2025-10-03T19:23:50.290+0000] {processor.py:840} INFO - DAG(s) 'tutorial' retrieved from /home/airflow/.local/lib/python3.12/site-packages/airflow/example_dags/tutorial.py
[2025-10-03T19:23:50.312+0000] {logging_mixin.py:188} INFO - [2025-10-03T19:23:50.312+0000] {dag.py:3096} INFO - Sync 1 DAGs
[2025-10-03T19:23:50.334+0000] {logging_mixin.py:188} INFO - [2025-10-03T19:23:50.333+0000] {dag.py:3954} INFO - Setting next_dagrun for tutorial to 2025-10-02 00:00:00+00:00, run_after=2025-10-03 00:00:00+00:00
[2025-10-03T19:23:50.360+0000] {processor.py:183} INFO - Processing /home/airflow/.local/lib/python3.12/site-packages/airflow/example_dags/tutorial.py took 0.086 seconds
[2025-10-03T19:24:20.793+0000] {processor.py:161} INFO - Started process (PID=1106) to work on /home/airflow/.local/lib/python3.12/site-packages/airflow/example_dags/tutorial.py
[2025-10-03T19:24:20.794+0000] {processor.py:830} INFO - Processing file /home/airflow/.local/lib/python3.12/site-packages/airflow/example_dags/tutorial.py for tasks to queue
[2025-10-03T19:24:20.796+0000] {logging_mixin.py:188} INFO - [2025-10-03T19:24:20.796+0000] {dagbag.py:545} INFO - Filling up the DagBag from /home/airflow/.local/lib/python3.12/site-packages/airflow/example_dags/tutorial.py
[2025-10-03T19:24:20.803+0000] {processor.py:840} INFO - DAG(s) 'tutorial' retrieved from /home/airflow/.local/lib/python3.12/site-packages/airflow/example_dags/tutorial.py
[2025-10-03T19:24:20.826+0000] {logging_mixin.py:188} INFO - [2025-10-03T19:24:20.826+0000] {dag.py:3096} INFO - Sync 1 DAGs
[2025-10-03T19:24:20.850+0000] {logging_mixin.py:188} INFO - [2025-10-03T19:24:20.850+0000] {dag.py:3954} INFO - Setting next_dagrun for tutorial to 2025-10-02 00:00:00+00:00, run_after=2025-10-03 00:00:00+00:00
[2025-10-03T19:24:20.873+0000] {processor.py:183} INFO - Processing /home/airflow/.local/lib/python3.12/site-packages/airflow/example_dags/tutorial.py took 0.087 seconds
[2025-10-03T19:24:51.220+0000] {processor.py:161} INFO - Started process (PID=1159) to work on /home/airflow/.local/lib/python3.12/site-packages/airflow/example_dags/tutorial.py
[2025-10-03T19:24:51.221+0000] {processor.py:830} INFO - Processing file /home/airflow/.local/lib/python3.12/site-packages/airflow/example_dags/tutorial.py for tasks to queue
[2025-10-03T19:24:51.224+0000] {logging_mixin.py:188} INFO - [2025-10-03T19:24:51.223+0000] {dagbag.py:545} INFO - Filling up the DagBag from /home/airflow/.local/lib/python3.12/site-packages/airflow/example_dags/tutorial.py
[2025-10-03T19:24:51.230+0000] {processor.py:840} INFO - DAG(s) 'tutorial' retrieved from /home/airflow/.local/lib/python3.12/site-packages/airflow/example_dags/tutorial.py
[2025-10-03T19:24:51.254+0000] {logging_mixin.py:188} INFO - [2025-10-03T19:24:51.253+0000] {dag.py:3096} INFO - Sync 1 DAGs
[2025-10-03T19:24:51.278+0000] {logging_mixin.py:188} INFO - [2025-10-03T19:24:51.278+0000] {dag.py:3954} INFO - Setting next_dagrun for tutorial to 2025-10-02 00:00:00+00:00, run_after=2025-10-03 00:00:00+00:00
[2025-10-03T19:24:51.307+0000] {processor.py:183} INFO - Processing /home/airflow/.local/lib/python3.12/site-packages/airflow/example_dags/tutorial.py took 0.093 seconds
[2025-10-03T19:25:21.548+0000] {processor.py:161} INFO - Started process (PID=1216) to work on /home/airflow/.local/lib/python3.12/site-packages/airflow/example_dags/tutorial.py
[2025-10-03T19:25:21.550+0000] {processor.py:830} INFO - Processing file /home/airflow/.local/lib/python3.12/site-packages/airflow/example_dags/tutorial.py for tasks to queue
[2025-10-03T19:25:21.552+0000] {logging_mixin.py:188} INFO - [2025-10-03T19:25:21.552+0000] {dagbag.py:545} INFO - Filling up the DagBag from /home/airflow/.local/lib/python3.12/site-packages/airflow/example_dags/tutorial.py
[2025-10-03T19:25:21.560+0000] {processor.py:840} INFO - DAG(s) 'tutorial' retrieved from /home/airflow/.local/lib/python3.12/site-packages/airflow/example_dags/tutorial.py
[2025-10-03T19:25:21.585+0000] {logging_mixin.py:188} INFO - [2025-10-03T19:25:21.585+0000] {dag.py:3096} INFO - Sync 1 DAGs
[2025-10-03T19:25:21.609+0000] {logging_mixin.py:188} INFO - [2025-10-03T19:25:21.609+0000] {dag.py:3954} INFO - Setting next_dagrun for tutorial to 2025-10-02 00:00:00+00:00, run_after=2025-10-03 00:00:00+00:00
[2025-10-03T19:25:21.641+0000] {processor.py:183} INFO - Processing /home/airflow/.local/lib/python3.12/site-packages/airflow/example_dags/tutorial.py took 0.099 seconds
[2025-10-03T19:25:51.948+0000] {processor.py:161} INFO - Started process (PID=1269) to work on /home/airflow/.local/lib/python3.12/site-packages/airflow/example_dags/tutorial.py
[2025-10-03T19:25:51.950+0000] {processor.py:830} INFO - Processing file /home/airflow/.local/lib/python3.12/site-packages/airflow/example_dags/tutorial.py for tasks to queue
[2025-10-03T19:25:51.952+0000] {logging_mixin.py:188} INFO - [2025-10-03T19:25:51.952+0000] {dagbag.py:545} INFO - Filling up the DagBag from /home/airflow/.local/lib/python3.12/site-packages/airflow/example_dags/tutorial.py
[2025-10-03T19:25:51.959+0000] {processor.py:840} INFO - DAG(s) 'tutorial' retrieved from /home/airflow/.local/lib/python3.12/site-packages/airflow/example_dags/tutorial.py
[2025-10-03T19:25:51.981+0000] {logging_mixin.py:188} INFO - [2025-10-03T19:25:51.981+0000] {dag.py:3096} INFO - Sync 1 DAGs
[2025-10-03T19:25:52.013+0000] {logging_mixin.py:188} INFO - [2025-10-03T19:25:52.013+0000] {dag.py:3954} INFO - Setting next_dagrun for tutorial to 2025-10-02 00:00:00+00:00, run_after=2025-10-03 00:00:00+00:00
[2025-10-03T19:25:52.051+0000] {processor.py:183} INFO - Processing /home/airflow/.local/lib/python3.12/site-packages/airflow/example_dags/tutorial.py took 0.111 seconds
