[2025-10-04T13:57:23.024+0000] {local_task_job_runner.py:120} INFO - ::group::Pre task execution logs
[2025-10-04T13:57:23.107+0000] {taskinstance.py:2076} INFO - Dependencies all met for dep_context=non-requeueable deps ti=<TaskInstance: Airflow_Depi.Random_Number scheduled__2025-10-04T13:56:00+00:00 [queued]>
[2025-10-04T13:57:23.134+0000] {taskinstance.py:2076} INFO - Dependencies all met for dep_context=requeueable deps ti=<TaskInstance: Airflow_Depi.Random_Number scheduled__2025-10-04T13:56:00+00:00 [queued]>
[2025-10-04T13:57:23.137+0000] {taskinstance.py:2306} INFO - Starting attempt 1 of 1
[2025-10-04T13:57:23.177+0000] {taskinstance.py:2330} INFO - Executing <Task(PythonOperator): Random_Number> on 2025-10-04 13:56:00+00:00
[2025-10-04T13:57:23.199+0000] {warnings.py:112} WARNING - /home/***/.local/lib/python3.12/site-packages/***/task/task_runner/standard_task_runner.py:61: DeprecationWarning: This process (pid=128) is multi-threaded, use of fork() may lead to deadlocks in the child.
  pid = os.fork()

[2025-10-04T13:57:23.211+0000] {standard_task_runner.py:63} INFO - Started process 133 to run task
[2025-10-04T13:57:23.207+0000] {standard_task_runner.py:90} INFO - Running: ['***', 'tasks', 'run', 'Airflow_Depi', 'Random_Number', 'scheduled__2025-10-04T13:56:00+00:00', '--job-id', '94', '--raw', '--subdir', 'DAGS_FOLDER/dag1.py', '--cfg-path', '/tmp/tmpajosj7un']
[2025-10-04T13:57:23.220+0000] {standard_task_runner.py:91} INFO - Job 94: Subtask Random_Number
[2025-10-04T13:57:23.290+0000] {warnings.py:112} WARNING - /home/***/.local/lib/python3.12/site-packages/***/settings.py:195: DeprecationWarning: The sql_alchemy_conn option in [core] has been moved to the sql_alchemy_conn option in [database] - the old setting has been used, but please update your config.
  SQL_ALCHEMY_CONN = conf.get("database", "SQL_ALCHEMY_CONN")

[2025-10-04T13:57:23.431+0000] {task_command.py:426} INFO - Running <TaskInstance: Airflow_Depi.Random_Number scheduled__2025-10-04T13:56:00+00:00 [running]> on host 988bb18cf3ec
[2025-10-04T13:57:23.742+0000] {taskinstance.py:2648} INFO - Exporting env vars: AIRFLOW_CTX_DAG_OWNER='***' AIRFLOW_CTX_DAG_ID='Airflow_Depi' AIRFLOW_CTX_TASK_ID='Random_Number' AIRFLOW_CTX_EXECUTION_DATE='2025-10-04T13:56:00+00:00' AIRFLOW_CTX_TRY_NUMBER='1' AIRFLOW_CTX_DAG_RUN_ID='scheduled__2025-10-04T13:56:00+00:00'
[2025-10-04T13:57:23.749+0000] {taskinstance.py:430} INFO - ::endgroup::
[2025-10-04T13:57:23.751+0000] {logging_mixin.py:188} INFO - 756
[2025-10-04T13:57:23.752+0000] {python.py:237} INFO - Done. Returned value was: None
[2025-10-04T13:57:23.754+0000] {taskinstance.py:441} INFO - ::group::Post task execution logs
[2025-10-04T13:57:23.779+0000] {taskinstance.py:1206} INFO - Marking task as SUCCESS. dag_id=Airflow_Depi, task_id=Random_Number, run_id=scheduled__2025-10-04T13:56:00+00:00, execution_date=20251004T135600, start_date=20251004T135723, end_date=20251004T135723
[2025-10-04T13:57:23.876+0000] {local_task_job_runner.py:240} INFO - Task exited with return code 0
[2025-10-04T13:57:23.941+0000] {local_task_job_runner.py:222} INFO - ::endgroup::
