[2025-10-03T19:18:35.584+0000] {local_task_job_runner.py:120} INFO - ::group::Pre task execution logs
[2025-10-03T19:18:35.644+0000] {taskinstance.py:2076} INFO - Dependencies all met for dep_context=non-requeueable deps ti=<TaskInstance: dag1.say_hello manual__2025-10-03T19:18:31.744555+00:00 [queued]>
[2025-10-03T19:18:35.668+0000] {taskinstance.py:2076} INFO - Dependencies all met for dep_context=requeueable deps ti=<TaskInstance: dag1.say_hello manual__2025-10-03T19:18:31.744555+00:00 [queued]>
[2025-10-03T19:18:35.669+0000] {taskinstance.py:2306} INFO - Starting attempt 1 of 1
[2025-10-03T19:18:35.701+0000] {taskinstance.py:2330} INFO - Executing <Task(PythonOperator): say_hello> on 2025-10-03 19:18:31.744555+00:00
[2025-10-03T19:18:35.727+0000] {warnings.py:112} WARNING - /home/***/.local/lib/python3.12/site-packages/***/task/task_runner/standard_task_runner.py:61: DeprecationWarning: This process (pid=59) is multi-threaded, use of fork() may lead to deadlocks in the child.
  pid = os.fork()

[2025-10-03T19:18:35.751+0000] {standard_task_runner.py:90} INFO - Running: ['***', 'tasks', 'run', 'dag1', 'say_hello', 'manual__2025-10-03T19:18:31.744555+00:00', '--job-id', '5', '--raw', '--subdir', 'DAGS_FOLDER/dag1.py', '--cfg-path', '/tmp/tmp5m2sszms']
[2025-10-03T19:18:35.776+0000] {standard_task_runner.py:63} INFO - Started process 69 to run task
[2025-10-03T19:18:35.777+0000] {standard_task_runner.py:91} INFO - Job 5: Subtask say_hello
[2025-10-03T19:18:35.846+0000] {warnings.py:112} WARNING - /home/***/.local/lib/python3.12/site-packages/***/settings.py:195: DeprecationWarning: The sql_alchemy_conn option in [core] has been moved to the sql_alchemy_conn option in [database] - the old setting has been used, but please update your config.
  SQL_ALCHEMY_CONN = conf.get("database", "SQL_ALCHEMY_CONN")

[2025-10-03T19:18:35.964+0000] {task_command.py:426} INFO - Running <TaskInstance: dag1.say_hello manual__2025-10-03T19:18:31.744555+00:00 [running]> on host bd6e8f6c2b38
[2025-10-03T19:18:36.181+0000] {taskinstance.py:2648} INFO - Exporting env vars: AIRFLOW_CTX_DAG_OWNER='***' AIRFLOW_CTX_DAG_ID='dag1' AIRFLOW_CTX_TASK_ID='say_hello' AIRFLOW_CTX_EXECUTION_DATE='2025-10-03T19:18:31.744555+00:00' AIRFLOW_CTX_TRY_NUMBER='1' AIRFLOW_CTX_DAG_RUN_ID='manual__2025-10-03T19:18:31.744555+00:00'
[2025-10-03T19:18:36.188+0000] {taskinstance.py:430} INFO - ::endgroup::
[2025-10-03T19:18:36.190+0000] {logging_mixin.py:188} INFO - Hello Airflow !
[2025-10-03T19:18:36.193+0000] {python.py:237} INFO - Done. Returned value was: None
[2025-10-03T19:18:36.195+0000] {taskinstance.py:441} INFO - ::group::Post task execution logs
[2025-10-03T19:18:36.228+0000] {taskinstance.py:1206} INFO - Marking task as SUCCESS. dag_id=dag1, task_id=say_hello, run_id=manual__2025-10-03T19:18:31.744555+00:00, execution_date=20251003T191831, start_date=20251003T191835, end_date=20251003T191836
[2025-10-03T19:18:36.324+0000] {local_task_job_runner.py:240} INFO - Task exited with return code 0
[2025-10-03T19:18:36.363+0000] {taskinstance.py:3503} INFO - 0 downstream tasks scheduled from follow-on schedule check
[2025-10-03T19:18:36.369+0000] {local_task_job_runner.py:222} INFO - ::endgroup::
