[2025-10-04T13:56:13.615+0000] {local_task_job_runner.py:120} INFO - ::group::Pre task execution logs
[2025-10-04T13:56:13.712+0000] {taskinstance.py:2076} INFO - Dependencies all met for dep_context=non-requeueable deps ti=<TaskInstance: Airflow_Depi.Say_Welcome scheduled__2025-10-04T13:55:00+00:00 [queued]>
[2025-10-04T13:56:13.741+0000] {taskinstance.py:2076} INFO - Dependencies all met for dep_context=requeueable deps ti=<TaskInstance: Airflow_Depi.Say_Welcome scheduled__2025-10-04T13:55:00+00:00 [queued]>
[2025-10-04T13:56:13.744+0000] {taskinstance.py:2306} INFO - Starting attempt 1 of 1
[2025-10-04T13:56:13.796+0000] {taskinstance.py:2330} INFO - Executing <Task(PythonOperator): Say_Welcome> on 2025-10-04 13:55:00+00:00
[2025-10-04T13:56:13.820+0000] {warnings.py:112} WARNING - /home/***/.local/lib/python3.12/site-packages/***/task/task_runner/standard_task_runner.py:61: DeprecationWarning: This process (pid=118) is multi-threaded, use of fork() may lead to deadlocks in the child.
  pid = os.fork()

[2025-10-04T13:56:13.830+0000] {standard_task_runner.py:63} INFO - Started process 123 to run task
[2025-10-04T13:56:13.832+0000] {standard_task_runner.py:90} INFO - Running: ['***', 'tasks', 'run', 'Airflow_Depi', 'Say_Welcome', 'scheduled__2025-10-04T13:55:00+00:00', '--job-id', '89', '--raw', '--subdir', 'DAGS_FOLDER/dag1.py', '--cfg-path', '/tmp/tmpeeu6ifzc']
[2025-10-04T13:56:13.845+0000] {standard_task_runner.py:91} INFO - Job 89: Subtask Say_Welcome
[2025-10-04T13:56:13.902+0000] {warnings.py:112} WARNING - /home/***/.local/lib/python3.12/site-packages/***/settings.py:195: DeprecationWarning: The sql_alchemy_conn option in [core] has been moved to the sql_alchemy_conn option in [database] - the old setting has been used, but please update your config.
  SQL_ALCHEMY_CONN = conf.get("database", "SQL_ALCHEMY_CONN")

[2025-10-04T13:56:14.042+0000] {task_command.py:426} INFO - Running <TaskInstance: Airflow_Depi.Say_Welcome scheduled__2025-10-04T13:55:00+00:00 [running]> on host 988bb18cf3ec
[2025-10-04T13:56:14.412+0000] {taskinstance.py:2648} INFO - Exporting env vars: AIRFLOW_CTX_DAG_OWNER='***' AIRFLOW_CTX_DAG_ID='Airflow_Depi' AIRFLOW_CTX_TASK_ID='Say_Welcome' AIRFLOW_CTX_EXECUTION_DATE='2025-10-04T13:55:00+00:00' AIRFLOW_CTX_TRY_NUMBER='1' AIRFLOW_CTX_DAG_RUN_ID='scheduled__2025-10-04T13:55:00+00:00'
[2025-10-04T13:56:14.422+0000] {taskinstance.py:430} INFO - ::endgroup::
[2025-10-04T13:56:14.425+0000] {logging_mixin.py:188} INFO - Hello ***, Iam Mazen Hesham
[2025-10-04T13:56:14.426+0000] {python.py:237} INFO - Done. Returned value was: None
[2025-10-04T13:56:14.431+0000] {taskinstance.py:441} INFO - ::group::Post task execution logs
[2025-10-04T13:56:14.465+0000] {taskinstance.py:1206} INFO - Marking task as SUCCESS. dag_id=Airflow_Depi, task_id=Say_Welcome, run_id=scheduled__2025-10-04T13:55:00+00:00, execution_date=20251004T135500, start_date=20251004T135613, end_date=20251004T135614
[2025-10-04T13:56:14.537+0000] {local_task_job_runner.py:240} INFO - Task exited with return code 0
[2025-10-04T13:56:14.618+0000] {taskinstance.py:3503} INFO - 0 downstream tasks scheduled from follow-on schedule check
[2025-10-04T13:56:14.626+0000] {local_task_job_runner.py:222} INFO - ::endgroup::
