[2025-10-04T13:55:39.009+0000] {local_task_job_runner.py:120} INFO - ::group::Pre task execution logs
[2025-10-04T13:55:39.108+0000] {taskinstance.py:2076} INFO - Dependencies all met for dep_context=non-requeueable deps ti=<TaskInstance: Airflow_Depi.print_time scheduled__2025-10-04T13:51:00+00:00 [queued]>
[2025-10-04T13:55:39.150+0000] {taskinstance.py:2076} INFO - Dependencies all met for dep_context=requeueable deps ti=<TaskInstance: Airflow_Depi.print_time scheduled__2025-10-04T13:51:00+00:00 [queued]>
[2025-10-04T13:55:39.153+0000] {taskinstance.py:2306} INFO - Starting attempt 1 of 1
[2025-10-04T13:55:39.212+0000] {taskinstance.py:2330} INFO - Executing <Task(BashOperator): print_time> on 2025-10-04 13:51:00+00:00
[2025-10-04T13:55:39.241+0000] {warnings.py:112} WARNING - /home/***/.local/lib/python3.12/site-packages/***/task/task_runner/standard_task_runner.py:61: DeprecationWarning: This process (pid=101) is multi-threaded, use of fork() may lead to deadlocks in the child.
  pid = os.fork()

[2025-10-04T13:55:39.249+0000] {standard_task_runner.py:63} INFO - Started process 111 to run task
[2025-10-04T13:55:39.246+0000] {standard_task_runner.py:90} INFO - Running: ['***', 'tasks', 'run', 'Airflow_Depi', 'print_time', 'scheduled__2025-10-04T13:51:00+00:00', '--job-id', '83', '--raw', '--subdir', 'DAGS_FOLDER/dag1.py', '--cfg-path', '/tmp/tmp4fpi55ct']
[2025-10-04T13:55:39.266+0000] {standard_task_runner.py:91} INFO - Job 83: Subtask print_time
[2025-10-04T13:55:39.314+0000] {warnings.py:112} WARNING - /home/***/.local/lib/python3.12/site-packages/***/settings.py:195: DeprecationWarning: The sql_alchemy_conn option in [core] has been moved to the sql_alchemy_conn option in [database] - the old setting has been used, but please update your config.
  SQL_ALCHEMY_CONN = conf.get("database", "SQL_ALCHEMY_CONN")

[2025-10-04T13:55:39.446+0000] {task_command.py:426} INFO - Running <TaskInstance: Airflow_Depi.print_time scheduled__2025-10-04T13:51:00+00:00 [running]> on host 988bb18cf3ec
[2025-10-04T13:55:39.814+0000] {taskinstance.py:2648} INFO - Exporting env vars: AIRFLOW_CTX_DAG_OWNER='***' AIRFLOW_CTX_DAG_ID='Airflow_Depi' AIRFLOW_CTX_TASK_ID='print_time' AIRFLOW_CTX_EXECUTION_DATE='2025-10-04T13:51:00+00:00' AIRFLOW_CTX_TRY_NUMBER='1' AIRFLOW_CTX_DAG_RUN_ID='scheduled__2025-10-04T13:51:00+00:00'
[2025-10-04T13:55:39.824+0000] {taskinstance.py:430} INFO - ::endgroup::
[2025-10-04T13:55:39.830+0000] {subprocess.py:63} INFO - Tmp dir root location: /tmp
[2025-10-04T13:55:39.837+0000] {subprocess.py:75} INFO - Running command: ['/usr/bin/bash', '-c', 'date']
[2025-10-04T13:55:39.887+0000] {subprocess.py:86} INFO - Output:
[2025-10-04T13:55:39.914+0000] {subprocess.py:93} INFO - Sat Oct  4 13:55:39 UTC 2025
[2025-10-04T13:55:39.915+0000] {subprocess.py:97} INFO - Command exited with return code 0
[2025-10-04T13:55:39.917+0000] {taskinstance.py:441} INFO - ::group::Post task execution logs
[2025-10-04T13:55:39.992+0000] {taskinstance.py:1206} INFO - Marking task as SUCCESS. dag_id=Airflow_Depi, task_id=print_time, run_id=scheduled__2025-10-04T13:51:00+00:00, execution_date=20251004T135100, start_date=20251004T135539, end_date=20251004T135539
[2025-10-04T13:55:40.076+0000] {local_task_job_runner.py:240} INFO - Task exited with return code 0
[2025-10-04T13:55:40.153+0000] {taskinstance.py:3503} INFO - 0 downstream tasks scheduled from follow-on schedule check
[2025-10-04T13:55:40.161+0000] {local_task_job_runner.py:222} INFO - ::endgroup::
