[2025-10-04T07:52:55.889+0000] {local_task_job_runner.py:120} INFO - ::group::Pre task execution logs
[2025-10-04T07:52:55.938+0000] {taskinstance.py:2076} INFO - Dependencies all met for dep_context=non-requeueable deps ti=<TaskInstance: Airflow_Depi.print_time scheduled__2025-10-04T07:51:00+00:00 [queued]>
[2025-10-04T07:52:55.954+0000] {taskinstance.py:2076} INFO - Dependencies all met for dep_context=requeueable deps ti=<TaskInstance: Airflow_Depi.print_time scheduled__2025-10-04T07:51:00+00:00 [queued]>
[2025-10-04T07:52:55.956+0000] {taskinstance.py:2306} INFO - Starting attempt 1 of 1
[2025-10-04T07:52:55.982+0000] {taskinstance.py:2330} INFO - Executing <Task(BashOperator): print_time> on 2025-10-04 07:51:00+00:00
[2025-10-04T07:52:55.994+0000] {warnings.py:112} WARNING - /home/***/.local/lib/python3.12/site-packages/***/task/task_runner/standard_task_runner.py:61: DeprecationWarning: This process (pid=71) is multi-threaded, use of fork() may lead to deadlocks in the child.
  pid = os.fork()

[2025-10-04T07:52:55.996+0000] {standard_task_runner.py:63} INFO - Started process 75 to run task
[2025-10-04T07:52:55.997+0000] {standard_task_runner.py:90} INFO - Running: ['***', 'tasks', 'run', 'Airflow_Depi', 'print_time', 'scheduled__2025-10-04T07:51:00+00:00', '--job-id', '9', '--raw', '--subdir', 'DAGS_FOLDER/dag1.py', '--cfg-path', '/tmp/tmpb6sadh5n']
[2025-10-04T07:52:56.003+0000] {standard_task_runner.py:91} INFO - Job 9: Subtask print_time
[2025-10-04T07:52:56.034+0000] {warnings.py:112} WARNING - /home/***/.local/lib/python3.12/site-packages/***/settings.py:195: DeprecationWarning: The sql_alchemy_conn option in [core] has been moved to the sql_alchemy_conn option in [database] - the old setting has been used, but please update your config.
  SQL_ALCHEMY_CONN = conf.get("database", "SQL_ALCHEMY_CONN")

[2025-10-04T07:52:56.099+0000] {task_command.py:426} INFO - Running <TaskInstance: Airflow_Depi.print_time scheduled__2025-10-04T07:51:00+00:00 [running]> on host 988bb18cf3ec
[2025-10-04T07:52:56.243+0000] {taskinstance.py:2648} INFO - Exporting env vars: AIRFLOW_CTX_DAG_OWNER='***' AIRFLOW_CTX_DAG_ID='Airflow_Depi' AIRFLOW_CTX_TASK_ID='print_time' AIRFLOW_CTX_EXECUTION_DATE='2025-10-04T07:51:00+00:00' AIRFLOW_CTX_TRY_NUMBER='1' AIRFLOW_CTX_DAG_RUN_ID='scheduled__2025-10-04T07:51:00+00:00'
[2025-10-04T07:52:56.247+0000] {taskinstance.py:430} INFO - ::endgroup::
[2025-10-04T07:52:56.249+0000] {subprocess.py:63} INFO - Tmp dir root location: /tmp
[2025-10-04T07:52:56.251+0000] {subprocess.py:75} INFO - Running command: ['/usr/bin/bash', '-c', 'date']
[2025-10-04T07:52:56.269+0000] {subprocess.py:86} INFO - Output:
[2025-10-04T07:52:56.277+0000] {subprocess.py:93} INFO - Sat Oct  4 07:52:56 UTC 2025
[2025-10-04T07:52:56.278+0000] {subprocess.py:97} INFO - Command exited with return code 0
[2025-10-04T07:52:56.280+0000] {taskinstance.py:441} INFO - ::group::Post task execution logs
[2025-10-04T07:52:56.317+0000] {taskinstance.py:1206} INFO - Marking task as SUCCESS. dag_id=Airflow_Depi, task_id=print_time, run_id=scheduled__2025-10-04T07:51:00+00:00, execution_date=20251004T075100, start_date=20251004T075255, end_date=20251004T075256
[2025-10-04T07:52:56.375+0000] {local_task_job_runner.py:240} INFO - Task exited with return code 0
[2025-10-04T07:52:56.395+0000] {taskinstance.py:3503} INFO - 0 downstream tasks scheduled from follow-on schedule check
[2025-10-04T07:52:56.399+0000] {local_task_job_runner.py:222} INFO - ::endgroup::
