[2025-10-04T08:14:02.494+0000] {local_task_job_runner.py:120} INFO - ::group::Pre task execution logs
[2025-10-04T08:14:02.517+0000] {taskinstance.py:2076} INFO - Dependencies all met for dep_context=non-requeueable deps ti=<TaskInstance: Airflow_Depi.Welcome_Message scheduled__2025-10-04T08:13:00+00:00 [queued]>
[2025-10-04T08:14:02.526+0000] {taskinstance.py:2076} INFO - Dependencies all met for dep_context=requeueable deps ti=<TaskInstance: Airflow_Depi.Welcome_Message scheduled__2025-10-04T08:13:00+00:00 [queued]>
[2025-10-04T08:14:02.528+0000] {taskinstance.py:2306} INFO - Starting attempt 1 of 1
[2025-10-04T08:14:02.546+0000] {taskinstance.py:2330} INFO - Executing <Task(PythonOperator): Welcome_Message> on 2025-10-04 08:13:00+00:00
[2025-10-04T08:14:02.555+0000] {warnings.py:112} WARNING - /home/***/.local/lib/python3.12/site-packages/***/task/task_runner/standard_task_runner.py:61: DeprecationWarning: This process (pid=137) is multi-threaded, use of fork() may lead to deadlocks in the child.
  pid = os.fork()

[2025-10-04T08:14:02.558+0000] {standard_task_runner.py:63} INFO - Started process 139 to run task
[2025-10-04T08:14:02.558+0000] {standard_task_runner.py:90} INFO - Running: ['***', 'tasks', 'run', 'Airflow_Depi', 'Welcome_Message', 'scheduled__2025-10-04T08:13:00+00:00', '--job-id', '28', '--raw', '--subdir', 'DAGS_FOLDER/dag1.py', '--cfg-path', '/tmp/tmphm1yc1wx']
[2025-10-04T08:14:02.562+0000] {standard_task_runner.py:91} INFO - Job 28: Subtask Welcome_Message
[2025-10-04T08:14:02.581+0000] {warnings.py:112} WARNING - /home/***/.local/lib/python3.12/site-packages/***/settings.py:195: DeprecationWarning: The sql_alchemy_conn option in [core] has been moved to the sql_alchemy_conn option in [database] - the old setting has been used, but please update your config.
  SQL_ALCHEMY_CONN = conf.get("database", "SQL_ALCHEMY_CONN")

[2025-10-04T08:14:02.629+0000] {task_command.py:426} INFO - Running <TaskInstance: Airflow_Depi.Welcome_Message scheduled__2025-10-04T08:13:00+00:00 [running]> on host 988bb18cf3ec
[2025-10-04T08:14:02.750+0000] {taskinstance.py:2648} INFO - Exporting env vars: AIRFLOW_CTX_DAG_OWNER='***' AIRFLOW_CTX_DAG_ID='Airflow_Depi' AIRFLOW_CTX_TASK_ID='Welcome_Message' AIRFLOW_CTX_EXECUTION_DATE='2025-10-04T08:13:00+00:00' AIRFLOW_CTX_TRY_NUMBER='1' AIRFLOW_CTX_DAG_RUN_ID='scheduled__2025-10-04T08:13:00+00:00'
[2025-10-04T08:14:02.754+0000] {taskinstance.py:430} INFO - ::endgroup::
[2025-10-04T08:14:02.755+0000] {logging_mixin.py:188} INFO - Welcome to *** Iam Mazen Hesham.
[2025-10-04T08:14:02.756+0000] {python.py:237} INFO - Done. Returned value was: None
[2025-10-04T08:14:02.757+0000] {taskinstance.py:441} INFO - ::group::Post task execution logs
[2025-10-04T08:14:02.769+0000] {taskinstance.py:1206} INFO - Marking task as SUCCESS. dag_id=Airflow_Depi, task_id=Welcome_Message, run_id=scheduled__2025-10-04T08:13:00+00:00, execution_date=20251004T081300, start_date=20251004T081402, end_date=20251004T081402
[2025-10-04T08:14:02.817+0000] {local_task_job_runner.py:240} INFO - Task exited with return code 0
[2025-10-04T08:14:02.840+0000] {taskinstance.py:3503} INFO - 0 downstream tasks scheduled from follow-on schedule check
[2025-10-04T08:14:02.844+0000] {local_task_job_runner.py:222} INFO - ::endgroup::
