[2025-10-04T08:04:22.146+0000] {local_task_job_runner.py:120} INFO - ::group::Pre task execution logs
[2025-10-04T08:04:22.182+0000] {taskinstance.py:2076} INFO - Dependencies all met for dep_context=non-requeueable deps ti=<TaskInstance: Airflow_Depi.Welcome_Message manual__2025-10-04T08:04:17.932332+00:00 [queued]>
[2025-10-04T08:04:22.195+0000] {taskinstance.py:2076} INFO - Dependencies all met for dep_context=requeueable deps ti=<TaskInstance: Airflow_Depi.Welcome_Message manual__2025-10-04T08:04:17.932332+00:00 [queued]>
[2025-10-04T08:04:22.202+0000] {taskinstance.py:2306} INFO - Starting attempt 1 of 1
[2025-10-04T08:04:22.227+0000] {taskinstance.py:2330} INFO - Executing <Task(PythonOperator): Welcome_Message> on 2025-10-04 08:04:17.932332+00:00
[2025-10-04T08:04:22.238+0000] {warnings.py:112} WARNING - /home/***/.local/lib/python3.12/site-packages/***/task/task_runner/standard_task_runner.py:61: DeprecationWarning: This process (pid=107) is multi-threaded, use of fork() may lead to deadlocks in the child.
  pid = os.fork()

[2025-10-04T08:04:22.242+0000] {standard_task_runner.py:63} INFO - Started process 109 to run task
[2025-10-04T08:04:22.243+0000] {standard_task_runner.py:90} INFO - Running: ['***', 'tasks', 'run', 'Airflow_Depi', 'Welcome_Message', 'manual__2025-10-04T08:04:17.932332+00:00', '--job-id', '18', '--raw', '--subdir', 'DAGS_FOLDER/dag1.py', '--cfg-path', '/tmp/tmpfme_j17w']
[2025-10-04T08:04:22.248+0000] {standard_task_runner.py:91} INFO - Job 18: Subtask Welcome_Message
[2025-10-04T08:04:22.273+0000] {warnings.py:112} WARNING - /home/***/.local/lib/python3.12/site-packages/***/settings.py:195: DeprecationWarning: The sql_alchemy_conn option in [core] has been moved to the sql_alchemy_conn option in [database] - the old setting has been used, but please update your config.
  SQL_ALCHEMY_CONN = conf.get("database", "SQL_ALCHEMY_CONN")

[2025-10-04T08:04:22.341+0000] {task_command.py:426} INFO - Running <TaskInstance: Airflow_Depi.Welcome_Message manual__2025-10-04T08:04:17.932332+00:00 [running]> on host 988bb18cf3ec
[2025-10-04T08:04:22.509+0000] {taskinstance.py:2648} INFO - Exporting env vars: AIRFLOW_CTX_DAG_OWNER='***' AIRFLOW_CTX_DAG_ID='Airflow_Depi' AIRFLOW_CTX_TASK_ID='Welcome_Message' AIRFLOW_CTX_EXECUTION_DATE='2025-10-04T08:04:17.932332+00:00' AIRFLOW_CTX_TRY_NUMBER='1' AIRFLOW_CTX_DAG_RUN_ID='manual__2025-10-04T08:04:17.932332+00:00'
[2025-10-04T08:04:22.512+0000] {taskinstance.py:430} INFO - ::endgroup::
[2025-10-04T08:04:22.514+0000] {logging_mixin.py:188} INFO - Welcome to *** Iam Mazen Hesham.
[2025-10-04T08:04:22.514+0000] {python.py:237} INFO - Done. Returned value was: None
[2025-10-04T08:04:22.515+0000] {taskinstance.py:441} INFO - ::group::Post task execution logs
[2025-10-04T08:04:22.531+0000] {taskinstance.py:1206} INFO - Marking task as SUCCESS. dag_id=Airflow_Depi, task_id=Welcome_Message, run_id=manual__2025-10-04T08:04:17.932332+00:00, execution_date=20251004T080417, start_date=20251004T080422, end_date=20251004T080422
[2025-10-04T08:04:22.579+0000] {local_task_job_runner.py:240} INFO - Task exited with return code 0
[2025-10-04T08:04:22.607+0000] {taskinstance.py:3503} INFO - 0 downstream tasks scheduled from follow-on schedule check
[2025-10-04T08:04:22.611+0000] {local_task_job_runner.py:222} INFO - ::endgroup::
