[2025-10-04T07:56:03.845+0000] {local_task_job_runner.py:120} INFO - ::group::Pre task execution logs
[2025-10-04T07:56:03.880+0000] {taskinstance.py:2076} INFO - Dependencies all met for dep_context=non-requeueable deps ti=<TaskInstance: Airflow_Depi.print_time scheduled__2025-10-04T07:55:00+00:00 [queued]>
[2025-10-04T07:56:03.898+0000] {taskinstance.py:2076} INFO - Dependencies all met for dep_context=requeueable deps ti=<TaskInstance: Airflow_Depi.print_time scheduled__2025-10-04T07:55:00+00:00 [queued]>
[2025-10-04T07:56:03.900+0000] {taskinstance.py:2306} INFO - Starting attempt 1 of 1
[2025-10-04T07:56:03.931+0000] {taskinstance.py:2330} INFO - Executing <Task(BashOperator): print_time> on 2025-10-04 07:55:00+00:00
[2025-10-04T07:56:03.944+0000] {warnings.py:112} WARNING - /home/***/.local/lib/python3.12/site-packages/***/task/task_runner/standard_task_runner.py:61: DeprecationWarning: This process (pid=91) is multi-threaded, use of fork() may lead to deadlocks in the child.
  pid = os.fork()

[2025-10-04T07:56:03.949+0000] {standard_task_runner.py:63} INFO - Started process 93 to run task
[2025-10-04T07:56:03.948+0000] {standard_task_runner.py:90} INFO - Running: ['***', 'tasks', 'run', 'Airflow_Depi', 'print_time', 'scheduled__2025-10-04T07:55:00+00:00', '--job-id', '13', '--raw', '--subdir', 'DAGS_FOLDER/dag1.py', '--cfg-path', '/tmp/tmpif4r_8x7']
[2025-10-04T07:56:03.954+0000] {standard_task_runner.py:91} INFO - Job 13: Subtask print_time
[2025-10-04T07:56:03.983+0000] {warnings.py:112} WARNING - /home/***/.local/lib/python3.12/site-packages/***/settings.py:195: DeprecationWarning: The sql_alchemy_conn option in [core] has been moved to the sql_alchemy_conn option in [database] - the old setting has been used, but please update your config.
  SQL_ALCHEMY_CONN = conf.get("database", "SQL_ALCHEMY_CONN")

[2025-10-04T07:56:04.053+0000] {task_command.py:426} INFO - Running <TaskInstance: Airflow_Depi.print_time scheduled__2025-10-04T07:55:00+00:00 [running]> on host 988bb18cf3ec
[2025-10-04T07:56:04.201+0000] {taskinstance.py:2648} INFO - Exporting env vars: AIRFLOW_CTX_DAG_OWNER='***' AIRFLOW_CTX_DAG_ID='Airflow_Depi' AIRFLOW_CTX_TASK_ID='print_time' AIRFLOW_CTX_EXECUTION_DATE='2025-10-04T07:55:00+00:00' AIRFLOW_CTX_TRY_NUMBER='1' AIRFLOW_CTX_DAG_RUN_ID='scheduled__2025-10-04T07:55:00+00:00'
[2025-10-04T07:56:04.204+0000] {taskinstance.py:430} INFO - ::endgroup::
[2025-10-04T07:56:04.206+0000] {subprocess.py:63} INFO - Tmp dir root location: /tmp
[2025-10-04T07:56:04.207+0000] {subprocess.py:75} INFO - Running command: ['/usr/bin/bash', '-c', 'date']
[2025-10-04T07:56:04.225+0000] {subprocess.py:86} INFO - Output:
[2025-10-04T07:56:04.232+0000] {subprocess.py:93} INFO - Sat Oct  4 07:56:04 UTC 2025
[2025-10-04T07:56:04.233+0000] {subprocess.py:97} INFO - Command exited with return code 0
[2025-10-04T07:56:04.235+0000] {taskinstance.py:441} INFO - ::group::Post task execution logs
[2025-10-04T07:56:04.283+0000] {taskinstance.py:1206} INFO - Marking task as SUCCESS. dag_id=Airflow_Depi, task_id=print_time, run_id=scheduled__2025-10-04T07:55:00+00:00, execution_date=20251004T075500, start_date=20251004T075603, end_date=20251004T075604
[2025-10-04T07:56:04.327+0000] {local_task_job_runner.py:240} INFO - Task exited with return code 0
[2025-10-04T07:56:04.368+0000] {taskinstance.py:3503} INFO - 0 downstream tasks scheduled from follow-on schedule check
[2025-10-04T07:56:04.381+0000] {local_task_job_runner.py:222} INFO - ::endgroup::
