[2025-09-29T17:05:02.044+0000] {local_task_job_runner.py:120} INFO - ::group::Pre task execution logs
[2025-09-29T17:05:02.069+0000] {taskinstance.py:2076} INFO - Dependencies all met for dep_context=non-requeueable deps ti=<TaskInstance: dag1.hello scheduled__2025-09-29T17:04:00+00:00 [queued]>
[2025-09-29T17:05:02.079+0000] {taskinstance.py:2076} INFO - Dependencies all met for dep_context=requeueable deps ti=<TaskInstance: dag1.hello scheduled__2025-09-29T17:04:00+00:00 [queued]>
[2025-09-29T17:05:02.080+0000] {taskinstance.py:2306} INFO - Starting attempt 1 of 1
[2025-09-29T17:05:02.100+0000] {taskinstance.py:2330} INFO - Executing <Task(BashOperator): hello> on 2025-09-29 17:04:00+00:00
[2025-09-29T17:05:02.108+0000] {warnings.py:112} WARNING - /home/***/.local/lib/python3.12/site-packages/***/task/task_runner/standard_task_runner.py:61: DeprecationWarning: This process (pid=65) is multi-threaded, use of fork() may lead to deadlocks in the child.
  pid = os.fork()

[2025-09-29T17:05:02.112+0000] {standard_task_runner.py:63} INFO - Started process 67 to run task
[2025-09-29T17:05:02.112+0000] {standard_task_runner.py:90} INFO - Running: ['***', 'tasks', 'run', 'dag1', 'hello', 'scheduled__2025-09-29T17:04:00+00:00', '--job-id', '6', '--raw', '--subdir', 'DAGS_FOLDER/dag1.py', '--cfg-path', '/tmp/tmpky5w9a3f']
[2025-09-29T17:05:02.116+0000] {standard_task_runner.py:91} INFO - Job 6: Subtask hello
[2025-09-29T17:05:02.135+0000] {warnings.py:112} WARNING - /home/***/.local/lib/python3.12/site-packages/***/settings.py:195: DeprecationWarning: The sql_alchemy_conn option in [core] has been moved to the sql_alchemy_conn option in [database] - the old setting has been used, but please update your config.
  SQL_ALCHEMY_CONN = conf.get("database", "SQL_ALCHEMY_CONN")

[2025-09-29T17:05:02.211+0000] {task_command.py:426} INFO - Running <TaskInstance: dag1.hello scheduled__2025-09-29T17:04:00+00:00 [running]> on host 04b09c6aa7b4
[2025-09-29T17:05:02.418+0000] {taskinstance.py:2648} INFO - Exporting env vars: AIRFLOW_CTX_DAG_OWNER='***' AIRFLOW_CTX_DAG_ID='dag1' AIRFLOW_CTX_TASK_ID='hello' AIRFLOW_CTX_EXECUTION_DATE='2025-09-29T17:04:00+00:00' AIRFLOW_CTX_TRY_NUMBER='1' AIRFLOW_CTX_DAG_RUN_ID='scheduled__2025-09-29T17:04:00+00:00'
[2025-09-29T17:05:02.421+0000] {taskinstance.py:430} INFO - ::endgroup::
[2025-09-29T17:05:02.422+0000] {subprocess.py:63} INFO - Tmp dir root location: /tmp
[2025-09-29T17:05:02.425+0000] {subprocess.py:75} INFO - Running command: ['/usr/bin/bash', '-c', 'echo "My name is Mazen Hesham"']
[2025-09-29T17:05:02.442+0000] {subprocess.py:86} INFO - Output:
[2025-09-29T17:05:02.445+0000] {subprocess.py:93} INFO - My name is Mazen Hesham
[2025-09-29T17:05:02.445+0000] {subprocess.py:97} INFO - Command exited with return code 0
[2025-09-29T17:05:02.447+0000] {taskinstance.py:441} INFO - ::group::Post task execution logs
[2025-09-29T17:05:02.483+0000] {taskinstance.py:1206} INFO - Marking task as SUCCESS. dag_id=dag1, task_id=hello, run_id=scheduled__2025-09-29T17:04:00+00:00, execution_date=20250929T170400, start_date=20250929T170502, end_date=20250929T170502
[2025-09-29T17:05:02.529+0000] {local_task_job_runner.py:240} INFO - Task exited with return code 0
[2025-09-29T17:05:02.578+0000] {taskinstance.py:3503} INFO - 0 downstream tasks scheduled from follow-on schedule check
[2025-09-29T17:05:02.589+0000] {local_task_job_runner.py:222} INFO - ::endgroup::
