[2025-10-03T19:52:02.498+0000] {local_task_job_runner.py:120} INFO - ::group::Pre task execution logs
[2025-10-03T19:52:02.522+0000] {taskinstance.py:2076} INFO - Dependencies all met for dep_context=non-requeueable deps ti=<TaskInstance: dag1.time_task scheduled__2025-10-03T19:51:00+00:00 [queued]>
[2025-10-03T19:52:02.531+0000] {taskinstance.py:2076} INFO - Dependencies all met for dep_context=requeueable deps ti=<TaskInstance: dag1.time_task scheduled__2025-10-03T19:51:00+00:00 [queued]>
[2025-10-03T19:52:02.532+0000] {taskinstance.py:2306} INFO - Starting attempt 1 of 1
[2025-10-03T19:52:02.549+0000] {taskinstance.py:2330} INFO - Executing <Task(PythonOperator): time_task> on 2025-10-03 19:51:00+00:00
[2025-10-03T19:52:02.558+0000] {warnings.py:112} WARNING - /home/***/.local/lib/python3.12/site-packages/***/task/task_runner/standard_task_runner.py:61: DeprecationWarning: This process (pid=270) is multi-threaded, use of fork() may lead to deadlocks in the child.
  pid = os.fork()

[2025-10-03T19:52:02.561+0000] {standard_task_runner.py:63} INFO - Started process 274 to run task
[2025-10-03T19:52:02.561+0000] {standard_task_runner.py:90} INFO - Running: ['***', 'tasks', 'run', 'dag1', 'time_task', 'scheduled__2025-10-03T19:51:00+00:00', '--job-id', '75', '--raw', '--subdir', 'DAGS_FOLDER/dag1.py', '--cfg-path', '/tmp/tmpoi3d4gy0']
[2025-10-03T19:52:02.565+0000] {standard_task_runner.py:91} INFO - Job 75: Subtask time_task
[2025-10-03T19:52:02.582+0000] {warnings.py:112} WARNING - /home/***/.local/lib/python3.12/site-packages/***/settings.py:195: DeprecationWarning: The sql_alchemy_conn option in [core] has been moved to the sql_alchemy_conn option in [database] - the old setting has been used, but please update your config.
  SQL_ALCHEMY_CONN = conf.get("database", "SQL_ALCHEMY_CONN")

[2025-10-03T19:52:02.624+0000] {task_command.py:426} INFO - Running <TaskInstance: dag1.time_task scheduled__2025-10-03T19:51:00+00:00 [running]> on host bd6e8f6c2b38
[2025-10-03T19:52:02.736+0000] {taskinstance.py:2648} INFO - Exporting env vars: AIRFLOW_CTX_DAG_OWNER='***' AIRFLOW_CTX_DAG_ID='dag1' AIRFLOW_CTX_TASK_ID='time_task' AIRFLOW_CTX_EXECUTION_DATE='2025-10-03T19:51:00+00:00' AIRFLOW_CTX_TRY_NUMBER='1' AIRFLOW_CTX_DAG_RUN_ID='scheduled__2025-10-03T19:51:00+00:00'
[2025-10-03T19:52:02.739+0000] {taskinstance.py:430} INFO - ::endgroup::
[2025-10-03T19:52:02.741+0000] {logging_mixin.py:188} INFO - Current time is: 2025-10-03 19:52:02.740930
[2025-10-03T19:52:02.741+0000] {python.py:237} INFO - Done. Returned value was: None
[2025-10-03T19:52:02.743+0000] {taskinstance.py:441} INFO - ::group::Post task execution logs
[2025-10-03T19:52:02.754+0000] {taskinstance.py:1206} INFO - Marking task as SUCCESS. dag_id=dag1, task_id=time_task, run_id=scheduled__2025-10-03T19:51:00+00:00, execution_date=20251003T195100, start_date=20251003T195202, end_date=20251003T195202
[2025-10-03T19:52:02.817+0000] {local_task_job_runner.py:240} INFO - Task exited with return code 0
[2025-10-03T19:52:02.828+0000] {local_task_job_runner.py:222} INFO - ::endgroup::
