[2025-10-04T07:45:09.843+0000] {local_task_job_runner.py:120} INFO - ::group::Pre task execution logs
[2025-10-04T07:45:09.966+0000] {taskinstance.py:2076} INFO - Dependencies all met for dep_context=non-requeueable deps ti=<TaskInstance: Airflow_Depi.time_task scheduled__2025-10-04T07:43:00+00:00 [queued]>
[2025-10-04T07:45:10.015+0000] {taskinstance.py:2076} INFO - Dependencies all met for dep_context=requeueable deps ti=<TaskInstance: Airflow_Depi.time_task scheduled__2025-10-04T07:43:00+00:00 [queued]>
[2025-10-04T07:45:10.019+0000] {taskinstance.py:2306} INFO - Starting attempt 1 of 1
[2025-10-04T07:45:10.116+0000] {taskinstance.py:2330} INFO - Executing <Task(PythonOperator): time_task> on 2025-10-04 07:43:00+00:00
[2025-10-04T07:45:10.176+0000] {warnings.py:112} WARNING - /home/***/.local/lib/python3.12/site-packages/***/task/task_runner/standard_task_runner.py:61: DeprecationWarning: This process (pid=54) is multi-threaded, use of fork() may lead to deadlocks in the child.
  pid = os.fork()

[2025-10-04T07:45:10.193+0000] {standard_task_runner.py:63} INFO - Started process 65 to run task
[2025-10-04T07:45:10.188+0000] {standard_task_runner.py:90} INFO - Running: ['***', 'tasks', 'run', 'Airflow_Depi', 'time_task', 'scheduled__2025-10-04T07:43:00+00:00', '--job-id', '2', '--raw', '--subdir', 'DAGS_FOLDER/dag1.py', '--cfg-path', '/tmp/tmpcicwav0f']
[2025-10-04T07:45:10.250+0000] {standard_task_runner.py:91} INFO - Job 2: Subtask time_task
[2025-10-04T07:45:10.375+0000] {warnings.py:112} WARNING - /home/***/.local/lib/python3.12/site-packages/***/settings.py:195: DeprecationWarning: The sql_alchemy_conn option in [core] has been moved to the sql_alchemy_conn option in [database] - the old setting has been used, but please update your config.
  SQL_ALCHEMY_CONN = conf.get("database", "SQL_ALCHEMY_CONN")

[2025-10-04T07:45:10.628+0000] {task_command.py:426} INFO - Running <TaskInstance: Airflow_Depi.time_task scheduled__2025-10-04T07:43:00+00:00 [running]> on host 988bb18cf3ec
[2025-10-04T07:45:11.071+0000] {taskinstance.py:2648} INFO - Exporting env vars: AIRFLOW_CTX_DAG_OWNER='***' AIRFLOW_CTX_DAG_ID='Airflow_Depi' AIRFLOW_CTX_TASK_ID='time_task' AIRFLOW_CTX_EXECUTION_DATE='2025-10-04T07:43:00+00:00' AIRFLOW_CTX_TRY_NUMBER='1' AIRFLOW_CTX_DAG_RUN_ID='scheduled__2025-10-04T07:43:00+00:00'
[2025-10-04T07:45:11.087+0000] {taskinstance.py:430} INFO - ::endgroup::
[2025-10-04T07:45:11.092+0000] {logging_mixin.py:188} INFO - Current time is: 2025-10-04 07:45:11.092652
[2025-10-04T07:45:11.093+0000] {python.py:237} INFO - Done. Returned value was: None
[2025-10-04T07:45:11.095+0000] {taskinstance.py:441} INFO - ::group::Post task execution logs
[2025-10-04T07:45:11.130+0000] {taskinstance.py:1206} INFO - Marking task as SUCCESS. dag_id=Airflow_Depi, task_id=time_task, run_id=scheduled__2025-10-04T07:43:00+00:00, execution_date=20251004T074300, start_date=20251004T074509, end_date=20251004T074511
[2025-10-04T07:45:11.230+0000] {local_task_job_runner.py:240} INFO - Task exited with return code 0
[2025-10-04T07:45:11.280+0000] {taskinstance.py:3503} INFO - 0 downstream tasks scheduled from follow-on schedule check
[2025-10-04T07:45:11.291+0000] {local_task_job_runner.py:222} INFO - ::endgroup::
